0.0195313 0 0
0.0390625 -0.000540945 -0.000545301
0.0585938 -0.00124025 -0.00125471
0.078125 -0.00250748 -0.00256043
0.0976563 -0.00478686 -0.00493701
0.117188 -0.00852473 -0.00885779
0.136719 -0.0132297 -0.0138669
0.15625 -0.0183074 -0.0193819
0.175781 -0.0231905 -0.0248202
0.195313 -0.0283452 -0.0306463
0.214844 -0.0344703 -0.0375736
0.234375 -0.0422353 -0.0463156
0.253906 -0.0511145 -0.0563902
0.273438 -0.060152 -0.066887
0.292969 -0.0693589 -0.0778443
0.3125 -0.0786706 -0.0892294
0.332031 -0.0877941 -0.100755
0.351563 -0.0969995 -0.112685
0.371094 -0.106884 -0.125627
0.390625 -0.118016 -0.140189
0.410156 -0.130937 -0.156979
0.429688 -0.144344 -0.17475
0.449219 -0.155285 -0.190544
0.46875 -0.163218 -0.203753
0.488281 -0.170228 -0.2164
0.507813 -0.17757 -0.22972
0.527344 -0.185966 -0.244453
0.546875 -0.196954 -0.262217
0.566406 -0.212024 -0.284628
0.585938 -0.23142 -0.312084
0.605469 -0.252934 -0.34249
0.625 -0.275002 -0.374322
0.644531 -0.297592 -0.407529
0.664063 -0.320698 -0.442055
0.683594 -0.343915 -0.477444
0.703125 -0.365308 -0.51171
0.722656 -0.382951 -0.542864
0.742188 -0.395189 -0.569165
0.761719 -0.40156 -0.590067
0.78125 -0.399209 -0.602621
0.800781 -0.389971 -0.608529
0.820313 -0.375585 -0.609431
0.839844 -0.356328 -0.605526
0.859375 -0.332481 -0.597013
0.878906 -0.304345 -0.584091
0.898438 -0.272274 -0.566956
0.917969 -0.234664 -0.543777
0.9375 -0.189886 -0.512598
0.957031 -0.136382 -0.471466
0.976563 -0.0726331 -0.418426
0.996094 -0.000345751 -0.354779
1.01563 0.0782851 -0.28241
1.03516 0.161175 -0.203202
1.05469 0.247837 -0.117509
1.07422 0.338249 -0.0252441
1.09375 0.430377 0.0716554
1.11328 0.521474 0.170493
1.13281 0.608913 0.268573
1.15234 0.690157 0.363198
1.17188 0.762659 0.451668
1.19141 0.823828 0.531284
1.21094 0.871055 0.599344
1.23047 0.906714 0.658162
1.25 0.937038 0.71399
1.26953 0.968194 0.77308
1.28906 1.00633 0.84168
1.30859 1.0576 0.926036
1.32813 1.12818 1.03239
1.34766 1.21913 1.16181
1.36719 1.32441 1.30811
1.38672 1.44051 1.46752
1.40625 1.56809 1.64043
1.42578 1.70766 1.82723
1.44531 1.8594 2.02812
1.46484 2.02287 2.24286
1.48438 2.19773 2.47133
1.50391 2.38408 2.71395
1.52344 2.58283 2.97194
1.54297 2.79606 3.2476
1.5625 3.01612 3.53333
1.58203 3.23563 3.82154
1.60156 3.44744 4.10461
1.62109 3.64453 4.37494
1.64063 3.81996 4.62491
1.66016 3.96678 4.84691
1.67969 4.07809 5.03339
1.69922 4.15698 5.18697
1.71875 4.20629 5.31026
1.73828 4.22874 5.40584
1.75781 4.22702 5.47633
1.77734 4.20391 5.52432
1.79688 4.15786 5.54803
1.81641 4.08698 5.54511
1.83594 3.9969 5.52059
1.85547 3.89483 5.48088
1.875 3.78802 5.4324
1.89453 3.68354 5.3816
1.91406 3.58806 5.33489
1.93359 3.50788 5.29872
1.95313 3.44898 5.27952
1.97266 3.41711 5.28375
1.99219 3.41794 5.31785
2.01172 3.45717 5.38829
2.03125 3.54053 5.50153
2.05078 3.66432 5.65463
2.07031 3.81802 5.83771
2.08984 3.99124 6.04091
2.10938 4.17406 6.25438
2.12891 4.35718 6.46827
2.14844 4.53132 6.67272
2.16797 4.68709 6.85791
2.1875 4.8149 7.014
2.20703 4.90498 7.13116
2.22656 4.95442 7.20655
2.24609 4.97254 7.24979
2.26563 4.96851 7.27046
2.28516 4.95158 7.27818
2.30469 4.93132 7.28256
2.32422 4.91752 7.2932
2.34375 4.91991 7.31971
2.36328 4.9481 7.37172
2.38281 5.01139 7.45883
2.40234 5.11158 7.58316
2.42188 5.20672 7.70233
2.44141 5.26052 7.77892
2.46094 5.2837 7.82266
2.48047 5.28639 7.84328
2.5 5.27823 7.85047
2.51953 5.26826 7.85397
2.53906 5.26493 7.86349
2.55859 5.2583 7.87041
2.57813 5.23844 7.86567
2.59766 5.19631 7.84021
2.61719 5.12399 7.78497
2.63672 5.02462 7.70121
2.65625 4.90292 7.59163
2.67578 4.76493 7.46072
2.69531 4.61628 7.31334
2.71484 4.46184 7.15435
2.73438 4.30592 6.9886
2.75391 4.15246 6.82095
2.77344 4.00529 6.65624
2.79297 3.86259 6.49349
2.8125 3.72026 6.32911
2.83203 3.57471 6.15948
2.85156 3.42324 5.98142
2.87109 3.26379 5.79205
2.89063 3.09442 5.58845
2.91016 2.91829 5.37291
2.92969 2.74243 5.15201
2.94922 2.57335 4.93235
2.96875 2.41701 4.72053
2.98828 2.27329 4.5174
3.00781 2.13492 4.31672
3.02734 1.99489 4.11228
3.04688 1.85103 3.90238
3.06641 1.70899 3.69291
3.08594 1.57462 3.48973
3.10547 1.45388 3.29873
3.125 1.35279 3.12579
3.14453 1.27437 2.9738
3.16406 1.21294 2.83702
3.18359 1.16279 2.70969
3.20313 1.11813 2.58606
3.22266 1.07555 2.46295
3.24219 1.04473 2.35052
3.26172 1.03502 2.25899
3.28125 1.05365 2.19663
3.30078 1.08816 2.15198
3.32031 1.12654 2.11358
3.33984 1.15735 2.06995
3.35938 1.16967 2.00965
3.37891 1.15308 1.92121
3.39844 1.1184 1.81434
3.41797 1.07671 1.69947
3.4375 1.03849 1.58699
3.45703 1.01365 1.48734
3.47656 0.994391 1.39352
3.49609 0.970548 1.29602
3.51563 0.932298 1.1853
3.53516 0.870248 1.05183
3.55469 0.789361 0.900231
3.57422 0.698666 0.739217
3.59375 0.607131 0.577494
3.61328 0.51574 0.415802
3.63281 0.422169 0.25153
3.65234 0.324095 0.0820629
3.67188 0.219134 -0.0952172
3.69141 0.110333 -0.277346
3.71094 0.00408357 -0.457763
3.73047 -0.0934725 -0.629912
3.75 -0.1821 -0.793042
3.76953 -0.266488 -0.951428
3.78906 -0.350034 -1.10826
3.80859 -0.434789 -1.26559
3.82813 -0.522625 -1.42547
3.84766 -0.611238 -1.58588
3.86719 -0.69266 -1.73905
3.88672 -0.759114 -1.87722
3.90625 -0.803038 -1.99265
3.92578 -0.821447 -2.08197
3.94531 -0.820723 -2.1512
3.96484 -0.807186 -2.20635
3.98438 -0.787068 -2.25343
4.00391 -0.766467 -2.29845
4.02344 -0.749193 -2.34529
4.04297 -0.730496 -2.38928
4.0625 -0.706925 -2.42691
4.08203 -0.681662 -2.46129
4.10156 -0.657833 -2.49551
4.12109 -0.637852 -2.532
4.14063 -0.616606 -2.56567
4.16016 -0.589108 -2.59144
4.17969 -0.550479 -2.60421
4.19922 -0.495958 -2.59889
4.21875 -0.420896 -2.57038
4.23828 -0.32073 -2.51358
4.25781 -0.190943 -2.4234
4.27734 -0.0377509 -2.30555
4.29688 0.131847 -2.16681
4.31641 0.311081 -2.01395
4.33594 0.493333 -1.85371
4.35547 0.672068 -1.69288
4.375 0.840758 -1.53819
4.39453 0.992846 -1.39642
4.41406 1.12175 -1.2743
4.43359 1.23076 -1.16861
4.45313 1.32688 -1.07222
4.47266 1.41698 -0.978019
4.49219 1.49849 -0.888414
4.51172 1.56396 -0.810984
4.53125 1.60633 -0.75331
4.55078 1.61885 -0.722968
4.57031 1.59501 -0.727534
4.58984 1.53948 -0.763538
4.60938 1.4665 -0.817635
4.62891 1.38983 -0.876482
4.64844 1.32262 -0.92673
4.66797 1.27752 -0.955034
4.6875 1.25377 -0.961262
4.70703 1.23174 -0.964467
4.72656 1.2018 -0.974342
4.74609 1.17132 -0.983943
4.76563 1.14768 -0.986326
4.78516 1.13817 -0.974548
4.80469 1.14981 -0.941666
4.82422 1.18929 -0.88074
4.84375 1.26285 -0.784828
4.86328 1.37204 -0.651447
4.88281 1.49973 -0.496866
4.90234 1.62929 -0.337356
4.92188 1.74453 -0.189189
4.94141 1.83176 -0.06657
4.96094 1.8968 0.0357847
4.98047 1.94526 0.123157
5 1.98249 0.200825
5.01953 2.01363 0.274066
5.03906 2.02965 0.333977
5.05859 2.02175 0.371648
5.07813 1.9815 0.378173
5.09766 1.914 0.35792
5.11719 1.82543 0.316288
5.13672 1.72184 0.258671
5.15625 1.60913 0.190463
5.17578 1.49297 0.117052
5.19531 1.37062 0.035527
5.21484 1.23743 -0.059
5.23438 1.08882 -0.171418
5.25391 0.927102 -0.299777
5.27344 0.756959 -0.439671
5.29297 0.582939 -0.586699
5.3125 0.409491 -0.73646
5.33203 0.240972 -0.884554
5.35156 0.07334 -1.035
5.37109 -0.102526 -1.19706
5.39063 -0.295548 -1.38001
5.41016 -0.504216 -1.58272
5.42969 -0.718522 -1.79534
5.44922 -0.928771 -2.00803
5.46875 -1.12555 -2.21094
5.48828 -1.30589 -2.40053
5.50781 -1.47452 -2.58102
5.52734 -1.63595 -2.75663
5.54688 -1.79449 -2.93158
5.56641 -1.95105 -3.10682
5.58594 -2.10054 -3.27731
5.60547 -2.23796 -3.43799
5.625 -2.35851 -3.58383
5.64453 -2.4575 -3.70977
5.66406 -2.5304 -3.81074
5.68359 -2.57529 -3.88418
5.70313 -2.59962 -3.93704
5.72266 -2.61068 -3.97624
5.74219 -2.6155 -4.00873
5.76172 -2.61989 -4.04038
5.78125 -2.62133 -4.06881
5.80078 -2.61746 -4.0916
5.82031 -2.60619 -4.10651
5.83984 -2.58927 -4.11508
5.85938 -2.56847 -4.1188
5.87891 -2.54428 -4.11797
5.89844 -2.51715 -4.11284
5.91797 -2.49423 -4.11048
5.9375 -2.47504 -4.11047
5.95703 -2.4599 -4.11324
5.97656 -2.44928 -4.1194
5.99609 -2.44042 -4.12629
6.01563 -2.43006 -4.13066
6.03516 -2.41508 -4.12928
6.05469 -2.3925 -4.1189
6.07422 -2.36595 -4.1029
6.09375 -2.34113 -4.08684
6.11328 -2.3235 -4.07629
6.13281 -2.31179 -4.07018
6.15234 -2.30163 -4.06434
6.17188 -2.2888 -4.05457
6.19141 -2.27417 -4.04172
6.21094 -2.26184 -4.02987
6.23047 -2.25226 -4.01957
6.25 -2.24313 -4.00852
6.26953 -2.23215 -3.99447
6.28906 -2.21713 -3.97515
6.30859 -2.19594 -3.94832
6.32813 -2.16991 -3.91517
6.34766 -2.14463 -3.88133
6.36719 -2.12246 -3.84933
6.38672 -2.10093 -3.81695
6.40625 -2.07888 -3.78318
6.42578 -2.05756 -3.74941
6.44531 -2.03778 -3.71657
6.46484 -2.01924 -3.6844
6.48438 -2.00168 -3.65266
6.50391 -1.98473 -3.621
6.52344 -1.9676 -3.58861
6.54297 -1.95001 -3.55522
6.5625 -1.93416 -3.52305
6.58203 -1.92213 -3.49434
6.60156 -1.91591 -3.4713
6.62109 -1.91701 -3.45579
6.64063 -1.92256 -3.44522
6.66016 -1.92978 -3.43704
6.67969 -1.936 -3.42866
6.69922 -1.93866 -3.41752
6.71875 -1.94322 -3.40901
6.73828 -1.94953 -3.40302
6.75781 -1.9572 -3.39919
6.77734 -1.96579 -3.39715
6.79688 -1.97551 -3.39722
6.81641 -1.98664 -3.39981
6.83594 -1.99702 -3.40285
6.85547 -2.0041 -3.40381
6.875 -2.00537 -3.40015
6.89453 -1.99839 -3.38932
6.91406 -1.9808 -3.36877
6.93359 -1.95036 -3.33593
6.95313 -1.90996 -3.29335
6.97266 -1.86458 -3.24579
6.99219 -1.81904 -3.198
7.01172 -1.77801 -3.15472
7.03125 -1.74151 -3.11611
7.05078 -1.70654 -3.07923
7.07031 -1.67029 -3.04115
7.08984 -1.6346 -3.0035
7.10938 -1.60534 -2.97201
7.12891 -1.58412 -2.9482
7.14844 -1.56795 -2.92901
7.16797 -1.55387 -2.91136
7.1875 -1.53897 -2.89221
7.20703 -1.52034 -2.86849
7.22656 -1.49747 -2.83951
7.24609 -1.47393 -2.80878
7.26563 -1.45316 -2.77982
7.28516 -1.43685 -2.75455
7.30469 -1.42338 -2.73149
7.32422 -1.41295 -2.71098
7.34375 -1.40541 -2.69285
7.36328 -1.39897 -2.67516
7.38281 -1.39195 -2.65599
7.40234 -1.38273 -2.63342
7.42188 -1.37012 -2.60594
7.44141 -1.35605 -2.5753
7.46094 -1.34233 -2.54323
7.48047 -1.3303 -2.51117
7.5 -1.31523 -2.47451
7.51953 -1.29246 -2.42864
7.53906 -1.2643 -2.3759
7.55859 -1.23303 -2.3186
7.57813 -1.20096 -2.25911
7.59766 -1.1704 -2.19977
7.61719 -1.14095 -2.14011
7.63672 -1.11195 -2.0794
7.65625 -1.08283 -2.01688
7.67578 -1.05299 -1.95182
7.69531 -1.02072 -1.88237
7.71484 -0.984038 -1.80646
7.73438 -0.940881 -1.72198
7.75391 -0.891934 -1.62966
7.77344 -0.838787 -1.5312
7.79297 -0.778121 -1.42344
7.8125 -0.709324 -1.30586
7.83203 -0.634284 -1.1804
7.85156 -0.554913 -1.04903
7.87109 -0.473157 -0.913709
7.89063 -0.39099 -0.776397
7.91016 -0.310399 -0.639066
7.92969 -0.233352 -0.503685
7.94922 -0.161779 -0.372228
7.96875 -0.0975409 -0.246671
7.98828 -0.0399358 -0.126473
8.00781 0.0148329 -0.00799819
8.02734 0.07052 0.112392
8.04688 0.128173 0.235641
8.06641 0.184424 0.35822
8.08594 0.23599 0.476602
8.10547 0.27964 0.587261
8.125 0.313582 0.688093
8.14453 0.339621 0.780661
8.16406 0.359453 0.86653
8.18359 0.374394 0.94697
8.20313 0.384595 1.02214
8.22266 0.39021 1.09218
8.24219 0.391357 1.15719
8.26172 0.387794 1.21684
8.28125 0.379362 1.27079
8.30078 0.366222 1.31895
8.32031 0.351868 1.36455
8.33984 0.339701 1.41085
8.35938 0.333017 1.46109
8.37891 0.331429 1.51494
8.39844 0.334954 1.57247
8.41797 0.343586 1.6338
8.4375 0.356377 1.6981
8.45703 0.37234 1.76449
8.47656 0.390534 1.83207
8.49609 0.410067 1.89994
8.51563 0.431583 1.96875
8.53516 0.456036 2.03942
8.55469 0.479584 2.10812
8.57422 0.497078 2.16956
8.59375 0.50345 2.21851
8.61328 0.493715 2.24971
8.63281 0.463 2.2579
8.65234 0.412866 2.24423
8.67188 0.348142 2.21319
8.69141 0.273528 2.16925
8.71094 0.193609 2.11692
8.73047 0.112879 2.06069
8.75 0.0334459 2.00269
8.76953 -0.0445643 1.94303
8.78906 -0.120929 1.88184
8.80859 -0.191302 1.82329
8.82813 -0.24672 1.77629
8.84766 -0.278414 1.74976
8.86719 -0.28478 1.74557
8.88672 -0.275079 1.75473
8.90625 -0.258424 1.76823
8.92578 -0.243795 1.77707
8.94531 -0.240025 1.77224
8.96484 -0.251599 1.74901
8.98438 -0.271702 1.71403
9.00391 -0.296315 1.67143
9.02344 -0.330269 1.61656
9.04297 -0.374009 1.54907
9.0625 -0.408034 1.48871
9.08203 -0.416371 1.45207
9.10156 -0.404681 1.43414
9.12109 -0.378314 1.42992
9.14063 -0.342333 1.43441
9.16016 -0.301385 1.44279
9.17969 -0.254711 1.45555
9.19922 -0.201663 1.47321
9.21875 -0.147111 1.49087
9.23828 -0.0961099 1.50358
9.25781 -0.0538114 1.50638
9.27734 -0.025409 1.4943
9.29688 -0.0160772 1.46238
9.31641 -0.0174721 1.41922
9.33594 -0.019272 1.37553
9.35547 -0.011255 1.34202
9.375 0.016725 1.32943
9.39453 0.0554369 1.32893
9.41406 0.0902816 1.32582
9.43359 0.120402 1.31872
9.45313 0.150149 1.31144
9.47266 0.183668 1.30779
9.49219 0.224799 1.31157
9.51172 0.277026 1.3266
9.53125 0.338328 1.35145
9.55078 0.403138 1.38118
9.57031 0.465984 1.41086
9.58984 0.521587 1.43555
9.60938 0.564922 1.45033
9.62891 0.595946 1.45501
9.64844 0.61987 1.45459
9.66797 0.641902 1.45403
9.6875 0.667194 1.45831
9.70703 0.700796 1.47241
9.72656 0.744884 1.49854
9.74609 0.796684 1.53403
9.76563 0.853413 1.57617
9.78516 0.912281 1.62229
9.80469 0.970501 1.66969
9.82422 1.02634 1.71673
9.84375 1.08003 1.7637
9.86328 1.12686 1.80592
9.88281 1.16459 1.84106
9.90234 1.20262 1.87845
9.92188 1.24862 1.92587
9.94141 1.29871 1.9795
9.96094 1.34912 2.03551
9.98047 1.39644 2.09031
10 1.44149 2.14448
10.0195 1.48127 2.19483
10.0391 1.51282 2.23816
10.0586 1.54025 2.27845
10.0781 1.56768 2.31985
10.0977 1.59909 2.3665
10.1172 1.63837 2.42256
10.1367 1.68935 2.49214
10.1563 1.7559 2.57941
10.1758 1.83415 2.68064
10.1953 1.91885 2.79055
10.2148 2.00497 2.90385
10.2344 2.08759 3.01526
10.2539 2.16185 3.11946
10.2734 2.22877 3.21712
10.293 2.29154 3.31127
10.3125 2.3487 3.40047
10.332 2.39644 3.48095
10.3516 2.43096 3.54898
10.3711 2.44856 3.6008
10.3906 2.45248 3.63953
10.4102 2.45115 3.67351
10.4297 2.45292 3.71109
10.4492 2.4604 3.75489
10.4688 2.47049 3.8017
10.4883 2.48024 3.84831
10.5078 2.48683 3.89154
10.5273 2.4888 3.92953
10.5469 2.48664 3.9625
10.5664 2.48071 3.99064
10.5859 2.47043 4.01333
10.6055 2.45341 4.02826
10.625 2.42732 4.03313
10.6445 2.38989 4.02562
10.6641 2.34066 4.00512
10.6836 2.28485 3.97662
10.7031 2.22762 3.94511
10.7227 2.17287 3.91434
10.7422 2.11797 3.8815
10.7617 2.06044 3.84377
10.7813 1.99845 3.79897
10.8008 1.93659 3.75135
10.8203 1.87921 3.70515
10.8398 1.83047 3.66464
10.8594 1.79435 3.63406
10.8789 1.76573 3.60865
10.8984 1.73956 3.58356
10.918 1.71094 3.55396
10.9375 1.67513 3.515
10.957 1.6349 3.46929
10.9766 1.59383 3.42029
10.9961 1.55541 3.37148
11.0156 1.52303 3.32631
11.0352 1.49392 3.28217
11.0547 1.46386 3.23492
11.0742 1.42872 3.18042
11.0938 1.38444 3.11452
11.1133 1.33101 3.0371
11.1328 1.27003 2.94972
11.1523 1.20309 2.85394
11.1719 1.1317 2.75132
11.1914 1.05733 2.64344
11.2109 0.977925 2.52828
11.2305 0.888977 2.4013
11.25 0.786111 2.25795
11.2695 0.668935 2.09759
11.2891 0.540742 1.92333
11.3086 0.40472 1.73826
11.3281 0.263954 1.54549
11.3477 0.121433 1.34813
11.3672 -0.01993 1.14926
11.3867 -0.157265 0.952016
11.4063 -0.287723 0.759491
11.4258 -0.408456 0.574798
11.4453 -0.51661 0.401049
11.4648 -0.609325 0.241354
11.4844 -0.684388 0.0981847
11.5039 -0.741525 -0.0279392
11.5234 -0.78046 -0.136495
11.543 -0.800937 -0.226963
11.5625 -0.801944 -0.298015
11.582 -0.778123 -0.343835
11.6016 -0.725687 -0.359923
11.6211 -0.652245 -0.353119
11.6406 -0.565226 -0.33026
11.6602 -0.471834 -0.298188
11.6797 -0.379041 -0.263744
11.6992 -0.293606 -0.233772
11.7188 -0.222131 -0.215117
11.7383 -0.16366 -0.207083
11.7578 -0.117066 -0.208665
11.7773 -0.0813607 -0.218859
11.7969 -0.0596731 -0.240713
11.8164 -0.0556059 -0.27779
11.8359 -0.0726504 -0.333655
11.8555 -0.109376 -0.407114
11.875 -0.163183 -0.495903
11.8945 -0.231417 -0.597762
11.9141 -0.311387 -0.710434
11.9336 -0.402537 -0.833814
11.9531 -0.505133 -0.968633
11.9727 -0.619469 -1.11563
11.9922 -0.742822 -1.27242
12.0117 -0.870941 -1.43495
12.0313 -0.999743 -1.59916
12.0508 -1.12527 -1.76099
12.0703 -1.24338 -1.91612
12.0898 -1.35323 -2.06349
12.1094 -1.45695 -2.20517
12.1289 -1.55659 -2.3432
12.1484 -1.65261 -2.47818
12.168 -1.74374 -2.60895
12.1875 -1.82724 -2.73285
12.207 -1.90164 -2.84839
12.2266 -1.97095 -2.95953
12.2461 -2.03586 -3.06688
12.2656 -2.09302 -3.16696
12.2852 -2.14457 -3.26169
12.3047 -2.19169 -3.35208
12.3242 -2.23394 -3.43754
12.3438 -2.27359 -3.52024
12.3633 -2.31277 -3.60236
12.3828 -2.35356 -3.68606
12.4023 -2.39741 -3.77295
12.4219 -2.44254 -3.86142
12.4414 -2.48721 -3.94983
12.4609 -2.53006 -4.03682
12.4805 -2.57298 -4.12427
12.5 -2.61789 -4.21406
12.5195 -2.66668 -4.30808
12.5391 -2.72121 -4.40822
12.5586 -2.77844 -4.51141
12.5781 -2.83524 -4.61449
12.5977 -2.88854 -4.71428
12.6172 -2.93528 -4.80761
12.6367 -2.97622 -4.89512
12.6563 -3.01254 -4.97798
12.6758 -3.04538 -5.05736
12.6953 -3.07586 -5.13442
12.7148 -3.10273 -5.20798
12.7344 -3.12421 -5.27621
12.7539 -3.13859 -5.33728
12.7734 -3.14457 -5.3897
12.793 -3.14109 -5.43215
12.8125 -3.12712 -5.46329
12.832 -3.10167 -5.48178
12.8516 -3.06376 -5.48629
12.8711 -3.01592 -5.47904
12.8906 -2.963 -5.46467
12.9102 -2.90967 -5.44786
12.9297 -2.86046 -5.43326
12.9492 -2.81817 -5.42385
12.9688 -2.78388 -5.4209
12.9883 -2.75684 -5.42374
13.0078 -2.73401 -5.42928
13.0273 -2.71256 -5.43445
13.0469 -2.68973 -5.43617
13.0664 -2.66283 -5.43135
13.0859 -2.63271 -5.42053
13.1055 -2.60738 -5.41159
13.125 -2.59081 -5.40875
13.1445 -2.57736 -5.40663
13.1641 -2.56144 -5.39989
13.1836 -2.53999 -5.38554
13.2031 -2.51901 -5.36967
13.2227 -2.50444 -5.35834
13.2422 -2.50219 -5.35764
13.2617 -2.51671 -5.37227
13.2813 -2.54168 -5.3961
13.3008 -2.57099 -5.42298
13.3203 -2.59908 -5.44717
13.3398 -2.62971 -5.47226
13.3594 -2.66643 -5.50183
13.3789 -2.70875 -5.53563
13.3984 -2.75604 -5.57338
13.418 -2.80587 -5.61307
13.4375 -2.85573 -5.65258
13.457 -2.90504 -5.69163
13.4766 -2.95045 -5.72707
13.4961 -2.98835 -5.75525
13.5156 -3.01534 -5.77257
13.5352 -3.02815 -5.77538
13.5547 -3.02362 -5.76008
13.5742 -3.00554 -5.73005
13.5938 -2.97986 -5.69099
13.6133 -2.95228 -5.64859
13.6328 -2.9283 -5.60856
13.6523 -2.91323 -5.5766
13.6719 -2.91232 -5.55841
13.6914 -2.92411 -5.55302
13.7109 -2.94307 -5.55513
13.7305 -2.96394 -5.55946
13.75 -2.98445 -5.56347
13.7695 -3.0048 -5.56705
13.7891 -3.02123 -5.56613
13.8086 -3.03641 -5.56321
13.8281 -3.05884 -5.56685
13.8477 -3.08886 -5.57779
13.8672 -3.12676 -5.59677
13.8867 -3.17276 -5.62451
13.9063 -3.22715 -5.66176
13.9258 -3.28804 -5.70695
13.9453 -3.34892 -5.75366
13.9648 -3.40357 -5.79548
13.9844 -3.446 -5.82598
14.0039 -3.47037 -5.83874
14.0234 -3.47292 -5.82939
14.043 -3.45799 -5.80175
14.0625 -3.42968 -5.75966
14.082 -3.39184 -5.70693
14.1016 -3.34814 -5.64739
14.1211 -3.30214 -5.58488
14.1406 -3.25734 -5.5232
14.1602 -3.21707 -5.46596
14.1797 -3.17778 -5.40973
14.1992 -3.13627 -5.35109
14.2188 -3.08952 -5.28662
14.2383 -3.03472 -5.2129
14.2578 -2.97627 -5.13376
14.2773 -2.91884 -5.05357
14.2969 -2.86681 -4.97666
14.3164 -2.81869 -4.90178
14.3359 -2.77202 -4.82681
14.3555 -2.72681 -4.75211
14.375 -2.68359 -4.67861
14.3945 -2.64301 -4.60725
14.4141 -2.60578 -4.53896
14.4336 -2.57414 -4.47606
14.4531 -2.55095 -4.42141
14.4727 -2.5391 -4.37788
14.4922 -2.53531 -4.34212
14.5117 -2.53303 -4.3074
14.5313 -2.5297 -4.27097
14.5508 -2.52524 -4.23271
14.5703 -2.51648 -4.1895
14.5898 -2.50278 -4.14083
14.6094 -2.48784 -4.09065
14.6289 -2.47522 -4.0429
14.6484 -2.46841 -4.00155
14.668 -2.47093 -3.97054
14.6875 -2.48086 -3.94834
14.707 -2.48868 -3.92546
14.7266 -2.49011 -3.89728
14.7461 -2.48966 -3.86785
14.7656 -2.49173 -3.84121
14.7852 -2.49763 -3.81859
14.8047 -2.50158 -3.79419
14.8242 -2.49776 -3.76223
14.8438 -2.48215 -3.71868
14.8633 -2.45712 -3.66595
14.8828 -2.42493 -3.60646
14.9023 -2.38782 -3.54262
14.9219 -2.34802 -3.47682
14.9414 -2.30785 -3.41146
14.9609 -2.26972 -3.34897
14.9805 -2.23589 -3.29148
15 -2.20387 -3.2363
15.0195 -2.17131 -3.18075
15.0391 -2.13587 -3.12213
15.0586 -2.1007 -3.06332
15.0781 -2.06889 -3.00735
15.0977 -2.04327 -2.95725
15.1172 -2.02652 -2.91602
15.1367 -2.01532 -2.88078
15.1563 -2.00565 -2.8478
15.1758 -1.99367 -2.81339
15.1953 -1.98076 -2.7789
15.2148 -1.96954 -2.74688
15.2344 -1.95788 -2.7151
15.2539 -1.94226 -2.67977
15.2734 -1.91923 -2.63712
15.293 -1.88941 -2.58741
15.3125 -1.85507 -2.53273
15.332 -1.81549 -2.47232
15.3516 -1.76829 -2.4038
15.3711 -1.71107 -2.32481
15.3906 -1.64537 -2.23693
15.4102 -1.57571 -2.14478
15.4297 -1.50658 -2.05295
15.4492 -1.44247 -1.96605
15.4688 -1.38791 -1.88868
15.4883 -1.34335 -1.82133
15.5078 -1.30436 -1.75944
15.5273 -1.26659 -1.69846
15.5469 -1.22828 -1.63631
15.5664 -1.19164 -1.57506
15.5859 -1.15874 -1.51674
15.6055 -1.1315 -1.46343
15.625 -1.11165 -1.41718
15.6445 -1.09967 -1.37881
15.6641 -1.09245 -1.34555
15.6836 -1.08705 -1.31463
15.7031 -1.08067 -1.28329
15.7227 -1.07147 -1.24955
15.7422 -1.06183 -1.21558
15.7617 -1.0541 -1.18356
15.7813 -1.0506 -1.15568
15.8008 -1.05318 -1.13377
15.8203 -1.05843 -1.11446
15.8398 -1.06302 -1.09445
15.8594 -1.06638 -1.0732
15.8789 -1.06441 -1.04663
15.8984 -1.05309 -1.01065
15.918 -1.0376 -0.97041
15.9375 -1.02357 -0.931649
15.957 -1.0165 -0.900088
15.9766 -1.02185 -0.881454
15.9961 -1.03606 -0.872409
16.0156 -1.05408 -0.86799
16.0352 -1.0711 -0.863235
16.0547 -1.08242 -0.853184
16.0742 -1.09081 -0.840291
16.0938 -1.09696 -0.82507
16.1133 -1.09981 -0.806403
16.1328 -1.0982 -0.783172
16.1523 -1.0925 -0.755886
16.1719 -1.08389 -0.725909
16.1914 -1.07355 -0.694604
16.2109 -1.06158 -0.662226
16.2305 -1.04737 -0.628239
16.25 -1.03293 -0.594626
16.2695 -1.02249 -0.565547
16.2891 -1.01765 -0.542503
16.3086 -1.01692 -0.523899
16.3281 -1.01851 -0.507788
16.3477 -1.0206 -0.492224
16.3672 -1.02132 -0.475259
16.3867 -1.02096 -0.457134
16.4063 -1.02338 -0.44184
16.4258 -1.03094 -0.432043
16.4453 -1.04313 -0.427583
16.4648 -1.05944 -0.4283
16.4844 -1.07922 -0.433808
16.5039 -1.10126 -0.443027
16.5234 -1.12454 -0.45491
16.543 -1.14823 -0.468523
16.5625 -1.17157 -0.482933
16.582 -1.19438 -0.497795
16.6016 -1.21939 -0.515778
16.6211 -1.24066 -0.53094
16.6406 -1.25227 -0.537336
16.6602 -1.24871 -0.529321
16.6797 -1.23356 -0.510334
16.6992 -1.21026 -0.483816
16.7188 -1.18218 -0.453204
16.7383 -1.15263 -0.421939
16.7578 -1.12494 -0.393457
16.7773 -1.09972 -0.368425
16.7969 -1.07742 -0.347239
16.8164 -1.05859 -0.330297
16.8359 -1.04269 -0.31686
16.8555 -1.02747 -0.304397
16.875 -1.0103 -0.290027
16.8945 -0.992832 -0.275224
16.9141 -0.977867 -0.262779
16.9336 -0.968013 -0.255481
16.9531 -0.965733 -0.256118
16.9727 -0.973392 -0.26748
16.9922 -0.990348 -0.289378
17.0117 -1.01445 -0.320011
17.0313 -1.04373 -0.357576
17.0508 -1.07427 -0.398131
17.0703 -1.10755 -0.44297
17.0898 -1.14655 -0.494919
17.1094 -1.1906 -0.553228
17.1289 -1.23893 -0.617147
17.1484 -1.29142 -0.686649
17.168 -1.34869 -0.762578
17.1875 -1.41126 -0.845775
17.207 -1.47957 -0.937079
17.2266 -1.55355 -1.03679
17.2461 -1.63226 -1.14427
17.2656 -1.71486 -1.25885
17.2852 -1.80069 -1.37989
17.3047 -1.88917 -1.50673
17.3242 -1.9791 -1.63799
17.3438 -2.06706 -1.76997
17.3633 -2.14967 -1.89899
17.3828 -2.22352 -2.02136
17.4023 -2.2852 -2.13338
17.4219 -2.33198 -2.23211
17.4414 -2.36662 -2.32018
17.4609 -2.39173 -2.40022
17.4805 -2.40988 -2.47483
17.5 -2.42364 -2.54665
17.5195 -2.43563 -2.61828
17.5391 -2.44855 -2.69234
17.5586 -2.46195 -2.76817
17.5781 -2.47541 -2.84503
17.5977 -2.48858 -2.92217
17.6172 -2.5011 -2.99884
17.6367 -2.51254 -3.0743
17.6563 -2.52261 -3.14806
17.6758 -2.53087 -3.21959
17.6953 -2.53675 -3.28835
17.7148 -2.53958 -3.3538
17.7344 -2.54043 -3.41707
17.7539 -2.54082 -3.47984
17.7734 -2.54232 -3.54377
17.793 -2.54435 -3.60826
17.8125 -2.54545 -3.67165
17.832 -2.54432 -3.73232
17.8516 -2.54166 -3.79056
17.8711 -2.53931 -3.84794
17.8906 -2.53906 -3.906
17.9102 -2.54249 -3.96629
17.9297 -2.54904 -4.02832
17.9492 -2.55623 -4.08972
17.9688 -2.56156 -4.14814
17.9883 -2.56499 -4.20357
18.0078 -2.56938 -4.25898
18.0273 -2.5776 -4.31728
18.0469 -2.59072 -4.37967
18.0664 -2.60696 -4.44437
18.0859 -2.62463 -4.50964
18.1055 -2.64257 -4.57414
18.125 -2.66065 -4.63753
18.1445 -2.67869 -4.69947
18.1641 -2.69645 -4.75962
18.1836 -2.71359 -4.81765
18.2031 -2.72971 -4.87324
18.2227 -2.74433 -4.92605
18.2422 -2.75698 -4.97577
18.2617 -2.76719 -5.02206
18.2813 -2.77437 -5.06443
18.3008 -2.77805 -5.10239
18.3203 -2.77783 -5.13545
18.3398 -2.77338 -5.16313
18.3594 -2.76443 -5.18495
18.3789 -2.75074 -5.20042
18.3984 -2.73158 -5.20863
18.418 -2.70618 -5.2086
18.4375 -2.67634 -5.20208
18.457 -2.64403 -5.191
18.4766 -2.61108 -5.17731
18.4961 -2.5793 -5.16298
18.5156 -2.55044 -5.14995
18.5352 -2.52359 -5.13745
18.5547 -2.49726 -5.12401
18.5742 -2.47008 -5.10815
18.5938 -2.44468 -5.09234
18.6133 -2.42507 -5.0805
18.6328 -2.41515 -5.07653
18.6523 -2.4144 -5.08004
18.6719 -2.41999 -5.08834
18.6914 -2.42909 -5.09876
18.7109 -2.43887 -5.1086
18.7305 -2.44657 -5.11519
18.75 -2.44947 -5.11585
18.7695 -2.44735 -5.11036
18.7891 -2.44232 -5.10085
18.8086 -2.43646 -5.08946
18.8281 -2.43182 -5.07833
18.8477 -2.43041 -5.06956
18.8672 -2.43419 -5.06526
18.8867 -2.44509 -5.06751
18.9063 -2.46321 -5.07655
18.9258 -2.48514 -5.08907
18.9453 -2.50758 -5.10178
18.9648 -2.52817 -5.11225
18.9844 -2.5469 -5.12039
19.0039 -2.56369 -5.1261
19.0234 -2.57768 -5.12857
19.043 -2.58607 -5.12507
19.0625 -2.59102 -5.1178
19.082 -2.59462 -5.10895
19.1016 -2.59889 -5.10074
19.1211 -2.60584 -5.09537
19.1406 -2.61733 -5.09488
19.1602 -2.6328 -5.09885
19.1797 -2.65182 -5.10687
19.1992 -2.67459 -5.11909
19.2188 -2.70131 -5.13565
19.2383 -2.73217 -5.1567
19.2578 -2.76359 -5.17857
19.2773 -2.79174 -5.19735
19.2969 -2.81279 -5.20913
19.3164 -2.82781 -5.21491
19.3359 -2.83848 -5.21647
19.3555 -2.84644 -5.21561
19.375 -2.85327 -5.21411
19.3945 -2.86057 -5.21374
19.4141 -2.87001 -5.2163
19.4336 -2.8833 -5.22356
19.4531 -2.89846 -5.23347
19.4727 -2.912 -5.24232
19.4922 -2.92054 -5.24638
19.5117 -2.92072 -5.24193
19.5313 -2.91267 -5.22877
19.5508 -2.89872 -5.20903
19.5703 -2.88105 -5.18485
19.5898 -2.86163 -5.15836
19.6094 -2.84235 -5.13169
19.6289 -2.82507 -5.10698
19.6484 -2.81168 -5.08637
19.668 -2.8034 -5.0712
19.6875 -2.80057 -5.06185
19.707 -2.80362 -5.05865
19.7266 -2.81306 -5.06194
19.7461 -2.82936 -5.07209
19.7656 -2.85264 -5.0891
19.7852 -2.8822 -5.1123
19.8047 -2.91701 -5.14072
19.8242 -2.95516 -5.17261
19.8438 -2.99471 -5.20622
19.8633 -3.03372 -5.23981
19.8828 -3.07068 -5.27206
19.9023 -3.10633 -5.30386
19.9219 -3.14141 -5.33609
19.9414 -3.17678 -5.36963
19.9609 -3.21308 -5.40508
19.9805 -3.24762 -5.43963
20 -3.27784 -5.47043
20.0195 -3.30121 -5.49465
20.0391 -3.31524 -5.50946
20.0586 -3.31739 -5.51202
20.0781 -3.30915 -5.50366
20.0977 -3.29212 -5.48588
20.1172 -3.26781 -5.46022
20.1367 -3.23771 -5.42819
20.1563 -3.2035 -5.39155
20.1758 -3.16693 -5.35208
20.1953 -3.12978 -5.31156
20.2148 -3.0939 -5.27181
20.2344 -3.06122 -5.23459
20.2539 -3.03368 -5.20171
20.2734 -3.0132 -5.17495
20.293 -2.9985 -5.15295
20.3125 -2.98685 -5.1329
20.332 -2.9755 -5.11198
20.3516 -2.96166 -5.08739
20.3711 -2.94253 -5.05633
20.3906 -2.91533 -5.01599
20.4102 -2.88028 -4.9666
20.4297 -2.84013 -4.91095
20.4492 -2.79755 -4.85181
20.4688 -2.75519 -4.79197
20.4883 -2.71576 -4.73421
20.5078 -2.68197 -4.68133
20.5273 -2.65414 -4.63364
20.5469 -2.62901 -4.58785
20.5664 -2.60345 -4.54061
20.5859 -2.57435 -4.48861
20.6055 -2.53864 -4.42852
20.625 -2.49486 -4.35871
20.6445 -2.44576 -4.28187
20.6641 -2.39391 -4.20071
20.6836 -2.34174 -4.11792
20.7031 -2.29161 -4.0362
20.7227 -2.24588 -3.95826
20.7422 -2.20698 -3.88679
20.7617 -2.17739 -3.82451
20.7813 -2.15972 -3.77411
20.8008 -2.15615 -3.73783
20.8203 -2.16176 -3.71077
20.8398 -2.17176 -3.68801
20.8594 -2.18143 -3.66467
20.8789 -2.18602 -3.63585
20.8984 -2.18077 -3.59665
20.918 -2.16723 -3.54857
20.9375 -2.14712 -3.4935
20.957 -2.13083 -3.44219
20.9766 -2.11106 -3.38781
20.9961 -2.0864 -3.32919
21.0156 -2.05716 -3.26668
21.0352 -2.02632 -3.20316
21.0547 -1.99761 -3.14217
21.0742 -1.97028 -3.08275
21.0938 -1.94219 -3.02248
21.1133 -1.91119 -2.9589
21.1328 -1.87513 -2.88959
21.1523 -1.83174 -2.81211
21.1719 -1.78148 -2.72688
21.1914 -1.72633 -2.63598
21.2109 -1.66811 -2.5415
21.2305 -1.60858 -2.44552
21.25 -1.54951 -2.35012
21.2695 -1.49274 -2.25737
21.2891 -1.43975 -2.16882
21.3086 -1.39154 -2.08548
21.3281 -1.34925 -2.00832
21.3477 -1.31406 -1.93835
21.3672 -1.2871 -1.87655
21.3867 -1.26809 -1.82255
21.4063 -1.25431 -1.77363
21.4258 -1.24383 -1.72793
21.4453 -1.23642 -1.68543
21.4648 -1.23178 -1.64609
21.4844 -1.22928 -1.60957
21.5039 -1.22748 -1.57468
21.5234 -1.22501 -1.54023
21.543 -1.22112 -1.50547
21.5625 -1.21727 -1.47179
21.582 -1.21502 -1.4406
21.6016 -1.21589 -1.41329
21.6211 -1.22137 -1.39125
21.6406 -1.23273 -1.37575
21.6602 -1.2492 -1.36604
21.6797 -1.26997 -1.36136
21.6992 -1.29414 -1.36097
21.7188 -1.32236 -1.36571
21.7383 -1.35523 -1.37644
21.7578 -1.39334 -1.39404
21.7773 -1.43731 -1.41937
21.7969 -1.48776 -1.45331
21.8164 -1.54537 -1.49672
21.8359 -1.6021 -1.54163
21.8555 -1.6485 -1.57839
21.875 -1.68394 -1.606
21.8945 -1.70997 -1.62569
21.9141 -1.72808 -1.63872
21.9336 -1.73957 -1.64634
21.9531 -1.74477 -1.64892
21.9727 -1.74357 -1.64645
21.9922 -1.73586 -1.6389
22.0117 -1.72328 -1.62798
22.0313 -1.70857 -1.6164
22.0508 -1.6945 -1.60689
22.0703 -1.68386 -1.60217
22.0898 -1.67951 -1.60498
22.1094 -1.68127 -1.61497
22.1289 -1.68595 -1.62881
22.1484 -1.69043 -1.64316
22.168 -1.69159 -1.65467
22.1875 -1.68632 -1.66
22.207 -1.67341 -1.65776
22.2266 -1.65463 -1.64961
22.2461 -1.63163 -1.63726
22.2656 -1.60599 -1.62239
22.2852 -1.57924 -1.60669
22.3047 -1.55239 -1.59123
22.3242 -1.5248 -1.57536
22.3438 -1.49598 -1.55842
22.3633 -1.46554 -1.53974
22.3828 -1.43337 -1.51887
22.4023 -1.4003 -1.4963
22.4219 -1.36707 -1.47251
22.4414 -1.3343 -1.44799
22.4609 -1.30251 -1.42323
22.4805 -1.27204 -1.3987
22.5 -1.2425 -1.37417
22.5195 -1.21347 -1.34943
22.5391 -1.18653 -1.32624
22.5586 -1.16328 -1.30636
22.5781 -1.14537 -1.29154
22.5977 -1.13452 -1.28356
22.6172 -1.13249 -1.28417
22.6367 -1.14104 -1.29515
22.6563 -1.15499 -1.3113
22.6758 -1.16808 -1.32625
22.6953 -1.17414 -1.33366
22.7148 -1.17305 -1.33319
22.7344 -1.16624 -1.32622
22.7539 -1.155 -1.3141
22.7734 -1.13967 -1.29729
22.793 -1.12015 -1.27591
22.8125 -1.0964 -1.25006
22.832 -1.06944 -1.22084
22.8516 -1.04091 -1.18993
22.8711 -1.01255 -1.159
22.8906 -0.986159 -1.12971
22.9102 -0.963531 -1.10374
22.9297 -0.94645 -1.08277
22.9492 -0.9352 -1.06701
22.9688 -0.92854 -1.05524
22.9883 -0.925897 -1.04693
23.0078 -0.927507 -1.04248
23.0273 -0.933498 -1.04226
23.0469 -0.943934 -1.04664
23.0664 -0.958877 -1.05603
23.0859 -0.977417 -1.06977
23.1055 -0.99665 -1.08511
23.125 -1.01382 -1.09931
23.1445 -1.02711 -1.11045
23.1641 -1.03715 -1.11895
23.1836 -1.04456 -1.12528
23.2031 -1.04987 -1.12985
23.2227 -1.05354 -1.13307
23.2422 -1.05564 -1.1351
23.2617 -1.05639 -1.13624
23.2813 -1.05708 -1.13796
23.3008 -1.05903 -1.14171
23.3203 -1.06353 -1.14895
23.3398 -1.07188 -1.16114
23.3594 -1.08541 -1.17974
23.3789 -1.1055 -1.20619
23.3984 -1.13066 -1.23904
23.418 -1.15942 -1.27673
23.4375 -1.19033 -1.31769
23.457 -1.2219 -1.36036
23.4766 -1.25261 -1.40316
23.4961 -1.2809 -1.44453
23.5156 -1.3075 -1.48527
23.5352 -1.33358 -1.52668
23.5547 -1.36024 -1.57006
23.5742 -1.38857 -1.61673
23.5938 -1.41969 -1.66797
23.6133 -1.45044 -1.72072
23.6328 -1.47606 -1.77008
23.6523 -1.4966 -1.81581
23.6719 -1.51456 -1.8601
23.6914 -1.5324 -1.90517
23.7109 -1.55243 -1.95319
23.7305 -1.57432 -2.00382
23.75 -1.59572 -2.05472
23.7695 -1.61427 -2.10354
23.7891 -1.62765 -2.14793
23.8086 -1.6336 -2.18553
23.8281 -1.63267 -2.21678
23.8477 -1.62892 -2.24562
23.8672 -1.62638 -2.27601
23.8867 -1.629 -2.31189
23.9063 -1.63842 -2.35494
23.9258 -1.65195 -2.40244
23.9453 -1.66697 -2.4517
23.9648 -1.68097 -2.50001
23.9844 -1.6915 -2.54467
24.0039 -1.69721 -2.58406
24.0234 -1.70039 -2.62027
24.043 -1.70317 -2.65541
24.0625 -1.70753 -2.69157
24.082 -1.71542 -2.73087
24.1016 -1.72872 -2.77539
24.1211 -1.74932 -2.82725
24.1406 -1.77909 -2.88855
24.1602 -1.81968 -2.96109
24.1797 -1.86364 -3.03748
24.1992 -1.90382 -3.11033
24.2188 -1.9333 -3.17223
24.2383 -1.94528 -3.2158
24.2578 -1.94462 -3.24539
24.2773 -1.93673 -3.26617
24.2969 -1.92669 -3.28328
24.3164 -1.91933 -3.30189
24.3359 -1.91931 -3.32718
24.3555 -1.93122 -3.3643
24.375 -1.9597 -3.41844
24.3945 -1.99525 -3.48039
24.4141 -2.02456 -3.53663
24.4336 -2.0455 -3.58438
24.4531 -2.06017 -3.62506
24.4727 -2.07054 -3.66006
24.4922 -2.07836 -3.69082
24.5117 -2.08509 -3.71874
24.5313 -2.08867 -3.74199
24.5508 -2.08477 -3.75656
24.5703 -2.07154 -3.76087
24.5898 -2.04918 -3.75533
24.6094 -2.01805 -3.74035
24.6289 -1.97816 -3.71584
24.6484 -1.92919 -3.68116
24.668 -1.8724 -3.63712
24.6875 -1.81106 -3.5865
24.707 -1.74837 -3.53203
24.7266 -1.68741 -3.47648
24.7461 -1.63105 -3.4226
24.7656 -1.58121 -3.37238
24.7852 -1.53791 -3.32607
24.8047 -1.5011 -3.28395
24.8242 -1.47073 -3.24629
24.8438 -1.44701 -3.21359
24.8633 -1.43105 -3.18723
24.8828 -1.42408 -3.16859
24.9023 -1.42732 -3.15903
24.9219 -1.44203 -3.15992
24.9414 -1.46868 -3.17187
24.9609 -1.50049 -3.18815
24.9805 -1.53078 -3.20204
25 -1.55313 -3.20702
25.0195 -1.56924 -3.20469
25.0391 -1.58062 -3.19667
25.0586 -1.58866 -3.18456
25.0781 -1.59463 -3.16999
25.0977 -1.59552 -3.15022
25.1172 -1.58815 -3.12222
25.1367 -1.56952 -3.08292
25.1563 -1.54136 -3.03384
25.1758 -1.5062 -2.97723
25.1953 -1.46659 -2.91538
25.2148 -1.42503 -2.85053
25.2344 -1.38393 -2.78497
25.2539 -1.34505 -2.7204
25.2734 -1.3098 -2.65832
25.293 -1.27953 -2.60025
25.3125 -1.25551 -2.54769
25.332 -1.23895 -2.50214
25.3516 -1.2311 -2.46512
25.3711 -1.23321 -2.43812
25.3906 -1.24655 -2.42265
25.4102 -1.26516 -2.41294
25.4297 -1.27728 -2.39708
25.4492 -1.2783 -2.37015
25.4688 -1.27068 -2.33423
25.4883 -1.25673 -2.29143
25.5078 -1.23704 -2.24225
25.5273 -1.20993 -2.18508
25.5469 -1.17367 -2.11828
25.5664 -1.12659 -2.04021
25.5859 -1.06705 -1.94924
25.6055 -0.995378 -1.84559
25.625 -0.916168 -1.73371
25.6445 -0.833979 -1.61804
25.6641 -0.753339 -1.50305
25.6836 -0.678737 -1.39317
25.7031 -0.614607 -1.29285
25.7227 -0.565304 -1.20654
25.7422 -0.535086 -1.13868
25.7617 -0.526629 -1.09222
25.7813 -0.530902 -1.05841
25.8008 -0.539017 -1.02845
25.8203 -0.542234 -0.993566
25.8398 -0.532168 -0.945188
25.8594 -0.512618 -0.886878
25.8789 -0.487214 -0.822202
25.8984 -0.459414 -0.754725
25.918 -0.432554 -0.688012
25.9375 -0.409905 -0.625626
25.957 -0.394741 -0.571132
25.9766 -0.380119 -0.517713
25.9961 -0.357879 -0.457033
26.0156 -0.320135 -0.380751
26.0352 -0.268167 -0.289593
26.0547 -0.205407 -0.186551
26.0742 -0.135096 -0.0746154
26.0938 -0.0602655 0.0432222
26.1133 0.0162414 0.163971
26.1328 0.0917204 0.28464
26.1523 0.163537 0.402237
26.1719 0.229055 0.513772
26.1914 0.285578 0.616253
26.2109 0.330319 0.706686
26.2305 0.360395 0.782081
26.25 0.372859 0.839444
26.2695 0.367737 0.878802
26.2891 0.34794 0.903059
26.3086 0.316409 0.91512
26.3281 0.276149 0.91789
26.3477 0.229613 0.913635
26.3672 0.178453 0.90373
26.3867 0.124393 0.889546
26.4063 0.0691737 0.872455
26.4258 0.0142355 0.853565
26.4453 -0.0396169 0.833426
26.4648 -0.0916834 0.812586
26.4844 -0.141388 0.791594
26.5039 -0.188262 0.770997
26.5234 -0.231912 0.751343
26.543 -0.272157 0.733
26.5625 -0.30963 0.715498
26.582 -0.344896 0.698365
26.6016 -0.37843 0.681129
26.6211 -0.410627 0.663319
26.6406 -0.441682 0.6446
26.6602 -0.469483 0.626946
26.6797 -0.49199 0.612333
26.6992 -0.507266 0.602738
26.7188 -0.513487 0.600135
26.7383 -0.508927 0.606501
26.7578 -0.495495 0.620249
26.7773 -0.475339 0.639551
26.7969 -0.450552 0.662576
26.8164 -0.423147 0.687497
26.8359 -0.395048 0.712482
26.8555 -0.367125 0.736685
26.875 -0.339993 0.759477
26.8945 -0.314257 0.780233
26.9141 -0.29053 0.798324
26.9336 -0.269454 0.813123
26.9531 -0.249936 0.825783
26.9727 -0.23017 0.838239
26.9922 -0.208419 0.852423
27.0117 -0.182992 0.870267
27.0313 -0.154098 0.891787
27.0508 -0.123143 0.91572
27.0703 -0.0914291 0.940805
27.0898 -0.0601681 0.965777
27.1094 -0.0305043 0.989373
27.1289 -0.00355507 1.01033
27.1484 0.0205591 1.02839
27.168 0.0428556 1.0445
27.1875 0.0642587 1.05961
27.207 0.0848621 1.07391
27.2266 0.103518 1.08636
27.2461 0.119098 1.09592
27.2656 0.13108 1.10213
27.2852 0.140225 1.10574
27.3047 0.147337 1.10753
27.3242 0.152815 1.1078
27.3438 0.155705 1.10549
27.3633 0.155097 1.09952
27.3828 0.150104 1.08881
27.4023 0.139865 1.0723
27.4219 0.123792 1.04917
27.4414 0.103271 1.02068
27.4609 0.0795889 0.988047
27.4805 0.0539573 0.952521
27.5 0.027544 0.915336
27.5195 0.00151501 0.877728
27.5391 -0.0229413 0.840932
27.5586 -0.0468803 0.803878
27.5781 -0.0713205 0.765442
27.5977 -0.097204 0.724495
27.6172 -0.125226 0.680109
27.6367 -0.156049 0.631372
27.6563 -0.190363 0.577376
27.6758 -0.228914 0.517213
27.6953 -0.272514 0.449977
27.7148 -0.320341 0.376465
27.7344 -0.371189 0.297947
27.7539 -0.423898 0.215693
27.7734 -0.477319 0.130976
27.793 -0.530276 0.0450701
27.8125 -0.581046 -0.0402399
27.832 -0.627611 -0.122911
27.8516 -0.66793 -0.200896
27.8711 -0.702303 -0.274512
27.8906 -0.73262 -0.345701
27.9102 -0.760755 -0.416404
27.9297 -0.788598 -0.488555
27.9492 -0.818076 -0.564087
27.9688 -0.849623 -0.643373
27.9883 -0.882024 -0.725042
28.0078 -0.914144 -0.807717
28.0273 -0.944886 -0.890019
28.0469 -0.973142 -0.970566
28.0664 -0.997759 -1.04797
28.0859 -1.01752 -1.12085
28.1055 -1.03217 -1.18885
28.125 -1.04378 -1.25403
28.1445 -1.05431 -1.31846
28.1641 -1.06569 -1.38419
28.1836 -1.07988 -1.45326
28.2031 -1.09812 -1.52697
28.2227 -1.11841 -1.60327
28.2422 -1.13891 -1.68012
28.2617 -1.15788 -1.75545
28.2813 -1.17362 -1.82722
28.3008 -1.18463 -1.89356
28.3203 -1.19226 -1.95557
28.3398 -1.19773 -2.01434
28.3594 -1.20211 -2.07094
28.3789 -1.20635 -2.12648
28.3984 -1.21053 -2.18118
28.418 -1.21471 -2.23525
28.4375 -1.21906 -2.28892
28.457 -1.22384 -2.3424
28.4766 -1.22974 -2.39628
28.4961 -1.23757 -2.45122
28.5156 -1.24677 -2.50645
28.5352 -1.2565 -2.56095
28.5547 -1.26594 -2.61365
28.5742 -1.27595 -2.6653
28.5938 -1.28786 -2.71724
28.6133 -1.30288 -2.77078
28.6328 -1.32215 -2.82727
28.6523 -1.34675 -2.88806
28.6719 -1.37564 -2.95233
28.6914 -1.40662 -3.01803
28.7109 -1.43765 -3.08312
28.7305 -1.4668 -3.14554
28.75 -1.49224 -3.20327
28.7695 -1.51218 -3.25425
28.7891 -1.52637 -3.298
28.8086 -1.5361 -3.33567
28.8281 -1.54254 -3.36839
28.8477 -1.54676 -3.39732
28.8672 -1.54975 -3.42359
28.8867 -1.55248 -3.44838
28.9063 -1.55587 -3.47282
28.9258 -1.5605 -3.49767
28.9453 -1.56617 -3.5228
28.9648 -1.5728 -3.54808
28.9844 -1.58036 -3.57341
29.0039 -1.58908 -3.59887
29.0234 -1.59993 -3.62534
29.043 -1.61381 -3.65366
29.0625 -1.63155 -3.6847
29.082 -1.65386 -3.71932
29.1016 -1.6812 -3.75819
29.1211 -1.71228 -3.80027
29.1406 -1.74586 -3.84454
29.1602 -1.78057 -3.88977
29.1797 -1.80971 -3.92931
29.1992 -1.83737 -3.9672
29.2188 -1.86371 -4.00355
29.2383 -1.88884 -4.0384
29.2578 -1.91287 -4.07179
29.2773 -1.9359 -4.10375
29.2969 -1.95799 -4.13433
29.3164 -1.97918 -4.16356
29.3359 -1.99943 -4.19148
29.3555 -2.01873 -4.21812
29.375 -2.03702 -4.2435
29.3945 -2.05424 -4.26768
29.4141 -2.07037 -4.29066
29.4336 -2.08541 -4.31249
29.4531 -2.0994 -4.33319
29.4727 -2.1124 -4.35278
29.4922 -2.12449 -4.3713
29.5117 -2.13575 -4.38876
29.5313 -2.14625 -4.40518
29.5508 -2.15605 -4.42059
29.5703 -2.16516 -4.435
29.5898 -2.17358 -4.44844
29.6094 -2.18127 -4.46092
29.6289 -2.18821 -4.47246
29.6484 -2.19435 -4.48307
29.668 -2.19968 -4.49276
29.6875 -2.20419 -4.50156
29.707 -2.20793 -4.50947
29.7266 -2.21092 -4.5165
29.7461 -2.21323 -4.52266
29.7656 -2.21492 -4.52797
29.7852 -2.21605 -4.53242
29.8047 -2.21667 -4.53603
29.8242 -2.21681 -4.53881
29.8438 -2.21648 -4.54076
29.8633 -2.21564 -4.54188
29.8828 -2.21422 -4.54218
29.9023 -2.21218 -4.54166
29.9219 -2.20952 -4.54033
29.9414 -2.20631 -4.53819
29.9609 -2.20258 -4.53524
29.9805 -2.1984 -4.53149
30 -2.19381 -4.52693
30.0195 -2.18883 -4.52156
30.0391 -2.18351 -4.51538
30.0586 -2.1779 -4.5084
30.0781 -2.17203 -4.50062
30.0977 -2.16589 -4.49203
30.1172 -2.15946 -4.48264
30.1367 -2.15273 -4.47244
30.1563 -2.1457 -4.46143
30.1758 -2.13836 -4.44962
30.1953 -2.13075 -4.437
30.2148 -2.12291 -4.42358
30.2344 -2.11486 -4.40935
30.2539 -2.10665 -4.39432
30.2734 -2.09831 -4.37848
30.293 -2.08985 -4.36184
30.3125 -2.08129 -4.3444
30.332 -2.07261 -4.32617
30.3516 -2.06383 -4.30714
30.3711 -2.05492 -4.28732
30.3906 -2.04585 -4.26671
30.4102 -2.03661 -4.24533
30.4297 -2.02723 -4.22317
30.4492 -2.01771 -4.20025
30.4688 -2.00807 -4.17657
30.4883 -1.9983 -4.15214
30.5078 -1.98842 -4.12698
30.5273 -1.97847 -4.10108
30.5469 -1.96846 -4.07447
30.5664 -1.95839 -4.04716
30.5859 -1.94824 -4.01915
30.6055 -1.93798 -3.99047
30.625 -1.92761 -3.96113
30.6445 -1.91713 -3.93114
30.6641 -1.90652 -3.90053
30.6836 -1.89577 -3.86931
30.7031 -1.88489 -3.8375
30.7227 -1.87388 -3.80512
30.7422 -1.86279 -3.77219
30.7617 -1.85163 -3.73873
30.7813 -1.84039 -3.70477
30.8008 -1.82908 -3.67031
30.8203 -1.8177 -3.6354
30.8398 -1.80625 -3.60005
30.8594 -1.79471 -3.56428
30.8789 -1.78308 -3.52813
30.8984 -1.77134 -3.49161
30.918 -1.75951 -3.45474
30.9375 -1.74758 -3.41757
30.957 -1.73555 -3.3801
30.9766 -1.72346 -3.34237
30.9961 -1.71131 -3.30441
31.0156 -1.69911 -3.26623
31.0352 -1.68688 -3.22787
31.0547 -1.67461 -3.18935
31.0742 -1.66232 -3.15071
31.0938 -1.64999 -3.11195
31.1133 -1.63764 -3.07312
31.1328 -1.62526 -3.03424
31.1523 -1.61285 -2.99533
31.1719 -1.60041 -2.95642
31.1914 -1.58792 -2.91753
31.2109 -1.5754 -2.87868
31.2305 -1.56286 -2.83989
31.25 -1.55031 -2.80116
31.2695 -1.53775 -2.76252
31.2891 -1.52518 -2.72399
31.3086 -1.5126 -2.68557
31.3281 -1.49999 -2.64728
31.3477 -1.48736 -2.60915
31.3672 -1.47471 -2.57117
31.3867 -1.46203 -2.53338
31.4063 -1.44929 -2.49577
31.4258 -1.43651 -2.45837
31.4453 -1.42369 -2.42119
31.4648 -1.41083 -2.38424
31.4844 -1.39794 -2.34754
31.5039 -1.38503 -2.31109
31.5234 -1.3721 -2.27491
31.543 -1.35915 -2.23901
31.5625 -1.34618 -2.2034
31.582 -1.3332 -2.16809
31.6016 -1.3202 -2.13309
31.6211 -1.30717 -2.09842
31.6406 -1.29413 -2.06408
31.6602 -1.28106 -2.03007
31.6797 -1.26796 -1.99642
31.6992 -1.25483 -1.96312
31.7188 -1.24169 -1.93019
31.7383 -1.22855 -1.89763
31.7578 -1.21539 -1.86545
31.7773 -1.20224 -1.83366
31.7969 -1.18909 -1.80225
31.8164 -1.17595 -1.77125
31.8359 -1.16282 -1.74064
31.8555 -1.14969 -1.71044
31.875 -1.13658 -1.68065
31.8945 -1.12347 -1.65128
31.9141 -1.11037 -1.62232
31.9336 -1.09727 -1.59378
31.9531 -1.08419 -1.56566
31.9727 -1.07112 -1.53797
31.9922 -1.05808 -1.5107
32.0117 -1.04507 -1.48386
32.0313 -1.03208 -1.45744
32.0508 -1.01913 -1.43145
32.0703 -1.00622 -1.40589
32.0898 -0.993354 -1.38075
32.1094 -0.980524 -1.35603
32.1289 -0.967735 -1.33174
32.1484 -0.954987 -1.30786
32.168 -0.94228 -1.2844
32.1875 -0.929613 -1.26135
32.207 -0.91699 -1.23872
32.2266 -0.904418 -1.21649
32.2461 -0.8919 -1.19467
32.2656 -0.879442 -1.17325
32.2852 -0.867045 -1.15222
32.3047 -0.85471 -1.13158
32.3242 -0.842438 -1.11133
32.3438 -0.830232 -1.09146
32.3633 -0.818095 -1.07196
32.3828 -0.806027 -1.05283
32.4023 -0.794028 -1.03407
32.4219 -0.782098 -1.01566
32.4414 -0.77024 -0.997613
32.4609 -0.758453 -0.979907
32.4805 -0.74674 -0.962542
32.5 -0.735104 -0.945511
32.5195 -0.723548 -0.928809
32.5391 -0.712077 -0.912429
32.5586 -0.700692 -0.896365
32.5781 -0.689396 -0.88061
32.5977 -0.67819 -0.86516
32.6172 -0.667074 -0.850008
32.6367 -0.656046 -0.835148
32.6563 -0.645106 -0.820575
32.6758 -0.634255 -0.806282
32.6953 -0.623496 -0.792265
32.7148 -0.612832 -0.778519
32.7344 -0.602267 -0.765037
32.7539 -0.5918 -0.751816
32.7734 -0.581433 -0.738851
32.793 -0.571169 -0.726136
32.8125 -0.56101 -0.713669
32.832 -0.550958 -0.701445
32.8516 -0.541014 -0.68946
32.8711 -0.531176 -0.67771
32.8906 -0.521446 -0.666193
32.9102 -0.511826 -0.654906
32.9297 -0.502317 -0.643845
32.9492 -0.492921 -0.633009
32.9688 -0.483641 -0.622395
32.9883 -0.474478 -0.612002
33.0078 -0.465435 -0.601828
33.0273 -0.456514 -0.591871
33.0469 -0.447719 -0.582131
33.0664 -0.43905 -0.572607
33.0859 -0.430507 -0.563299
33.1055 -0.422107 -0.554206
33.125 -0.413879 -0.545329
33.1445 -0.405846 -0.536668
33.1641 -0.398023 -0.528224
33.1836 -0.390405 -0.519997
33.2031 -0.382973 -0.51199
33.2227 -0.375719 -0.504202
33.2422 -0.368644 -0.496637
33.2617 -0.361749 -0.489296
33.2813 -0.355041 -0.482182
33.3008 -0.348528 -0.475296
33.3203 -0.34223 -0.468641
33.3398 -0.336166 -0.46222
33.3594 -0.330351 -0.456036
33.3789 -0.324804 -0.450093
33.3984 -0.31954 -0.444393
33.418 -0.314561 -0.43894
33.4375 -0.309867 -0.433737
33.457 -0.305443 -0.428789
33.4766 -0.301274 -0.424098
33.4961 -0.29736 -0.41967
33.5156 -0.293697 -0.415509
33.5352 -0.29028 -0.411617
33.5547 -0.287112 -0.408
33.5742 -0.284219 -0.404662
33.5938 -0.28162 -0.401607
33.6133 -0.279325 -0.398839
33.6328 -0.277338 -0.396364
33.6523 -0.275659 -0.394184
33.6719 -0.274294 -0.392305
33.6914 -0.273238 -0.390731
33.7109 -0.272478 -0.389466
33.7305 -0.272002 -0.388514
33.75 -0.271785 -0.387881
33.7695 -0.271814 -0.387568
33.7891 -0.27209 -0.387582
33.8086 -0.272631 -0.387925
33.8281 -0.273458 -0.388602
33.8477 -0.274588 -0.389616
33.8672 -0.276031 -0.390971
33.8867 -0.277779 -0.39267
33.9063 -0.279803 -0.394717
33.9258 -0.282076 -0.397114
33.9453 -0.284577 -0.399864
33.9648 -0.287298 -0.402971
33.9844 -0.290239 -0.406437
34.0039 -0.293405 -0.410264
34.0234 -0.296805 -0.414454
34.043 -0.300422 -0.419009
34.0625 -0.304236 -0.423931
34.082 -0.308229 -0.42922
34.1016 -0.312402 -0.434879
34.1211 -0.316762 -0.440907
34.1406 -0.321319 -0.447305
34.1602 -0.326073 -0.454074
34.1797 -0.330998 -0.461213
34.1992 -0.336059 -0.468721
34.2188 -0.341234 -0.476598
34.2383 -0.346513 -0.484842
34.2578 -0.351896 -0.493453
34.2773 -0.357378 -0.502427
34.2969 -0.362964 -0.511762
34.3164 -0.368651 -0.521457
34.3359 -0.37443 -0.531506
34.3555 -0.380294 -0.541908
34.375 -0.38625 -0.552658
34.3945 -0.392304 -0.563751
34.4141 -0.398436 -0.575182
34.4336 -0.404617 -0.586947
34.4531 -0.410817 -0.599039
34.4727 -0.417026 -0.611453
34.4922 -0.423254 -0.624181
34.5117 -0.429518 -0.637218
34.5313 -0.435814 -0.650555
34.5508 -0.442133 -0.664184
34.5703 -0.448456 -0.678099
34.5898 -0.454779 -0.692289
34.6094 -0.461117 -0.706746
34.6289 -0.467484 -0.721462
34.6484 -0.47388 -0.736426
34.668 -0.480278 -0.751628
34.6875 -0.486657 -0.767059
34.707 -0.493002 -0.782708
34.7266 -0.499313 -0.798565
34.7461 -0.505603 -0.814618
34.7656 -0.511873 -0.830858
34.7852 -0.518114 -0.847271
34.8047 -0.524322 -0.863849
34.8242 -0.53051 -0.880578
34.8438 -0.5367 -0.897448
34.8633 -0.542902 -0.914448
34.8828 -0.549099 -0.931565
34.9023 -0.555271 -0.948789
34.9219 -0.561397 -0.966109
34.9414 -0.567476 -0.983512
34.9609 -0.573524 -1.00099
34.9805 -0.579544 -1.01853
35 -0.585541 -1.03612
35.0195 -0.591512 -1.05375
35.0391 -0.597449 -1.07141
35.0586 -0.603358 -1.0891
35.0781 -0.609254 -1.10679
35.0977 -0.615146 -1.12449
35.1172 -0.621026 -1.14218
35.1367 -0.626898 -1.15985
35.1563 -0.632761 -1.1775
35.1758 -0.638609 -1.19512
35.1953 -0.644442 -1.2127
35.2148 -0.650243 -1.23024
35.2344 -0.656002 -1.24772
35.2539 -0.661729 -1.26514
35.2734 -0.667447 -1.2825
35.293 -0.673179 -1.29979
35.3125 -0.67892 -1.317
35.332 -0.684659 -1.33413
35.3516 -0.690372 -1.35119
35.3711 -0.696068 -1.36815
35.3906 -0.701781 -1.38502
35.4102 -0.70752 -1.40181
35.4297 -0.71326 -1.41849
35.4492 -0.718978 -1.43508
35.4688 -0.724673 -1.45157
35.4883 -0.73036 -1.46796
35.5078 -0.736049 -1.48426
35.5273 -0.74174 -1.50044
35.5469 -0.747418 -1.51653
35.5664 -0.753085 -1.53252
35.5859 -0.758756 -1.5484
35.6055 -0.76445 -1.56418
35.625 -0.770179 -1.57986
35.6445 -0.775916 -1.59544
35.6641 -0.781624 -1.61091
35.6836 -0.787294 -1.62629
35.7031 -0.792936 -1.64157
35.7227 -0.798577 -1.65676
35.7422 -0.804241 -1.67184
35.7617 -0.809939 -1.68683
35.7813 -0.815641 -1.70173
35.8008 -0.821311 -1.71653
35.8203 -0.826933 -1.73124
35.8398 -0.832531 -1.74585
35.8594 -0.838133 -1.76037
35.8789 -0.843745 -1.7748
35.8984 -0.849354 -1.78914
35.918 -0.854945 -1.80339
35.9375 -0.86051 -1.81754
35.957 -0.866051 -1.8316
35.9766 -0.871572 -1.84556
35.9961 -0.877074 -1.85943
36.0156 -0.882562 -1.87321
36.0352 -0.888029 -1.88688
36.0547 -0.893473 -1.90046
36.0742 -0.898882 -1.91393
36.0938 -0.904252 -1.9273
36.1133 -0.909589 -1.94056
36.1328 -0.914891 -1.95371
36.1523 -0.920163 -1.96675
36.1719 -0.9254 -1.97966
36.1914 -0.930594 -1.99246
36.2109 -0.935744 -2.00513
36.2305 -0.940858 -2.01767
36.25 -0.945949 -2.03007
36.2695 -0.951004 -2.04234
36.2891 -0.956 -2.05445
36.3086 -0.960918 -2.06642
36.3281 -0.965767 -2.07822
36.3477 -0.970568 -2.08987
36.3672 -0.97534 -2.10134
36.3867 -0.980073 -2.11264
36.4063 -0.984735 -2.12375
36.4258 -0.989302 -2.13468
36.4453 -0.993775 -2.1454
36.4648 -0.998175 -2.15593
36.4844 -1.00254 -2.16624
36.5039 -1.00688 -2.17634
36.5234 -1.01116 -2.18622
36.543 -1.01537 -2.19586
36.5625 -1.01949 -2.20526
36.582 -1.0235 -2.21443
36.6016 -1.02742 -2.22333
36.6211 -1.03128 -2.23198
36.6406 -1.03507 -2.24037
36.6602 -1.03877 -2.24848
36.6797 -1.04237 -2.25632
36.6992 -1.04585 -2.26387
36.7188 -1.04924 -2.27113
36.7383 -1.05256 -2.27809
36.7578 -1.05583 -2.28476
36.7773 -1.05905 -2.29111
36.7969 -1.06218 -2.29716
36.8164 -1.06518 -2.30289
36.8359 -1.06802 -2.30829
36.8555 -1.07075 -2.31338
36.875 -1.07338 -2.31813
36.8945 -1.07593 -2.32255
36.9141 -1.0784 -2.32664
36.9336 -1.08078 -2.33039
36.9531 -1.08306 -2.3338
36.9727 -1.08522 -2.33687
36.9922 -1.08726 -2.3396
37.0117 -1.08919 -2.34199
37.0313 -1.09102 -2.34402
37.0508 -1.09276 -2.34572
37.0703 -1.09441 -2.34707
37.0898 -1.09592 -2.34807
37.1094 -1.09729 -2.34874
37.1289 -1.09852 -2.34906
37.1484 -1.09962 -2.34904
37.168 -1.10063 -2.34868
37.1875 -1.10157 -2.34799
37.207 -1.10244 -2.34697
37.2266 -1.10318 -2.34562
37.2461 -1.10378 -2.34394
37.2656 -1.10422 -2.34194
37.2852 -1.1045 -2.33963
37.3047 -1.10466 -2.33701
37.3242 -1.10473 -2.33408
37.3438 -1.10472 -2.33085
37.3633 -1.10459 -2.32732
37.3828 -1.1043 -2.32351
37.4023 -1.10382 -2.31941
37.4219 -1.1032 -2.31504
37.4414 -1.10248 -2.3104
37.4609 -1.10166 -2.3055
37.4805 -1.10075 -2.30034
37.5 -1.0997 -2.29494
37.5195 -1.0985 -2.28929
37.5391 -1.09715 -2.28342
37.5586 -1.09567 -2.27732
37.5781 -1.09409 -2.271
37.5977 -1.09241 -2.26448
37.6172 -1.09062 -2.25775
37.6367 -1.08867 -2.25084
37.6563 -1.08655 -2.24374
37.6758 -1.08426 -2.23647
37.6953 -1.08187 -2.22903
37.7148 -1.07943 -2.22144
37.7344 -1.07695 -2.21369
37.7539 -1.0744 -2.2058
37.7734 -1.07171 -2.19778
37.793 -1.06887 -2.18963
37.8125 -1.06586 -2.18137
37.832 -1.06274 -2.17299
37.8516 -1.05954 -2.16451
37.8711 -1.0563 -2.15594
37.8906 -1.053 -2.14728
37.9102 -1.04959 -2.13853
37.9297 -1.04606 -2.12972
37.9492 -1.04242 -2.12083
37.9688 -1.03871 -2.11188
37.9883 -1.03495 -2.10288
38.0078 -1.03115 -2.09383
38.0273 -1.0273 -2.08473
38.0469 -1.02337 -2.0756
38.0664 -1.01937 -2.06643
38.0859 -1.01532 -2.05723
38.1055 -1.0112 -2.048
38.125 -1.00703 -2.03875
38.1445 -1.0028 -2.02949
38.1641 -0.998514 -2.02021
38.1836 -0.994191 -2.01092
38.2031 -0.989835 -2.00162
38.2227 -0.985454 -1.99231
38.2422 -0.981052 -1.983
38.2617 -0.976637 -1.97369
38.2813 -0.972211 -1.96437
38.3008 -0.967764 -1.95506
38.3203 -0.963296 -1.94574
38.3398 -0.958804 -1.93643
38.3594 -0.954294 -1.92711
38.3789 -0.949759 -1.9178
38.3984 -0.945208 -1.90848
38.418 -0.940642 -1.89917
38.4375 -0.936072 -1.88985
38.457 -0.93152 -1.88054
38.4766 -0.926991 -1.87121
38.4961 -0.922471 -1.86188
38.5156 -0.917942 -1.85255
38.5352 -0.913391 -1.8432
38.5547 -0.908845 -1.83385
38.5742 -0.904339 -1.82448
38.5938 -0.899889 -1.81509
38.6133 -0.895467 -1.80569
38.6328 -0.89104 -1.79626
38.6523 -0.886588 -1.78681
38.6719 -0.882124 -1.77734
38.6914 -0.877671 -1.76783
38.7109 -0.873255 -1.75829
38.7305 -0.86887 -1.74872
38.75 -0.864479 -1.73912
38.7695 -0.860087 -1.72947
38.7891 -0.855721 -1.71978
38.8086 -0.851409 -1.71005
38.8281 -0.847152 -1.70027
38.8477 -0.842936 -1.69044
38.8672 -0.838737 -1.68056
38.8867 -0.834551 -1.67063
38.9063 -0.83037 -1.66064
38.9258 -0.826182 -1.65059
38.9453 -0.821998 -1.64049
38.9648 -0.817825 -1.63033
38.9844 -0.813664 -1.62011
39.0039 -0.809531 -1.60982
39.0234 -0.805439 -1.59948
39.043 -0.801387 -1.58908
39.0625 -0.797367 -1.57861
39.082 -0.793375 -1.56809
39.1016 -0.78941 -1.5575
39.1211 -0.785474 -1.54685
39.1406 -0.78156 -1.53615
39.1602 -0.777655 -1.52539
39.1797 -0.773752 -1.51457
39.1992 -0.769858 -1.5037
39.2188 -0.765981 -1.49278
39.2383 -0.762128 -1.48181
39.2578 -0.758296 -1.4708
39.2773 -0.754478 -1.45974
39.2969 -0.750686 -1.44865
39.3164 -0.746924 -1.43752
39.3359 -0.743187 -1.42636
39.3555 -0.739484 -1.41518
39.375 -0.73581 -1.40398
39.3945 -0.732152 -1.39275
39.4141 -0.72851 -1.38152
39.4336 -0.724881 -1.37028
39.4531 -0.721256 -1.35904
39.4727 -0.717639 -1.34781
39.4922 -0.714038 -1.33659
39.5117 -0.710463 -1.32538
39.5313 -0.70691 -1.3142
39.5508 -0.703374 -1.30305
39.5703 -0.699855 -1.29194
39.5898 -0.696369 -1.28087
39.6094 -0.692925 -1.26985
39.6289 -0.689515 -1.25889
39.6484 -0.686126 -1.248
39.668 -0.68274 -1.23717
39.6875 -0.679361 -1.22643
39.707 -0.676003 -1.21577
39.7266 -0.672687 -1.20521
39.7461 -0.669407 -1.19475
39.7656 -0.666125 -1.1844
39.7852 -0.662832 -1.17416
39.8047 -0.659549 -1.16404
39.8242 -0.656314 -1.15406
39.8438 -0.653143 -1.14421
39.8633 -0.650032 -1.1345
39.8828 -0.646955 -1.12495
39.9023 -0.643887 -1.11555
39.9219 -0.640816 -1.10631
39.9414 -0.637766 -1.09724
39.9609 -0.634752 -1.08835
39.9805 -0.63178 -1.07963
