0 0 0 0
0.0030208 0.00303701 0.00303704 0.00302076
0.00687644 0.00694736 0.00694877 0.00687368
0.0139376 0.0141167 0.0141251 0.0139213
0.0267555 0.0271301 0.0271591 0.0266984
0.0478107 0.0485197 0.0485978 0.0476581
0.0743763 0.0755884 0.0757685 0.0740253
0.103088 0.104941 0.105312 0.102368
0.130673 0.133206 0.133902 0.129327
0.159737 0.162884 0.164084 0.157428
0.194199 0.197838 0.199759 0.190521
0.237851 0.241891 0.244776 0.232358
0.287742 0.292158 0.296268 0.279967
0.33859 0.343393 0.349 0.328049
0.390479 0.395692 0.403081 0.376686
0.443118 0.448755 0.458221 0.425574
0.494826 0.500869 0.512717 0.473011
0.546979 0.553417 0.567958 0.520404
0.602865 0.609689 0.627238 0.571041
0.665704 0.672938 0.693808 0.628137
0.738604 0.746366 0.770869 0.694823
0.814321 0.822792 0.851249 0.763863
0.876327 0.885563 0.918309 0.818696
0.921541 0.931333 0.968725 0.856215
0.961564 0.971509 1.0139 0.888027
1.00331 1.01301 1.06072 0.921134
1.05077 1.05999 1.11327 0.959665
1.11267 1.12141 1.18044 1.01248
1.19746 1.20615 1.27101 1.08822
1.30668 1.31609 1.38684 1.18848
1.42808 1.43912 1.51582 1.30095
1.55287 1.56636 1.64916 1.41672
1.68077 1.69715 1.78634 1.53523
1.81166 1.83082 1.92683 1.65593
1.94295 1.96445 2.06784 1.77607
2.06374 2.08665 2.19802 1.88448
2.16316 2.18628 2.30616 1.97032
2.23194 2.25388 2.38274 2.02443
2.26758 2.28708 2.42545 2.04464
2.25442 2.27028 2.41897 2.01562
2.20252 2.21383 2.37272 1.94829
2.12153 2.12798 2.29654 1.85313
2.01306 2.0149 2.19219 1.73251
1.87883 1.87676 2.06146 1.5888
1.72062 1.71568 1.90616 1.42435
1.54049 1.53373 1.72815 1.24152
1.32938 1.32158 1.51798 1.03138
1.07803 1.06931 1.26571 0.784573
0.777406 0.767179 0.961562 0.492027
0.41879 0.405667 0.595978 0.144974
0.0116174 -0.00630406 0.17774 -0.246997
-0.431835 -0.456452 -0.281134 -0.671196
-0.899725 -0.932433 -0.768684 -1.11516
-1.38894 -1.43021 -1.28142 -1.57487
-1.89687 -1.94556 -1.81653 -2.04583
-2.39248 -2.44174 -2.3436 -2.49155
-2.77389 -2.80482 -2.75676 -2.81288
-2.94453 -2.95475 -2.94256 -2.95076
-2.99316 -2.99623 -2.99397 -2.9923
-3.00804 -3.00925 -3.00919 -3.00588
-3.01448 -3.01514 -3.01583 -3.01172
-3.01803 -3.01853 -3.01973 -3.01472
-3.02047 -3.02077 -3.02244 -3.01644
-3.02236 -3.02258 -3.0247 -3.01768
-3.02436 -3.02441 -3.02697 -3.01896
-3.02647 -3.02665 -3.02962 -3.02067
-3.02958 -3.02966 -3.03302 -3.02315
-3.03357 -3.03377 -3.03751 -3.02671
-3.03868 -3.03903 -3.04314 -3.03136
-3.04468 -3.0451 -3.04957 -3.03678
-3.05111 -3.05175 -3.05659 -3.04278
-3.05822 -3.059 -3.06423 -3.04939
-3.06621 -3.06687 -3.07249 -3.05662
-3.07465 -3.07537 -3.0814 -3.0645
-3.08376 -3.08447 -3.09094 -3.07301
-3.09353 -3.09419 -3.10109 -3.08213
-3.10418 -3.10455 -3.11189 -3.0919
-3.11529 -3.11563 -3.1234 -3.10236
-3.12728 -3.12756 -3.13575 -3.11364
-3.13927 -3.13991 -3.14851 -3.12532
-3.1517 -3.15227 -3.16126 -3.13696
-3.16369 -3.16422 -3.17359 -3.14816
-3.17479 -3.17532 -3.18507 -3.15851
-3.18456 -3.18517 -3.19531 -3.1676
-3.19256 -3.19336 -3.20389 -3.17506
-3.19922 -3.1995 -3.21042 -3.18051
-3.20366 -3.20375 -3.21507 -3.18413
-3.20632 -3.20631 -3.21799 -3.18612
-3.20721 -3.20735 -3.21937 -3.18666
-3.19744 -3.17829 -3.21841 -3.11349
-3.06688 -3.03382 -3.09518 -2.93131
-2.80931 -2.76883 -2.8431 -2.63635
-2.42206 -2.38076 -2.45864 -2.22858
-1.95133 -1.91536 -1.98806 -1.7558
-1.4575 -1.42743 -1.48832 -1.27275
-0.988098 -0.963697 -1.00904 -0.823833
-0.577316 -0.55633 -0.584799 -0.437812
-0.242473 -0.222557 -0.234036 -0.128879
0.0106581 0.0310958 0.0366964 0.0982628
0.181632 0.203088 0.226762 0.242466
0.269562 0.29162 0.336042 0.300934
0.266898 0.288124 0.360454 0.226339
0.0479616 0.0625613 0.19902 -0.0728442
-0.418332 -0.417585 -0.211901 -0.625899
-1.11022 -1.13022 -0.852164 -1.40597
-1.95 -1.99092 -1.65245 -2.29366
-2.70983 -2.74552 -2.45275 -2.92319
-3.0731 -3.08546 -2.95229 -3.13002
-3.1779 -3.18123 -3.13655 -3.18387
-3.21165 -3.21286 -3.19756 -3.20473
-3.22675 -3.22817 -3.22254 -3.21702
-3.23652 -3.23752 -3.23531 -3.22556
-3.24274 -3.24319 -3.2421 -3.23119
-3.24629 -3.24592 -3.24496 -3.23422
-3.24718 -3.24665 -3.2453 -3.2354
-3.22498 -3.19408 -3.15036 -3.22991
-3.12994 -3.08166 -2.9912 -3.16282
-3.01714 -2.96499 -2.82298 -3.08851
-2.93809 -2.89717 -2.69875 -3.05996
-2.94698 -2.92921 -2.66886 -3.12893
-3.09885 -3.11199 -2.78671 -3.23726
-3.25073 -3.25085 -3.1045 -3.2414
-3.25606 -3.25673 -3.25436 -3.24758
-3.26139 -3.26226 -3.25933 -3.25341
-3.26494 -3.26535 -3.26191 -3.25681
-3.26583 -3.26654 -3.26268 -3.25839
-3.26583 -3.25406 -3.21353 -3.2587
-3.21609 -3.16702 -3.09416 -3.22004
-3.15215 -3.06332 -2.95995 -3.16655
-3.12195 -2.99992 -2.86486 -3.15203
-3.07132 -2.9309 -2.76104 -3.12759
-2.94964 -2.80811 -2.60037 -3.04319
-2.71072 -2.58529 -2.33946 -2.85134
-2.3217 -2.22373 -1.94621 -2.51152
-1.82165 -1.75319 -1.45731 -2.05237
-1.26743 -1.22083 -0.924042 -1.52096
-0.718536 -0.682415 -0.400654 -0.9749
-0.217604 -0.182315 0.0743067 -0.461552
0.214939 0.254075 0.48213 -0.0093188
0.574651 0.618355 0.819456 0.371061
0.866862 0.913225 1.0917 0.680737
1.1009 1.14666 1.30775 0.926723
1.2923 1.33472 1.48271 1.12592
1.45528 1.49167 1.62945 1.2936
1.59828 1.62717 1.75648 1.43999
1.72573 1.74752 1.86923 1.5715
1.84164 1.85688 1.97125 1.6922
1.94778 1.95806 2.06496 1.80477
2.04281 2.05033 2.14987 1.9077
2.12586 2.13173 2.22451 1.9982
2.19602 2.20161 2.28851 2.07522
2.25375 2.25997 2.34208 2.13874
2.30216 2.30888 2.38716 2.19134
2.34479 2.3519 2.42693 2.23752
2.38454 2.3916 2.46371 2.28048
2.42206 2.42879 2.49824 2.32114
2.45648 2.46241 2.52961 2.35801
2.4869 2.49176 2.55718 2.39008
2.51266 2.51633 2.58046 2.41664
2.53308 2.53573 2.59904 2.43709
2.54818 2.55013 2.61302 2.45158
2.55995 2.56112 2.62377 2.46209
2.56906 2.57007 2.63247 2.47028
2.57727 2.57816 2.64015 2.47763
2.58482 2.586 2.64737 2.4849
2.59037 2.59185 2.65263 2.4899
2.59215 2.59405 2.65448 2.49054
2.49112 2.50305 2.55445 2.35367
2.30105 2.31528 2.35325 2.13219
2.08988 2.09768 2.11863 1.89417
1.92157 1.91568 1.91592 1.70415
1.85363 1.83073 1.80503 1.62101
1.94467 1.90552 1.8451 1.70475
2.13163 2.08491 1.98566 1.89603
2.33258 2.29111 2.16247 2.11402
2.4809 2.4524 2.31066 2.28861
2.55818 2.54164 2.38539 2.39176
2.60836 2.60126 2.42948 2.46522
2.66009 2.6588 2.48405 2.53713
2.72371 2.7243 2.57507 2.61793
2.79254 2.79247 2.69807 2.70253
2.84539 2.84453 2.79937 2.77007
2.87981 2.87874 2.8622 2.81665
2.90179 2.90067 2.89785 2.84753
2.91717 2.9161 2.91995 2.86947
2.92916 2.92823 2.93545 2.88653
2.93937 2.93862 2.94752 2.9008
2.94872 2.94815 2.95777 2.91348
2.95734 2.95696 2.96663 2.92481
2.96506 2.96487 2.97417 2.9347
2.97173 2.97172 2.9804 2.94309
2.97759 2.97768 2.98562 2.9503
2.983 2.98315 2.9903 2.95686
2.98822 2.98839 2.99474 2.96308
2.99338 2.99355 2.9991 2.96916
2.99871 2.99878 3.00354 2.97527
3.00393 3.00398 3.00794 2.98129
3.00882 3.00871 3.01186 2.98675
3.0127 3.01254 3.01486 2.99123
3.01525 3.01504 3.01652 2.99431
3.01625 3.01606 3.01668 2.99584
3.01037 3.00697 2.92456 2.99624
2.93277 2.92642 2.76108 2.96384
2.81852 2.80911 2.56231 2.89744
2.70184 2.68942 2.36357 2.83098
2.60381 2.58899 2.18647 2.78563
2.49867 2.4821 2.00653 2.73484
2.36799 2.35051 1.8076 2.65937
2.2301 2.212 1.60767 2.57678
2.10176 2.08328 1.42248 2.50396
1.99529 1.97645 1.26242 2.45351
1.88405 1.8649 1.1037 2.39711
1.74372 1.72414 0.926038 2.30767
1.55342 1.5328 0.713439 2.16012
1.29752 1.27484 0.455744 1.93318
0.968281 0.94275 0.150493 1.61268
0.569766 0.540854 -0.195827 1.19622
0.118683 0.0869501 -0.568313 0.697797
-0.32907 -0.362376 -0.926239 0.184227
-0.734732 -0.767858 -1.24434 -0.29174
-1.08075 -1.11203 -1.51317 -0.702044
-1.36452 -1.39272 -1.73319 -1.0388
-1.59128 -1.61564 -1.9095 -1.30593
-1.76881 -1.78911 -2.04846 -1.51213
-1.9047 -1.92112 -2.15598 -1.66653
-2.00528 -2.01817 -2.23677 -1.77666
-2.08167 -2.09132 -2.29901 -1.85664
-2.14317 -2.15019 -2.34986 -1.919
-2.19647 -2.20156 -2.39436 -1.97264
-2.24154 -2.24543 -2.43253 -2.01717
-2.27574 -2.27925 -2.46257 -2.04858
-2.29705 -2.30083 -2.48296 -2.06329
-2.30327 -2.30785 -2.49215 -2.01649
-2.17359 -2.18492 -2.42842 -1.77102
-1.86606 -1.8794 -2.17703 -1.3537
-1.46416 -1.47251 -1.81811 -0.851648
-1.05138 -1.04851 -1.43392 -0.354777
-0.703215 -0.685794 -1.10135 0.0580491
-0.478728 -0.447677 -0.884516 0.331923
-0.364153 -0.323536 -0.774141 0.486492
-0.260902 -0.21765 -0.672902 0.615159
-0.125011 -0.0860416 -0.535846 0.758164
0.00865974 0.0385059 -0.397845 0.886368
0.109246 0.127631 -0.289812 0.976473
0.149214 0.155939 -0.239281 1.00879
0.084821 0.0780012 -0.283587 0.936209
-0.132339 -0.149183 -0.473634 0.706862
-0.51914 -0.541379 -0.830935 0.300996
-1.02429 -1.0465 -1.3082 -0.24262
-1.49369 -1.51263 -1.74922 -0.776713
-1.84941 -1.86477 -2.07603 -1.20942
-2.08633 -2.09881 -2.28688 -1.51484
-2.228 -2.23805 -2.40742 -1.7047
-2.31704 -2.32451 -2.479 -1.82627
-2.37543 -2.38026 -2.52249 -1.90665
-2.41651 -2.41834 -2.54984 -1.96285
-2.44826 -2.44746 -2.56901 -2.00672
-2.46381 -2.46062 -2.57245 -2.02775
-2.41807 -2.40385 -2.45727 -1.98
-2.19136 -2.1689 -2.16099 -1.75629
-1.81477 -1.78659 -1.71841 -1.38773
-1.33382 -1.30147 -1.18199 -0.917237
-0.802247 -0.767036 -0.613154 -0.396437
-0.275335 -0.238236 -0.0694749 0.119417
0.203171 0.240706 0.408903 0.583907
0.634159 0.670508 0.826278 0.996979
1.02363 1.05726 1.19189 1.36456
1.37357 1.40317 1.51143 1.6887
1.67255 1.69748 1.7797 1.95866
1.91613 1.9366 1.99689 2.17217
2.10909 2.12563 2.16924 2.33613
2.2598 2.27295 2.30481 2.4603
2.37671 2.38704 2.41117 2.55389
2.47127 2.47929 2.49807 2.62808
2.55285 2.55894 2.57341 2.69153
2.62657 2.6312 2.6418 2.74889
2.6924 2.69592 2.70335 2.79998
2.74858 2.75153 2.75685 2.84342
2.79543 2.79797 2.80224 2.87928
2.83351 2.83577 2.83992 2.90808
2.86438 2.86656 2.87124 2.93127
2.89058 2.89259 2.89818 2.95075
2.91367 2.91541 2.9221 2.96783
2.93476 2.93615 2.94401 2.98345
2.95408 2.95527 2.96433 2.99796
2.9714 2.97247 2.98278 3.01104
2.98694 2.98751 2.99911 3.02244
2.99982 3.00018 3.01313 3.03191
3.00959 3.01027 3.02461 3.03924
3.01714 3.01753 3.03333 3.04418
3.02158 3.02192 3.03925 3.04667
3.0238 3.02426 3.04313 3.04743
3.02514 3.02529 3.04567 3.02717
3.02558 3.0257 3.04751 2.97859
3.02602 3.02607 3.0492 2.9351
3.02602 3.02619 3.05052 2.88352
3.0056 3.00554 3.05128 2.81116
2.94342 2.94522 3.0513 2.70685
2.85016 2.8545 3.0135 2.58079
2.73603 2.74276 2.9463 2.44302
2.60458 2.61258 2.85206 2.29658
2.45848 2.46674 2.7334 2.14441
2.33724 2.34411 2.6301 2.02327
2.23688 2.24197 2.53984 1.92937
2.15916 2.16207 2.46479 1.86328
2.10498 2.10696 2.40796 1.82646
2.06057 2.06252 2.35502 1.80475
2.00906 2.01221 2.28912 1.78181
1.93445 1.9401 2.19432 1.74194
1.82343 1.83142 2.05613 1.67042
1.69509 1.70482 1.89499 1.5847
1.57785 1.58789 1.74031 1.511
1.49614 1.50553 1.6181 1.47344
1.4424 1.45097 1.52138 1.4652
1.39622 1.40428 1.43003 1.46635
1.33937 1.34669 1.32583 1.45475
1.27542 1.28238 1.21376 1.43475
1.22169 1.22912 1.11167 1.42859
1.18083 1.18842 1.0211 1.43823
1.14175 1.15003 0.932448 1.45005
1.09512 1.10419 0.837153 1.45074
1.03251 1.04177 0.727771 1.42734
0.94591 0.954591 0.598249 1.36739
0.841993 0.849268 0.455823 1.27827
0.743849 0.748633 0.320966 1.19158
0.659472 0.661605 0.200927 1.12074
0.579536 0.579163 0.0876796 1.05272
0.500044 0.497574 -0.0219889 0.981809
0.424993 0.421415 -0.124515 0.915095
0.357048 0.353097 -0.218262 0.856685
0.294875 0.291044 -0.304712 0.804514
0.2367 0.233787 -0.385151 0.756632
0.181632 0.179569 -0.460974 0.710553
0.126565 0.125466 -0.534328 0.661743
0.0714984 0.0704082 -0.605934 0.608613
0.0222045 0.0205896 -0.671529 0.561846
-0.0155431 -0.018321 -0.727544 0.531423
-0.0368594 -0.0409851 -0.770903 0.526878
-0.0377476 -0.0431403 -0.799458 0.560248
-0.0146549 -0.0216118 -0.818818 0.616465
0.0182077 0.0107 -0.834053 0.680055
0.0455191 0.038775 -0.849916 0.735883
0.0530687 0.0476944 -0.870896 0.769199
0.0710543 0.0671936 -0.88763 0.809927
0.0988098 0.0959317 -0.900564 0.856753
0.133893 0.1313 -0.910494 0.907089
0.173861 0.170773 -0.918167 0.958412
0.220268 0.215769 -0.923149 1.0121
0.274447 0.268238 -0.924859 1.07002
0.324629 0.316451 -0.92678 1.12037
0.35616 0.346237 -0.933101 1.14908
0.355271 0.343621 -0.947863 1.1425
0.308642 0.2949 -0.974777 1.08748
0.203393 0.18729 -1.01696 0.971867
0.0306422 0.0110763 -1.0766 0.786202
-0.187406 -0.210836 -1.14753 0.552679
-0.41589 -0.443439 -1.22121 0.305419
-0.627054 -0.657979 -1.29071 0.0734508
-0.801581 -0.834796 -1.35065 -0.121715
-0.9448 -0.978483 -1.40197 -0.283597
-1.07114 -1.10363 -1.4488 -0.427183
-1.19171 -1.2213 -1.49454 -0.564309
-1.30074 -1.32684 -1.53749 -0.689149
-1.384 -1.40666 -1.57229 -0.785032
-1.44129 -1.46115 -1.59827 -0.851468
-1.4837 -1.50108 -1.6189 -0.900699
-1.51967 -1.53513 -1.63723 -0.942897
-1.55609 -1.57069 -1.65603 -0.986896
-1.59961 -1.61401 -1.67782 -1.04036
-1.65024 -1.66514 -1.70284 -1.10357
-1.69953 -1.71558 -1.72784 -1.1663
-1.7415 -1.75845 -1.74992 -1.22013
-1.77325 -1.79109 -1.76776 -1.26172
-1.79901 -1.81692 -1.7827 -1.29542
-1.81855 -1.83589 -1.7946 -1.32119
-1.83253 -1.84871 -1.80368 -1.33989
-1.84452 -1.85886 -1.81142 -1.35593
-1.85718 -1.86959 -1.81924 -1.37332
-1.87317 -1.88396 -1.82848 -1.39574
-1.89448 -1.90402 -1.8401 -1.4256
-1.91758 -1.92669 -1.85272 -1.4588
-1.93956 -1.94911 -1.86502 -1.4917
-1.95888 -1.96917 -1.87603 -1.52165
-1.98175 -1.99315 -1.88886 -1.55676
-2.01417 -2.02636 -1.90642 -1.60386
-2.05191 -2.06434 -1.92683 -1.65725
-2.09077 -2.1033 -1.94834 -1.71209
-2.1283 -2.14026 -1.96942 -1.76452
-2.16183 -2.17296 -1.98867 -1.81156
-2.19247 -2.2024 -2.00649 -1.85442
-2.22111 -2.22967 -2.02341 -1.89443
-2.2482 -2.25567 -2.03988 -1.93269
-2.27462 -2.28114 -2.05632 -1.97007
-2.3016 -2.30751 -2.07371 -2.00836
-2.33047 -2.33605 -2.093 -2.04918
-2.362 -2.36759 -2.11506 -2.09362
-2.39508 -2.40083 -2.13922 -2.14003
-2.42817 -2.43409 -2.16444 -2.18626
-2.46259 -2.46865 -2.19193 -2.23409
-2.49811 -2.50401 -2.22156 -2.28292
-2.53297 -2.53867 -2.25216 -2.33076
-2.56639 -2.57159 -2.28276 -2.37624
-2.59742 -2.60213 -2.31256 -2.41846
-2.62579 -2.62993 -2.34093 -2.45693
-2.65121 -2.65482 -2.36735 -2.49138
-2.67364 -2.67676 -2.39144 -2.52174
-2.69305 -2.69573 -2.41285 -2.54799
-2.70943 -2.71178 -2.43133 -2.57018
-2.72336 -2.72546 -2.44734 -2.58911
-2.73599 -2.73792 -2.46209 -2.60631
-2.74825 -2.75006 -2.47667 -2.62303
-2.76032 -2.7621 -2.49135 -2.63954
-2.77162 -2.77337 -2.50523 -2.65495
-2.78155 -2.7833 -2.51754 -2.66853
-2.78966 -2.79141 -2.52756 -2.67968
-2.79582 -2.79752 -2.53497 -2.68817
-2.80048 -2.80206 -2.54029 -2.69463
-2.80403 -2.80541 -2.54398 -2.69955
-2.8067 -2.80786 -2.54642 -2.70334
-2.80853 -2.80948 -2.54769 -2.7061
-2.80959 -2.81037 -2.54786 -2.70793
-2.80992 -2.81056 -2.52663 -2.70888
-2.79443 -2.79283 -2.47894 -2.70892
-2.75141 -2.74974 -2.40377 -2.68568
-2.68163 -2.68135 -2.30154 -2.63838
-2.60442 -2.60628 -2.19141 -2.58587
-2.53897 -2.54288 -2.09209 -2.54659
-2.50377 -2.50917 -2.02171 -2.5385
-2.49684 -2.50296 -1.97817 -2.55906
-2.51837 -2.52455 -1.9618 -2.60672
-2.56717 -2.57289 -1.97335 -2.67481
-2.63262 -2.63782 -2.0084 -2.74705
-2.70128 -2.70611 -2.06117 -2.81009
-2.76262 -2.76721 -2.12518 -2.85888
-2.81208 -2.81641 -2.19377 -2.89443
-2.85194 -2.85601 -2.26776 -2.92107
-2.88469 -2.88825 -2.34807 -2.9418
-2.90767 -2.91081 -2.4165 -2.95627
-2.921 -2.92383 -2.45742 -2.96498
-2.92522 -2.92785 -2.45932 -2.96844
-2.87026 -2.8702 -2.37128 -2.93033
-2.69773 -2.69236 -2.16465 -2.77326
-2.41779 -2.40425 -1.85099 -2.50766
-2.06157 -2.03787 -1.46547 -2.16508
-1.66256 -1.62841 -1.04652 -1.77934
-1.25422 -1.2113 -0.630838 -1.38431
-0.866057 -0.817792 -0.247878 -1.01018
-0.511063 -0.46148 0.0916999 -0.67016
-0.189859 -0.142782 0.389795 -0.364621
0.0980049 0.139795 0.649754 -0.0924713
0.340658 0.375884 0.864956 0.134118
0.517336 0.546113 1.02207 0.292228
0.613509 0.636608 1.11279 0.364054
0.633826 0.651953 1.14321 0.343512
0.583089 0.592329 1.12877 0.234099
0.493716 0.495758 1.0753 0.0900079
0.416084 0.413957 1.03355 -0.0365387
0.398681 0.39638 1.05349 -0.0982891
0.467071 0.469393 1.16068 -0.0717317
0.583228 0.594552 1.31445 0.00778794
0.723421 0.74621 1.48609 0.116212
0.910882 0.944718 1.68929 0.277534
1.14003 1.18146 1.90762 0.488919
1.30768 1.35267 2.05636 0.641792
1.34914 1.39453 2.10204 0.657385
1.2863 1.32567 2.05885 0.559861
1.14103 1.16725 1.92504 0.380851
0.944189 0.952879 1.73168 0.155838
0.725586 0.71637 1.50967 -0.0807773
0.486083 0.462852 1.26133 -0.323952
0.228761 0.198193 0.990416 -0.568312
-0.017833 -0.0487657 0.726896 -0.788039
-0.231301 -0.257097 0.495207 -0.966396
-0.395825 -0.413163 0.313555 -1.09382
-0.499802 -0.507393 0.195818 -1.16385
-0.532144 -0.530144 0.154916 -1.16863
-0.522762 -0.506919 0.153577 -1.11375
-0.511743 -0.485744 0.149429 -1.05624
-0.556472 -0.526766 0.101316 -1.05547
-0.71225 -0.687163 -0.0274299 -1.16885
-0.92043 -0.907537 -0.194247 -1.3395
-1.09729 -1.10027 -0.342899 -1.48161
-1.24037 -1.25845 -0.470735 -1.59035
-1.37146 -1.40023 -0.590935 -1.68625
-1.50657 -1.53942 -0.71388 -1.78542
-1.65512 -1.68524 -0.847285 -1.89896
-1.81921 -1.84171 -0.995972 -2.0316
-1.98175 -1.99513 -1.15076 -2.16702
-2.12408 -2.12978 -1.29781 -2.28606
-2.23865 -2.23908 -1.42803 -2.38044
-2.32425 -2.32192 -1.53607 -2.44846
-2.38265 -2.37929 -1.61885 -2.4907
-2.42073 -2.41747 -1.68054 -2.51338
-2.44826 -2.44576 -1.73061 -2.52631
-2.47213 -2.47077 -1.77649 -2.53688
-2.49789 -2.49757 -1.8242 -2.55135
-2.52953 -2.52986 -1.87852 -2.57478
-2.56706 -2.56768 -1.94007 -2.60748
-2.60636 -2.60695 -2.0043 -2.644
-2.64455 -2.64478 -2.0676 -2.68023
-2.67952 -2.67934 -2.12734 -2.71353
-2.71028 -2.70966 -2.1817 -2.74245
-2.73692 -2.73574 -2.23019 -2.76688
-2.76001 -2.7585 -2.27378 -2.78787
-2.77844 -2.77676 -2.31031 -2.80394
-2.79243 -2.79054 -2.33946 -2.81505
-2.80576 -2.80371 -2.36724 -2.82594
-2.82085 -2.81875 -2.39768 -2.83958
-2.83618 -2.83409 -2.42836 -2.85395
-2.85039 -2.84855 -2.45736 -2.86751
-2.86282 -2.86129 -2.48327 -2.87925
-2.87415 -2.87268 -2.50668 -2.88964
-2.88347 -2.88217 -2.52661 -2.89803
-2.89058 -2.8893 -2.54223 -2.90391
-2.89657 -2.89519 -2.55544 -2.9086
-2.90235 -2.90084 -2.56795 -2.91324
-2.90901 -2.9071 -2.58129 -2.91883
-2.91678 -2.91474 -2.59677 -2.92618
-2.92633 -2.92435 -2.6155 -2.93587
-2.93832 -2.93633 -2.63831 -2.94821
-2.95119 -2.94961 -2.66342 -2.96181
-2.96452 -2.96308 -2.68888 -2.97539
-2.97717 -2.97589 -2.71314 -2.98806
-2.98828 -2.9874 -2.73502 -2.99924
-2.99805 -2.99714 -2.75356 -3.00854
-3.00604 -3.00542 -2.76934 -3.01636
-3.01359 -3.01278 -2.78335 -3.02329
-3.02025 -3.01917 -2.79544 -3.02928
-3.02558 -3.02428 -2.80504 -3.03406
-3.02913 -3.02783 -2.81159 -3.03735
-3.03135 -3.02953 -2.81453 -3.03887
-3.0318 -3.0298 -2.81462 -3.03904
-3.02514 -3.01854 -2.78607 -3.02594
-3.03579 -3.02913 -2.77371 -3.03738
-3.06999 -3.06684 -2.79225 -3.07251
-3.09264 -3.09187 -2.82341 -3.09007
-3.10152 -3.10192 -2.84915 -3.09615
-3.10507 -3.10569 -2.85371 -3.09855
-3.10596 -3.1067 -2.82684 -3.09952
-3.09397 -3.09513 -2.77014 -3.09976
-3.06066 -3.05723 -2.68568 -3.0874
-3.00293 -2.99051 -2.57126 -3.05071
-2.9079 -2.88368 -2.41599 -2.9777
-2.76223 -2.7264 -2.21057 -2.857
-2.55618 -2.50992 -1.94848 -2.67838
-2.29061 -2.23711 -1.63586 -2.44283
-1.99885 -1.94186 -1.30812 -2.18291
-1.71152 -1.65488 -0.995269 -1.92904
-1.44906 -1.39579 -0.714831 -1.70148
-1.19904 -1.15108 -0.454497 -1.48603
-0.952127 -0.909458 -0.204905 -1.27034
-0.702105 -0.664623 0.0385561 -1.04703
-0.469846 -0.43532 0.260984 -0.836751
-0.268896 -0.235411 0.453 -0.655786
-0.10858 -0.0747049 0.609307 -0.516641
0.00421885 0.0395131 0.726944 -0.429582
0.0903722 0.126686 0.821931 -0.372525
0.166533 0.203004 0.906686 -0.326094
0.246914 0.282387 0.99105 -0.272718
0.343059 0.376723 1.08271 -0.196537
0.44631 0.477379 1.17547 -0.108081
0.54623 0.575036 1.26323 -0.019565
0.63527 0.662151 1.34145 0.0584828
0.70699 0.732642 1.40682 0.117013
0.76894 0.793809 1.46437 0.165534
0.830669 0.854803 1.51986 0.216795
0.899725 0.92336 1.57796 0.282135
0.982547 1.00566 1.64219 0.371086
1.07669 1.0993 1.71107 0.480569
1.17684 1.19902 1.78166 0.602956
1.27898 1.3004 1.85161 0.731457
1.37934 1.39991 1.91916 0.860438
1.47526 1.49496 1.98307 0.985511
1.56941 1.5877 2.04476 1.10962
1.66556 1.68215 2.10672 1.23858
1.76592 1.78069 2.17053 1.37552
1.86795 1.88103 2.23511 1.51622
1.96687 1.97844 2.29798 1.65279
2.05946 2.06985 2.35747 1.78015
2.14412 2.1535 2.41258 1.89553
2.22006 2.22858 2.4628 1.99782
2.2872 2.29493 2.50794 2.08697
2.34582 2.35277 2.548 2.16354
2.39631 2.40249 2.58308 2.22834
2.43916 2.44453 2.6133 2.28224
2.47474 2.47932 2.63879 2.32602
2.50333 2.50716 2.65962 2.36029
2.52531 2.52845 2.67593 2.38568
2.54141 2.54392 2.68813 2.40327
2.55207 2.55405 2.6965 2.41378
2.55751 2.55914 2.70119 2.41759
2.55784 2.55824 2.70213 2.37224
2.42395 2.41987 2.58655 2.19623
2.13263 2.12476 2.30628 1.87362
1.73728 1.7253 1.9126 1.46033
1.29585 1.27917 1.46302 1.01513
0.860922 0.839514 1.01198 0.58892
0.47129 0.445871 0.601269 0.216905
0.14963 0.12162 0.256512 -0.0818771
-0.0935363 -0.12233 -0.00994259 -0.299514
-0.275918 -0.303472 -0.215186 -0.454336
-0.411289 -0.435727 -0.373065 -0.560262
-0.50948 -0.529382 -0.493921 -0.627135
-0.567088 -0.581749 -0.575609 -0.651429
-0.578277 -0.587578 -0.614149 -0.598525
-0.484874 -0.482838 -0.590221 -0.424957
-0.28251 -0.270686 -0.461755 -0.144631
0.00986711 0.0286305 -0.244014 0.214397
0.365208 0.387221 0.0436911 0.614353
0.748512 0.770198 0.376331 1.01364
1.13154 1.15041 0.734555 1.38469
1.49036 1.50546 1.09827 1.71107
1.80722 1.8188 1.44603 1.98566
2.06812 2.07702 1.75239 2.20498
2.27141 2.27839 2.00341 2.3734
2.42506 2.43071 2.19964 2.50033
2.53975 2.5443 2.34876 2.59539
2.62457 2.62828 2.45981 2.66632
2.68874 2.69151 2.54347 2.7203
2.73914 2.74114 2.6091 2.76315
2.78044 2.78164 2.66263 2.79848
2.81508 2.81543 2.70717 2.82825
2.84373 2.84369 2.74415 2.85337
2.86726 2.8669 2.77411 2.87423
2.88636 2.8858 2.79801 2.89137
2.90279 2.90212 2.81838 2.9063
2.91722 2.91642 2.83602 2.91949
2.92877 2.92832 2.85029 2.93058
2.93898 2.9385 2.86224 2.94019
2.94786 2.94738 2.87246 2.94867
2.95541 2.95499 2.88098 2.95607
2.96208 2.96183 2.88854 2.96281
2.96874 2.96832 2.89576 2.96927
2.9754 2.97483 2.90317 2.97577
2.98206 2.9816 2.91111 2.98252
2.98916 2.98835 2.91914 2.98925
2.99583 2.99487 2.92691 2.99575
3.0016 3.00095 2.93414 3.00185
3.00782 3.00691 2.94126 3.00782
3.01359 3.01298 2.94862 3.01387
3.01981 3.01939 2.95655 3.02021
3.02691 3.02632 2.9653 3.02702
3.03357 3.03335 2.97422 3.03389
3.04023 3.04008 2.98276 3.04049
3.04645 3.04618 2.99046 3.04651
3.05178 3.05136 2.99692 3.05167
3.05622 3.05577 3.00236 3.05611
3.06022 3.05957 3.00702 3.06
3.06333 3.06294 3.01114 3.06348
3.06688 3.06603 3.01492 3.06669
3.06954 3.06874 3.01822 3.06952
3.07177 3.0709 3.02081 3.07183
3.0731 3.07236 3.02249 3.07347
3.07354 3.07299 3.02309 3.07434
3.05489 3.05558 2.997 3.07382
2.97717 2.9787 2.91339 3.0145
2.83551 2.83646 2.76653 2.89087
2.62723 2.62494 2.55259 2.69911
2.36966 2.36238 2.28959 2.4571
2.09477 2.0806 2.00883 2.19616
1.8292 1.80837 1.73837 1.94459
1.59561 1.56936 1.50115 1.72599
1.40421 1.37466 1.30775 1.55161
1.25544 1.22554 1.15916 1.42297
1.1422 1.11492 1.04833 1.33314
1.04983 1.0272 0.959949 1.26616
0.964562 0.948499 0.880566 1.20778
0.876188 0.86622 0.79813 1.14493
0.774492 0.769138 0.701904 1.0657
0.663913 0.660636 0.595487 0.973777
0.573763 0.569504 0.507496 0.900877
0.516032 0.508583 0.450543 0.861447
0.469402 0.458264 0.404865 0.833428
0.416112 0.400857 0.352487 0.796282
0.34639 0.327897 0.28456 0.739587
0.279776 0.259852 0.221261 0.686494
0.234923 0.214903 0.180736 0.658237
0.228262 0.209913 0.180084 0.684488
0.310418 0.298747 0.276956 0.805043
0.451195 0.449552 0.4364 0.983092
0.61684 0.626291 0.62316 1.18245
0.774936 0.795333 0.804421 1.36983
0.947242 0.975513 0.99961 1.56451
1.1533 1.18564 1.22742 1.78532
1.39044 1.4231 1.48359 2.02921
1.65512 1.68504 1.7607 2.29189
1.93223 1.95795 2.03765 2.5547
2.20446 2.22508 2.29068 2.78667
2.45892 2.47478 2.50697 2.95698
2.66631 2.67842 2.67151 3.05017
2.80886 2.81876 2.78395 3.09186
2.89102 2.89952 2.85331 3.10884
2.92433 2.93295 2.88898 3.11344
2.90079 2.91115 2.89554 3.05872
2.80087 2.80997 2.84237 2.926
2.65921 2.66314 2.74461 2.7506
2.50822 2.50452 2.63482 2.5671
2.37899 2.36657 2.54471 2.40755
2.29905 2.27946 2.50465 2.3007
2.29505 2.27183 2.54536 2.2731
2.363 2.34086 2.66097 2.32038
2.4718 2.45628 2.82002 2.41339
2.59126 2.58718 2.97952 2.52138
2.70894 2.71802 3.08077 2.62955
2.82485 2.84595 3.11773 2.73668
2.91589 2.94427 3.12834 2.81984
2.99316 3.02019 3.13278 2.89275
3.07843 3.09219 3.136 3.00138
3.12639 3.1288 3.13874 3.11406
3.13927 3.13974 3.1415 3.1408
3.14371 3.14385 3.14457 3.14406
3.14726 3.14712 3.14808 3.14695
3.15037 3.15058 3.15196 3.15021
3.15392 3.15405 3.15587 3.15349
3.15703 3.15721 3.15946 3.15644
3.15969 3.1597 3.16236 3.15872
3.16103 3.16115 3.16423 3.15998
3.16103 3.16134 3.16484 3.16
3.07887 3.07584 3.12129 3.06187
2.92166 2.90992 2.99627 2.88844
2.71339 2.68927 2.81351 2.66564
2.47757 2.44047 2.5975 2.4195
2.23643 2.18888 2.37213 2.17425
2.01039 1.95661 2.15919 1.95071
1.81544 1.76058 1.97637 1.76479
1.63247 1.58255 1.80546 1.5977
1.44773 1.40638 1.6305 1.43319
1.24878 1.21827 1.43802 1.25761
1.02807 1.00732 1.21759 1.06017
0.807354 0.792809 0.990673 0.860403
0.603961 0.592007 0.776529 0.675658
0.430767 0.418036 0.589695 0.519057
0.279776 0.2639 0.422954 0.382921
0.14122 0.121554 0.267743 0.258291
0.0146549 -0.00871092 0.124293 0.144954
-0.100364 -0.12543 -0.00589427 0.0441395
-0.202505 -0.227686 -0.12183 -0.0432443
-0.291767 -0.314985 -0.222884 -0.116496
-0.364153 -0.384029 -0.305445 -0.17158
-0.415668 -0.430847 -0.365254 -0.203457
-0.440981 -0.45156 -0.398258 -0.206993
-0.448974 -0.454953 -0.413485 -0.17157
-0.453415 -0.456161 -0.426231 -0.131602
-0.460521 -0.461476 -0.442579 -0.103206
-0.47029 -0.471326 -0.462725 -0.0874325
-0.489386 -0.492189 -0.493065 -0.101794
-0.518252 -0.524598 -0.534111 -0.148887
-0.549782 -0.559722 -0.577229 -0.206129
-0.575984 -0.589377 -0.614611 -0.251683
-0.590639 -0.60602 -0.639187 -0.264825
-0.578648 -0.595686 -0.644203 -0.224555
-0.524469 -0.537204 -0.611771 -0.140787
-0.480949 -0.4848 -0.585977 -0.0677302
-0.473399 -0.465286 -0.592787 -0.0313259
-0.476064 -0.456978 -0.60951 -0.00875614
-0.464961 -0.438328 -0.613703 0.0223777
-0.433875 -0.403566 -0.598963 0.0682733
-0.413891 -0.38566 -0.597993 0.0961579
-0.438316 -0.416755 -0.643052 0.0740712
-0.529354 -0.517568 -0.754828 -0.0188285
-0.669687 -0.669469 -0.914122 -0.165074
-0.841549 -0.850759 -1.09862 -0.344936
-1.02451 -1.03989 -1.28678 -0.538362
-1.20259 -1.21932 -1.46194 -0.727788
-1.36335 -1.37749 -1.61403 -0.900067
-1.49925 -1.50845 -1.73864 -1.04678
-1.60716 -1.61072 -1.83559 -1.16408
-1.69953 -1.69742 -1.91708 -1.2654
-1.78479 -1.77792 -1.9914 -1.3608
-1.86873 -1.85874 -2.06406 -1.45763
-1.94378 -1.93283 -2.1293 -1.54702
-2.00551 -1.99533 -2.1836 -1.62263
-2.05191 -2.04319 -2.22501 -1.68022
-2.08078 -2.07418 -2.25227 -1.7166
-2.09988 -2.09506 -2.27119 -1.74039
-2.11609 -2.11234 -2.28712 -1.76009
-2.13496 -2.13158 -2.30453 -1.78312
-2.1545 -2.15061 -2.32172 -1.80663
-2.17093 -2.16602 -2.33601 -1.82595
-2.18758 -2.18114 -2.34993 -1.84539
-2.20846 -2.2008 -2.3671 -1.8713
-2.23754 -2.22896 -2.39038 -1.90892
-2.27263 -2.26377 -2.41828 -1.9557
-2.30971 -2.30142 -2.44791 -2.00649
-2.34857 -2.34143 -2.479 -2.06077
-2.39053 -2.38448 -2.51216 -2.11962
-2.43516 -2.43049 -2.54746 -2.18313
-2.48024 -2.47636 -2.58269 -2.24701
-2.52154 -2.5184 -2.61512 -2.30592
-2.55751 -2.55464 -2.6433 -2.35693
-2.58726 -2.58421 -2.66653 -2.39861
-2.61013 -2.60675 -2.68448 -2.43037
-2.62745 -2.62356 -2.69809 -2.454
-2.64166 -2.63726 -2.7093 -2.47324
-2.65477 -2.64983 -2.7196 -2.49094
-2.66742 -2.66209 -2.72959 -2.50819
-2.67875 -2.67345 -2.73881 -2.52411
-2.68852 -2.68344 -2.74688 -2.53799
-2.69651 -2.69164 -2.75349 -2.54926
-2.70206 -2.69767 -2.75837 -2.55742
-2.7055 -2.70148 -2.76149 -2.56246
-2.70772 -2.70389 -2.7635 -2.56563
-2.70928 -2.70565 -2.765 -2.56805
-2.71116 -2.70747 -2.76653 -2.57077
-2.71372 -2.70986 -2.7685 -2.57449
-2.71638 -2.71225 -2.77044 -2.57837
-2.7186 -2.71413 -2.77195 -2.58162
-2.71971 -2.71501 -2.77263 -2.58349
-2.71139 -2.70286 -2.75831 -2.58225
-2.68796 -2.67787 -2.72896 -2.56948
-2.66809 -2.65872 -2.7032 -2.56374
-2.65477 -2.64824 -2.68402 -2.5678
-2.67086 -2.6686 -2.69407 -2.60319
-2.73215 -2.73325 -2.75029 -2.67961
-2.7911 -2.79311 -2.80571 -2.7483
-2.82596 -2.82783 -2.83759 -2.79022
-2.8394 -2.8411 -2.84805 -2.80904
-2.81308 -2.81383 -2.8078 -2.80256
-2.7367 -2.73293 -2.71408 -2.74486
-2.63845 -2.62719 -2.59544 -2.66473
-2.54563 -2.52537 -2.48017 -2.59044
-2.48468 -2.45591 -2.39611 -2.54959
-2.44016 -2.40557 -2.32949 -2.52797
-2.40852 -2.37177 -2.27742 -2.52237
-2.39542 -2.36073 -2.24606 -2.53856
-2.40719 -2.37827 -2.24146 -2.58059
-2.44116 -2.41996 -2.26076 -2.63837
-2.48823 -2.47438 -2.29576 -2.69561
-2.53897 -2.53 -2.33775 -2.7425
-2.59004 -2.58254 -2.3839 -2.77891
-2.64078 -2.63188 -2.43494 -2.80754
-2.68263 -2.67139 -2.4804 -2.82798
-2.70806 -2.69407 -2.50523 -2.83994
-2.71838 -2.70162 -2.50733 -2.84573
-2.71982 -2.69698 -2.48747 -2.84815
-2.7105 -2.68051 -2.45587 -2.84901
-2.69862 -2.66381 -2.42372 -2.84969
-2.69451 -2.65815 -2.40202 -2.85144
-2.69651 -2.66225 -2.38951 -2.85399
-2.68296 -2.65362 -2.36398 -2.85494
-2.64044 -2.61726 -2.31093 -2.83519
-2.57161 -2.55403 -2.23181 -2.78838
-2.47913 -2.46488 -2.12819 -2.7162
-2.36677 -2.35235 -2.003 -2.62168
-2.24143 -2.22315 -1.86313 -2.5117
-2.1092 -2.08413 -1.7153 -2.39294
-1.97531 -1.94166 -1.56547 -2.27129
-1.84408 -1.8021 -1.41939 -2.15252
-1.71685 -1.6684 -1.2794 -2.03894
-1.57896 -1.52698 -1.13193 -1.91635
-1.46283 -1.41052 -1.00857 -1.81776
-1.3991 -1.34984 -0.938771 -1.77479
-1.41731 -1.37442 -0.950534 -1.81738
-1.49991 -1.46557 -1.02964 -1.92233
-1.62315 -1.59753 -1.15349 -2.05842
-1.76148 -1.74237 -1.29754 -2.19422
-1.89226 -1.8766 -1.43896 -2.3091
-2.00062 -1.98543 -1.56022 -2.39537
-2.08789 -2.07082 -1.66071 -2.45908
-2.15672 -2.13626 -1.74181 -2.50575
-2.20923 -2.18478 -1.80505 -2.53929
-2.24998 -2.22164 -1.85542 -2.56411
-2.28639 -2.25509 -1.9024 -2.58575
-2.3247 -2.29219 -1.95453 -2.60849
-2.36089 -2.32887 -2.0064 -2.62995
-2.38976 -2.35949 -2.0505 -2.6471
-2.40763 -2.37979 -2.08113 -2.65787
-2.41152 -2.38602 -2.09338 -2.66045
-2.36777 -2.34832 -2.06627 -2.6177
-2.27141 -2.25517 -1.98517 -2.52077
-2.13451 -2.11725 -1.8609 -2.38123
-1.96843 -1.94576 -1.70444 -2.21072
-1.79567 -1.76423 -1.53875 -2.03265
-1.60916 -1.56737 -1.35768 -1.84113
-1.394 -1.3424 -1.14751 -1.62261
-1.15574 -1.09706 -0.915145 -1.38403
-0.901723 -0.839262 -0.66796 -1.13259
-0.635048 -0.573141 -0.409952 -0.871819
-0.357048 -0.298868 -0.141601 -0.601361
-0.0699441 -0.017587 0.135267 -0.321933
0.222267 0.268399 0.41745 -0.0354041
0.512923 0.55363 0.698616 0.253101
0.792477 0.82935 0.969442 0.534853
1.05405 1.0886 1.22279 0.802774
1.29363 1.3266 1.45404 1.05178
1.50879 1.54075 1.66095 1.27882
1.69842 1.72899 1.84192 1.48103
1.85918 1.88771 1.99403 1.65326
1.99085 2.01676 2.1176 1.79409
2.09477 2.11771 2.21453 1.90415
2.17293 2.19261 2.28708 1.98474
2.22755 2.24395 2.33782 2.0379
2.2653 2.27887 2.37342 2.07178
2.29194 2.3025 2.39857 2.09233
2.3106 2.31886 2.41685 2.10424
2.32481 2.33124 2.43118 2.11155
2.3368 2.34257 2.44407 2.11795
2.34923 2.35542 2.4578 2.12691
2.36211 2.36916 2.47183 2.13762
2.37499 2.38305 2.4856 2.14923
2.38698 2.39639 2.49864 2.16092
2.39853 2.40856 2.51051 2.17193
2.40874 2.41899 2.52081 2.18154
2.41718 2.42743 2.52936 2.18939
2.42428 2.43364 2.53595 2.19508
2.42961 2.43741 2.54038 2.19818
2.43228 2.43854 2.5424 2.19828
2.43316 2.43596 2.54292 2.19132
2.43361 2.43359 2.54315 2.18682
2.43539 2.44168 2.5443 2.19448
2.43761 2.45734 2.54598 2.21108
2.43894 2.47161 2.54715 2.22771
2.43539 2.47537 2.54392 2.23565
2.42339 2.47036 2.53024 2.23725
2.41229 2.46517 2.51532 2.2416
2.41318 2.46837 2.50828 2.25756
2.43405 2.48869 2.51809 2.2937
2.47224 2.52359 2.54227 2.34688
2.51443 2.56021 2.56781 2.40337
2.54641 2.58603 2.58188 2.45011
2.56772 2.60203 2.58503 2.48765
2.59437 2.62509 2.59404 2.53151
2.641 2.67095 2.62532 2.5948
2.71116 2.74277 2.68443 2.67754
2.78932 2.82402 2.75854 2.76338
2.8626 2.89812 2.83326 2.83931
2.92211 2.95621 2.89795 2.89992
2.96874 2.99877 2.94989 2.94656
3.00382 3.02885 2.98933 2.98173
3.02958 3.04988 3.01824 3.00805
3.04867 3.06465 3.03908 3.02776
3.06244 3.07513 3.05398 3.04258
3.07265 3.08266 3.06456 3.05376
3.07976 3.08809 3.07194 3.0622
3.08464 3.09194 3.07686 3.06851
3.0882 3.09449 3.07963 3.07304
3.08953 3.09585 3.08036 3.07601
3.08997 3.09605 3.06676 3.07752
3.06732 3.07709 3.03035 3.07757
3.01981 3.03298 2.96875 3.05333
2.94564 2.9611 2.87982 3.00193
2.84039 2.8567 2.75929 2.91891
2.70184 2.71573 2.60355 2.80032
2.54019 2.54965 2.42422 2.65748
2.36833 2.37126 2.23394 2.5028
2.19647 2.19278 2.04451 2.34808
2.03526 2.02534 1.86643 2.20408
1.89226 1.87864 1.70873 2.08039
1.76303 1.748 1.56655 1.972
1.63958 1.62576 1.43241 1.87092
1.51523 1.50479 1.29968 1.7698
1.40155 1.3958 1.17891 1.68027
1.31628 1.31454 1.08526 1.61966
1.27365 1.27555 1.03237 1.60421
1.2701 1.27503 1.0164 1.63558
1.30118 1.30828 1.02918 1.70044
1.35181 1.35968 1.06139 1.78253
1.40643 1.41369 1.09764 1.8658
1.44951 1.45504 1.12268 1.93465
1.46549 1.46877 1.12149 1.97431
1.45306 1.45393 1.09297 1.9842
1.42464 1.42276 1.04929 1.97628
1.39178 1.38745 1.00251 1.96234
1.36557 1.35995 0.96445 1.95415
1.35714 1.35183 0.946524 1.96309
1.37845 1.37439 0.959974 2.00013
1.43929 1.43862 1.01611 2.07584
1.54099 1.54478 1.1155 2.18971
1.66356 1.67293 1.23875 2.32006
1.7879 1.80283 1.3664 2.44446
1.9007 1.91945 1.48406 2.54771
2.00018 2.02141 1.59069 2.63
2.08722 2.10807 1.68547 2.69324
2.15694 2.17588 1.7641 2.7376
2.1978 2.21329 1.81332 2.75772
2.22133 2.23278 1.84544 2.76414
2.23777 2.24562 1.87192 2.76493
2.25775 2.26242 1.90355 2.7674
2.28972 2.29307 1.95047 2.77842
2.34124 2.34536 2.02078 2.80316
2.40785 2.41424 2.10937 2.8374
2.48424 2.49372 2.21039 2.87652
2.56684 2.57933 2.31967 2.91735
2.65254 2.66607 2.43223 2.95691
2.73603 2.7491 2.54281 2.99289
2.8062 2.81747 2.63773 3.02063
2.85771 2.86708 2.71036 3.03938
2.89058 2.89792 2.75921 3.04988
2.91145 2.91674 2.79221 3.05534
2.92522 2.92845 2.81557 3.05786
2.93454 2.93638 2.83352 3.05881
2.94254 2.94305 2.84921 3.05928
2.95097 2.95054 2.86504 3.06029
2.96074 2.9605 2.88286 3.06273
2.97407 2.974 2.90384 3.06731
2.98739 2.98833 2.92495 3.07261
2.99849 3.00024 2.94269 3.07689
3.00515 3.00758 2.9548 3.07889
3.00604 3.00855 2.95954 3.05846
2.96296 2.96583 2.94393 2.99019
2.88658 2.88525 2.89047 2.88759
2.78888 2.78005 2.81171 2.76427
2.68185 2.66365 2.72017 2.63351
2.57705 2.54926 2.62819 2.50791
2.48379 2.44935 2.54764 2.39909
2.41318 2.37549 2.48988 2.31767
2.37144 2.33438 2.46174 2.26956
2.35856 2.32698 2.46467 2.25532
2.37854 2.35573 2.50115 2.27723
2.4345 2.42179 2.5726 2.33725
2.52776 2.52537 2.67933 2.43591
2.65787 2.66206 2.81309 2.57011
2.80798 2.81317 2.94433 2.72534
2.94387 2.94486 3.03768 2.87248
3.03402 3.03158 3.08794 2.98069
3.08242 3.07914 3.11261 3.04581
3.10685 3.10409 3.12532 3.08172
3.12017 3.11785 3.13266 3.10178
3.12816 3.12648 3.13762 3.11418
3.13394 3.13254 3.14141 3.12263
3.13793 3.13722 3.14462 3.1289
3.14193 3.14113 3.14752 3.13389
3.1446 3.14432 3.15004 3.13775
3.14726 3.14683 3.15213 3.14064
3.14859 3.14863 3.15368 3.14261
3.14992 3.14966 3.15457 3.14365
3.14992 3.14978 3.15466 3.14336
3.10285 3.09739 3.10093 3.08334
3.00604 2.99292 2.99452 2.97391
2.86926 2.8471 2.84562 2.82592
2.70228 2.67132 2.66507 2.65059
2.51577 2.47832 2.46519 2.46033
2.3217 2.28039 2.25808 2.26707
2.12985 2.08854 2.0548 2.08145
1.95088 1.91214 1.86501 1.91265
1.79323 1.75893 1.6968 1.7683
1.664 1.63529 1.55688 1.65484
1.56986 1.54681 1.45097 1.57791
1.50324 1.4848 1.37078 1.52888
1.45084 1.43534 1.3029 1.49368
1.39977 1.3855 1.23505 1.45915
1.33804 1.32328 1.15596 1.41288
1.255 1.2378 1.05552 1.34334
1.14087 1.11985 0.925323 1.24048
0.999201 0.974281 0.770335 1.10861
0.843769 0.81587 0.60465 0.962408
0.68745 0.657453 0.440239 0.814781
0.540012 0.509513 0.286676 0.676506
0.409894 0.38027 0.151298 0.556292
0.302869 0.276133 0.039688 0.461205
0.218492 0.195205 -0.0501213 0.389554
0.144329 0.125493 -0.12898 0.32872
0.0714984 0.0565146 -0.206069 0.267594
-0.00932587 -0.0209013 -0.289186 0.196347
-0.104361 -0.114419 -0.3847 0.106614
-0.215827 -0.225663 -0.493748 -0.00349003
-0.333511 -0.345041 -0.607974 -0.123476
-0.450751 -0.4644 -0.720566 -0.244449
-0.560885 -0.577246 -0.8263 -0.359311
-0.660805 -0.678663 -0.921338 -0.462633
-0.746514 -0.765038 -1.00292 -0.550324
-0.815792 -0.833662 -1.06898 -0.619193
-0.866418 -0.882306 -1.11781 -0.666478
-0.896172 -0.908753 -1.14768 -0.689349
-0.901945 -0.911106 -1.1571 -0.677391
-0.870415 -0.866784 -1.14201 -0.615911
-0.814904 -0.799349 -1.10113 -0.533823
-0.761169 -0.737685 -1.06241 -0.459452
-0.7363 -0.710047 -1.05348 -0.420441
-0.766942 -0.743849 -1.10151 -0.443642
-0.843769 -0.829309 -1.19638 -0.519261
-0.954792 -0.952141 -1.32322 -0.634029
-1.04228 -1.05145 -1.42295 -0.727475
-1.14353 -1.16141 -1.52979 -0.835364
-1.26255 -1.28371 -1.64542 -0.960317
-1.39289 -1.41222 -1.76387 -1.09626
-1.51812 -1.53201 -1.87162 -1.22676
-1.62426 -1.63096 -1.95868 -1.33734
-1.7164 -1.71584 -2.03165 -1.43412
-1.803 -1.79621 -2.09887 -1.52674
-1.88938 -1.87871 -2.16586 -1.62213
-1.97908 -1.96718 -2.23571 -1.72451
-2.07345 -2.0626 -2.3093 -1.83535
-2.16693 -2.15853 -2.38182 -1.94766
-2.25353 -2.24779 -2.44822 -2.05325
-2.32991 -2.32662 -2.50619 -2.14762
-2.39564 -2.39378 -2.55523 -2.22898
-2.45093 -2.44953 -2.5958 -2.29725
-2.49645 -2.4948 -2.62873 -2.35321
-2.53353 -2.53109 -2.65515 -2.39838
-2.5635 -2.55995 -2.67618 -2.43447
-2.58726 -2.58255 -2.69266 -2.46277
-2.60547 -2.59974 -2.70514 -2.48419
-2.61857 -2.61207 -2.71398 -2.49935
-2.62745 -2.62049 -2.71983 -2.50939
-2.63367 -2.62666 -2.72389 -2.51647
-2.63856 -2.6316 -2.72692 -2.52192
-2.64166 -2.6354 -2.72898 -2.52588
-2.64389 -2.63812 -2.73014 -2.52847
-2.645 -2.63989 -2.73054 -2.52995
-2.64588 -2.6412 -2.73056 -2.53101
-2.64699 -2.64253 -2.7306 -2.53235
-2.64855 -2.64417 -2.73089 -2.53435
-2.65032 -2.64554 -2.73098 -2.53622
-2.65121 -2.64609 -2.72143 -2.53721
-2.6481 -2.63545 -2.69309 -2.53083
-2.61924 -2.5996 -2.63843 -2.50057
-2.55729 -2.53225 -2.55076 -2.43994
-2.46647 -2.4384 -2.43483 -2.35388
-2.35167 -2.32289 -2.29551 -2.24737
-2.21778 -2.19043 -2.13773 -2.12533
-2.06168 -2.03677 -1.95778 -1.98389
-1.88027 -1.85776 -1.75229 -1.8193
-1.67111 -1.64977 -1.51861 -1.62824
-1.43219 -1.41008 -1.25522 -1.40808
-1.16263 -1.13734 -0.96214 -1.15711
-0.862421 -0.832169 -0.641432 -0.875047
-0.577094 -0.540704 -0.338015 -0.607708
-0.352385 -0.310397 -0.0955654 -0.403226
-0.18674 -0.141132 0.0881539 -0.261526
-0.0688338 -0.0223329 0.224634 -0.171838
0.0111022 0.0552214 0.323452 -0.124851
0.0608402 0.0995993 0.392566 -0.112491
0.0828226 0.114251 0.435391 -0.135378
0.0750511 0.096324 0.453189 -0.19443
0.0313083 0.042911 0.44341 -0.287424
-0.0393019 -0.0346732 0.407286 -0.401865
-0.120792 -0.119544 0.360532 -0.520059
-0.19762 -0.195827 0.318656 -0.626301
-0.254907 -0.249103 0.296761 -0.707462
-0.278 -0.26607 0.309805 -0.752407
-0.268452 -0.248569 0.355892 -0.76482
-0.242473 -0.214998 0.416084 -0.760714
-0.217604 -0.184545 0.471632 -0.7565
-0.211386 -0.176004 0.504086 -0.770375
-0.241362 -0.207644 0.495304 -0.819956
-0.314193 -0.286054 0.438094 -0.910789
-0.418776 -0.399062 0.343234 -1.02947
-0.543565 -0.53334 0.222175 -1.16195
-0.67768 -0.675563 0.0866559 -1.29529
-0.810907 -0.81387 -0.0520462 -1.41914
-0.937028 -0.941606 -0.186878 -1.52874
-1.05871 -1.06131 -0.319966 -1.62762
-1.17728 -1.17539 -0.453049 -1.71862
-1.29341 -1.28591 -0.587409 -1.80402
-1.40643 -1.39385 -0.723058 -1.88495
-1.51301 -1.49691 -0.856204 -1.95986
-1.61116 -1.59341 -0.983843 -2.02788
-1.69975 -1.68222 -1.10378 -2.08866
-1.77836 -1.76264 -1.21455 -2.1422
-1.84786 -1.83438 -1.31537 -2.18876
-1.90981 -1.89877 -1.40763 -2.2298
-1.9662 -1.9569 -1.49249 -2.26646
-2.01483 -2.00635 -1.56671 -2.29692
-2.05391 -2.04549 -1.62806 -2.31987
-2.08256 -2.07312 -1.67488 -2.33421
-2.09899 -2.08806 -1.70573 -2.33869
-2.10187 -2.0888 -1.71892 -2.3081
-2.05325 -2.03125 -1.69836 -2.21906
-1.97398 -1.9439 -1.6475 -2.1022
-1.89959 -1.86342 -1.60217 -1.99404
-1.86473 -1.8258 -1.59779 -1.93009
-1.87028 -1.83262 -1.63559 -1.91137
-1.90759 -1.87563 -1.70652 -1.92959
-1.96887 -1.94495 -1.79969 -1.9761
-2.04925 -2.03337 -1.9074 -2.0457
-2.1434 -2.13357 -2.02265 -2.13282
-2.24487 -2.23743 -2.13831 -2.22986
-2.34246 -2.33459 -2.24534 -2.32503
-2.42784 -2.41778 -2.33737 -2.40877
-2.49745 -2.48472 -2.41241 -2.47697
-2.55096 -2.53595 -2.47098 -2.52918
-2.58982 -2.57307 -2.51462 -2.56652
-2.61557 -2.59754 -2.54484 -2.59025
-2.63101 -2.61215 -2.56455 -2.60325
-2.63956 -2.62038 -2.57731 -2.60923
-2.64277 -2.62371 -2.58474 -2.60972
-2.63345 -2.61638 -2.58691 -2.59073
-2.59959 -2.58603 -2.57176 -2.54964
-2.54075 -2.5308 -2.52999 -2.48517
-2.45626 -2.44888 -2.46008 -2.39618
-2.35123 -2.3444 -2.36631 -2.28735
-2.24198 -2.23334 -2.26469 -2.17496
-2.14428 -2.13166 -2.17104 -2.07485
-2.06823 -2.05057 -2.09633 -1.99777
-2.01039 -1.98799 -2.03813 -1.94102
-1.96765 -1.94178 -1.99404 -1.90187
-1.9369 -1.90972 -1.96166 -1.8776
-1.91569 -1.88967 -1.93886 -1.86578
-1.90326 -1.8806 -1.92481 -1.86524
-1.89848 -1.88051 -1.91788 -1.87415
-1.89393 -1.88097 -1.91007 -1.88409
-1.88238 -1.87345 -1.89347 -1.88684
-1.85674 -1.84963 -1.86032 -1.87437
-1.80977 -1.80147 -1.80306 -1.8389
-1.73428 -1.72126 -1.71443 -1.77288
-1.62315 -1.60173 -1.58773 -1.66908
-1.48526 -1.45237 -1.43256 -1.53681
-1.3296 -1.28346 -1.25911 -1.38593
-1.16551 -1.10535 -1.07733 -1.22624
-1.0012 -0.928115 -0.896604 -1.06728
-0.845102 -0.761115 -0.725469 -0.918129
-0.704325 -0.612736 -0.571436 -0.787156
-0.575096 -0.478177 -0.430033 -0.669558
-0.451195 -0.350153 -0.29488 -0.558076
-0.327294 -0.221832 -0.160285 -0.445895
-0.198952 -0.0870599 -0.0213082 -0.326739
-0.0621725 0.0593754 0.126125 -0.195017
0.0692779 0.202102 0.268361 -0.0667759
0.175637 0.31973 0.387227 0.0351197
0.259126 0.413211 0.484187 0.111641
0.330624 0.493322 0.568969 0.174688
0.39968 0.569693 0.650027 0.235171
0.475175 0.651015 0.734727 0.303131
0.555112 0.735456 0.82142 0.376743
0.631051 0.814176 0.902645 0.445874
0.695 0.879559 0.972082 0.50138
0.740741 0.92491 1.0243 0.534896
0.761391 0.943905 1.05432 0.538365
0.758282 0.936659 1.0647 0.506459
0.739409 0.914795 1.06712 0.461465
0.72764 0.901215 1.07281 0.426334
0.744738 0.918412 1.09267 0.423215
0.800249 0.9757 1.13073 0.461312
0.878631 1.05763 1.17882 0.525158
0.965228 1.14857 1.22931 0.599431
1.04561 1.23304 1.2754 0.669094
1.10623 1.29631 1.31106 0.719607
1.13975 1.33039 1.33333 0.742901
1.15885 1.3476 1.34794 0.751589
1.17528 1.36 1.36023 0.757946
1.20015 1.37952 1.37526 0.77393
1.24412 1.41777 1.39782 0.811105
1.31672 1.48554 1.43227 0.880402
1.42575 1.59162 1.48227 0.991565
1.57652 1.74072 1.55036 1.1519
1.76725 1.92887 1.63704 1.36229
1.95288 2.10977 1.72503 1.57505
2.10276 2.25334 1.80103 1.75283
2.20135 2.34604 1.85513 1.87205
2.23932 2.38168 1.87908 1.91743
2.23799 2.37859 1.88192 1.9111
2.19536 2.32824 1.84665 1.86046
2.14029 2.26097 1.79541 1.79574
2.09988 2.20702 1.75738 1.74639
2.10099 2.19604 1.76122 1.74082
2.1696 2.25749 1.83548 1.80716
2.32903 2.41628 2.00642 1.97099
2.51044 2.59959 2.21207 2.17027
2.63678 2.7257 2.37144 2.32448
2.7125 2.79989 2.47784 2.42687
2.75846 2.84378 2.5478 2.49358
2.78755 2.87005 2.59384 2.53687
2.80753 2.88602 2.62487 2.56554
2.82308 2.89631 2.64736 2.58618
2.83107 2.89897 2.65723 2.59421
2.81064 2.86259 2.63131 2.56531
2.73825 2.77408 2.55211 2.48562
2.61569 2.63829 2.42319 2.3594
2.44627 2.46077 2.2491 2.19182
2.23244 2.24502 2.03299 1.98636
1.97686 1.9927 1.77692 1.74511
1.69154 1.71417 1.49236 1.47916
1.39888 1.42877 1.2 1.20849
1.11733 1.15291 0.917364 0.949805
0.861089 0.899386 0.657792 0.715758
0.639266 0.677503 0.430471 0.515208
0.455191 0.490925 0.238558 0.351252
0.303979 0.33625 0.0781558 0.219902
0.181855 0.210596 -0.0541429 0.117814
0.0852651 0.111584 -0.161195 0.0423235
0.0124345 0.0380244 -0.244637 -0.00782038
-0.034861 -0.0083646 -0.303314 -0.0306008
-0.0550671 -0.0255629 -0.335762 -0.0178448
-0.0357492 0.00228927 -0.339874 0.0537016
0.0477396 0.0964514 -0.282996 0.189225
0.198286 0.257703 -0.158449 0.38824
0.376144 0.444963 -0.00531379 0.608107
0.543121 0.617961 0.137677 0.808141
0.664135 0.741027 0.234377 0.95447
0.749845 0.824474 0.294419 1.05878
0.809353 0.878258 0.327104 1.13169
0.850875 0.911818 0.341364 1.18262
0.881517 0.934161 0.345871 1.21999
0.886402 0.932077 0.325171 1.23183
0.845768 0.88676 0.26229 1.19911
0.742739 0.782267 0.141616 1.10356
0.58864 0.629355 -0.0247781 0.956272
0.400791 0.44424 -0.218856 0.773878
0.197176 0.243345 -0.422754 0.573323
-0.0059952 0.0418563 -0.620979 0.370434
-0.194955 -0.147502 -0.801849 0.178641
-0.363043 -0.31734 -0.959745 0.00594263
-0.50604 -0.463248 -1.09231 -0.142765
-0.622169 -0.582316 -1.19865 -0.264171
-0.709877 -0.672525 -1.27853 -0.355928
-0.768052 -0.732108 -1.33168 -0.41599
-0.795142 -0.758915 -1.35718 -0.441969
-0.783595 -0.743935 -1.34856 -0.424552
-0.708988 -0.66331 -1.27358 -0.34386
-0.604405 -0.550996 -1.16568 -0.234104
-0.536238 -0.474649 -1.09192 -0.162509
-0.529798 -0.462179 -1.07976 -0.155935
-0.572209 -0.50204 -1.11717 -0.201808
-0.649925 -0.581888 -1.19153 -0.287031
-0.75806 -0.696573 -1.29739 -0.406252
-0.902167 -0.849889 -1.43777 -0.5637
-1.08336 -1.04073 -1.60972 -0.759421
-1.29674 -1.26178 -1.80309 -0.987881
-1.52967 -1.49981 -2.0022 -1.23775
-1.7607 -1.7332 -2.18652 -1.48801
-1.96332 -1.93678 -2.33773 -1.71149
-2.12763 -2.1017 -2.45366 -1.89656
-2.25464 -2.22914 -2.53938 -2.04218
-2.34923 -2.32419 -2.60131 -2.15217
-2.41707 -2.39229 -2.64475 -2.23144
-2.46225 -2.43763 -2.67335 -2.28402
-2.48757 -2.4626 -2.68913 -2.31215
-2.49439 -2.46864 -2.69321 -2.31716
-2.47125 -2.43926 -2.6675 -2.27504
-2.4265 -2.38998 -2.62085 -2.21404
-2.40902 -2.3705 -2.60258 -2.18371
-2.46486 -2.42776 -2.65847 -2.23093
-2.56206 -2.53013 -2.74674 -2.32895
-2.66037 -2.63543 -2.81927 -2.44286
-2.73587 -2.71712 -2.86404 -2.54351
-2.78622 -2.77169 -2.88948 -2.61851
-2.81708 -2.8049 -2.90364 -2.66764
-2.83346 -2.82221 -2.91077 -2.694
-2.84689 -2.83566 -2.91629 -2.71554
-2.86371 -2.85254 -2.92309 -2.74451
-2.8853 -2.87506 -2.932 -2.78477
-2.90593 -2.89737 -2.94096 -2.8253
-2.92294 -2.91619 -2.949 -2.85926
-2.93644 -2.93127 -2.95613 -2.88567
-2.94727 -2.94334 -2.96255 -2.90584
-2.95616 -2.95318 -2.96843 -2.92136
-2.96363 -2.96134 -2.97381 -2.9335
-2.96993 -2.96815 -2.97868 -2.94308
-2.97523 -2.97377 -2.98297 -2.95063
-2.97956 -2.97825 -2.98656 -2.95641
-2.98284 -2.98157 -2.98935 -2.96055
-2.98495 -2.98365 -2.99119 -2.96306
-2.98583 -2.98438 -2.99193 -2.96384
-2.9568 -2.94038 -2.96074 -2.91306
-2.84556 -2.81564 -2.84706 -2.78408
-2.66898 -2.62911 -2.66871 -2.5958
-2.4451 -2.40023 -2.44431 -2.36768
-2.18997 -2.14512 -2.1897 -2.116
-1.91569 -1.87484 -1.91617 -1.85207
-1.63461 -1.59996 -1.63496 -1.58672
-1.35841 -1.33 -1.35654 -1.32965
-1.09571 -1.07194 -1.08878 -1.08779
-0.850695 -0.82902 -0.83559 -0.864074
-0.625937 -0.603726 -0.599877 -0.660464
-0.42262 -0.397854 -0.383547 -0.478123
-0.240863 -0.212564 -0.187666 -0.317576
-0.0801303 -0.0484591 -0.0126286 -0.178903
0.0609512 0.0949182 0.14224 -0.0612815
0.186351 0.220927 0.280379 0.0390204
0.299205 0.332588 0.404756 0.125262
0.402067 0.432644 0.517918 0.200316
0.496769 0.52358 0.62205 0.266738
0.584421 0.607263 0.718676 0.326389
0.659917 0.679375 0.803556 0.373945
0.719202 0.736228 0.873258 0.404566
0.75856 0.774428 0.924846 0.413572
0.774714 0.790501 0.955512 0.381188
0.750344 0.76772 0.962167 0.290852
0.676181 0.695521 0.928756 0.154825
0.564992 0.585503 0.85614 -0.0120357
0.429712 0.449926 0.755617 -0.194489
0.283218 0.301336 0.638717 -0.378347
0.137113 0.151815 0.516795 -0.551769
-0.00327516 0.00740103 0.395419 -0.710016
-0.134726 -0.127778 0.27856 -0.850907
-0.254685 -0.25042 0.169728 -0.97338
-0.361128 -0.358022 0.0719547 -1.07714
-0.452388 -0.44876 -0.0121587 -1.16234
-0.534239 -0.528618 -0.0885814 -1.23488
-0.614536 -0.606041 -0.166232 -1.30195
-0.699857 -0.688416 -0.253056 -1.36945
-0.795586 -0.781911 -0.35581 -1.44205
-0.899031 -0.884512 -0.471973 -1.51831
-1.00374 -0.989852 -0.59392 -1.59387
-1.10464 -1.09257 -0.715093 -1.66535
-1.19806 -1.18841 -0.830174 -1.73028
-1.28143 -1.27413 -0.935068 -1.78694
-1.35295 -1.34738 -1.02674 -1.83412
-1.41369 -1.40891 -1.10585 -1.87268
-1.4673 -1.46221 -1.17633 -1.90538
-1.51658 -1.51028 -1.24144 -1.93447
-1.56214 -1.55407 -1.30201 -1.96065
-1.60194 -1.59192 -1.35585 -1.98266
-1.63417 -1.62242 -1.40115 -1.99936
-1.6584 -1.64541 -1.43762 -2.01053
-1.67663 -1.663 -1.46768 -2.01771
-1.69065 -1.67703 -1.49341 -2.02226
-1.70133 -1.68832 -1.51577 -2.02481
-1.707 -1.69493 -1.5327 -2.02136
-1.70411 -1.69494 -1.54229 -1.99931
-1.67655 -1.66959 -1.54258 -1.95336
-1.61943 -1.61315 -1.51255 -1.87843
-1.52953 -1.5218 -1.44772 -1.77134
-1.41487 -1.40356 -1.35565 -1.6406
-1.28328 -1.2668 -1.24406 -1.49473
-1.14234 -1.12008 -1.12074 -1.34213
-0.999228 -0.971746 -0.99341 -1.19073
-0.860742 -0.829627 -0.869455 -1.04782
-0.733212 -0.700723 -0.755794 -0.91986
-0.611001 -0.579554 -0.646839 -0.801058
-0.489001 -0.460584 -0.537066 -0.685758
-0.362925 -0.338642 -0.421407 -0.568806
-0.230163 -0.210015 -0.296328 -0.44653
-0.0887762 -0.0717399 -0.159032 -0.315924
0.0626721 0.0782803 -0.00751949 -0.174646
0.225042 0.241083 0.159221 -0.0211466
0.398542 0.416513 0.341037 0.14521
0.576539 0.597195 0.530106 0.317806
0.751899 0.775146 0.717846 0.489238
0.91932 0.944183 0.897473 0.653631
1.07481 1.1 1.06413 0.80666
1.21592 1.23996 1.21472 0.945406
1.33993 1.36166 1.34639 1.06679
1.44473 1.4634 1.45718 1.16831
1.52922 1.54444 1.54617 1.24832
1.59683 1.6088 1.61753 1.31074
1.65357 1.66253 1.67747 1.36206
1.70386 1.71052 1.73095 1.40765
1.75138 1.75673 1.78195 1.45206
1.79945 1.80441 1.83374 1.49916
1.8483 1.85377 1.88654 1.54931
1.89604 1.9024 1.93799 1.59966
1.94089 1.94832 1.98624 1.64783
1.98175 1.98994 2.02986 1.69185
2.01761 2.02603 2.06776 1.73013
2.04747 2.05561 2.09907 1.7613
2.07068 2.07788 2.12306 1.78417
2.08744 2.09323 2.14013 1.79907
2.10043 2.10458 2.1531 1.80959
2.11209 2.11459 2.1645 1.81904
2.12452 2.1257 2.17661 1.83049
2.13962 2.14018 2.19156 1.84677
2.15872 2.15922 2.21048 1.8694
2.17937 2.18045 2.23109 1.89521
2.19957 2.20168 2.25138 1.92134
2.21778 2.22096 2.26955 1.94527
2.23244 2.23656 2.28406 1.96481
2.24243 2.24711 2.29364 1.97822
2.24931 2.25388 2.29958 1.98727
2.2542 2.25807 2.30301 1.99356
2.25797 2.26082 2.305 1.99857
2.26175 2.26324 2.30657 2.00368
2.26552 2.26573 2.30799 2.00926
2.2693 2.2686 2.30951 2.0156
2.27329 2.27215 2.31137 2.02299
2.27751 2.27663 2.31381 2.03167
2.28284 2.28252 2.31735 2.04229
2.2895 2.29031 2.32255 2.05549
2.2975 2.29925 2.3288 2.07032
2.30571 2.30839 2.33524 2.08561
2.3137 2.31686 2.34108 2.10026
2.32214 2.32525 2.34696 2.1151
2.33191 2.33461 2.35393 2.13139
2.3439 2.34594 2.36301 2.1503
2.359 2.36014 2.37509 2.17277
2.37743 2.37799 2.39094 2.19956
2.3983 2.39858 2.40963 2.22934
2.42006 2.42021 2.42941 2.25989
2.44094 2.44139 2.44879 2.2894
2.45981 2.46084 2.46649 2.31637
2.4758 2.47747 2.48141 2.33961
2.48823 2.49035 2.49259 2.35813
2.49711 2.49946 2.50002 2.37208
2.50355 2.50566 2.50457 2.38259
2.50777 2.50971 2.50701 2.39064
2.5111 2.51233 2.50804 2.39708
2.51354 2.51423 2.50835 2.40272
2.51599 2.51607 2.5086 2.40829
2.51887 2.51851 2.50943 2.41448
2.52243 2.52194 2.51126 2.42168
2.52665 2.52625 2.51398 2.42973
2.53131 2.53131 2.51747 2.43847
2.53642 2.53698 2.52163 2.44775
2.54197 2.5432 2.52647 2.45753
2.54863 2.55032 2.53242 2.46824
2.55662 2.55865 2.53985 2.48022
2.56639 2.56848 2.54912 2.49376
2.57816 2.58006 2.56051 2.50911
2.59193 2.59353 2.57414 2.52634
2.60703 2.60822 2.58924 2.54465
2.62257 2.62352 2.60512 2.56336
2.63789 2.63883 2.62111 2.5818
2.65055 2.65151 2.63429 2.59711
2.66231 2.66332 2.64659 2.61128
2.67319 2.67436 2.65811 2.62444
2.68341 2.68466 2.66892 2.63665
2.69296 2.69428 2.67906 2.648
2.70184 2.70325 2.68859 2.65856
2.71005 2.71161 2.69754 2.66839
2.71783 2.71939 2.70596 2.67754
2.72538 2.72665 2.71388 2.68606
2.73248 2.73343 2.72134 2.69399
2.7387 2.73975 2.72836 2.70137
2.74492 2.74566 2.73497 2.70824
2.75024 2.7512 2.7412 2.71463
2.75557 2.75637 2.74706 2.72056
2.76046 2.76121 2.75258 2.72608
2.7649 2.76573 2.75778 2.73119
2.7689 2.76993 2.76267 2.73592
2.77289 2.77383 2.76726 2.7403
2.77645 2.77744 2.77158 2.74433
2.77955 2.78075 2.77564 2.74805
2.78266 2.78379 2.77944 2.75145
2.78533 2.78657 2.783 2.75457
2.78799 2.78911 2.78633 2.7574
2.79066 2.79141 2.78944 2.75997
2.79243 2.7935 2.79233 2.76229
2.79465 2.79539 2.79502 2.76436
2.79643 2.79708 2.79751 2.76619
2.79776 2.79859 2.79981 2.7678
2.79909 2.79991 2.80192 2.76919
2.79998 2.80106 2.80386 2.77038
2.80087 2.80202 2.80562 2.77136
2.80176 2.80281 2.80721 2.77215
2.8022 2.80341 2.80863 2.77275
2.80265 2.80385 2.80989 2.77317
2.80309 2.80412 2.811 2.77342
2.80309 2.80423 2.81194 2.77349
2.80309 2.80327 2.81274 2.77162
2.79998 2.79915 2.81339 2.76645
2.79377 2.79204 2.81389 2.75809
2.78355 2.78206 2.81425 2.74669
2.77067 2.76929 2.81446 2.73239
2.75424 2.75379 2.81453 2.71533
2.73515 2.7356 2.81304 2.69569
2.71339 2.71474 2.80853 2.67361
2.6894 2.69127 2.80104 2.64929
2.66365 2.66527 2.79061 2.62288
2.63523 2.63685 2.77729 2.59453
2.60547 2.60618 2.76113 2.56442
2.57394 2.57342 2.74219 2.53267
2.54019 2.53876 2.72052 2.49943
2.50466 2.50238 2.69618 2.46482
2.46736 2.46445 2.66923 2.42896
2.42828 2.4251 2.63973 2.39197
2.38742 2.38442 2.60775 2.35396
2.34524 2.3425 2.57336 2.315
2.30171 2.29938 2.53664 2.2752
2.25731 2.25512 2.49766 2.23464
2.21201 2.20976 2.45651 2.19338
2.16627 2.16338 2.41326 2.15149
2.11964 2.11608 2.36802 2.10903
2.07256 2.06794 2.32087 2.06606
2.0246 2.0191 2.27191 2.02262
1.9762 1.96966 2.22124 1.97874
1.9269 1.91974 2.16896 1.93449
1.87717 1.86942 2.11517 1.88987
1.82698 1.81878 2.05998 1.84493
1.77636 1.76787 2.00351 1.79969
1.72484 1.7167 1.94585 1.75417
1.67377 1.66529 1.88713 1.7084
1.62181 1.61366 1.82745 1.6624
1.5703 1.56183 1.76694 1.61619
1.51879 1.50983 1.70569 1.56978
1.46727 1.4577 1.64382 1.5232
1.41531 1.40551 1.58145 1.47646
1.3638 1.3533 1.51869 1.42957
1.31228 1.30115 1.45563 1.38255
1.26055 1.24911 1.39239 1.33543
1.20881 1.19723 1.32907 1.28821
1.1573 1.14554 1.26576 1.24092
1.10556 1.09407 1.20257 1.19358
1.05427 1.04282 1.13959 1.14619
1.00298 0.991804 1.0769 1.09879
0.951905 0.94102 1.01458 1.05139
0.901279 0.890489 0.952728 1.00401
0.850875 0.84023 0.891402 0.956667
0.800915 0.79027 0.830675 0.909389
0.751399 0.740651 0.770615 0.862196
0.702327 0.691412 0.711281 0.81511
0.653477 0.642593 0.652727 0.768152
0.605072 0.594234 0.595007 0.721346
0.55711 0.546362 0.538164 0.674716
0.50937 0.498998 0.482239 0.628283
0.462075 0.452157 0.427271 0.582072
0.415445 0.405848 0.373292 0.536108
0.36926 0.360073 0.320327 0.490411
0.323519 0.314841 0.268403 0.445007
0.278666 0.270162 0.217539 0.39992
0.234257 0.226047 0.167751 0.355169
0.190514 0.182517 0.119051 0.310781
0.147438 0.139594 0.0714508 0.266778
0.104805 0.0972994 0.0249534 0.223179
0.0630607 0.0556562 -0.0204361 0.180008
0.0217604 0.0146833 -0.0647171 0.137286
-0.0188738 -0.0256226 -0.107908 0.0950157
-0.0588418 -0.0652787 -0.150037 0.0531895
-0.0981437 -0.104305 -0.191132 0.0118027
-0.137002 -0.142722 -0.231223 -0.0291482
-0.175193 -0.180551 -0.270336 -0.069665
-0.212719 -0.217811 -0.308501 -0.109748
-0.2498 -0.254517 -0.345744 -0.149397
-0.286215 -0.290679 -0.382092 -0.188608
-0.321965 -0.326305 -0.417573 -0.227381
-0.35727 -0.361397 -0.452212 -0.265709
-0.391909 -0.395958 -0.486035 -0.30359
-0.426104 -0.42999 -0.519069 -0.341018
-0.459632 -0.463494 -0.551337 -0.377988
-0.492939 -0.496474 -0.582865 -0.414493
-0.52558 -0.528938 -0.613675 -0.450529
-0.557776 -0.560894 -0.643792 -0.486089
-0.589528 -0.592351 -0.673238 -0.521168
-0.620615 -0.623317 -0.702034 -0.555759
-0.651257 -0.653803 -0.730203 -0.589858
-0.681455 -0.683814 -0.757766 -0.62346
-0.711209 -0.713355 -0.784742 -0.65656
-0.740297 -0.742428 -0.811151 -0.689154
-0.76894 -0.771036 -0.837013 -0.721237
-0.79714 -0.799177 -0.862346 -0.752808
-0.824896 -0.826853 -0.887167 -0.783864
-0.852207 -0.854066 -0.911495 -0.814401
-0.879075 -0.880818 -0.935345 -0.84442
-0.905498 -0.907115 -0.958734 -0.87392
-0.931477 -0.932961 -0.981677 -0.902899
-0.95679 -0.958364 -1.00419 -0.931359
-0.981881 -0.983331 -1.02628 -0.959301
-1.00653 -1.00787 -1.04798 -0.986726
-1.03073 -1.03198 -1.06928 -1.01364
-1.05449 -1.05567 -1.0902 -1.04003
-1.0778 -1.07895 -1.11077 -1.06592
-1.10068 -1.10181 -1.13097 -1.09131
-1.1231 -1.12426 -1.15084 -1.11619
-1.14508 -1.14631 -1.17037 -1.14058
-1.16684 -1.16795 -1.18958 -1.16447
-1.18816 -1.18919 -1.20848 -1.18788
-1.20903 -1.21004 -1.22707 -1.21081
-1.22946 -1.2305 -1.24537 -1.23327
-1.24967 -1.25057 -1.26338 -1.25525
-1.26943 -1.27028 -1.28112 -1.27678
-1.28875 -1.28961 -1.29858 -1.29785
-1.30762 -1.30858 -1.31577 -1.31847
-1.32627 -1.3272 -1.33271 -1.33865
-1.3447 -1.34546 -1.3494 -1.35839
-1.36247 -1.36337 -1.36584 -1.37771
-1.38012 -1.38094 -1.38204 -1.39661
-1.39733 -1.39818 -1.39801 -1.4151
-1.4142 -1.41507 -1.41374 -1.43318
-1.43074 -1.43164 -1.42925 -1.45086
-1.44706 -1.44789 -1.44454 -1.46816
-1.46294 -1.46381 -1.45961 -1.48507
-1.4786 -1.47943 -1.47446 -1.50161
-1.49392 -1.49474 -1.48911 -1.51778
-1.50902 -1.50975 -1.50354 -1.53359
-1.52367 -1.52446 -1.51778 -1.54905
-1.5381 -1.53889 -1.53181 -1.56416
-1.5522 -1.55303 -1.54564 -1.57893
-1.56608 -1.5669 -1.55927 -1.59337
-1.57974 -1.58049 -1.57272 -1.60749
-1.59306 -1.5938 -1.58596 -1.62129
-1.60605 -1.60686 -1.59902 -1.63477
-1.61882 -1.61965 -1.61189 -1.64795
-1.63136 -1.63218 -1.62458 -1.66084
-1.64369 -1.64446 -1.63708 -1.67343
-1.65579 -1.65649 -1.64939 -1.68573
-1.66755 -1.66829 -1.66153 -1.69775
-1.6791 -1.67984 -1.67348 -1.7095
-1.69043 -1.69117 -1.68525 -1.72098
-1.70153 -1.70226 -1.69685 -1.7322
-1.71241 -1.71314 -1.70826 -1.74316
-1.72307 -1.72379 -1.7195 -1.75387
-1.7335 -1.73422 -1.73056 -1.76433
-1.74372 -1.74444 -1.74145 -1.77454
-1.75371 -1.75446 -1.75216 -1.78452
-1.76359 -1.76426 -1.7627 -1.79427
-1.77314 -1.77387 -1.77306 -1.80379
-1.78257 -1.78327 -1.78325 -1.81308
-1.79179 -1.79248 -1.79327 -1.82215
-1.80078 -1.8015 -1.80312 -1.83101
-1.80966 -1.81033 -1.81279 -1.83966
-1.81832 -1.81898 -1.82229 -1.8481
-1.82676 -1.82745 -1.83162 -1.85633
-1.83509 -1.83574 -1.84078 -1.86436
-1.84319 -1.84385 -1.84977 -1.8722
-1.85119 -1.85179 -1.85859 -1.87984
-1.85896 -1.85956 -1.86724 -1.88729
-1.86651 -1.86716 -1.87571 -1.89456
-1.87395 -1.8746 -1.88402 -1.90164
-1.88122 -1.88187 -1.89216 -1.90853
-1.88838 -1.88898 -1.90013 -1.91525
-1.89532 -1.89593 -1.90792 -1.92179
-1.90215 -1.90272 -1.91555 -1.92816
-1.90881 -1.90936 -1.92301 -1.93435
-1.9153 -1.91585 -1.9303 -1.94038
-1.92163 -1.92219 -1.93743 -1.94623
-1.92785 -1.92838 -1.94438 -1.95192
-1.9339 -1.93443 -1.95117 -1.95745
-1.93978 -1.94033 -1.95779 -1.96282
-1.94555 -1.94608 -1.96424 -1.96803
-1.95116 -1.95169 -1.97052 -1.97307
-1.95666 -1.95716 -1.97664 -1.97797
-1.96199 -1.96249 -1.98259 -1.9827
-1.9672 -1.96768 -1.98837 -1.98729
-1.97226 -1.97274 -1.99399 -1.99172
-1.9772 -1.97765 -1.99944 -1.99599
-1.98197 -1.98244 -2.00473 -2.00012
-1.98663 -1.98709 -2.00985 -2.00409
-1.99118 -1.9916 -2.0148 -2.00791
-1.99557 -1.99599 -2.01959 -2.01157
-1.99979 -2.00023 -2.02422 -2.01508
-2.00395 -2.00435 -2.02867 -2.01843
-2.00795 -2.00833 -2.03296 -2.02162
-2.01178 -2.01218 -2.03709 -2.02466
-2.01555 -2.01589 -2.04104 -2.02753
-2.01911 -2.01947 -2.04482 -2.03025
-2.0226 -2.02291 -2.04844 -2.0328
-2.02593 -2.02622 -2.05188 -2.03519
-2.0291 -2.02939 -2.05514 -2.03741
-2.03215 -2.03242 -2.05824 -2.03947
-2.03509 -2.03532 -2.06116 -2.04136
-2.03784 -2.03807 -2.0639 -2.04309
-2.04048 -2.04068 -2.06647 -2.04465
-2.04295 -2.04315 -2.06886 -2.04605
-2.04528 -2.04547 -2.07107 -2.04728
-2.04747 -2.04765 -2.0731 -2.04834
-2.0495 -2.04967 -2.07495 -2.04924
-2.05139 -2.05155 -2.07661 -2.04997
-2.05314 -2.05327 -2.0781 -2.05054
-2.05472 -2.05484 -2.0794 -2.05094
-2.05616 -2.05626 -2.08051 -2.05118
-2.05741 -2.05752 -2.08144 -2.05125
-2.05852 -2.05862 -2.08218 -2.05048
-2.05949 -2.05956 -2.08273 -2.04825
-2.06027 -2.06033 -2.08309 -2.04458
-2.06091 -2.06095 -2.08327 -2.03951
-2.06135 -2.0614 -2.08311 -2.03306
-2.06163 -2.06169 -2.08113 -2.02528
-2.06177 -2.0618 -2.07731 -2.01621
-2.06132 -2.06132 -2.07167 -2.0059
-2.05932 -2.05924 -2.0642 -1.99439
-2.05572 -2.05558 -2.05494 -1.98175
-2.05053 -2.05033 -2.04389 -1.96803
-2.04378 -2.04349 -2.03109 -1.95329
-2.03546 -2.03508 -2.01656 -1.93759
-2.0256 -2.02511 -2.00033 -1.921
-2.01419 -2.01359 -1.98245 -1.90357
-2.00129 -2.00057 -1.96295 -1.88537
-1.98688 -1.98606 -1.9419 -1.86646
-1.97106 -1.97011 -1.91933 -1.8469
-1.9538 -1.95274 -1.8953 -1.82674
-1.93517 -1.93401 -1.86987 -1.80605
-1.91525 -1.91395 -1.84311 -1.78488
-1.89404 -1.89263 -1.81508 -1.76327
-1.87159 -1.87008 -1.78585 -1.74129
-1.84799 -1.84636 -1.75548 -1.71898
-1.82326 -1.82153 -1.72406 -1.69638
-1.79751 -1.79564 -1.69165 -1.67352
-1.77075 -1.76876 -1.65833 -1.65046
-1.74305 -1.74096 -1.62418 -1.62722
-1.71452 -1.71228 -1.58928 -1.60384
-1.68515 -1.6828 -1.55369 -1.58033
-1.65506 -1.65259 -1.5175 -1.55673
-1.62426 -1.6217 -1.48079 -1.53306
-1.59284 -1.59019 -1.44363 -1.50934
-1.56092 -1.55815 -1.40609 -1.48557
-1.52844 -1.52561 -1.36825 -1.46177
-1.49558 -1.49265 -1.33017 -1.43796
-1.46233 -1.45933 -1.29193 -1.41414
-1.4288 -1.4257 -1.2536 -1.39031
-1.395 -1.39182 -1.21522 -1.36648
-1.36102 -1.35774 -1.17688 -1.34264
-1.32688 -1.32352 -1.13861 -1.31881
-1.29263 -1.28919 -1.10048 -1.29497
-1.25833 -1.25483 -1.06253 -1.27112
-1.22402 -1.22045 -1.02482 -1.24726
-1.18971 -1.18611 -0.987383 -1.22338
-1.15552 -1.15185 -0.950259 -1.19947
-1.12144 -1.1177 -0.913487 -1.17553
-1.08752 -1.08369 -0.877098 -1.15156
-1.05371 -1.04985 -0.84112 -1.12753
-1.02013 -1.01621 -0.80558 -1.10345
-0.986766 -0.982785 -0.770498 -1.07931
-0.953626 -0.949607 -0.735895 -1.0551
-0.920819 -0.916691 -0.701785 -1.03081
-0.888234 -0.884052 -0.668181 -1.00643
-0.855926 -0.851704 -0.635092 -0.981957
-0.823952 -0.819658 -0.602526 -0.957388
-0.792255 -0.787923 -0.570486 -0.932715
-0.760947 -0.756507 -0.538976 -0.907933
-0.729916 -0.725414 -0.507995 -0.883038
-0.699163 -0.694648 -0.47754 -0.858026
-0.668798 -0.664208 -0.447608 -0.832895
-0.638767 -0.634095 -0.418193 -0.807642
-0.609013 -0.604308 -0.389288 -0.782269
-0.579647 -0.574844 -0.360884 -0.756773
-0.55056 -0.545698 -0.332972 -0.731157
-0.521805 -0.516867 -0.30554 -0.705422
-0.493383 -0.488344 -0.278576 -0.679571
-0.465183 -0.460124 -0.25207 -0.653608
-0.437317 -0.432199 -0.226006 -0.627537
-0.409783 -0.404563 -0.200371 -0.601363
-0.382472 -0.377209 -0.175152 -0.575094
-0.355493 -0.350127 -0.150334 -0.548735
-0.328737 -0.32331 -0.125903 -0.522294
-0.302203 -0.29675 -0.101843 -0.495781
-0.276001 -0.270438 -0.078141 -0.469203
-0.249911 -0.244366 -0.0547814 -0.442572
-0.224154 -0.218526 -0.0317501 -0.415896
-0.198619 -0.192911 -0.00903296 -0.389188
-0.173306 -0.167514 0.0133841 -0.362459
-0.148104 -0.142326 0.0355147 -0.33572
-0.123235 -0.117342 0.0573721 -0.308983
-0.0984768 -0.0925557 0.0789692 -0.282262
-0.0739409 -0.0679603 0.100319 -0.255568
-0.0495159 -0.0435507 0.121432 -0.228916
-0.0253131 -0.0193217 0.142321 -0.202318
-0.00133227 0.00473145 0.162998 -0.175787
0.0225375 0.028613 0.183471 -0.149338
0.0461853 0.0523267 0.203752 -0.122983
0.069722 0.0758759 0.223851 -0.0967359
0.0931477 0.0992635 0.243775 -0.0706101
0.116351 0.122492 0.263534 -0.0446187
0.139333 0.145563 0.283135 -0.0187749
0.162315 0.168477 0.302586 0.00690855
0.185074 0.191237 0.321894 0.0324191
0.207612 0.213843 0.341065 0.0577443
0.230149 0.236295 0.360106 0.0828723
0.252465 0.258593 0.379021 0.107791
0.274558 0.280737 0.397817 0.13249
0.296541 0.302726 0.416496 0.156958
0.318412 0.324559 0.435064 0.181184
0.340172 0.346236 0.453524 0.205159
0.361711 0.367754 0.471879 0.228873
0.383138 0.389113 0.490132 0.252317
0.404343 0.41031 0.508286 0.275483
0.425437 0.431344 0.526343 0.298362
0.44631 0.452212 0.544304 0.320947
0.467071 0.472912 0.56217 0.343231
0.487721 0.493442 0.579943 0.365207
0.508149 0.513798 0.597624 0.386871
0.528355 0.53398 0.615213 0.408215
0.54845 0.553983 0.632709 0.429237
0.568323 0.573805 0.650113 0.44993
0.588085 0.593445 0.667425 0.470293
0.607514 0.612898 0.684642 0.49032
0.626943 0.632163 0.701766 0.51001
0.646039 0.651237 0.718793 0.52936
0.665024 0.670116 0.735724 0.548369
0.683786 0.688799 0.752555 0.567035
0.702327 0.707283 0.769286 0.585357
0.720646 0.725566 0.785914 0.603336
0.738853 0.743644 0.802437 0.620971
0.756839 0.761516 0.818852 0.638263
0.774603 0.779178 0.835157 0.655212
0.792144 0.796629 0.85135 0.67182
0.809464 0.813867 0.867426 0.688089
0.826561 0.830889 0.883383 0.704021
0.843436 0.847692 0.899219 0.719619
0.86009 0.864276 0.914929 0.734884
0.876521 0.880638 0.930509 0.74982
0.89273 0.896777 0.945958 0.764431
0.908718 0.912689 0.96127 0.77872
0.924483 0.928374 0.976442 0.792691
0.940026 0.94383 0.991471 0.806348
0.955347 0.959056 1.00635 0.819695
0.970335 0.974049 1.02108 0.832738
0.985212 0.988808 1.03565 0.845481
0.999756 1.00333 1.05007 0.857928
1.01408 1.01762 1.06432 0.870085
1.02829 1.03167 1.0784 0.881958
1.04217 1.04548 1.09231 0.893551
1.05571 1.05905 1.10605 0.90487
1.06914 1.07238 1.1196 0.915921
1.08225 1.08547 1.13297 0.926708
1.09512 1.09831 1.14615 0.937239
1.10778 1.1109 1.15913 0.947517
1.12022 1.12326 1.17192 0.95755
1.13232 1.13536 1.18451 0.967343
1.1442 1.14722 1.1969 0.976901
1.15585 1.15882 1.20907 0.98623
1.16729 1.17018 1.22103 0.995335
1.17839 1.18129 1.23278 1.00422
1.18927 1.19214 1.2443 1.0129
1.19993 1.20274 1.2556 1.02136
1.21025 1.21309 1.26666 1.02963
1.22047 1.22319 1.2775 1.0377
1.23024 1.23302 1.2881 1.04557
1.2399 1.2426 1.29846 1.05325
1.24922 1.25193 1.30858 1.06076
1.25833 1.26099 1.31845 1.06808
1.2671 1.2698 1.32807 1.07522
1.27565 1.27834 1.33744 1.0822
1.28386 1.28662 1.34655 1.089
1.29186 1.29464 1.35541 1.09564
1.29963 1.3024 1.364 1.10212
1.30718 1.30988 1.37232 1.10843
1.3145 1.31711 1.38038 1.11459
1.32139 1.32406 1.38817 1.12059
1.32805 1.33074 1.39568 1.12643
1.33449 1.33716 1.40292 1.13213
1.34048 1.3433 1.40988 1.13766
1.34648 1.34916 1.41656 1.14305
1.35203 1.35475 1.42295 1.14828
1.35714 1.36007 1.42906 1.15336
1.36224 1.3651 1.43488 1.15829
1.36691 1.36985 1.44041 1.16307
1.37135 1.37432 1.44565 1.16768
1.37557 1.37851 1.45059 1.17214
1.37934 1.38241 1.45523 1.17645
1.38289 1.38601 1.45958 1.18059
1.38622 1.38933 1.46362 1.18456
1.38933 1.39235 1.46736 1.18837
1.392 1.39507 1.47079 1.19201
1.39422 1.39749 1.47391 1.19547
1.39644 1.39961 1.47671 1.19875
1.39821 1.40142 1.47921 1.20185
1.39955 1.40292 1.48138 1.20476
1.40066 1.40411 1.48323 1.20747
1.40155 1.40498 1.48476 1.20999
1.40199 1.40553 1.48596 1.21229
1.40221 1.40575 1.48683 1.21439
1.40177 1.4055 1.48737 1.21626
1.40066 1.40442 1.48757 1.21791
1.39866 1.4025 1.48719 1.21932
1.39577 1.39973 1.48588 1.22049
1.392 1.39611 1.48362 1.22141
1.38733 1.39164 1.48041 1.22207
1.38201 1.38633 1.47625 1.22246
1.37579 1.38018 1.47115 1.22257
1.36868 1.37319 1.4651 1.2222
1.36091 1.36537 1.45811 1.22119
1.35225 1.35674 1.45018 1.21951
1.3427 1.34731 1.44133 1.21716
1.33249 1.33709 1.43157 1.21412
1.32161 1.32609 1.4209 1.21038
1.30984 1.31434 1.40935 1.20593
1.29741 1.30186 1.39693 1.20076
1.28408 1.28865 1.38366 1.19487
1.2701 1.27474 1.36956 1.18825
1.25566 1.26016 1.35466 1.1809
1.24034 1.24493 1.33897 1.17281
1.22458 1.22906 1.32252 1.164
1.20814 1.2126 1.30534 1.15446
1.19127 1.19556 1.28746 1.1442
1.17373 1.17797 1.26891 1.13323
1.15574 1.15987 1.24971 1.12155
1.13731 1.14127 1.22991 1.10916
1.11822 1.12221 1.20952 1.0961
1.0989 1.10272 1.1886 1.08236
1.07914 1.08283 1.16716 1.06796
1.05893 1.06256 1.14525 1.05292
1.03839 1.04194 1.1229 1.03725
1.01763 1.021 1.10014 1.02098
0.996536 0.999768 1.07701 1.00412
0.97522 0.978273 1.05354 0.986686
0.953571 0.956542 1.02977 0.968709
0.93181 0.934601 1.00574 0.950208
0.909828 0.912479 0.981467 0.931205
0.887734 0.890199 0.956996 0.911725
0.86553 0.867789 0.932357 0.891791
0.843103 0.84527 0.907581 0.87143
0.820677 0.822666 0.882698 0.850664
0.798139 0.799998 0.857739 0.829522
0.775602 0.777287 0.832732 0.808027
0.753064 0.754552 0.807705 0.786206
0.730527 0.731813 0.782684 0.764085
0.707989 0.709087 0.757693 0.74169
0.685452 0.686391 0.732758 0.719047
0.662914 0.663743 0.7079 0.696182
0.640488 0.641157 0.683141 0.673119
0.618172 0.618648 0.6585 0.649885
0.595968 0.59623 0.633997 0.626504
0.573763 0.573914 0.609647 0.603
0.551781 0.551712 0.585467 0.579397
0.529798 0.529634 0.561472 0.55572
0.508038 0.507689 0.537675 0.53199
0.486389 0.485885 0.514088 0.508229
0.46485 0.46423 0.490721 0.48446
0.443534 0.442732 0.467584 0.460704
0.422329 0.421395 0.444686 0.436979
0.401235 0.400226 0.422034 0.413307
0.380362 0.37923 0.399633 0.389705
0.359712 0.358412 0.377489 0.366191
0.339173 0.337774 0.355607 0.342783
0.318856 0.317322 0.333989 0.319496
0.298761 0.297057 0.312638 0.296347
0.278777 0.276981 0.291556 0.27335
0.258904 0.257095 0.270743 0.250519
0.239364 0.237402 0.250199 0.227866
0.219935 0.217901 0.229925 0.205405
0.200728 0.198592 0.209917 0.183147
0.181632 0.179476 0.190176 0.161101
0.162759 0.160552 0.170698 0.13928
0.144107 0.14182 0.151481 0.11769
0.125566 0.123279 0.132521 0.0963414
0.107248 0.104929 0.113816 0.0752412
0.0891509 0.0867683 0.0953605 0.0543963
0.0712763 0.0687962 0.077151 0.033813
0.0535127 0.0510111 0.0591831 0.0134968
0.0358602 0.0334113 0.041452 -0.00654743
0.0184297 0.015995 0.0239528 -0.0263154
0.00122125 -0.00124003 0.0066806 -0.0458035
-0.0157652 -0.0182958 -0.0103698 -0.0650088
-0.0326406 -0.0351744 -0.0272035 -0.0839289
-0.0494049 -0.0518782 -0.0438259 -0.102562
-0.0659472 -0.068409 -0.0602422 -0.120906
-0.0823785 -0.0847692 -0.0764577 -0.138961
-0.0985878 -0.100961 -0.0924777 -0.156727
-0.114575 -0.116985 -0.108308 -0.174203
-0.130451 -0.132845 -0.123952 -0.19139
-0.146216 -0.148542 -0.139417 -0.208289
-0.161759 -0.164079 -0.154707 -0.224902
-0.177192 -0.179457 -0.169826 -0.24123
-0.192513 -0.194678 -0.184781 -0.257275
-0.207612 -0.209745 -0.199574 -0.27304
-0.2226 -0.22466 -0.214212 -0.288528
-0.237477 -0.239425 -0.228697 -0.303742
-0.252132 -0.254041 -0.243035 -0.318685
-0.266676 -0.26851 -0.257228 -0.333361
-0.280997 -0.282834 -0.271282 -0.347773
-0.295319 -0.297014 -0.285199 -0.361926
-0.309419 -0.311052 -0.298982 -0.375823
-0.323297 -0.324948 -0.312636 -0.38947
-0.337175 -0.338704 -0.326162 -0.402871
-0.35083 -0.352321 -0.339564 -0.41603
-0.364375 -0.3658 -0.352843 -0.428953
-0.377809 -0.379143 -0.366003 -0.441644
-0.391021 -0.392349 -0.379045 -0.454109
-0.404232 -0.405421 -0.391972 -0.466352
-0.417222 -0.418359 -0.404784 -0.478379
-0.4301 -0.431163 -0.417483 -0.490194
-0.442757 -0.443835 -0.43007 -0.501804
-0.455413 -0.456373 -0.442547 -0.513214
-0.467848 -0.468779 -0.454914 -0.524427
-0.480171 -0.481052 -0.467171 -0.535451
-0.492384 -0.493192 -0.479319 -0.54629
-0.504485 -0.5052 -0.491358 -0.556949
-0.516365 -0.517075 -0.503288 -0.567434
-0.528133 -0.528818 -0.515109 -0.577749
-0.53979 -0.540427 -0.52682 -0.587899
-0.551337 -0.551903 -0.53842 -0.597889
-0.562772 -0.563245 -0.54991 -0.607725
-0.573985 -0.574453 -0.561287 -0.61741
-0.585088 -0.585526 -0.572551 -0.626949
-0.596079 -0.596464 -0.583701 -0.636346
-0.606848 -0.607265 -0.594735 -0.645607
-0.617506 -0.617929 -0.605652 -0.654734
