-0.00203394 0 0 0
-0.00987215 0.00303703 0.00303704 0.00302076
0.00973195 0.00694816 0.00694877 0.00687368
0.0311577 0.0141236 0.0141251 0.0139213
0.043139 0.0271501 0.0271591 0.0266984
0.075852 0.0485545 0.0485978 0.0476581
0.103386 0.0756287 0.0757685 0.0740253
0.118691 0.10496 0.105312 0.102368
0.151523 0.13316 0.133902 0.129327
0.183606 0.162716 0.164085 0.157428
0.227806 0.197489 0.19976 0.190521
0.266679 0.241304 0.244776 0.232358
0.329197 0.291286 0.296267 0.279967
0.385116 0.342199 0.348998 0.328049
0.453317 0.394147 0.403076 0.376686
0.499055 0.446835 0.458213 0.425574
0.53398 0.498541 0.512704 0.473011
0.576528 0.550636 0.56794 0.520404
0.636907 0.606403 0.627211 0.571041
0.718918 0.669095 0.69377 0.628137
0.805381 0.741924 0.770819 0.694823
0.880314 0.817715 0.851183 0.763862
0.93567 0.879818 0.918225 0.818695
0.966475 0.924888 0.968618 0.856213
0.983639 0.964325 1.01377 0.888025
1.00499 1.00506 1.06056 0.921132
1.06135 1.05124 1.11307 0.959661
1.13751 1.11188 1.1802 1.01248
1.24883 1.19588 1.27073 1.08821
1.38182 1.30516 1.38651 1.18847
1.52486 1.4276 1.51543 1.30094
1.65642 1.55431 1.64871 1.41671
1.77322 1.68457 1.78582 1.53522
1.89182 1.81763 1.92624 1.65592
2.01544 1.95054 2.06717 1.77605
2.13313 2.07186 2.19728 1.88446
2.21234 2.17045 2.30533 1.97029
2.25982 2.23689 2.38182 2.0244
2.27736 2.26885 2.42444 2.0446
2.21272 2.25079 2.41784 2.01557
2.10189 2.19321 2.37148 1.94823
1.97419 2.10644 2.29518 1.85307
1.84801 1.99276 2.1907 1.73244
1.71558 1.85442 2.05983 1.58872
1.56003 1.69361 1.90439 1.42426
1.37231 1.5124 1.72623 1.24142
1.143 1.30143 1.51591 1.03126
0.862429 1.05072 1.26348 0.784443
0.528483 0.750428 0.959174 0.491882
0.146846 0.390958 0.593434 0.144814
-0.277092 -0.0188133 0.175043 -0.247174
-0.724725 -0.466602 -0.283978 -0.671389
-1.19833 -0.940022 -0.771668 -1.11537
-1.68288 -1.43497 -1.28454 -1.5751
-2.17299 -1.94717 -1.81972 -2.04607
-2.61613 -2.44035 -2.34662 -2.49178
-2.88646 -2.80254 -2.75871 -2.81302
-2.97866 -2.95355 -2.94323 -2.95081
-3.00362 -2.99567 -2.99417 -2.99232
-3.01259 -3.00889 -3.00927 -3.00589
-3.01711 -3.01482 -3.01588 -3.01173
-3.01958 -3.0182 -3.01977 -3.01473
-3.02093 -3.02042 -3.02248 -3.01644
-3.02188 -3.02221 -3.02474 -3.01768
-3.02349 -3.02403 -3.027 -3.01896
-3.0257 -3.02626 -3.02966 -3.02068
-3.02913 -3.02926 -3.03305 -3.02316
-3.0338 -3.03336 -3.03753 -3.02671
-3.0398 -3.0386 -3.04316 -3.03137
-3.04689 -3.04465 -3.04959 -3.03679
-3.05489 -3.05128 -3.05661 -3.04278
-3.06266 -3.05852 -3.06424 -3.04939
-3.07045 -3.06637 -3.07251 -3.05663
-3.07822 -3.07484 -3.08141 -3.06451
-3.08686 -3.08393 -3.09095 -3.07302
-3.09705 -3.09364 -3.1011 -3.08214
-3.10862 -3.10399 -3.11189 -3.0919
-3.12109 -3.11507 -3.1234 -3.10236
-3.13394 -3.127 -3.13574 -3.11365
-3.14681 -3.13936 -3.1485 -3.12533
-3.15837 -3.15172 -3.16124 -3.13697
-3.16858 -3.16366 -3.17356 -3.14817
-3.17835 -3.17476 -3.18504 -3.15851
-3.18766 -3.18461 -3.19528 -3.16761
-3.19654 -3.19279 -3.20385 -3.17507
-3.20277 -3.19892 -3.21037 -3.18051
-3.20636 -3.20316 -3.21501 -3.18414
-3.2001 -3.20571 -3.21793 -3.18613
-3.06956 -3.20675 -3.2193 -3.18667
-2.89189 -3.17754 -3.2176 -3.11345
-2.72049 -3.0332 -3.09363 -2.93122
-2.58461 -2.76867 -2.8408 -2.63621
-2.37589 -2.38142 -2.45566 -2.22838
-1.92512 -1.91712 -1.98453 -1.75555
-1.30298 -1.43038 -1.48441 -1.27247
-0.676796 -0.967682 -1.00493 -0.823522
-0.21626 -0.561108 -0.580615 -0.437479
0.0559629 -0.227929 -0.229847 -0.128526
0.193611 0.0251887 0.0408844 0.0986382
0.215396 0.196533 0.230995 0.242873
0.173645 0.284129 0.340416 0.301388
0.104797 0.277664 0.365114 0.226921
-0.0541807 0.0489847 0.20442 -0.0721287
-0.431224 -0.434238 -0.205782 -0.625046
-1.1804 -1.14966 -0.845355 -1.40498
-2.21911 -2.01175 -1.64505 -2.29264
-2.98163 -2.76053 -2.44581 -2.92261
-3.16814 -3.09098 -2.94811 -3.12983
-3.20898 -3.18287 -3.13464 -3.1838
-3.22407 -3.21335 -3.19659 -3.20469
-3.23207 -3.22828 -3.22193 -3.21699
-3.23828 -3.23748 -3.23484 -3.22553
-3.24362 -3.24309 -3.24169 -3.23116
-3.24807 -3.2458 -3.24456 -3.23419
-3.24983 -3.24653 -3.2449 -3.23537
-3.14506 -3.19494 -3.14956 -3.22962
-2.83062 -3.08385 -2.99003 -3.16225
-2.45672 -2.96871 -2.82147 -3.08765
-2.28793 -2.90252 -2.69694 -3.05879
-2.40164 -2.9364 -2.66677 -3.12744
-2.83329 -3.12137 -2.78435 -3.23721
-3.25337 -3.25074 -3.10192 -3.24135
-3.26229 -3.25666 -3.25409 -3.24753
-3.26851 -3.26224 -3.25906 -3.25335
-3.27029 -3.26537 -3.26164 -3.25675
-3.13526 -3.26662 -3.26241 -3.25832
-2.70896 -3.2589 -3.21321 -3.25863
-2.31016 -3.17602 -3.09383 -3.21952
-2.19735 -3.07584 -2.95965 -3.16557
-2.38121 -3.01573 -2.86464 -3.15057
-2.74624 -2.95041 -2.76095 -3.12566
-2.939 -2.83231 -2.60044 -3.04077
-2.6814 -2.61533 -2.33973 -2.84847
-2.00549 -2.26004 -1.94667 -2.50826
-1.12176 -1.79482 -1.45794 -2.04885
-0.401474 -1.26549 -0.92478 -1.51736
0.0568128 -0.727285 -0.401435 -0.971389
0.350851 -0.225065 0.0735329 -0.45825
0.57731 0.214764 0.481391 -0.00628813
0.839337 0.582842 0.818758 0.373814
1.12267 0.881231 1.09104 0.683237
1.37978 1.11759 1.30711 0.929013
1.57293 1.30804 1.48208 1.12803
1.70265 1.46701 1.62883 1.29556
1.79635 1.6043 1.75587 1.44181
1.87895 1.72631 1.86863 1.57319
1.97088 1.83727 1.97066 1.69377
2.07214 1.94004 2.06439 1.80622
2.16851 2.03383 2.14932 1.90904
2.24842 2.11661 2.22397 1.99943
2.30749 2.18767 2.28798 2.07637
2.35012 2.247 2.34155 2.13982
2.383 2.29671 2.38661 2.19238
2.4145 2.34041 2.42637 2.23851
2.44848 2.38075 2.46313 2.28143
2.48513 2.41851 2.49765 2.32205
2.51954 2.45262 2.52901 2.35889
2.54865 2.48236 2.55655 2.39094
2.56995 2.50723 2.5798 2.41747
2.58436 2.52684 2.59835 2.43791
2.59393 2.54135 2.61228 2.45239
2.60172 2.55241 2.62298 2.46289
2.60926 2.56141 2.63162 2.47108
2.61681 2.56955 2.63924 2.47843
2.62435 2.57745 2.64641 2.4857
2.62923 2.58334 2.6516 2.49069
2.62369 2.58553 2.65337 2.49133
2.44625 2.49286 2.55028 2.35445
2.17538 2.30351 2.346 2.13291
1.8896 2.08435 2.10839 1.89477
1.70753 1.90087 1.90277 1.70458
1.6931 1.81465 1.78898 1.6212
1.89914 1.8885 1.82582 1.70462
2.16359 2.06752 1.96324 1.89559
2.37966 2.27409 2.13754 2.11337
2.50154 2.43656 2.28441 2.28788
2.54496 2.52718 2.35796 2.39095
2.57658 2.58812 2.40079 2.46434
2.67152 2.64688 2.455 2.53625
2.81797 2.71367 2.54821 2.6172
2.89791 2.78334 2.67732 2.70207
2.91999 2.83691 2.78562 2.76983
2.93021 2.87231 2.8534 2.81655
2.93707 2.89509 2.89186 2.84751
2.9428 2.91113 2.91558 2.86949
2.94804 2.9237 2.9321 2.88657
2.95345 2.93445 2.94485 2.90086
2.9597 2.94427 2.95555 2.91354
2.96621 2.9533 2.96472 2.92486
2.97252 2.96139 2.97245 2.93475
2.97801 2.96838 2.9788 2.94313
2.98276 2.97445 2.98408 2.95033
2.98697 2.98001 2.9888 2.95687
2.99123 2.98531 2.99327 2.96307
2.99591 2.99054 2.99765 2.96914
3.00117 2.99583 3.00209 2.97523
3.0065 3.00108 3.0065 2.98122
3.01113 3.00585 3.01042 2.98667
3.01448 3.00971 3.01341 2.99113
3.01626 3.01224 3.01505 2.99418
3.01026 3.01328 3.01518 2.99569
2.93743 3.00629 2.92058 2.99606
2.80161 2.92809 2.75469 2.9612
2.65701 2.81329 2.55365 2.89229
2.5552 2.69621 2.35281 2.82327
2.48222 2.59845 2.17377 2.77533
2.39435 2.49424 1.99208 2.72193
2.26831 2.3653 1.79166 2.64388
2.13248 2.22939 1.59046 2.55872
1.99171 2.10325 1.40421 2.48338
1.8943 1.99904 1.24323 2.4304
1.77957 1.89005 1.08378 2.37153
1.6457 1.75163 0.905668 2.27978
1.45316 1.56215 0.693003 2.13021
1.17752 1.30527 0.435712 1.90179
0.809646 0.973076 0.131391 1.58064
0.381221 0.56964 -0.213483 1.16473
-0.090242 0.112715 -0.584105 0.668263
-0.529475 -0.340425 -0.940061 0.157668
-0.911686 -0.749768 -1.25632 -0.314932
-1.23439 -1.09735 -1.52357 -0.72201
-1.48947 -1.38081 -1.7423 -1.05599
-1.68906 -1.60584 -1.91759 -1.3209
-1.84275 -1.78083 -2.05576 -1.52542
-1.95933 -1.91391 -2.16268 -1.67863
-2.04525 -2.01162 -2.24303 -1.788
-2.11165 -2.0852 -2.30494 -1.86752
-2.16581 -2.14438 -2.35552 -1.92958
-2.21556 -2.19603 -2.39978 -1.98298
-2.25708 -2.24014 -2.43775 -2.02736
-2.28728 -2.27411 -2.46763 -2.05877
-2.30394 -2.29571 -2.48791 -2.07366
-2.26952 -2.30256 -2.49703 -2.02982
-2.01503 -2.17653 -2.43306 -1.78733
-1.5994 -1.86798 -2.18136 -1.37297
-1.13686 -1.4582 -1.82211 -0.87372
-0.727877 -1.03169 -1.43759 -0.379288
-0.440115 -0.667083 -1.10469 0.0315907
-0.301756 -0.427801 -0.887513 0.303815
-0.263556 -0.303199 -0.776731 0.456756
-0.164304 -0.197621 -0.675074 0.583973
0.0119869 -0.0670139 -0.537632 0.725903
0.186528 0.0561319 -0.399265 0.853248
0.329512 0.143753 -0.290857 0.942455
0.364997 0.170668 -0.239899 0.973507
0.232058 0.0910952 -0.283569 0.898574
-0.0966176 -0.137448 -0.473022 0.66705
-0.590873 -0.530787 -0.830013 0.259615
-1.13776 -1.03716 -1.30765 -0.284007
-1.5765 -1.50481 -1.74955 -0.816129
-1.88984 -1.85851 -2.07718 -1.24569
-2.08412 -2.09381 -2.28854 -1.54804
-2.18715 -2.23395 -2.40931 -1.73571
-2.25178 -2.32104 -2.48099 -1.85581
-2.29797 -2.37726 -2.52451 -1.93525
-2.33703 -2.4157 -2.55185 -1.99084
-2.37099 -2.44513 -2.571 -2.03426
-2.41627 -2.45853 -2.57438 -2.05526
-2.31637 -2.40299 -2.45885 -2.00902
-1.9933 -2.16935 -2.16227 -1.7868
-1.52809 -1.78836 -1.71946 -1.41967
-0.977651 -1.3044 -1.18295 -0.950503
-0.431444 -0.770759 -0.614167 -0.43075
0.0615191 -0.242387 -0.0706556 0.0846234
0.482929 0.23636 0.407502 0.549398
0.864639 0.66615 0.824645 0.963605
1.22149 1.05309 1.19005 1.33317
1.54899 1.39941 1.50942 1.66004
1.82433 1.69424 1.77757 1.93312
2.04436 1.93388 1.99469 2.14974
2.21182 2.12335 2.16702 2.3165
2.33924 2.27102 2.30258 2.44306
2.43631 2.38537 2.40895 2.53859
2.51804 2.47783 2.49586 2.61442
2.59256 2.55765 2.57123 2.67932
2.66225 2.63005 2.63964 2.73803
2.72457 2.69488 2.70123 2.79033
2.777 2.75053 2.75476 2.8348
2.8193 2.79696 2.80017 2.87148
2.85261 2.83473 2.83787 2.90092
2.87946 2.86546 2.86921 2.92459
2.90256 2.89142 2.89615 2.94447
2.92344 2.91418 2.92007 2.96188
2.94362 2.93485 2.94199 2.97778
2.96254 2.95391 2.96231 2.99254
2.97986 2.97107 2.98076 3.00584
2.99407 2.98607 2.99709 3.01741
3.00558 2.99871 3.0111 3.02703
3.01355 3.00876 3.02256 3.03446
3.01892 3.016 3.03126 3.03946
3.02158 3.02037 3.03716 3.04197
3.02336 3.02269 3.04102 3.04272
3.02647 3.02369 3.04353 3.02155
3.06067 3.02407 3.04535 2.97212
3.10418 3.02442 3.04701 2.92783
3.08375 3.02451 3.0483 2.87553
3.03709 3.00235 3.04903 2.80251
2.95584 2.94061 3.04763 2.69762
2.8453 2.84861 3.00763 2.57106
2.71961 2.73573 2.93821 2.43285
2.59479 2.60454 2.84177 2.28606
2.44116 2.45785 2.72095 2.13361
2.32882 2.33448 2.61553 2.01224
2.23909 2.23167 2.52319 1.91812
2.17071 2.15114 2.44611 1.85181
2.13296 2.09542 2.38727 1.81479
2.0992 2.0504 2.33237 1.79288
2.04326 1.99953 2.26462 1.76976
1.92512 1.9269 2.16814 1.72974
1.75947 1.81776 2.02857 1.65813
1.60227 1.69077 1.86632 1.57235
1.48413 1.5735 1.7107 1.49859
1.43352 1.49085 1.58754 1.46093
1.3962 1.43609 1.48988 1.45256
1.34111 1.3894 1.3977 1.45353
1.2488 1.33207 1.29287 1.44176
1.15775 1.26825 1.18038 1.4216
1.07869 1.2156 1.07794 1.41529
1.0414 1.17561 0.987046 1.42479
1.02541 1.13799 0.898177 1.43648
0.964992 1.09301 0.802845 1.43705
0.840215 1.03151 0.693683 1.41355
0.681682 0.945335 0.564708 1.35352
0.528496 0.84108 0.423098 1.26433
0.413888 0.741588 0.2891 1.1776
0.317958 0.655835 0.169871 1.10672
0.221575 0.574876 0.0574499 1.0387
0.129238 0.495022 -0.0513493 0.967803
0.0230575 0.420864 -0.153015 0.901124
-0.0870445 0.354802 -0.245941 0.842768
-0.167419 0.295227 -0.331601 0.790667
-0.227583 0.240619 -0.411271 0.74287
-0.292652 0.189165 -0.486339 0.696892
-0.353925 0.137876 -0.558927 0.648198
-0.425887 0.0856322 -0.629755 0.595196
-0.491372 0.0386548 -0.694613 0.548566
-0.533791 0.00268957 -0.749977 0.518286
-0.533333 -0.0168011 -0.792811 0.513886
-0.497387 -0.0140208 -0.82099 0.54743
-0.457205 0.0149714 -0.840056 0.603827
-0.420783 0.055093 -0.855018 0.667602
-0.385925 0.0912798 -0.870574 0.723616
-0.390134 0.108532 -0.891162 0.757119
-0.367938 0.136478 -0.907527 0.798032
-0.337728 0.17367 -0.920108 0.84504
-0.280014 0.217408 -0.929691 0.895552
-0.20784 0.265103 -0.937014 0.947046
-0.136564 0.318144 -0.941644 1.0009
-0.0932556 0.37847 -0.943007 1.05897
-0.0661479 0.434354 -0.944547 1.10946
-0.0364014 0.471633 -0.950412 1.1383
-0.0204287 0.476358 -0.96461 1.13184
-0.0706305 0.434829 -0.990828 1.07692
-0.205818 0.334088 -1.03217 0.961394
-0.424995 0.16381 -1.09082 0.775794
-0.668128 -0.0540001 -1.1607 0.54232
-0.885961 -0.284847 -1.23334 0.295108
-1.06093 -0.499658 -1.30188 0.0631961
-1.18684 -0.677726 -1.36095 -0.131904
-1.29518 -0.823042 -1.41149 -0.293715
-1.40575 -0.9503 -1.45759 -0.437227
-1.51702 -1.0709 -1.50263 -0.574266
-1.61782 -1.17978 -1.54492 -0.699014
-1.6833 -1.26213 -1.57911 -0.794819
-1.72439 -1.318 -1.60454 -0.861202
-1.7466 -1.35869 -1.62465 -0.910398
-1.77457 -1.39342 -1.64247 -0.952568
-1.85361 -1.43015 -1.66076 -0.996532
-1.97846 -1.47565 -1.68204 -1.04994
-2.11433 -1.53001 -1.70657 -1.11307
-2.21445 -1.5839 -1.73109 -1.17572
-2.28329 -1.62971 -1.75272 -1.22947
-2.31993 -1.66436 -1.77011 -1.27099
-2.34569 -1.69152 -1.78461 -1.30464
-2.36301 -1.71105 -1.79608 -1.33035
-2.40541 -1.72369 -1.80472 -1.34902
-2.47022 -1.73327 -1.81204 -1.36502
-2.51132 -1.74343 -1.81943 -1.38235
-2.55818 -1.75762 -1.82826 -1.4047
-2.59748 -1.7782 -1.83949 -1.43447
-2.63148 -1.80178 -1.85172 -1.46756
-2.66854 -1.82517 -1.86365 -1.50034
-2.70138 -1.84598 -1.87429 -1.53016
-2.73428 -1.87124 -1.88677 -1.56514
-2.76778 -1.90698 -1.90402 -1.61205
-2.79575 -1.94819 -1.92416 -1.66524
-2.81889 -1.99061 -1.94544 -1.71987
-2.83593 -2.03084 -1.96628 -1.77208
-2.84838 -2.06633 -1.98531 -1.81891
-2.85725 -2.09819 -2.00291 -1.86157
-2.86482 -2.12769 -2.01961 -1.90139
-2.87169 -2.15589 -2.03587 -1.93945
-2.87814 -2.18364 -2.05212 -1.97663
-2.88411 -2.21261 -2.06933 -2.01472
-2.89001 -2.24426 -2.08849 -2.05533
-2.89612 -2.27956 -2.11045 -2.09956
-2.90213 -2.31698 -2.13456 -2.14575
-2.90801 -2.35453 -2.15974 -2.19177
-2.91411 -2.39368 -2.18725 -2.23938
-2.9202 -2.43383 -2.21693 -2.288
-2.92631 -2.47319 -2.24761 -2.33563
-2.93219 -2.51056 -2.2783 -2.3809
-2.93805 -2.54517 -2.3082 -2.42294
-2.94352 -2.57662 -2.33665 -2.46123
-2.94872 -2.60472 -2.36315 -2.49552
-2.95341 -2.62942 -2.38729 -2.52572
-2.95762 -2.65073 -2.40874 -2.55183
-2.96143 -2.66869 -2.42723 -2.57389
-2.9648 -2.68398 -2.44321 -2.5927
-2.96807 -2.69786 -2.45794 -2.60978
-2.97146 -2.71139 -2.4725 -2.62638
-2.97496 -2.7248 -2.48715 -2.64278
-2.97829 -2.73731 -2.50101 -2.65808
-2.98128 -2.7483 -2.51327 -2.67155
-2.98361 -2.75724 -2.52323 -2.68259
-2.98534 -2.76391 -2.53054 -2.69098
-2.9865 -2.76883 -2.53573 -2.69733
-2.98743 -2.77242 -2.53928 -2.70214
-2.98823 -2.77501 -2.54156 -2.70582
-2.98866 -2.77668 -2.54264 -2.70847
-2.99177 -2.77754 -2.54193 -2.71017
-2.98595 -2.77763 -2.51584 -2.711
-2.95445 -2.7564 -2.46325 -2.70871
-2.87559 -2.70998 -2.38318 -2.68198
-2.78212 -2.63838 -2.2761 -2.63107
-2.71351 -2.56017 -2.16118 -2.57485
-2.65643 -2.49371 -2.05715 -2.53178
-2.63859 -2.45707 -1.98211 -2.51982
-2.63479 -2.44813 -1.93394 -2.53648
-2.67035 -2.46723 -1.91295 -2.58065
-2.73258 -2.5138 -1.91977 -2.64695
-2.79488 -2.57868 -1.95022 -2.72012
-2.84411 -2.64951 -1.99875 -2.78633
-2.88341 -2.7154 -2.05921 -2.8391
-2.91064 -2.7704 -2.1252 -2.87835
-2.93237 -2.81607 -2.19791 -2.90819
-2.94875 -2.85421 -2.27868 -2.93162
-2.95896 -2.88136 -2.34843 -2.94798
-2.9642 -2.89716 -2.38979 -2.95775
-2.94364 -2.90197 -2.38904 -2.96143
-2.83536 -2.84352 -2.29717 -2.91842
-2.60603 -2.66518 -2.08685 -2.75637
-2.2784 -2.37685 -1.76984 -2.48579
-1.89253 -2.01036 -1.38166 -2.13842
-1.47606 -1.6007 -0.961118 -1.74832
-1.06407 -1.18325 -0.545157 -1.34956
-0.690933 -0.789324 -0.16315 -0.972432
-0.354372 -0.432672 0.174498 -0.630113
-0.0519077 -0.113767 0.469953 -0.322927
0.218655 0.168866 0.726817 -0.0496862
0.43852 0.404764 0.938922 0.177712
0.584594 0.574356 1.0936 0.336873
0.640759 0.663586 1.18313 0.410578
0.604611 0.676973 1.21373 0.394989
0.509258 0.613312 1.2017 0.290419
0.389405 0.512867 1.15055 0.150872
0.316326 0.42742 1.11103 0.0285301
0.343444 0.406358 1.13314 -0.0290413
0.470132 0.476018 1.24236 0.00213827
0.602571 0.598125 1.39777 0.086174
0.747935 0.747155 1.57017 0.198944
0.962347 0.943759 1.77235 0.364255
1.19941 1.17973 1.98696 0.578868
1.32676 1.35036 2.1317 0.734499
1.28792 1.39022 2.17646 0.753595
1.17713 1.31803 2.13496 0.659934
0.9865 1.15626 2.00278 0.48447
0.766378 0.938867 1.81092 0.262301
0.545918 0.699982 1.59019 0.0275099
0.302899 0.445035 1.34277 -0.215135
0.0453176 0.180048 1.07227 -0.460434
-0.187157 -0.0663163 0.808666 -0.682141
-0.385773 -0.273492 0.576575 -0.862773
-0.523232 -0.428235 0.394505 -0.991933
-0.60304 -0.521309 0.276696 -1.06238
-0.589001 -0.543329 0.236435 -1.06556
-0.557049 -0.519208 0.236169 -1.00765
-0.538691 -0.497311 0.233063 -0.947145
-0.618207 -0.53791 0.185436 -0.943405
-0.843671 -0.698189 0.0560108 -1.05393
-1.07415 -0.918548 -0.112304 -1.2225
-1.22669 -1.11116 -0.26248 -1.36352
-1.34166 -1.26899 -0.391733 -1.47175
-1.45914 -1.41006 -0.513423 -1.56778
-1.58712 -1.54811 -0.638127 -1.66809
-1.74147 -1.6924 -0.773755 -1.78445
-1.9141 -1.8471 -0.925298 -1.92245
-2.07295 -1.99878 -1.08341 -2.06537
-2.20128 -2.13192 -1.23387 -2.19263
-2.29989 -2.24006 -1.3673 -2.29454
-2.36954 -2.32206 -1.47809 -2.36843
-2.41427 -2.37884 -1.56295 -2.41429
-2.44048 -2.41662 -1.62614 -2.43861
-2.46323 -2.44463 -1.67739 -2.45211
-2.48512 -2.46943 -1.72434 -2.46298
-2.51276 -2.49602 -1.77322 -2.47827
-2.54828 -2.52811 -1.82901 -2.50375
-2.58881 -2.56571 -1.89235 -2.53988
-2.62836 -2.60475 -1.95854 -2.58058
-2.66464 -2.64234 -2.02383 -2.62119
-2.69696 -2.67669 -2.08549 -2.65866
-2.72468 -2.70682 -2.14161 -2.69125
-2.74847 -2.73274 -2.19167 -2.71879
-2.77002 -2.75537 -2.23666 -2.74246
-2.78599 -2.77354 -2.27434 -2.76049
-2.79755 -2.78726 -2.30436 -2.77283
-2.81039 -2.80037 -2.33296 -2.78494
-2.82598 -2.81537 -2.36435 -2.8003
-2.8408 -2.83069 -2.39602 -2.81653
-2.85503 -2.84511 -2.42596 -2.83186
-2.86705 -2.85781 -2.45268 -2.84509
-2.87746 -2.86916 -2.47682 -2.85677
-2.88479 -2.8786 -2.49733 -2.86615
-2.8908 -2.88568 -2.51335 -2.87262
-2.89677 -2.89153 -2.52687 -2.87771
-2.90279 -2.89712 -2.53966 -2.88277
-2.90945 -2.90335 -2.55332 -2.88894
-2.91787 -2.91096 -2.56924 -2.89717
-2.92853 -2.92056 -2.58856 -2.90813
-2.94165 -2.93253 -2.61215 -2.92215
-2.95498 -2.94581 -2.63816 -2.93761
-2.96786 -2.95928 -2.66454 -2.95296
-2.97986 -2.97208 -2.68968 -2.96721
-2.99003 -2.98359 -2.71232 -2.97971
-2.99851 -2.99331 -2.73148 -2.99002
-3.00602 -3.00157 -2.74777 -2.99864
-3.01314 -3.00891 -2.7622 -3.00624
-3.01935 -3.01528 -2.77464 -3.01278
-3.02425 -3.02037 -2.78448 -3.01795
-3.02692 -3.02391 -2.79115 -3.02146
-3.02734 -3.0256 -2.79405 -3.02301
-3.00648 -3.02586 -2.79217 -3.02308
-2.98293 -3.01413 -2.7593 -3.00403
-3.01403 -3.02435 -2.74264 -3.00982
-3.0709 -3.06198 -2.75695 -3.04754
-3.09265 -3.08726 -2.78415 -3.07491
-3.09974 -3.0975 -2.80636 -3.08605
-3.10596 -3.10135 -2.80718 -3.09036
-3.09397 -3.10236 -2.77636 -3.09192
-3.05267 -3.09025 -2.7158 -3.09212
-3.00781 -3.05175 -2.62762 -3.07479
-2.94298 -2.98446 -2.50966 -3.03325
-2.83196 -2.87712 -2.35111 -2.95555
-2.6654 -2.71945 -2.1428 -2.83038
-2.4185 -2.50272 -1.87841 -2.64761
-2.1165 -2.22977 -1.5643 -2.40831
-1.81719 -1.93448 -1.23591 -2.14513
-1.54497 -1.64756 -0.923137 -1.88847
-1.30784 -1.38866 -0.643273 -1.65857
-1.0667 -1.14422 -0.384002 -1.44121
-0.819774 -0.902872 -0.135984 -1.22412
-0.563297 -0.658237 0.105385 -0.999919
-0.343485 -0.429071 0.325489 -0.789153
-0.160993 -0.229275 0.51523 -0.607914
-0.0246565 -0.068715 0.669543 -0.468529
0.0570662 0.0452563 0.785663 -0.381073
0.141882 0.132147 0.879402 -0.32357
0.219838 0.208216 0.962979 -0.276777
0.29953 0.287454 1.04605 -0.22327
0.40211 0.381816 1.13614 -0.147343
0.511154 0.482616 1.2272 -0.0594229
0.613299 0.580465 1.31326 0.0284123
0.696329 0.66776 1.38991 0.105764
0.752756 0.738366 1.45397 0.163702
0.809814 0.79962 1.51033 0.211651
0.8744 0.860724 1.56465 0.262233
0.950352 0.929465 1.62145 0.326673
1.04117 1.01207 1.68419 0.414408
1.13909 1.1061 1.75142 0.522404
1.24123 1.20628 1.82028 0.643128
1.34448 1.30813 1.88848 0.769878
1.44326 1.40809 1.95432 0.897092
1.53612 1.50355 2.01659 1.02044
1.62971 1.59666 2.07669 1.14285
1.72739 1.69145 2.13703 1.27006
1.82922 1.79028 2.19917 1.40517
1.93134 1.89085 2.26206 1.54402
2.02832 1.98843 2.32329 1.6788
2.11749 2.07993 2.38124 1.80449
2.19777 2.16359 2.43494 1.91835
2.26847 2.23864 2.48389 2.01927
2.33029 2.30493 2.5279 2.10723
2.38455 2.36268 2.56697 2.18276
2.43108 2.4123 2.6012 2.24668
2.47018 2.45424 2.6307 2.29984
2.5021 2.48893 2.6556 2.34301
2.52708 2.51669 2.67595 2.37678
2.54563 2.53792 2.69188 2.40179
2.55849 2.55334 2.7038 2.41911
2.56626 2.56344 2.71197 2.42943
2.57038 2.56852 2.71655 2.43313
2.52554 2.56786 2.71745 2.38685
2.30779 2.42976 2.60138 2.20995
1.93157 2.13499 2.32059 1.88657
1.49879 1.73601 1.92646 1.47276
1.05181 1.29057 1.47655 1.02734
0.63842 0.851817 1.02527 0.601104
0.288216 0.459234 0.614375 0.229144
0.0142497 0.136148 0.269416 -0.0696171
-0.181754 -0.106547 0.00271158 -0.287324
-0.338715 -0.286368 -0.20282 -0.442293
-0.453472 -0.417272 -0.361015 -0.548426
-0.533665 -0.509592 -0.482205 -0.61556
-0.571777 -0.560633 -0.564257 -0.64019
-0.550707 -0.565091 -0.603209 -0.588107
-0.391811 -0.457751 -0.580375 -0.415311
-0.125023 -0.243427 -0.453006 -0.135435
0.208191 0.057822 -0.236214 0.223982
0.584474 0.418357 0.0510319 0.625544
0.970198 0.803307 0.384087 1.02743
1.34585 1.18519 0.743812 1.40136
1.69042 1.54113 1.10996 1.73014
1.9823 1.85418 1.46054 2.00616
2.21126 2.11095 1.76933 2.22586
2.38445 2.3101 2.0219 2.39385
2.51377 2.45994 2.21879 2.51992
2.60969 2.57112 2.36792 2.61395
2.68073 2.65298 2.47859 2.68387
2.7356 2.7144 2.5617 2.73693
2.77976 2.76249 2.62674 2.77895
2.81644 2.80167 2.67965 2.81353
2.84709 2.83431 2.72359 2.84262
2.87257 2.86157 2.76 2.86715
2.89324 2.88396 2.78945 2.88749
2.90967 2.90218 2.8129 2.9042
2.92431 2.9179 2.83287 2.91874
2.93719 2.93168 2.85013 2.93157
2.94743 2.94313 2.86409 2.94236
2.95673 2.95293 2.87576 2.9517
2.96472 2.96148 2.88573 2.95995
2.97141 2.96879 2.89404 2.96713
2.97809 2.97536 2.9014 2.97368
2.98428 2.9816 2.90842 2.97995
2.99096 2.98786 2.91564 2.98627
2.9976 2.99438 2.92338 2.99283
3.00423 3.00089 2.93121 2.99938
3.01051 3.00716 2.93879 3.0057
3.0158 3.01303 2.94583 3.01163
3.02156 3.01878 2.95276 3.01744
3.02735 3.02464 2.95994 3.02333
3.03359 3.03083 2.96768 3.02951
3.04067 3.03752 2.97621 3.03614
3.04736 3.04431 2.98492 3.04284
3.05358 3.05081 2.99327 3.04927
3.05932 3.05671 3.00078 3.05514
3.06378 3.06172 3.00708 3.06018
3.0673 3.06598 3.01237 3.06451
3.07129 3.06966 3.01692 3.0683
3.07445 3.07292 3.02093 3.07169
3.07753 3.07591 3.0246 3.07481
3.07973 3.07852 3.0278 3.07757
3.08154 3.08061 3.03031 3.07981
3.0824 3.08202 3.03193 3.08141
3.07888 3.08263 3.0325 3.08224
3.03314 3.06463 3.00527 3.08048
2.92432 2.9871 2.92055 3.01993
2.74845 2.84419 2.77262 2.89513
2.50867 2.63204 2.55771 2.70228
2.23513 2.369 2.29388 2.45932
1.96064 2.08697 2.01246 2.1976
1.70664 1.81477 1.74147 1.9454
1.49923 1.57605 1.50382 1.72626
1.32999 1.38188 1.31003 1.5514
1.20881 1.23345 1.16106 1.42228
1.12044 1.12363 1.04985 1.33195
1.02319 1.03674 0.961085 1.26448
0.933499 0.958802 0.881355 1.20564
0.839334 0.87714 0.798634 1.14239
0.727869 0.780473 0.702218 1.06288
0.615936 0.672172 0.595702 0.970774
0.546223 0.581086 0.507603 0.897684
0.510708 0.520137 0.450482 0.857989
0.464035 0.469783 0.404634 0.829702
0.3979 0.41239 0.352145 0.792365
0.313499 0.339523 0.284201 0.735605
0.258872 0.271672 0.220902 0.682473
0.219815 0.227012 0.18032 0.654111
0.267815 0.2224 0.179478 0.680057
0.405882 0.311957 0.276035 0.800358
0.556019 0.463379 0.435207 0.978202
0.719884 0.640499 0.621747 1.1774
0.863321 0.80957 0.802877 1.36468
1.04092 0.98935 0.998152 1.5593
1.26612 1.19864 1.22669 1.7801
1.51877 1.43487 1.4853 2.02401
1.80034 1.69527 1.76859 2.28673
2.08455 1.96644 2.05745 2.54962
2.34435 2.23173 2.32739 2.78209
2.58195 2.47965 2.5611 2.95397
2.75424 2.68185 2.73705 3.04926
2.86215 2.82125 2.85312 3.09249
2.91412 2.90142 2.9215 3.11025
2.92921 2.93428 2.95527 3.1151
2.8475 2.91046 2.96124 3.06064
2.71204 2.8072 2.90741 2.92818
2.56238 2.65834 2.80889 2.75303
2.42872 2.49787 2.69827 2.56979
2.3226 2.35835 2.60724 2.41049
2.26262 2.26995 2.56621 2.30388
2.3155 2.26124 2.60585 2.2765
2.4234 2.32946 2.72033 2.32399
2.54019 2.44429 2.87861 2.4172
2.64319 2.57471 3.0378 2.52537
2.74892 2.70498 3.1175 2.6337
2.86301 2.83223 3.13325 2.74098
2.9372 2.9302 3.13669 2.82426
3.01361 3.00719 3.13848 2.89725
3.10111 3.08506 3.14033 3.00587
3.13525 3.12889 3.14245 3.1179
3.14505 3.1426 3.14497 3.14432
3.14906 3.14728 3.14794 3.14758
3.15259 3.15063 3.1514 3.15047
3.15614 3.15409 3.15526 3.15373
3.15925 3.15756 3.15916 3.15701
3.16194 3.16071 3.16274 3.15996
3.1637 3.16319 3.16564 3.16224
3.16457 3.16463 3.16751 3.16349
3.10951 3.16481 3.16812 3.16351
2.98561 3.07815 3.12441 3.06517
2.79955 2.91084 2.99932 2.89152
2.57794 2.6887 2.81657 2.6685
2.34123 2.43856 2.60064 2.42216
2.10322 2.18595 2.37543 2.17674
1.89404 1.95312 2.16272 1.95305
1.72128 1.757 1.98016 1.76698
1.54012 1.57934 1.80955 1.59973
1.35186 1.40393 1.63493 1.4351
1.14264 1.21683 1.4428 1.25943
0.902845 1.00698 1.22275 1.06196
0.6848 0.793457 0.996193 0.862189
0.4978 0.593429 0.782397 0.677461
0.348601 0.419984 0.595894 0.520865
0.210471 0.266179 0.429465 0.384729
0.079057 0.124049 0.274544 0.260102
-0.0430593 -0.00604266 0.131362 0.146769
-0.153245 -0.122572 0.00142117 0.0459553
-0.248213 -0.224585 -0.114284 -0.0414356
-0.330431 -0.311576 -0.215119 -0.114707
-0.389464 -0.38026 -0.297461 -0.169831
-0.4299 -0.4267 -0.357038 -0.201786
-0.448519 -0.447051 -0.389779 -0.205452
-0.470318 -0.450132 -0.404717 -0.170325
-0.501353 -0.451109 -0.41717 -0.130632
-0.507579 -0.456302 -0.433236 -0.102491
-0.520035 -0.466146 -0.453115 -0.0869465
-0.598174 -0.487095 -0.483222 -0.101511
-0.70966 -0.519635 -0.524077 -0.148775
-0.783826 -0.554883 -0.567026 -0.206153
-0.846458 -0.58459 -0.60424 -0.251808
-0.857519 -0.601157 -0.628621 -0.265024
-0.780254 -0.590083 -0.633387 -0.224799
-0.687004 -0.530224 -0.600193 -0.141042
-0.671903 -0.475824 -0.573654 -0.0679609
-0.719865 -0.453829 -0.579737 -0.0314981
-0.74562 -0.442757 -0.595754 -0.00883544
-0.718535 -0.421269 -0.599261 0.0224252
-0.647488 -0.383755 -0.583852 0.0684809
-0.630623 -0.363273 -0.582235 0.0965579
-0.679447 -0.391984 -0.62667 0.0746945
-0.808238 -0.490612 -0.737874 -0.0179532
-0.979629 -0.640588 -0.896723 -0.16392
-1.15908 -0.820283 -1.08099 -0.343478
-1.32738 -1.00818 -1.2692 -0.536585
-1.47835 -1.18668 -1.44465 -0.725686
-1.61381 -1.34414 -1.59718 -0.897651
-1.72484 -1.47443 -1.72228 -1.04408
-1.81279 -1.57599 -1.81969 -1.1611
-1.89804 -1.66207 -1.90163 -1.26217
-1.97574 -1.74231 -1.97643 -1.35735
-2.04859 -1.82344 -2.04963 -1.45398
-2.1081 -1.89817 -2.1154 -1.54319
-2.15561 -1.96141 -2.17015 -1.61864
-2.18982 -2.00984 -2.21191 -1.67608
-2.20446 -2.04101 -2.23939 -1.71232
-2.22179 -2.06181 -2.25842 -1.73596
-2.28086 -2.07891 -2.27444 -1.75551
-2.36963 -2.09809 -2.29197 -1.77841
-2.43384 -2.11706 -2.30927 -1.8018
-2.47625 -2.13222 -2.32365 -1.82099
-2.5202 -2.14706 -2.33766 -1.84032
-2.60169 -2.16666 -2.35496 -1.86614
-2.69295 -2.19522 -2.37848 -1.90371
-2.75248 -2.23086 -2.4067 -1.95048
-2.78841 -2.26956 -2.43669 -2.00128
-2.81357 -2.31085 -2.46817 -2.05559
-2.83281 -2.35543 -2.50177 -2.1145
-2.84794 -2.40323 -2.53757 -2.1781
-2.85946 -2.45096 -2.57329 -2.24208
-2.86837 -2.49469 -2.60619 -2.30109
-2.87525 -2.53235 -2.63477 -2.35218
-2.88057 -2.56301 -2.65831 -2.39393
-2.88437 -2.58628 -2.6765 -2.42573
-2.88723 -2.60355 -2.69026 -2.44938
-2.89012 -2.61756 -2.7016 -2.46864
-2.89303 -2.63044 -2.71202 -2.48636
-2.89593 -2.64302 -2.72211 -2.50363
-2.89815 -2.65469 -2.73142 -2.51956
-2.90011 -2.66493 -2.73956 -2.53345
-2.9019 -2.67329 -2.74622 -2.54472
-2.90281 -2.67937 -2.75112 -2.55289
-2.90834 -2.68309 -2.75423 -2.55792
-2.90786 -2.68533 -2.75621 -2.56107
-2.90901 -2.68688 -2.75767 -2.56348
-2.90943 -2.6885 -2.75917 -2.56618
-2.9101 -2.69072 -2.76109 -2.56989
-2.91102 -2.69296 -2.763 -2.57376
-2.91143 -2.69468 -2.76446 -2.57699
-2.89904 -2.69533 -2.76507 -2.57885
-2.84082 -2.67732 -2.74844 -2.57724
-2.79154 -2.64669 -2.71669 -2.56408
-2.78066 -2.62209 -2.68846 -2.55794
-2.782 -2.60635 -2.66675 -2.5616
-2.82928 -2.62174 -2.67423 -2.59662
-2.88168 -2.68468 -2.72909 -2.67298
-2.89655 -2.74901 -2.78609 -2.74201
-2.90122 -2.7892 -2.82008 -2.78431
-2.90478 -2.80457 -2.83097 -2.8033
-2.82883 -2.77291 -2.78786 -2.79634
-2.7245 -2.68782 -2.69123 -2.73812
-2.61589 -2.57818 -2.56964 -2.65746
-2.52778 -2.47284 -2.45142 -2.58262
-2.49489 -2.40034 -2.36438 -2.54119
-2.4698 -2.34747 -2.29478 -2.51897
-2.45271 -2.31165 -2.23972 -2.51274
-2.44294 -2.29905 -2.20537 -2.5283
-2.43805 -2.31539 -2.19778 -2.56979
-2.47848 -2.35628 -2.21409 -2.62739
-2.54974 -2.41066 -2.24627 -2.68497
-2.611 -2.46722 -2.28585 -2.73253
-2.64792 -2.52173 -2.33023 -2.76972
-2.69384 -2.57407 -2.38046 -2.79914
-2.7276 -2.61687 -2.42582 -2.82023
-2.76356 -2.64173 -2.45009 -2.83256
-2.77004 -2.64992 -2.45038 -2.83849
-2.7629 -2.64493 -2.42787 -2.84089
-2.73868 -2.62842 -2.3937 -2.84166
-2.71537 -2.61203 -2.35904 -2.84223
-2.73667 -2.607 -2.33492 -2.84394
-2.75112 -2.61199 -2.32007 -2.8465
-2.72849 -2.60446 -2.29229 -2.84736
-2.67297 -2.56929 -2.2371 -2.82628
-2.57818 -2.50725 -2.15596 -2.77809
-2.4567 -2.41927 -2.05044 -2.70448
-2.33588 -2.30785 -1.92352 -2.6085
-2.22335 -2.17975 -1.78208 -2.49703
-2.09453 -2.04188 -1.63288 -2.37676
-1.96956 -1.90071 -1.48187 -2.2536
-1.84186 -1.76269 -1.33483 -2.13331
-1.71706 -1.63078 -1.19407 -2.01823
-1.56319 -1.49138 -1.04609 -1.89415
-1.46018 -1.37718 -0.92234 -1.7941
-1.43794 -1.31904 -0.852093 -1.74964
-1.52212 -1.34656 -0.863132 -1.7907
-1.63249 -1.44049 -0.941667 -1.89436
-1.76526 -1.57475 -1.06529 -2.02988
-1.89337 -1.72125 -1.2097 -2.16611
-2.00928 -1.85658 -1.3522 -2.28215
-2.10565 -1.96617 -1.47504 -2.36975
-2.17716 -2.05212 -1.57735 -2.4347
-2.23377 -2.118 -1.66031 -2.4824
-2.27839 -2.16693 -1.72527 -2.5167
-2.31547 -2.20421 -1.77721 -2.54207
-2.34858 -2.23811 -1.82581 -2.56421
-2.37966 -2.27569 -1.87987 -2.5876
-2.4127 -2.31288 -1.93382 -2.60972
-2.44052 -2.34404 -1.97982 -2.62739
-2.45372 -2.3649 -2.01189 -2.63842
-2.4405 -2.3717 -2.02486 -2.64083
-2.35021 -2.33572 -1.99819 -2.59652
-2.21294 -2.24409 -1.91754 -2.498
-2.05345 -2.10748 -1.79372 -2.35686
-1.88627 -1.93711 -1.63771 -2.18476
-1.73264 -1.75661 -1.47247 -2.00511
-1.54788 -1.56078 -1.29184 -1.81205
-1.32204 -1.33689 -1.08212 -1.59205
-1.07094 -1.09265 -0.850211 -1.3521
-0.804448 -0.835928 -0.603542 -1.09944
-0.531136 -0.570716 -0.346154 -0.83762
-0.249577 -0.297012 -0.0785905 -0.566359
0.0412795 -0.0157921 0.197238 -0.286423
0.336187 0.27076 0.47804 0.000260896
0.623723 0.55718 0.757408 0.288532
0.900843 0.834557 1.026 0.56967
1.15618 1.09571 1.27674 0.836637
1.38802 1.33561 1.50508 1.08442
1.59295 1.55148 1.70889 1.31004
1.7719 1.74112 1.88675 1.51073
1.92026 1.90084 2.03591 1.68151
2.04059 2.03049 2.15685 1.82105
2.13342 2.13171 2.25157 1.93007
2.19956 2.20663 2.32237 2.00994
2.24442 2.25779 2.37185 2.06272
2.2764 2.29242 2.40656 2.09649
2.29638 2.31572 2.43108 2.11712
2.31236 2.33173 2.44891 2.12925
2.32745 2.34379 2.4629 2.13686
2.33987 2.35482 2.47549 2.14357
2.35146 2.36745 2.48889 2.15277
2.36521 2.381 2.50258 2.16369
2.37855 2.3947 2.51602 2.17547
2.38919 2.40786 2.52874 2.18732
2.39767 2.41982 2.54032 2.19848
2.40965 2.43002 2.55038 2.20826
2.4203 2.43819 2.55873 2.2163
2.44603 2.44411 2.56519 2.22222
2.45672 2.44757 2.56955 2.2256
2.42831 2.44836 2.57157 2.22604
2.44343 2.44351 2.57213 2.22071
2.48958 2.43901 2.57242 2.2178
2.5211 2.44509 2.57358 2.22698
2.50998 2.45881 2.57527 2.24504
2.48781 2.47114 2.57646 2.26305
2.46783 2.47285 2.57368 2.2723
2.45624 2.46564 2.56043 2.27511
2.44205 2.45804 2.54593 2.28059
2.46426 2.45867 2.53927 2.29758
2.49755 2.47631 2.54945 2.33463
2.5393 2.50852 2.57397 2.38853
2.58148 2.54254 2.59981 2.44554
2.60015 2.56592 2.61415 2.49259
2.59882 2.57962 2.61754 2.53028
2.60547 2.60061 2.62675 2.57398
2.66852 2.64497 2.65816 2.63642
2.77822 2.71667 2.71724 2.71713
2.88615 2.8001 2.79086 2.79966
2.95676 2.87854 2.86422 2.87147
3.00429 2.94172 2.92658 2.92789
3.0358 2.98893 2.97558 2.9707
3.05756 3.02268 3.01195 3.00263
3.07797 3.04635 3.03811 3.02633
3.09084 3.06297 3.05666 3.04398
3.09928 3.07472 3.06976 3.05721
3.10286 3.08312 3.07898 3.06717
3.10688 3.08914 3.08538 3.07468
3.11042 3.09337 3.08961 3.08029
3.11397 3.09613 3.09199 3.08432
3.09575 3.09756 3.0926 3.08696
3.08153 3.09765 3.07876 3.08831
3.04997 3.07671 3.0421 3.08835
2.97985 3.03064 2.98022 3.06409
2.88836 2.95681 2.89101 3.01266
2.77248 2.8505 2.77018 2.92961
2.62324 2.70774 2.61415 2.81099
2.44826 2.54007 2.43453 2.66812
2.26751 2.3604 2.24398 2.51341
2.09831 2.18101 2.0543 2.35865
1.94733 2.01302 1.87596 2.21461
1.81631 1.8661 1.71801 2.09087
1.69908 1.73553 1.57558 1.98242
1.57471 1.61361 1.44118 1.88125
1.44017 1.49315 1.3082 1.78004
1.3305 1.38471 1.18719 1.6904
1.26519 1.30391 1.09326 1.62965
1.24699 1.26519 1.04003 1.61403
1.26388 1.26472 1.02365 1.64514
1.32381 1.29799 1.03581 1.70972
1.37933 1.34937 1.06739 1.79152
1.42374 1.40335 1.10299 1.87451
1.44995 1.44468 1.12739 1.94308
1.44375 1.45842 1.12552 1.98243
1.42776 1.44362 1.09634 1.99197
1.39487 1.41256 1.05198 1.98364
1.36068 1.37741 1.00454 1.96929
1.35048 1.35016 0.965812 1.96066
1.35491 1.34237 0.947219 1.96916
1.39089 1.36533 0.959987 2.00573
1.47438 1.43002 1.01544 2.08097
1.59829 1.53667 1.11416 2.19442
1.7235 1.66531 1.23679 2.32454
1.83544 1.79571 1.3639 2.44902
1.93931 1.91279 1.48114 2.55258
2.03792 2.01516 1.58746 2.63524
2.11963 2.10214 1.68205 2.69881
2.19426 2.17015 1.76054 2.74337
2.20934 2.20754 1.80954 2.7634
2.19781 2.22687 1.84137 2.76954
2.21022 2.23954 1.86753 2.76997
2.25328 2.25629 1.89895 2.77208
2.32037 2.28718 1.94582 2.78291
2.41986 2.34011 2.01644 2.80772
2.50958 2.41 2.1057 2.84227
2.60637 2.49076 2.20778 2.88183
2.71868 2.57783 2.31851 2.92316
2.83683 2.66602 2.4328 2.96316
2.93454 2.75038 2.54524 2.99947
2.99537 2.81973 2.64179 3.02734
3.03047 2.86991 2.71558 3.0461
3.04468 2.90091 2.76511 3.05653
3.05758 2.91963 2.79849 3.06191
3.06376 2.9311 2.82205 3.06434
3.06911 2.93872 2.84012 3.0652
3.07531 2.94509 2.85587 3.06558
3.0793 2.95236 2.87177 3.0665
3.12063 2.96226 2.88968 3.06887
3.13128 2.97589 2.91079 3.07338
3.13262 2.99043 2.93202 3.07863
3.13353 3.0025 2.94982 3.08285
3.13351 3.00986 2.96192 3.08479
3.09708 3.01059 2.96657 3.06328
3.0118 2.96546 2.94988 2.99392
2.91188 2.88225 2.8953 2.89025
2.8124 2.77432 2.81538 2.76587
2.71205 2.6553 2.72268 2.6341
2.62948 2.53856 2.62951 2.50752
2.55173 2.43673 2.54776 2.39775
2.47934 2.36139 2.48878 2.31538
2.44604 2.31917 2.45937 2.2663
2.43583 2.31095 2.46092 2.25104
2.47313 2.33905 2.496 2.27183
2.56505 2.4045 2.56605 2.33072
2.68363 2.50744 2.67163 2.42831
2.8111 2.64383 2.80562 2.5618
2.93944 2.79657 2.94009 2.7177
3.03757 2.93321 3.03795 2.86784
3.09084 3.02594 3.09097 2.98002
3.1153 3.07777 3.11672 3.04799
3.12728 3.10507 3.12979 3.08534
3.13437 3.12007 3.13723 3.10603
3.13883 3.12938 3.1422 3.11871
3.14281 3.13585 3.14597 3.12727
3.1459 3.1408 3.14915 3.13358
3.14903 3.14488 3.15201 3.13858
3.15123 3.14817 3.15451 3.14242
3.15304 3.15074 3.15657 3.14528
3.15435 3.15258 3.15809 3.14723
3.1557 3.15363 3.15896 3.14824
3.13971 3.15375 3.15903 3.14638
3.09661 3.10124 3.10352 3.08477
2.97897 2.99655 2.99534 2.97378
2.80221 2.85055 2.84474 2.82428
2.60723 2.67478 2.66259 2.64755
2.41673 2.48213 2.46125 2.45603
2.23642 2.28495 2.25283 2.26165
2.06546 2.09425 2.04843 2.07507
1.89672 1.91933 1.85765 1.90541
1.74485 1.76783 1.68856 1.76028
1.6307 1.64599 1.54782 1.64606
1.55387 1.55927 1.44109 1.56835
1.48637 1.49891 1.36007 1.51851
1.44951 1.45087 1.29139 1.4825
1.40999 1.40218 1.22284 1.44723
1.34292 1.34083 1.14319 1.40034
1.22924 1.25597 1.04241 1.33038
1.08935 1.13841 0.912159 1.22735
0.935259 0.993092 0.757402 1.09558
0.788255 0.834919 0.592152 0.949666
0.641712 0.676807 0.428295 0.802445
0.498704 0.529289 0.27532 0.664612
0.375256 0.4006 0.140492 0.544798
0.282 0.297143 0.0293287 0.450002
0.209131 0.216969 -0.0601394 0.378528
0.133221 0.147967 -0.138689 0.317833
0.0594829 0.0795343 -0.215435 0.256882
-0.0248869 0.0024006 -0.298114 0.18592
-0.130139 -0.0911655 -0.393046 0.0966432
-0.253613 -0.20278 -0.501363 -0.0128181
-0.375255 -0.322726 -0.614786 -0.132056
-0.489827 -0.442722 -0.726567 -0.252251
-0.593267 -0.556164 -0.831529 -0.366366
-0.683443 -0.658057 -0.925872 -0.469019
-0.76206 -0.744739 -1.00686 -0.556153
-0.823805 -0.813485 -1.07244 -0.624606
-0.8682 -0.862057 -1.12091 -0.671636
-0.905033 -0.888237 -1.15055 -0.694438
-0.86068 -0.890128 -1.1599 -0.682797
-0.791806 -0.844366 -1.14471 -0.621631
-0.740302 -0.775804 -1.10369 -0.539855
-0.699867 -0.713388 -1.06477 -0.465791
-0.710541 -0.685384 -1.05559 -0.42708
-0.790046 -0.719164 -1.10333 -0.450576
-0.893077 -0.804851 -1.19787 -0.526471
-1.01428 -0.928022 -1.32432 -0.641464
-1.05916 -1.02762 -1.42364 -0.73509
-1.16084 -1.13772 -1.53005 -0.843078
-1.30163 -1.26001 -1.64524 -0.968018
-1.47482 -1.38843 -1.76325 -1.10382
-1.63071 -1.50814 -1.87059 -1.23406
-1.74237 -1.60704 -1.95726 -1.34436
-1.83121 -1.69194 -2.02988 -1.44084
-1.91559 -1.7725 -2.09678 -1.53312
-2.00529 -1.85542 -2.16348 -1.62808
-2.10274 -1.94458 -2.23308 -1.72993
-2.20734 -2.04099 -2.30644 -1.8401
-2.30284 -2.1381 -2.37876 -1.95166
-2.38274 -2.22858 -2.445 -2.05649
-2.44982 -2.30857 -2.50284 -2.15014
-2.50487 -2.37678 -2.55176 -2.23084
-2.55019 -2.43341 -2.59223 -2.29855
-2.58792 -2.47942 -2.62508 -2.35405
-2.61768 -2.51629 -2.65142 -2.39885
-2.64099 -2.5456 -2.6724 -2.43465
-2.6594 -2.56856 -2.68881 -2.46272
-2.67296 -2.58601 -2.70124 -2.48398
-2.68162 -2.59853 -2.71003 -2.49904
-2.68741 -2.60705 -2.71583 -2.50902
-2.69295 -2.61329 -2.71984 -2.51607
-2.69627 -2.61828 -2.72282 -2.52151
-2.70316 -2.62211 -2.72483 -2.52547
-2.71851 -2.62483 -2.72594 -2.52807
-2.72715 -2.62657 -2.72629 -2.52957
-2.73182 -2.62783 -2.72574 -2.53066
-2.75447 -2.62909 -2.72544 -2.53202
-2.79333 -2.63067 -2.72954 -2.53404
-2.8275 -2.63196 -2.7302 -2.53593
-2.82884 -2.63242 -2.71968 -2.53694
-2.7829 -2.62025 -2.69037 -2.5309
-2.70627 -2.58284 -2.63473 -2.50096
-2.63257 -2.51389 -2.54609 -2.44062
-2.5575 -2.4184 -2.42919 -2.35485
-2.44341 -2.30124 -2.2889 -2.24858
-2.29016 -2.16713 -2.13017 -2.12676
-2.1061 -2.01186 -1.94929 -1.9855
-1.91003 -1.83132 -1.74287 -1.82104
-1.69153 -1.6219 -1.50829 -1.63006
-1.44175 -1.38094 -1.24403 -1.4099
-1.1564 -1.10713 -0.95011 -1.15884
-0.835326 -0.801121 -0.628616 -0.876551
-0.560645 -0.509064 -0.324488 -0.608889
-0.366143 -0.278397 -0.0814119 -0.404076
-0.236914 -0.108963 0.102858 -0.262081
-0.137234 0.00986441 0.239829 -0.17215
-0.0792665 0.087366 0.339096 -0.124972
-0.0473013 0.131671 0.408629 -0.112464
-0.0279529 0.146295 0.451855 -0.13518
-0.0554937 0.128443 0.470047 -0.19404
-0.124141 0.0752495 0.46085 -0.286822
-0.209175 -0.00195007 0.425269 -0.401029
-0.272908 -0.0862832 0.379012 -0.518972
-0.338622 -0.161901 0.337586 -0.624953
-0.387261 -0.214417 0.316095 -0.705855
-0.408142 -0.230546 0.329506 -0.75055
-0.377045 -0.212145 0.375911 -0.76272
-0.323967 -0.177741 0.436373 -0.758325
-0.28198 -0.146569 0.49214 -0.753819
-0.301521 -0.137458 0.524763 -0.767398
-0.375037 -0.168697 0.5161 -0.816684
-0.482056 -0.246875 0.458956 -0.907229
-0.589298 -0.359798 0.364112 -1.02563
-0.716742 -0.494092 0.243017 -1.15785
-0.840641 -0.636376 0.107406 -1.29095
-0.970098 -0.774735 -0.0314427 -1.41458
-1.09157 -0.902479 -0.166473 -1.524
-1.20259 -1.02217 -0.299809 -1.62272
-1.31827 -1.13626 -0.433186 -1.7136
-1.43349 -1.24691 -0.567883 -1.79889
-1.54054 -1.35519 -0.70391 -1.87974
-1.63669 -1.45881 -0.837467 -1.9546
-1.72507 -1.5561 -0.965543 -2.02258
-1.80299 -1.64586 -1.08593 -2.08334
-1.87446 -1.72734 -1.19716 -2.13687
-1.93757 -1.80018 -1.29843 -2.18343
-1.99014 -1.86567 -1.39113 -2.22447
-2.04193 -1.92486 -1.47643 -2.26114
-2.08614 -1.97525 -1.55106 -2.29161
-2.11962 -2.01514 -1.61278 -2.31457
-2.13739 -2.0433 -1.65993 -2.3289
-2.14692 -2.05852 -1.69106 -2.33338
-2.13674 -2.05925 -1.70446 -2.30274
-2.06546 -2.00171 -1.68444 -2.21365
-1.97531 -1.91453 -1.63412 -2.09677
-1.89959 -1.83444 -1.58932 -1.9886
-1.87784 -1.79745 -1.58545 -1.92465
-1.91114 -1.80518 -1.62375 -1.90595
-1.97886 -1.84932 -1.69514 -1.92421
-2.06499 -1.91989 -1.78872 -1.97077
-2.14675 -2.00954 -1.89677 -2.04041
-2.23177 -2.11086 -2.01232 -2.12758
-2.32745 -2.21573 -2.12825 -2.22463
-2.41648 -2.31383 -2.23556 -2.31981
-2.49244 -2.39794 -2.3279 -2.40357
-2.55097 -2.46574 -2.40323 -2.47181
-2.59526 -2.51776 -2.46208 -2.52406
-2.62521 -2.55556 -2.50596 -2.56144
-2.64254 -2.58056 -2.53638 -2.58522
-2.65154 -2.5956 -2.55623 -2.59827
-2.66591 -2.6042 -2.5691 -2.6043
-2.67853 -2.60787 -2.5766 -2.60485
-2.65043 -2.60191 -2.5788 -2.58605
-2.58571 -2.57305 -2.56377 -2.54515
-2.50885 -2.51934 -2.52209 -2.48088
-2.42485 -2.43887 -2.45223 -2.3921
-2.32178 -2.33572 -2.35848 -2.28347
-2.21069 -2.22586 -2.25685 -2.17128
-2.12766 -2.12529 -2.16317 -2.07135
-2.07301 -2.0453 -2.08839 -1.99445
-2.01685 -1.98388 -2.0301 -1.93788
-1.98573 -1.93897 -1.9859 -1.8989
-1.96821 -1.90836 -1.95338 -1.8748
-1.93602 -1.88989 -1.93043 -1.86313
-1.91736 -1.88248 -1.91621 -1.86273
-1.9209 -1.88409 -1.90909 -1.87178
-1.93423 -1.88615 -1.90107 -1.88184
-1.94399 -1.88007 -1.88425 -1.88469
-1.90935 -1.85749 -1.85087 -1.87232
-1.81742 -1.81032 -1.79335 -1.83692
-1.70022 -1.73087 -1.70446 -1.77096
-1.56652 -1.61193 -1.57747 -1.6672
-1.43397 -1.46304 -1.42199 -1.53495
-1.28299 -1.29459 -1.24821 -1.38406
-1.10956 -1.11702 -1.06609 -1.22433
-0.935249 -0.940438 -0.885023 -1.0653
-0.768947 -0.774251 -0.713549 -0.916051
-0.622839 -0.626835 -0.55919 -0.784959
-0.497839 -0.493327 -0.417477 -0.667221
-0.37481 -0.36634 -0.282031 -0.555579
-0.238884 -0.238927 -0.147161 -0.443216
-0.087252 -0.104817 -0.00792814 -0.323852
0.0708559 0.0412953 0.139737 -0.191892
0.210065 0.183944 0.282173 -0.0633973
0.296877 0.301495 0.401206 0.0387446
0.371706 0.394779 0.498306 0.115502
0.436755 0.474562 0.583203 0.178781
0.515799 0.550502 0.664354 0.239501
0.613496 0.631371 0.749121 0.30771
0.707195 0.715349 0.835854 0.381581
0.782029 0.793528 0.917098 0.45097
0.837324 0.858217 0.986537 0.506724
0.864191 0.90263 1.03875 0.540475
0.882611 0.920332 1.06876 0.544163
0.856891 0.910615 1.07915 0.51256
0.828231 0.886377 1.08157 0.467876
0.829562 0.870534 1.08723 0.433061
0.855308 0.885566 1.10704 0.430263
0.935702 0.940775 1.14501 0.46869
1.04096 1.0207 1.19298 0.53287
1.13132 1.10968 1.24334 0.60748
1.19194 1.19222 1.28929 0.677482
1.20904 1.25349 1.3248 0.728332
1.21169 1.28538 1.34692 0.751963
1.24591 1.30023 1.36139 0.760988
1.28719 1.3102 1.37353 0.767678
1.31895 1.32738 1.38838 0.78399
1.36357 1.36359 1.41075 0.821485
1.44285 1.4299 1.44499 0.891085
1.57941 1.53548 1.49475 1.00252
1.77814 1.68559 1.56259 1.16307
2.01883 1.87702 1.64901 1.37358
2.21534 2.06273 1.73672 1.58634
2.35411 2.21108 1.81246 1.76404
2.42317 2.30704 1.86632 1.8832
2.41251 2.34324 1.89005 1.92865
2.36012 2.33714 1.89269 1.92258
2.28594 2.28342 1.85668 1.87218
2.24376 2.2126 1.80466 1.8077
2.23622 2.15512 1.76584 1.75858
2.27196 2.14082 1.76885 1.75322
2.37831 2.19932 1.84226 1.81975
2.57058 2.35643 2.01241 1.98375
2.72756 2.54254 2.21757 2.18309
2.80796 2.67492 2.37668 2.33718
2.85372 2.75497 2.48287 2.43935
2.87549 2.80301 2.55258 2.50585
2.89321 2.8318 2.59834 2.54896
2.92209 2.84903 2.62905 2.5775
2.96786 2.85977 2.65119 2.59804
2.99359 2.86164 2.66063 2.60603
2.95807 2.82169 2.63369 2.57715
2.85327 2.72983 2.55346 2.49747
2.67874 2.59113 2.42352 2.37124
2.46669 2.41127 2.24846 2.20363
2.22844 2.19386 2.03148 1.99815
1.96598 1.94062 1.77469 1.75688
1.68196 1.6619 1.48962 1.49091
1.38735 1.37694 1.19695 1.22023
1.09999 1.10197 0.914184 0.961517
0.854643 0.849606 0.654596 0.727428
0.653462 0.628958 0.427311 0.526814
0.495394 0.443558 0.235435 0.362771
0.362147 0.289967 0.0750495 0.231317
0.251161 0.165274 -0.0572691 0.12911
0.163642 0.0670811 -0.164389 0.0534863
0.0947922 -0.00583602 -0.247956 0.00319621
0.0470853 -0.0518297 -0.306843 -0.0197464
0.0559568 -0.0689545 -0.339607 -0.0073104
0.132358 -0.0413526 -0.344174 0.0639022
0.256877 0.0525433 -0.288282 0.199083
0.421215 0.213459 -0.164693 0.397769
0.588408 0.4003 -0.0124647 0.617338
0.730959 0.572776 0.129689 0.817109
0.830687 0.695114 0.225597 0.963177
0.899282 0.777578 0.284874 1.06721
0.936818 0.830139 0.316807 1.13984
0.98722 0.862322 0.33033 1.19047
1.01832 0.883261 0.33412 1.22752
0.982098 0.879618 0.312704 1.23901
0.893055 0.832957 0.24915 1.20583
0.762062 0.727421 0.127882 1.10982
0.601318 0.573869 -0.0389602 0.962092
0.408133 0.388611 -0.233265 0.7793
0.199152 0.188102 -0.437134 0.578411
-0.00512109 -0.0125187 -0.635092 0.375256
-0.184319 -0.200655 -0.815527 0.18325
-0.33551 -0.369069 -0.972902 0.0103726
-0.466533 -0.513503 -1.10494 -0.138502
-0.57554 -0.631182 -1.2108 -0.260085
-0.641912 -0.720202 -1.29032 -0.352052
-0.684338 -0.778887 -1.34327 -0.412377
-0.70321 -0.805158 -1.36875 -0.438695
-0.657247 -0.789807 -1.3605 -0.421908
-0.534658 -0.708805 -1.28587 -0.341863
-0.418755 -0.59614 -1.17831 -0.232764
-0.382582 -0.519523 -1.10487 -0.161836
-0.417232 -0.506934 -1.09304 -0.155949
-0.491365 -0.546873 -1.13076 -0.202524
-0.594433 -0.626986 -1.20539 -0.288441
-0.725674 -0.742 -1.31144 -0.408308
-0.878847 -0.895446 -1.4518 -0.566284
-1.06893 -1.08581 -1.62334 -0.762324
-1.29006 -1.30531 -1.81574 -0.990796
-1.53522 -1.54045 -2.01326 -1.24032
-1.77379 -1.76974 -2.19558 -1.48993
-1.96966 -1.96871 -2.34479 -1.71264
-2.12152 -2.12923 -2.45899 -1.89697
-2.23697 -2.25287 -2.54334 -2.04197
-2.32171 -2.34489 -2.60424 -2.1515
-2.38178 -2.41071 -2.64695 -2.23047
-2.42073 -2.45449 -2.67508 -2.28289
-2.43801 -2.47858 -2.69061 -2.31101
-2.42227 -2.48437 -2.69466 -2.31616
-2.37243 -2.45481 -2.6695 -2.27506
-2.32004 -2.4055 -2.62343 -2.2151
-2.31649 -2.38607 -2.60578 -2.18583
-2.41807 -2.44337 -2.66217 -2.23409
-2.53388 -2.54514 -2.74995 -2.33287
-2.63444 -2.64852 -2.82097 -2.44687
-2.70761 -2.72762 -2.86428 -2.54702
-2.75259 -2.77987 -2.88875 -2.62134
-2.77868 -2.81143 -2.90235 -2.66992
-2.79458 -2.82782 -2.90922 -2.69605
-2.81007 -2.84052 -2.91453 -2.71739
-2.83365 -2.85645 -2.92107 -2.74588
-2.86433 -2.87766 -2.92962 -2.78526
-2.89089 -2.89865 -2.93826 -2.82482
-2.91117 -2.9164 -2.94606 -2.85796
-2.92678 -2.93067 -2.95303 -2.88377
-2.9389 -2.94216 -2.95935 -2.90352
-2.94872 -2.95158 -2.96515 -2.91877
-2.95693 -2.95945 -2.97049 -2.93071
-2.96374 -2.96605 -2.97533 -2.94017
-2.96927 -2.97153 -2.9796 -2.94763
-2.97353 -2.97591 -2.9832 -2.95337
-2.97662 -2.97916 -2.98598 -2.95748
-2.97823 -2.9812 -2.98783 -2.95998
-2.97658 -2.98191 -2.98858 -2.96078
-2.89593 -2.938 -2.9586 -2.91139
-2.74496 -2.81341 -2.84613 -2.78381
-2.54202 -2.62712 -2.66899 -2.5969
-2.30395 -2.39858 -2.44577 -2.37011
-2.04138 -2.14395 -2.19225 -2.11966
-1.76589 -1.87432 -1.9197 -1.85684
-1.49137 -1.60025 -1.63935 -1.59246
-1.22364 -1.33126 -1.36165 -1.33621
-0.969984 -1.07428 -1.09445 -1.09503
-0.731843 -0.832498 -0.841695 -0.871867
-0.520323 -0.608337 -0.6063 -0.668703
-0.329201 -0.403541 -0.390195 -0.486725
-0.15829 -0.219228 -0.194468 -0.326482
-0.0101204 -0.055984 -0.0195381 -0.188081
0.120436 0.086649 0.135249 -0.0707173
0.23853 0.212024 0.273327 0.0293332
0.344951 0.323147 0.39766 0.115326
0.442814 0.422741 0.510795 0.190134
0.536688 0.513272 0.614917 0.256311
0.621403 0.596587 0.711551 0.315723
0.688504 0.668319 0.796422 0.363004
0.737297 0.724732 0.866066 0.393273
0.759871 0.762388 0.917515 0.401808
0.771956 0.777772 0.947927 0.368461
0.718121 0.753199 0.954172 0.277188
0.616076 0.679308 0.919624 0.1403
0.483352 0.567796 0.845883 -0.0272752
0.339656 0.431036 0.744272 -0.210235
0.19488 0.281658 0.626348 -0.39437
0.0542833 0.13177 0.503485 -0.56787
-0.0831666 -0.0126145 0.38126 -0.726043
-0.20692 -0.147441 0.263644 -0.866759
-0.317843 -0.269506 0.154139 -0.989013
-0.419087 -0.376417 0.0557545 -1.09256
-0.505889 -0.466448 -0.0289319 -1.17759
-0.576175 -0.545624 -0.105881 -1.24999
-0.65533 -0.622387 -0.183974 -1.31691
-0.749701 -0.704102 -0.271107 -1.38419
-0.853992 -0.796891 -0.373975 -1.45646
-0.960967 -0.898724 -0.490045 -1.53229
-1.06148 -1.00324 -0.611726 -1.60735
-1.15749 -1.10509 -0.732508 -1.67831
-1.2425 -1.20003 -0.847126 -1.74276
-1.32094 -1.28485 -0.951543 -1.799
-1.38448 -1.35724 -1.04278 -1.84585
-1.44014 -1.41795 -1.1215 -1.88418
-1.49365 -1.47049 -1.19162 -1.91671
-1.5417 -1.51787 -1.25638 -1.94566
-1.58364 -1.56106 -1.3166 -1.97173
-1.61928 -1.59841 -1.37013 -1.99368
-1.6494 -1.62853 -1.41519 -2.01039
-1.67196 -1.65124 -1.45151 -2.02166
-1.68434 -1.66862 -1.48146 -2.029
-1.70176 -1.68251 -1.50713 -2.03375
-1.72368 -1.69367 -1.52945 -2.03652
-1.74533 -1.70017 -1.54641 -2.03413
-1.75549 -1.69994 -1.55611 -2.01312
-1.71048 -1.67426 -1.55663 -1.96819
-1.61931 -1.61744 -1.52724 -1.89426
-1.50176 -1.52566 -1.46302 -1.78813
-1.37684 -1.40699 -1.37154 -1.65827
-1.24769 -1.26989 -1.26051 -1.51322
-1.11403 -1.12297 -1.13771 -1.36134
-0.972354 -0.974641 -1.01084 -1.21057
-0.83432 -0.832755 -0.887297 -1.06819
-0.706186 -0.704294 -0.774 -0.940691
-0.585753 -0.583732 -0.665358 -0.822264
-0.468054 -0.465467 -0.55584 -0.707253
-0.341264 -0.344251 -0.440367 -0.590491
-0.203381 -0.216297 -0.315392 -0.468296
-0.0535196 -0.0785867 -0.178101 -0.337645
0.102865 0.0710063 -0.0264764 -0.196183
0.27053 0.233521 0.140518 -0.0423444
0.449488 0.408783 0.322753 0.124522
0.627267 0.589377 0.512398 0.297776
0.800129 0.767279 0.700842 0.469976
0.962599 0.936271 0.881263 0.635205
1.11443 1.09203 1.04876 0.789094
1.24756 1.23193 1.20019 0.928685
1.36269 1.35354 1.33267 1.05086
1.45917 1.45518 1.44418 1.15306
1.53389 1.5361 1.53377 1.23364
1.59614 1.60033 1.60562 1.29651
1.64869 1.65398 1.666 1.3482
1.69619 1.70193 1.71986 1.39413
1.74385 1.74818 1.77124 1.43888
1.79524 1.79598 1.82343 1.48635
1.84585 1.84553 1.87665 1.5369
1.89271 1.89439 1.92853 1.58767
1.93615 1.94052 1.97718 1.63623
1.97505 1.98231 2.02118 1.68063
2.00805 2.01853 2.0594 1.71923
2.03438 2.04817 2.09098 1.75067
2.0537 2.07043 2.11517 1.77372
2.06657 2.08571 2.13237 1.78874
2.08189 2.09698 2.14544 1.79934
2.0972 2.1069 2.15691 1.80886
2.10632 2.11799 2.16911 1.82039
2.12075 2.13251 2.18418 1.83679
2.14275 2.15168 2.20325 1.8596
2.16674 2.17309 2.22405 1.88562
2.18692 2.1945 2.24451 1.91196
2.20402 2.21394 2.26285 1.93608
2.21648 2.22966 2.27748 1.95576
2.22379 2.24025 2.28713 1.96925
2.22954 2.24701 2.2931 1.97833
2.25129 2.25114 2.29654 1.98462
2.26971 2.25382 2.29852 1.9896
2.31236 2.25618 2.30007 1.99469
2.34011 2.25861 2.30147 2.00024
2.34056 2.26145 2.30298 2.00654
2.33968 2.26498 2.30482 2.0139
2.37213 2.26943 2.30725 2.02256
2.43362 2.27531 2.3108 2.03317
2.50023 2.28308 2.31603 2.04637
2.54019 2.29199 2.32231 2.06123
2.57857 2.30106 2.32879 2.07654
2.6197 2.30939 2.33465 2.09122
2.67699 2.31759 2.34056 2.10606
2.72248 2.32671 2.34758 2.12239
2.76491 2.33778 2.35673 2.14136
2.81775 2.35173 2.36891 2.16393
2.87372 2.36934 2.3849 2.19089
2.91969 2.3897 2.40376 2.22088
2.95185 2.4111 2.42374 2.25166
2.97341 2.43202 2.44331 2.28139
2.98807 2.45116 2.46117 2.30856
2.99649 2.4674 2.47622 2.33196
3.00247 2.47978 2.48748 2.35059
3.00692 2.48827 2.49494 2.36458
3.01137 2.49374 2.49948 2.37508
3.00982 2.49698 2.50188 2.38309
2.99517 2.49872 2.50285 2.38948
2.99339 2.49968 2.50307 2.39505
3.01958 2.50057 2.50322 2.40055
3.05046 2.50206 2.50397 2.40668
3.05577 2.50456 2.5057 2.41385
3.05779 2.50798 2.50833 2.42189
3.05824 2.51217 2.51174 2.43063
3.05869 2.51698 2.51582 2.43992
3.05933 2.52236 2.52058 2.44974
3.05998 2.52867 2.52645 2.4605
3.06087 2.53626 2.53382 2.47255
3.06199 2.54544 2.54306 2.48621
3.06334 2.55651 2.55444 2.50172
3.06487 2.56961 2.56809 2.51914
3.0669 2.58407 2.58325 2.53768
3.06887 2.59924 2.5992 2.55662
3.07085 2.6145 2.61525 2.5753
3.0722 2.627 2.62845 2.5908
3.07355 2.63863 2.64075 2.60514
3.07487 2.64948 2.65227 2.61845
3.07644 2.65959 2.66305 2.63081
3.07779 2.669 2.67315 2.64229
3.0791 2.67774 2.68262 2.65297
3.0802 2.68586 2.6915 2.66291
3.0813 2.6934 2.69984 2.67216
3.08244 2.70039 2.70768 2.68077
3.08375 2.70689 2.71503 2.68878
3.08465 2.71294 2.72194 2.69624
3.08554 2.71857 2.72842 2.70318
3.08642 2.72382 2.73451 2.70963
3.08731 2.72872 2.74023 2.71561
3.08773 2.73328 2.74559 2.72117
3.08864 2.73751 2.75062 2.72632
3.08909 2.74142 2.75533 2.73109
3.08998 2.74501 2.75974 2.73548
3.09043 2.7483 2.76386 2.73954
3.09086 2.7513 2.76771 2.74326
3.09128 2.754 2.7713 2.74667
3.09174 2.75644 2.77464 2.74978
3.09218 2.75862 2.77773 2.75261
3.09265 2.76056 2.7806 2.75516
3.09309 2.76229 2.78324 2.75745
3.0931 2.76381 2.78567 2.75948
3.09353 2.76513 2.78789 2.76128
3.09352 2.76626 2.78991 2.76284
3.09397 2.76721 2.79174 2.76418
3.0944 2.76796 2.79338 2.7653
3.09442 2.76853 2.79483 2.76621
3.0731 2.7689 2.79611 2.76692
3.0411 2.76908 2.79721 2.76743
3.02157 2.76908 2.79814 2.76775
3.02958 2.76563 2.7989 2.76789
3.062 2.75892 2.7995 2.76702
3.0802 2.7492 2.79994 2.76262
3.05576 2.7367 2.80022 2.75481
2.99627 2.72158 2.80035 2.74371
2.96341 2.70395 2.79976 2.72947
2.94475 2.68388 2.79601 2.71223
2.93456 2.66142 2.78916 2.69216
2.92876 2.63661 2.77925 2.66942
2.90257 2.6095 2.76633 2.6442
2.84616 2.58017 2.75049 2.61667
2.80176 2.54871 2.73178 2.58702
2.77644 2.51528 2.71029 2.55543
2.74714 2.48008 2.68611 2.52207
2.71471 2.44333 2.65932 2.48709
2.68361 2.40523 2.63003 2.45065
2.64364 2.36598 2.59832 2.4129
2.59389 2.32571 2.56429 2.37397
2.54549 2.28452 2.52804 2.33397
2.50911 2.24248 2.48967 2.29303
2.45625 2.19961 2.44928 2.25125
2.40916 2.15594 2.40697 2.20872
2.37097 2.1115 2.36284 2.16554
2.33102 2.06634 2.317 2.12177
2.27996 2.02054 2.26953 2.0775
2.21333 1.97417 2.22055 2.03277
2.16938 1.92735 2.17016 1.98766
2.14407 1.88018 2.11845 1.9422
2.09298 1.83277 2.06553 1.89643
2.02638 1.7852 2.0115 1.8504
1.96019 1.73751 1.95645 1.80414
1.91093 1.68972 1.90048 1.75768
1.88293 1.64184 1.84369 1.71103
1.83317 1.59386 1.78616 1.66423
1.75548 1.54577 1.728 1.61729
1.69068 1.49757 1.66929 1.57023
1.63647 1.44926 1.61012 1.52306
1.58942 1.40087 1.55058 1.4758
1.5412 1.35246 1.49075 1.42846
1.48083 1.30407 1.43072 1.38106
1.4133 1.25577 1.37056 1.3336
1.35335 1.2076 1.31035 1.28611
1.30917 1.15962 1.25016 1.23859
1.26987 1.11184 1.19008 1.19106
1.20083 1.06427 1.13016 1.14353
1.12532 1.01689 1.07048 1.09602
1.06271 0.969706 1.01111 1.04854
1.02829 0.922692 0.952094 1.00111
0.97745 0.875856 0.893501 0.953742
0.903955 0.82922 0.835388 0.906454
0.846872 0.782808 0.777806 0.859263
0.803575 0.736656 0.720803 0.812185
0.750546 0.690813 0.664431 0.765244
0.684129 0.645322 0.608731 0.718456
0.629511 0.600215 0.553744 0.67184
0.58619 0.555522 0.49951 0.625418
0.534916 0.511261 0.446063 0.57921
0.468704 0.467437 0.393435 0.533235
0.418114 0.424051 0.341656 0.487516
0.366586 0.381104 0.290752 0.442074
0.323751 0.338595 0.240745 0.396928
0.274665 0.296537 0.191658 0.352101
0.218497 0.254945 0.143507 0.307613
0.170085 0.213837 0.0963069 0.263484
0.120332 0.17324 0.0500711 0.219736
0.0679537 0.133181 0.0048095 0.176389
0.0133471 0.0936861 -0.039472 0.133461
-0.0164446 0.0547784 -0.0827666 0.0909726
-0.0517615 0.0164771 -0.125071 0.0489436
-0.105044 -0.0212247 -0.1664 0.00737457
-0.161625 -0.0583524 -0.206779 -0.0337423
-0.204314 -0.0949343 -0.246232 -0.074413
-0.246889 -0.130996 -0.284782 -0.114642
-0.281091 -0.16656 -0.322453 -0.154432
-0.322195 -0.20164 -0.359269 -0.193784
-0.361275 -0.236247 -0.395252 -0.232699
-0.408781 -0.270384 -0.430426 -0.271175
-0.449394 -0.304055 -0.464811 -0.30921
-0.485617 -0.337257 -0.498431 -0.346801
-0.514258 -0.36999 -0.531307 -0.383944
-0.552657 -0.402253 -0.563459 -0.420636
-0.597081 -0.434051 -0.594908 -0.456871
-0.632607 -0.465392 -0.625675 -0.492644
-0.662819 -0.496288 -0.655779 -0.527951
-0.699236 -0.526749 -0.685241 -0.562787
-0.736496 -0.556785 -0.714077 -0.597145
-0.763638 -0.586407 -0.742308 -0.631021
-0.796674 -0.615619 -0.769952 -0.66441
-0.828909 -0.644424 -0.797025 -0.697307
-0.86598 -0.672822 -0.823546 -0.729709
-0.897506 -0.700813 -0.84953 -0.761611
-0.923925 -0.728393 -0.874995 -0.79301
-0.955884 -0.75556 -0.899955 -0.823903
-0.983204 -0.782313 -0.924428 -0.854288
-1.01165 -0.808653 -0.948426 -0.884163
-1.04295 -0.834584 -0.971965 -0.913526
-1.07202 -0.860112 -0.995059 -0.942377
-1.09754 -0.885243 -1.01772 -0.970715
-1.1211 -0.909985 -1.03996 -0.998542
-1.14866 -0.934342 -1.0618 -1.02586
-1.17571 -0.95832 -1.08324 -1.05266
-1.20258 -0.98192 -1.10431 -1.07896
-1.22745 -1.00515 -1.12499 -1.10475
-1.25034 -1.028 -1.14532 -1.13005
-1.27211 -1.05047 -1.1653 -1.15484
-1.29541 -1.07257 -1.18494 -1.17914
-1.31807 -1.0943 -1.20425 -1.20294
-1.34227 -1.11565 -1.22324 -1.22627
-1.36935 -1.13664 -1.24191 -1.24911
-1.38755 -1.15726 -1.26028 -1.27147
-1.4082 -1.17753 -1.27835 -1.29337
-1.42619 -1.19746 -1.29614 -1.3148
-1.44617 -1.21703 -1.31364 -1.33578
-1.46817 -1.23627 -1.33087 -1.3563
-1.48836 -1.25517 -1.34783 -1.37638
-1.50612 -1.27375 -1.36453 -1.39603
-1.52545 -1.29199 -1.38097 -1.41524
-1.54457 -1.3099 -1.39716 -1.43403
-1.55942 -1.32749 -1.41311 -1.4524
-1.57563 -1.34476 -1.42881 -1.47037
-1.5934 -1.36172 -1.44428 -1.48793
-1.61272 -1.37836 -1.45952 -1.5051
-1.62961 -1.3947 -1.47453 -1.52188
-1.64702 -1.41073 -1.48932 -1.53828
-1.65947 -1.42647 -1.50389 -1.5543
-1.67308 -1.44192 -1.51824 -1.56997
-1.68711 -1.45709 -1.53238 -1.58527
-1.70406 -1.47197 -1.54631 -1.60022
-1.72087 -1.48658 -1.56003 -1.61483
-1.73429 -1.50091 -1.57355 -1.6291
-1.74684 -1.51497 -1.58687 -1.64305
-1.76138 -1.52877 -1.59999 -1.65667
-1.77504 -1.54231 -1.61292 -1.66997
-1.78644 -1.55558 -1.62565 -1.68296
-1.79858 -1.5686 -1.63819 -1.69565
-1.81166 -1.58137 -1.65053 -1.70804
-1.823 -1.5939 -1.66269 -1.72014
-1.83675 -1.60618 -1.67466 -1.73196
-1.84773 -1.61823 -1.68645 -1.7435
-1.8593 -1.63005 -1.69805 -1.75476
-1.87185 -1.64164 -1.70946 -1.76576
-1.88137 -1.653 -1.7207 -1.77649
-1.88916 -1.66415 -1.73175 -1.78697
-1.89973 -1.67507 -1.74263 -1.7972
-1.91002 -1.68579 -1.75333 -1.80719
-1.92112 -1.69628 -1.76385 -1.81693
-1.93333 -1.70658 -1.77419 -1.82643
-1.94266 -1.71666 -1.78436 -1.83571
-1.95053 -1.72655 -1.79435 -1.84476
-1.95864 -1.73624 -1.80417 -1.85358
-1.9684 -1.74573 -1.81381 -1.86219
-1.9787 -1.75503 -1.82328 -1.87059
-1.98753 -1.76415 -1.83258 -1.87877
-1.99529 -1.77307 -1.8417 -1.88675
-2.00208 -1.78182 -1.85065 -1.89453
-2.00993 -1.79039 -1.85943 -1.90211
-2.01839 -1.79877 -1.86804 -1.90949
-2.02671 -1.80699 -1.87648 -1.91668
-2.03323 -1.81502 -1.88475 -1.92369
-2.04039 -1.82289 -1.89285 -1.9305
-2.04832 -1.83059 -1.90077 -1.93714
-2.05542 -1.83812 -1.90853 -1.94359
-2.06235 -1.84549 -1.91612 -1.94987
-2.06998 -1.85269 -1.92354 -1.95597
-2.07608 -1.85974 -1.9308 -1.9619
-2.08183 -1.86663 -1.93788 -1.96766
-2.10654 -1.87336 -1.9448 -1.97325
-2.15563 -1.87993 -1.95154 -1.97867
-2.20402 -1.88635 -1.95813 -1.98393
-2.25295 -1.89261 -1.96454 -1.98903
-2.29121 -1.89872 -1.97079 -1.99397
-2.31495 -1.90465 -1.97687 -1.99875
-2.35327 -1.9104 -1.98279 -2.00337
-2.39957 -1.91596 -1.98854 -2.00783
-2.43771 -1.92132 -1.99412 -2.01215
-2.47315 -1.92648 -1.99954 -2.0163
-2.50288 -1.93143 -2.0048 -2.02031
-2.53603 -1.93618 -2.00989 -2.02416
-2.56834 -1.94073 -2.01482 -2.02785
-2.59092 -1.94507 -2.01958 -2.03139
-2.62374 -1.94922 -2.02417 -2.03477
-2.6583 -1.95318 -2.0286 -2.03799
-2.68525 -1.95695 -2.03286 -2.04106
-2.71437 -1.96053 -2.03695 -2.04396
-2.73327 -1.96392 -2.04087 -2.04671
-2.749 -1.9671 -2.04462 -2.04928
-2.78072 -1.97009 -2.0482 -2.0517
-2.79897 -1.97286 -2.0516 -2.05395
-2.80927 -1.97542 -2.05483 -2.05603
-2.81952 -1.97777 -2.05787 -2.05794
-2.85024 -1.97991 -2.06075 -2.05969
-2.86971 -1.98184 -2.06344 -2.06126
-2.88098 -1.98357 -2.06594 -2.06267
-2.88724 -1.98511 -2.06827 -2.06391
-2.89501 -1.98645 -2.07041 -2.06497
-2.91454 -1.9876 -2.07236 -2.06586
-2.92549 -1.98856 -2.07412 -2.06658
-2.93159 -1.98931 -2.07569 -2.06713
-2.93491 -1.98987 -2.07707 -2.06751
-2.91992 -1.99023 -2.07825 -2.06772
-2.90934 -1.99038 -2.07924 -2.06776
-2.90354 -1.98995 -2.08004 -2.06656
-2.91084 -1.98783 -2.08063 -2.06379
-2.91877 -1.98408 -2.08102 -2.05947
-2.92318 -1.97877 -2.08122 -2.05364
-2.9256 -1.97194 -2.0811 -2.04633
-2.91589 -1.96365 -2.07904 -2.03759
-2.88714 -1.95392 -2.07503 -2.02745
-2.85951 -1.94278 -2.06906 -2.01597
-2.8402 -1.9302 -2.06113 -2.00321
-2.82948 -1.91622 -2.05126 -1.98922
-2.82343 -1.90085 -2.03947 -1.97408
-2.82012 -1.88414 -2.02577 -1.95784
-2.81647 -1.86612 -2.0102 -1.94058
-2.78614 -1.84686 -1.99279 -1.92236
-2.74431 -1.82641 -1.97357 -1.90325
-2.70673 -1.80481 -1.9526 -1.88333
-2.68579 -1.78214 -1.92992 -1.86266
-2.67414 -1.75845 -1.90558 -1.8413
-2.66764 -1.73382 -1.87964 -1.81934
-2.65592 -1.7083 -1.85217 -1.79682
-2.61867 -1.68195 -1.82324 -1.77382
-2.56945 -1.6548 -1.79292 -1.7504
-2.5327 -1.62686 -1.76127 -1.72661
-2.50627 -1.59818 -1.72839 -1.70251
-2.48381 -1.56879 -1.69435 -1.67814
-2.45138 -1.53875 -1.65923 -1.65356
-2.42704 -1.50813 -1.62312 -1.62881
-2.39386 -1.47699 -1.58611 -1.60394
-2.35004 -1.4454 -1.54828 -1.57897
-2.31566 -1.41344 -1.50972 -1.55394
-2.29646 -1.38116 -1.47052 -1.52889
-2.28567 -1.3486 -1.43077 -1.50383
-2.24531 -1.31582 -1.39055 -1.47879
-2.19829 -1.28284 -1.34994 -1.45379
-2.14465 -1.24965 -1.30904 -1.42885
-2.11066 -1.21628 -1.26791 -1.40397
-2.09165 -1.18276 -1.22665 -1.37917
-2.08039 -1.14913 -1.18532 -1.35445
-2.04148 -1.11544 -1.144 -1.32982
-1.99676 -1.08173 -1.10275 -1.30529
-1.93614 -1.04805 -1.06164 -1.28084
-1.898 -1.01443 -1.02073 -1.25648
-1.87672 -0.980923 -0.98008 -1.23221
-1.86489 -0.947561 -0.939737 -1.20801
-1.83552 -0.914377 -0.899752 -1.18389
-1.78401 -0.881384 -0.860168 -1.15983
-1.73523 -0.848582 -0.821025 -1.13582
-1.69226 -0.815965 -0.782358 -1.11186
-1.66334 -0.783532 -0.7442 -1.08793
-1.6436 -0.751292 -0.706576 -1.06402
-1.60805 -0.719265 -0.669511 -1.04011
-1.55676 -0.687471 -0.633023 -1.01621
-1.51022 -0.655931 -0.597129 -0.992288
-1.48437 -0.62467 -0.56184 -0.968339
-1.4699 -0.593714 -0.527167 -0.944349
-1.44896 -0.563083 -0.493114 -0.920307
-1.40467 -0.532783 -0.459684 -0.8962
-1.35435 -0.502802 -0.426879 -0.872017
-1.30472 -0.473118 -0.394696 -0.847748
-1.27709 -0.443712 -0.363131 -0.823381
-1.26167 -0.41457 -0.332178 -0.798907
-1.23136 -0.38569 -0.301828 -0.774318
-1.19926 -0.357075 -0.272071 -0.749604
-1.15862 -0.328728 -0.242897 -0.724759
-1.10837 -0.300653 -0.214291 -0.699776
-1.07226 -0.272856 -0.186241 -0.674648
-1.05225 -0.245346 -0.158732 -0.649372
-1.02453 -0.218132 -0.131747 -0.623942
-0.978761 -0.191216 -0.105271 -0.598358
-0.953232 -0.164593 -0.0792867 -0.572615
-0.924043 -0.138253 -0.0537768 -0.546715
-0.890841 -0.11218 -0.0287239 -0.520656
-0.86331 -0.0863537 -0.00411037 -0.494441
-0.815122 -0.0607558 0.0200815 -0.468071
-0.768287 -0.035369 0.0438695 -0.441549
-0.742157 -0.0101847 0.0672714 -0.414881
-0.72763 0.0147937 0.0903046 -0.388071
-0.715203 0.0395553 0.112987 -0.361127
-0.673448 0.0640905 0.135334 -0.334054
-0.626924 0.0883984 0.157365 -0.306862
-0.562665 0.112485 0.179094 -0.279561
-0.540313 0.136359 0.200539 -0.252159
-0.54858 0.160023 0.221713 -0.224668
-0.531454 0.183478 0.242634 -0.197101
-0.47571 0.206731 0.263314 -0.169469
-0.422893 0.2298 0.283769 -0.141786
-0.393331 0.252703 0.304011 -0.114067
-0.377041 0.275449 0.324054 -0.0863244
-0.355502 0.298037 0.34391 -0.0585749
-0.321293 0.320463 0.363591 -0.0308336
-0.265012 0.342724 0.383109 -0.00311667
-0.229032 0.364815 0.402474 0.0245597
-0.208903 0.386727 0.421697 0.052179
-0.197745 0.40845 0.440787 0.0797244
-0.180979 0.429976 0.459754 0.107179
-0.127126 0.451304 0.478606 0.134526
-0.0560451 0.472447 0.497352 0.161748
-0.0153445 0.493419 0.515998 0.188829
0.00668149 0.514224 0.534552 0.215752
0.013745 0.534856 0.55302 0.242501
0.0175365 0.555299 0.571407 0.269059
0.0353181 0.575544 0.58972 0.29541
0.0936727 0.595587 0.607963 0.321541
0.16209 0.615437 0.626141 0.347434
0.212182 0.635103 0.644256 0.373078
0.216599 0.654589 0.662312 0.398456
0.217268 0.673886 0.680313 0.423557
0.243372 0.69298 0.698259 0.448368
0.285669 0.711863 0.716153 0.472876
0.334068 0.730535 0.733996 0.497071
0.371353 0.748996 0.751789 0.520943
0.395579 0.767248 0.769532 0.544481
0.420885 0.785287 0.787224 0.567677
0.447665 0.803112 0.804866 0.590523
0.471543 0.820717 0.822455 0.613011
0.505031 0.838102 0.839991 0.635134
0.534351 0.855265 0.857472 0.656888
0.573656 0.872206 0.874894 0.678266
0.607289 0.888925 0.892256 0.699264
0.629846 0.905422 0.909553 0.71988
0.659059 0.92169 0.926784 0.740109
0.684329 0.937726 0.943943 0.759951
0.717878 0.953523 0.961027 0.779403
0.756473 0.969078 0.978031 0.798465
0.78581 0.984389 0.99495 0.817137
0.802152 0.99945 1.01178 0.835419
0.811911 1.01426 1.02851 0.853313
0.844874 1.02882 1.04515 0.87082
0.896613 1.04312 1.06167 0.887943
0.942582 1.05719 1.07809 0.904684
0.957463 1.07101 1.09438 0.921046
0.961571 1.08459 1.11055 0.937034
0.963923 1.09792 1.12659 0.952651
0.997625 1.11099 1.14249 0.967902
1.06026 1.1238 1.15825 0.982792
1.11179 1.13637 1.17385 0.997325
1.14033 1.14867 1.1893 1.01151
1.14763 1.16073 1.20458 1.02534
1.1319 1.17251 1.21969 1.03884
1.14187 1.18401 1.23462 1.05201
1.18862 1.19523 1.24936 1.06485
1.22971 1.20618 1.26391 1.07737
1.26522 1.21686 1.27826 1.08957
1.28475 1.22729 1.29241 1.10147
1.29253 1.23748 1.30634 1.11306
1.28852 1.24741 1.32006 1.12436
1.29898 1.2571 1.33355 1.13538
1.34713 1.26654 1.34681 1.14611
1.39711 1.27572 1.35983 1.15657
1.428 1.28466 1.3726 1.16676
1.43508 1.29333 1.38513 1.17669
1.42799 1.30174 1.39741 1.18636
1.42374 1.30987 1.40942 1.19578
1.43242 1.31772 1.42117 1.20496
1.48527 1.32528 1.43264 1.2139
1.54698 1.33258 1.44385 1.22261
1.57717 1.33963 1.45477 1.23109
1.56119 1.34643 1.46541 1.23934
1.55232 1.35298 1.47576 1.24738
1.54744 1.35927 1.48581 1.2552
1.57452 1.36529 1.49557 1.26282
1.5943 1.37103 1.50503 1.27023
1.6107 1.37651 1.51419 1.27743
1.63401 1.38171 1.52303 1.28443
1.64801 1.38666 1.53157 1.29124
1.65579 1.39134 1.53979 1.29785
1.63669 1.39577 1.54769 1.30427
1.62559 1.39994 1.55528 1.3105
1.64623 1.40386 1.56254 1.31654
1.68689 1.40752 1.56947 1.32239
1.7095 1.41094 1.57608 1.32805
1.72194 1.41411 1.58236 1.33352
1.71374 1.41703 1.5883 1.3388
1.69064 1.41969 1.59391 1.34389
1.67377 1.42208 1.59918 1.3488
1.67911 1.42419 1.60412 1.35351
1.71684 1.42601 1.60871 1.35802
1.74772 1.42758 1.61296 1.36235
1.76595 1.42888 1.61687 1.36647
1.76239 1.42992 1.62043 1.37039
1.72595 1.43071 1.62363 1.37411
1.69818 1.43122 1.62649 1.37762
1.68599 1.43146 1.62899 1.38092
1.71642 1.43133 1.63114 1.38401
1.77615 1.43048 1.63293 1.38687
1.78901 1.42894 1.63435 1.38951
1.75526 1.42668 1.63541 1.39191
1.71401 1.42369 1.63611 1.39407
1.68909 1.41994 1.63644 1.39599
1.69843 1.41542 1.6363 1.39766
1.72284 1.41012 1.635 1.39907
1.73639 1.40408 1.63253 1.40021
1.7215 1.39733 1.62888 1.40108
1.67933 1.38986 1.62407 1.40167
1.64692 1.38169 1.61808 1.40197
1.62891 1.37282 1.61094 1.40197
1.63558 1.36326 1.60264 1.40121
1.66337 1.35306 1.59321 1.39967
1.68133 1.34222 1.58266 1.39734
1.67911 1.33076 1.571 1.39419
1.60891 1.31866 1.55826 1.39021
1.55167 1.30589 1.54446 1.3854
1.5199 1.29242 1.52962 1.37975
1.54079 1.27826 1.51378 1.37325
1.57228 1.26346 1.49696 1.36591
1.58981 1.24809 1.47921 1.35772
1.57695 1.2322 1.46054 1.34867
1.52279 1.2158 1.44101 1.33879
1.45771 1.1989 1.42065 1.32807
1.42023 1.18149 1.39949 1.31652
1.42197 1.16356 1.37758 1.30416
1.45328 1.14515 1.35497 1.29099
1.46927 1.12628 1.33169 1.27702
1.43373 1.10699 1.30779 1.26228
1.37912 1.08729 1.28332 1.24678
1.34095 1.06719 1.25832 1.23054
1.31962 1.04668 1.23283 1.21358
1.30762 1.0258 1.20691 1.19593
1.30116 1.00458 1.18059 1.17759
1.27498 0.983071 1.15391 1.15861
1.24257 0.961307 1.12693 1.139
1.21129 0.939326 1.09969 1.11879
1.19394 0.917157 1.07222 1.098
1.18151 0.894828 1.04457 1.07667
1.14874 0.872358 1.01678 1.05482
1.13044 0.849759 0.988885 1.03247
1.10443 0.827038 0.960922 1.00966
1.07927 0.804202 0.932926 0.986421
1.05959 0.78126 0.904931 0.962771
1.02551 0.758225 0.876968 0.938742
0.998769 0.735119 0.849068 0.914364
0.983851 0.711965 0.821258 0.889665
0.956886 0.688798 0.793565 0.864672
0.930603 0.665648 0.766013 0.839414
0.900961 0.642544 0.738624 0.813917
0.884401 0.619507 0.711419 0.788209
0.85465 0.596556 0.684417 0.762316
0.836124 0.573699 0.657635 0.736264
0.806899 0.550941 0.631089 0.710077
0.762386 0.52828 0.604792 0.683782
0.733421 0.505717 0.578756 0.657401
0.724841 0.483259 0.552992 0.630959
0.721556 0.460923 0.527508 0.604477
0.716076 0.438726 0.502312 0.577977
0.659251 0.416683 0.47741 0.551482
0.595107 0.394793 0.452807 0.52501
0.545141 0.37306 0.428507 0.498582
0.544014 0.351496 0.404512 0.472216
0.548347 0.33013 0.380822 0.445931
0.544133 0.308994 0.357439 0.419744
0.506253 0.288106 0.334362 0.393671
0.462981 0.267466 0.31159 0.367728
0.415322 0.247059 0.28912 0.341931
0.408343 0.226868 0.26695 0.316294
0.437072 0.206881 0.245076 0.29083
0.418469 0.187091 0.223495 0.265552
0.373145 0.167483 0.202202 0.240472
0.321284 0.148037 0.181191 0.215603
0.292561 0.128742 0.160459 0.190953
0.276476 0.109601 0.139999 0.166535
0.267452 0.0906352 0.119804 0.142357
0.235263 0.0718712 0.0998702 0.118428
0.209603 0.0533341 0.0801896 0.0947561
0.19527 0.0350436 0.0607562 0.0713491
0.161317 0.0170095 0.0415635 0.0482139
0.135017 -0.000771696 0.022605 0.025357
0.120452 -0.0183129 0.00387426 0.00278412
0.0910515 -0.0356328 -0.014635 -0.0194994
0.0603825 -0.0527536 -0.0329292 -0.0414889
0.0433033 -0.0696944 -0.0510144 -0.0631802
0.0338613 -0.0864662 -0.0688967 -0.0845695
0.0112024 -0.103071 -0.0865821 -0.105654
-0.0142102 -0.119508 -0.104076 -0.12643
-0.0463051 -0.135769 -0.121385 -0.146896
-0.0686034 -0.151846 -0.138513 -0.16705
-0.08105 -0.167729 -0.155466 -0.186891
-0.0989056 -0.183407 -0.17225 -0.206418
-0.127543 -0.198878 -0.188868 -0.225631
-0.156077 -0.214145 -0.205324 -0.244528
-0.180072 -0.229218 -0.221624 -0.263111
-0.193512 -0.244108 -0.237771 -0.281379
-0.200965 -0.258826 -0.253768 -0.299335
-0.229821 -0.273383 -0.269619 -0.31698
-0.254531 -0.287788 -0.285326 -0.334314
-0.268364 -0.30205 -0.300893 -0.35134
-0.302545 -0.316172 -0.316321 -0.36806
-0.323184 -0.330152 -0.331614 -0.384476
-0.334629 -0.343985 -0.346772 -0.400593
-0.362162 -0.357661 -0.361798 -0.416411
-0.383487 -0.371173 -0.376693 -0.431935
-0.395229 -0.384516 -0.391458 -0.447169
-0.416884 -0.397687 -0.406093 -0.462115
-0.445879 -0.41069 -0.4206 -0.476777
-0.46949 -0.423535 -0.434979 -0.491161
-0.482745 -0.436229 -0.44923 -0.505269
-0.490056 -0.448782 -0.463353 -0.519107
-0.5037 -0.4612 -0.477347 -0.532678
-0.543569 -0.473488 -0.491212 -0.545988
-0.572112 -0.485654 -0.504947 -0.559041
-0.588078 -0.497697 -0.518552 -0.571842
-0.59695 -0.509611 -0.532024 -0.584396
-0.601854 -0.521385 -0.545364 -0.596707
-0.626613 -0.53301 -0.558569 -0.608782
-0.662349 -0.544482 -0.571639 -0.620624
-0.707536 -0.555802 -0.584571 -0.632239
-0.720306 -0.566973 -0.597364 -0.643632
-0.693009 -0.577991 -0.610016 -0.654809
-0.691688 -0.588854 -0.622524 -0.665773
-0.724737 -0.599566 -0.634887 -0.676531
-0.779607 -0.61014 -0.647103 -0.687087
-0.809896 -0.620593 -0.659169 -0.697446
-0.827029 -0.630932 -0.671083 -0.707613
-0.818238 -0.641155 -0.682842 -0.717592
-0.813427 -0.651249 -0.694445 -0.72739
-0.819571 -0.661198 -0.705888 -0.737009
-0.86489 -0.670993 -0.71717 -0.746455
-0.898956 -0.680635 -0.728288 -0.755731
-0.917956 -0.690126 -0.739239 -0.764843
-0.930044 -0.699467 -0.750021 -0.773793
