0.0195313 0 0
0.0390625 0.000536717 0.000536717
0.0585938 0.00119078 0.00119078
0.078125 0.00235364 0.00235364
0.0976563 0.00442458 0.00442458
0.117188 0.00775084 0.00775084
0.136719 0.0117041 0.0117041
0.15625 0.0155416 0.0155416
0.175781 0.0185772 0.0185772
0.195313 0.0212461 0.021246
0.214844 0.0242554 0.0242554
0.234375 0.0282886 0.0282886
0.253906 0.0327912 0.0327912
0.273438 0.0367928 0.0367927
0.292969 0.0403247 0.0403246
0.3125 0.0433781 0.043378
0.332031 0.0457194 0.0457193
0.351563 0.0476967 0.0476967
0.371094 0.0499923 0.0499923
0.390625 0.053233 0.053233
0.410156 0.0579591 0.057959
0.429688 0.0627786 0.0627785
0.449219 0.0646486 0.0646486
0.46875 0.0630863 0.0630863
0.488281 0.0603744 0.0603745
0.507813 0.0579696 0.0579698
0.527344 0.0567354 0.0567356
0.546875 0.0582568 0.058257
0.566406 0.063882 0.0638822
0.585938 0.0734825 0.0734826
0.605469 0.0842859 0.084286
0.625 0.0941586 0.0941587
0.644531 0.102605 0.102605
0.664063 0.109302 0.109302
0.683594 0.113717 0.113717
0.703125 0.11401 0.11401
0.722656 0.108654 0.108653
0.742188 0.0966981 0.0966978
0.761719 0.0786893 0.078689
0.78125 0.0529826 0.0529824
0.800781 0.0227857 0.0227856
0.820313 -0.00885767 -0.00885771
0.839844 -0.0406106 -0.0406105
0.859375 -0.0714454 -0.0714454
0.878906 -0.100669 -0.100669
0.898438 -0.127908 -0.127908
0.917969 -0.155064 -0.155064
0.9375 -0.184206 -0.184206
0.957031 -0.217291 -0.217292
0.976563 -0.256044 -0.256045
0.996094 -0.298661 -0.298662
1.01563 -0.342666 -0.342667
1.03516 -0.385651 -0.385652
1.05469 -0.426916 -0.426917
1.07422 -0.466391 -0.466393
1.09375 -0.50223 -0.502232
1.11328 -0.532275 -0.532277
1.13281 -0.554862 -0.554864
1.15234 -0.568603 -0.568605
1.17188 -0.572076 -0.572078
1.19141 -0.563642 -0.563644
1.21094 -0.541742 -0.541744
1.23047 -0.51005 -0.510052
1.25 -0.475971 -0.475973
1.26953 -0.446232 -0.446233
1.28906 -0.426608 -0.426609
1.30859 -0.421767 -0.421768
1.32813 -0.43524 -0.43524
1.34766 -0.464404 -0.464404
1.36719 -0.499009 -0.499009
1.38672 -0.531704 -0.531704
1.40625 -0.560182 -0.560182
1.42578 -0.58313 -0.583131
1.44531 -0.600304 -0.600306
1.46484 -0.612181 -0.612183
1.48438 -0.619975 -0.619978
1.50391 -0.625637 -0.62564
1.52344 -0.631967 -0.63197
1.54297 -0.642784 -0.642787
1.5625 -0.651989 -0.651992
1.58203 -0.653611 -0.653613
1.60156 -0.64178 -0.641783
1.62109 -0.61132 -0.611322
1.64063 -0.558 -0.558002
1.66016 -0.4786 -0.478602
1.67969 -0.370931 -0.370933
1.69922 -0.243586 -0.243587
1.71875 -0.104918 -0.104919
1.73828 0.0375945 0.0375932
1.75781 0.177896 0.177895
1.77734 0.311917 0.311916
1.79688 0.442513 0.442512
1.81641 0.575642 0.575641
1.83594 0.711858 0.711858
1.85547 0.851307 0.851307
1.875 0.993566 0.993567
1.89453 1.13496 1.13496
1.91406 1.26943 1.26943
1.93359 1.3907 1.3907
1.95313 1.49271 1.49271
1.97266 1.56959 1.56959
1.99219 1.61565 1.61565
2.01172 1.62536 1.62537
2.03125 1.59334 1.59334
2.05078 1.52518 1.52518
2.07031 1.43487 1.43487
2.08984 1.33686 1.33686
2.10938 1.2452 1.2452
2.12891 1.17166 1.17166
2.14844 1.12458 1.12458
2.16797 1.10911 1.10911
2.1875 1.12791 1.12791
2.20703 1.18192 1.18192
2.22656 1.26435 1.26435
2.24609 1.35649 1.35648
2.26563 1.44146 1.44146
2.28516 1.50487 1.50487
2.30469 1.53526 1.53526
2.32422 1.52489 1.52489
2.34375 1.46974 1.46974
2.36328 1.36916 1.36915
2.38281 1.22497 1.22497
2.40234 1.04771 1.0477
2.42188 0.89088 0.890878
2.44141 0.79764 0.79764
2.46094 0.758727 0.758729
2.48047 0.761988 0.76199
2.5 0.793554 0.793557
2.51953 0.838327 0.83833
2.53906 0.88134 0.881343
2.55859 0.926934 0.926937
2.57813 0.980481 0.980483
2.59766 1.04762 1.04762
2.61719 1.13388 1.13388
2.63672 1.23415 1.23415
2.65625 1.34207 1.34207
2.67578 1.45025 1.45025
2.69531 1.55266 1.55266
2.71484 1.6453 1.6453
2.73438 1.72535 1.72535
2.75391 1.79045 1.79044
2.77344 1.83825 1.83825
2.79297 1.87209 1.87209
2.8125 1.89765 1.89765
2.83203 1.92036 1.92035
2.85156 1.94498 1.94498
2.87109 1.97584 1.97583
2.89063 2.01696 2.01695
2.91016 2.0669 2.0669
2.92969 2.1197 2.11969
2.94922 2.16921 2.16921
2.96875 2.20926 2.20926
2.98828 2.23928 2.23928
3.00781 2.26553 2.26553
3.02734 2.29392 2.29393
3.04688 2.32546 2.32547
3.06641 2.35281 2.35282
3.08594 2.36813 2.36814
3.10547 2.36322 2.36323
3.125 2.33013 2.33014
3.14453 2.26551 2.26552
3.16406 2.17643 2.17643
3.18359 2.07111 2.07112
3.20313 1.95838 1.95838
3.22266 1.84442 1.84442
3.24219 1.72176 1.72177
3.26172 1.58305 1.58306
3.28125 1.42292 1.42292
3.30078 1.25534 1.25534
3.32031 1.0931 1.0931
3.33984 0.947755 0.947764
3.35938 0.829807 0.829815
3.37891 0.748922 0.74893
3.39844 0.693309 0.693315
3.41797 0.650814 0.650819
3.4375 0.609784 0.609788
3.45703 0.559141 0.559145
3.47656 0.50554 0.505543
3.49609 0.458126 0.458128
3.51563 0.425873 0.425874
3.53516 0.417538 0.417539
3.55469 0.42769 0.42769
3.57422 0.446635 0.446636
3.59375 0.464707 0.464707
3.61328 0.480597 0.480596
3.63281 0.496946 0.496945
3.65234 0.516999 0.516999
3.67188 0.544299 0.544298
3.69141 0.576831 0.57683
3.71094 0.6091 0.6091
3.73047 0.635888 0.635889
3.75 0.658034 0.658036
3.76953 0.681255 0.681257
3.78906 0.709571 0.709573
3.80859 0.74508 0.745081
3.82813 0.789096 0.789097
3.84766 0.838222 0.838222
3.86719 0.883191 0.88319
3.88672 0.915239 0.915238
3.90625 0.926484 0.926482
3.92578 0.914477 0.914477
3.94531 0.887029 0.887029
3.96484 0.852262 0.852263
3.98438 0.818061 0.818063
4.00391 0.791531 0.791534
4.02344 0.776481 0.776486
4.04297 0.76708 0.767086
4.0625 0.758169 0.758177
4.08203 0.750978 0.750986
4.10156 0.746532 0.746539
4.12109 0.745132 0.745138
4.14063 0.73976 0.739765
4.16016 0.724171 0.724175
4.17969 0.693209 0.693212
4.19922 0.64294 0.642943
4.21875 0.570598 0.5706
4.23828 0.474289 0.47429
4.25781 0.352461 0.352461
4.27734 0.213925 0.213924
4.29688 0.0672699 0.0672693
4.31641 -0.0801742 -0.080175
4.33594 -0.221994 -0.221994
4.35547 -0.35232 -0.352321
4.375 -0.465559 -0.46556
4.39453 -0.556229 -0.55623
4.41406 -0.618889 -0.61889
4.43359 -0.657946 -0.657948
4.45313 -0.681339 -0.681341
4.47266 -0.696626 -0.696629
4.49219 -0.701642 -0.701644
4.51172 -0.689115 -0.689118
4.53125 -0.652465 -0.652468
4.55078 -0.586327 -0.58633
4.57031 -0.486676 -0.486678
4.58984 -0.361584 -0.361586
4.60938 -0.228805 -0.228807
4.62891 -0.104461 -0.104463
4.64844 -0.00234547 -0.00234664
4.66797 0.0661221 0.0661211
4.6875 0.104516 0.104515
4.70703 0.136002 0.136002
4.72656 0.173542 0.173541
4.74609 0.212524 0.212523
4.76563 0.247803 0.247803
4.78516 0.273907 0.273906
4.80469 0.285244 0.285244
4.82422 0.276298 0.276298
4.84375 0.242057 0.242056
4.86328 0.183002 0.183002
4.88281 0.118934 0.118935
4.90234 0.0686839 0.0686846
4.92188 0.0486263 0.0486273
4.94141 0.0699464 0.0699477
4.96094 0.121357 0.121358
4.98047 0.190043 0.190044
5 0.262982 0.262984
5.01953 0.328222 0.328224
5.03906 0.3897 0.389702
5.05859 0.452681 0.452682
5.07813 0.523493 0.523494
5.09766 0.596232 0.596233
5.11719 0.665444 0.665444
5.13672 0.727045 0.727045
5.15625 0.778063 0.778062
5.17578 0.816325 0.816323
5.19531 0.848302 0.8483
5.21484 0.882236 0.882234
5.23438 0.925811 0.925808
5.25391 0.979228 0.979223
5.27344 1.03973 1.03972
5.29297 1.10417 1.10416
5.3125 1.16914 1.16914
5.33203 1.23103 1.23103
5.35156 1.2944 1.29439
5.37109 1.36859 1.36859
5.39063 1.46245 1.46245
5.41016 1.5741 1.5741
5.42969 1.69301 1.69301
5.44922 1.80886 1.80886
5.46875 1.91157 1.91157
5.48828 1.99753 1.99753
5.50781 2.0704 2.0704
5.52734 2.133 2.13301
5.54688 2.18751 2.18751
5.56641 2.23248 2.23248
5.58594 2.26059 2.2606
5.60547 2.265 2.265
5.625 2.23955 2.23956
5.64453 2.18022 2.18023
5.66406 2.08537 2.08538
5.68359 1.95795 1.95796
5.70313 1.81153 1.81154
5.72266 1.65915 1.65916
5.74219 1.5122 1.51221
5.76172 1.37886 1.37887
5.78125 1.25712 1.25713
5.80078 1.14376 1.14377
5.82031 1.03509 1.0351
5.83984 0.930916 0.930922
5.85938 0.831025 0.831029
5.87891 0.734124 0.734127
5.89844 0.639186 0.639188
5.91797 0.552163 0.552163
5.9375 0.471639 0.471638
5.95703 0.39725 0.397247
5.97656 0.328971 0.328967
5.99609 0.263694 0.26369
6.01563 0.197965 0.197961
6.03516 0.128571 0.128567
6.05469 0.0525342 0.0525299
6.07422 -0.0263942 -0.0263983
6.09375 -0.102339 -0.102342
6.11328 -0.169542 -0.169546
6.13281 -0.228917 -0.22892
6.15234 -0.284368 -0.28437
6.17188 -0.339344 -0.339346
6.19141 -0.391785 -0.391787
6.21094 -0.436186 -0.436188
6.23047 -0.470572 -0.470575
6.25 -0.495805 -0.495808
6.26953 -0.512883 -0.512887
6.28906 -0.523067 -0.523071
6.30859 -0.527948 -0.527952
6.32813 -0.526072 -0.526076
6.34766 -0.512183 -0.512186
6.36719 -0.485159 -0.485162
6.38672 -0.449469 -0.449472
6.40625 -0.408655 -0.408657
6.42578 -0.363886 -0.363887
6.44531 -0.316632 -0.316632
6.46484 -0.26913 -0.269129
6.48438 -0.223062 -0.22306
6.50391 -0.179631 -0.179629
6.52344 -0.139907 -0.139904
6.54297 -0.103937 -0.103935
6.5625 -0.068986 -0.0689842
6.58203 -0.032332 -0.0323306
6.60156 0.00853383 0.00853474
6.62109 0.0554062 0.0554067
6.64063 0.10539 0.10539
6.66016 0.155547 0.155546
6.67969 0.203042 0.203041
6.69922 0.24525 0.24525
6.71875 0.287674 0.287674
6.73828 0.330219 0.330219
6.75781 0.372565 0.372565
6.77734 0.414388 0.414388
6.79688 0.456014 0.456014
6.81641 0.497767 0.497767
6.83594 0.537432 0.537432
6.85547 0.572309 0.572309
6.875 0.599719 0.599719
6.89453 0.617019 0.617018
6.91406 0.621622 0.621621
6.93359 0.610935 0.610933
6.95313 0.587808 0.587806
6.97266 0.557567 0.557564
6.99219 0.525484 0.52548
7.01172 0.49654 0.496536
7.03125 0.470723 0.470719
7.05078 0.444776 0.444771
7.07031 0.41558 0.415576
7.08984 0.384876 0.384873
7.10938 0.358566 0.358565
7.12891 0.338115 0.338114
7.14844 0.320286 0.320286
7.16797 0.301961 0.301963
7.1875 0.280289 0.280291
7.20703 0.252785 0.252786
7.22656 0.219727 0.219728
7.24609 0.185801 0.185802
7.26563 0.155519 0.15552
7.28516 0.131397 0.131398
7.30469 0.112222 0.112223
7.32422 0.0983558 0.098356
7.34375 0.0894941 0.0894943
7.36328 0.0835041 0.0835044
7.38281 0.0783646 0.078365
7.40234 0.0722702 0.0722708
7.42188 0.0641263 0.0641269
7.44141 0.0562819 0.0562826
7.46094 0.0511121 0.0511126
7.48047 0.0505656 0.0505661
7.5 0.0503961 0.0503964
7.51953 0.0464471 0.0464471
7.53906 0.0415981 0.0415979
7.55859 0.0385619 0.0385615
7.57813 0.039773 0.0397722
7.59766 0.0472971 0.0472961
7.61719 0.0599744 0.0599732
7.63672 0.076118 0.0761166
7.65625 0.0939816 0.09398
7.67578 0.111913 0.111912
7.69531 0.127396 0.127394
7.71484 0.138045 0.138043
7.73438 0.141964 0.141963
7.75391 0.140521 0.140519
7.77344 0.136326 0.136324
7.79297 0.127168 0.127168
7.8125 0.113647 0.113647
7.83203 0.0987988 0.0987983
7.85156 0.0853879 0.0853877
7.87109 0.0757602 0.0757601
7.89063 0.0717581 0.0717582
7.91016 0.074702 0.0747022
7.92969 0.0854219 0.0854222
7.94922 0.104333 0.104333
7.96875 0.131532 0.131532
7.98828 0.16443 0.164431
8.00781 0.197487 0.197487
8.02734 0.225691 0.225691
8.04688 0.247446 0.247446
8.06641 0.26622 0.26622
8.08594 0.28572 0.28572
8.10547 0.309612 0.309612
8.125 0.339892 0.339893
8.14453 0.374631 0.374632
8.16406 0.411824 0.411826
8.18359 0.449812 0.449814
8.20313 0.488184 0.488187
8.22266 0.526675 0.526678
8.24219 0.565234 0.565236
8.26172 0.604356 0.604357
8.28125 0.644596 0.644597
8.30078 0.686284 0.686283
8.32031 0.726409 0.726407
8.33984 0.762049 0.762047
8.35938 0.790374 0.790372
8.37891 0.812182 0.81218
8.39844 0.827746 0.827743
8.41797 0.837208 0.837206
8.4375 0.841504 0.841503
8.45703 0.84148 0.84148
8.47656 0.837736 0.837738
8.49609 0.830728 0.830731
8.51563 0.819308 0.819311
8.53516 0.802078 0.80208
8.55469 0.782594 0.782596
8.57422 0.765715 0.765716
8.59375 0.755997 0.755996
8.61328 0.757543 0.75754
8.63281 0.773901 0.773897
8.65234 0.801718 0.801713
8.67188 0.834246 0.834241
8.69141 0.865224 0.86522
8.71094 0.889253 0.88925
8.73047 0.901973 0.901972
8.75 0.90236 0.90236
8.76953 0.892135 0.892136
8.78906 0.873562 0.873564
8.80859 0.845133 0.845136
8.82813 0.801003 0.801006
8.84766 0.735942 0.735945
8.86719 0.652374 0.652378
8.88672 0.563658 0.563662
8.90625 0.482138 0.482141
8.92578 0.418475 0.418477
8.94531 0.381305 0.381307
8.96484 0.373035 0.373036
8.98438 0.383303 0.383302
9.00391 0.403776 0.403774
9.02344 0.434841 0.434839
9.04297 0.472635 0.472633
9.0625 0.493939 0.493937
9.08203 0.480897 0.480895
9.10156 0.439736 0.439734
9.12109 0.378212 0.378211
9.14063 0.304908 0.304907
9.16016 0.228318 0.228318
9.17969 0.151092 0.151092
9.19922 0.0751086 0.0751094
9.21875 0.00666456 0.00666559
9.23828 -0.0489162 -0.048915
9.25781 -0.0870904 -0.0870892
9.27734 -0.103772 -0.103771
9.29688 -0.0951133 -0.0951122
9.31641 -0.0710634 -0.0710625
9.33594 -0.0437546 -0.0437539
9.35547 -0.0245877 -0.0245872
9.375 -0.0236682 -0.0236678
9.39453 -0.0303084 -0.030308
9.41406 -0.0279378 -0.0279373
9.43359 -0.0143182 -0.0143176
9.45313 0.00668219 0.00668306
9.47266 0.0305507 0.0305518
9.49219 0.0524281 0.0524293
9.51172 0.0674698 0.0674711
9.53125 0.0763778 0.0763792
9.55078 0.0835788 0.0835801
9.57031 0.0935416 0.0935427
9.58984 0.110645 0.110646
9.60938 0.139042 0.139043
9.62891 0.177847 0.177847
9.64844 0.221014 0.221014
9.66797 0.262906 0.262906
9.6875 0.298507 0.298507
9.70703 0.323518 0.323519
9.72656 0.337048 0.337049
9.74609 0.343432 0.343433
9.76563 0.346867 0.346868
9.78516 0.351121 0.351122
9.80469 0.359341 0.359342
9.82422 0.372942 0.372942
9.84375 0.3908 0.3908
9.86328 0.416329 0.41633
9.88281 0.450122 0.450123
9.90234 0.481023 0.481024
9.92188 0.500126 0.500127
9.94141 0.510895 0.510896
9.96094 0.517202 0.517203
9.98047 0.522888 0.522889
10 0.527631 0.527632
10.0195 0.534854 0.534855
10.0391 0.547704 0.547706
10.0586 0.561859 0.561861
10.0781 0.572807 0.57281
10.0977 0.576185 0.576188
10.1172 0.567932 0.567934
10.1367 0.544583 0.544585
10.1563 0.503486 0.503486
10.1758 0.450578 0.450577
10.1953 0.393571 0.39357
10.2148 0.339857 0.339856
10.2344 0.296082 0.296081
10.2539 0.26784 0.26784
10.2734 0.253682 0.253682
10.293 0.249053 0.249053
10.3125 0.253569 0.25357
10.332 0.26881 0.268811
10.3516 0.29601 0.296012
10.3711 0.336107 0.336109
10.3906 0.383034 0.383036
10.4102 0.425966 0.425968
10.4297 0.455221 0.455223
10.4492 0.468277 0.468278
10.4688 0.469599 0.4696
10.4883 0.464292 0.464293
10.5078 0.457706 0.457706
10.5273 0.453689 0.453689
10.5469 0.453687 0.453686
10.5664 0.458723 0.458722
10.5859 0.470184 0.470183
10.6055 0.490622 0.490622
10.625 0.521981 0.521981
10.6445 0.565578 0.565578
10.6641 0.620487 0.620487
10.6836 0.679938 0.679938
10.7031 0.737484 0.737484
10.7227 0.788528 0.788529
10.7422 0.835555 0.835557
10.7617 0.881188 0.88119
10.7813 0.927379 0.927382
10.8008 0.969604 0.969608
10.8203 1.00347 1.00348
10.8398 1.02477 1.02477
10.8594 1.02947 1.02948
10.8789 1.02268 1.02269
10.8984 1.00966 1.00967
10.918 0.995611 0.995617
10.9375 0.985459 0.985465
10.957 0.976372 0.976377
10.9766 0.964697 0.964702
10.9961 0.947082 0.947087
11.0156 0.920651 0.920655
11.0352 0.889097 0.889102
11.0547 0.857712 0.857717
11.0742 0.831476 0.831481
11.0938 0.81476 0.814764
11.1133 0.80717 0.807173
11.1328 0.806054 0.806056
11.1523 0.808447 0.808448
11.1719 0.811328 0.811329
11.1914 0.811875 0.811877
11.2109 0.811199 0.811201
11.2305 0.813204 0.813206
11.25 0.821826 0.821828
11.2695 0.837008 0.83701
11.2891 0.855044 0.855046
11.3086 0.872578 0.87258
11.3281 0.886751 0.886754
11.3477 0.895283 0.895285
11.3672 0.896464 0.896466
11.3867 0.889098 0.8891
11.4063 0.872415 0.872417
11.4258 0.845956 0.845958
11.4453 0.809452 0.809454
11.4648 0.762724 0.762727
11.4844 0.706236 0.706238
11.5039 0.642232 0.642234
11.5234 0.572531 0.572534
11.543 0.498378 0.498382
11.5625 0.419551 0.419555
11.582 0.330757 0.330761
11.6016 0.227684 0.227689
11.6211 0.116891 0.116896
11.6406 0.00406636 0.00407165
11.6602 -0.10584 -0.105835
11.6797 -0.208263 -0.208258
11.6992 -0.298664 -0.298659
11.7188 -0.372312 -0.372308
11.7383 -0.431674 -0.43167
11.7578 -0.479085 -0.479082
11.7773 -0.516515 -0.516512
11.7969 -0.541658 -0.541657
11.8164 -0.551621 -0.55162
11.8359 -0.543487 -0.543487
11.8555 -0.519421 -0.519423
11.875 -0.483239 -0.483242
11.8945 -0.439078 -0.43908
11.9141 -0.391044 -0.391047
11.9336 -0.34 -0.340002
11.9531 -0.284906 -0.284909
11.9727 -0.223894 -0.223896
11.9922 -0.157681 -0.157682
12.0117 -0.0883794 -0.0883794
12.0313 -0.0180687 -0.0180682
12.0508 0.0509533 0.0509542
12.0703 0.11578 0.115781
12.0898 0.176396 0.176397
12.1094 0.235454 0.235455
12.1289 0.295137 0.295138
12.1484 0.355788 0.355789
12.168 0.415793 0.415793
12.1875 0.472006 0.472006
12.207 0.522553 0.522552
12.2266 0.570978 0.570977
12.2461 0.617414 0.617413
12.2656 0.657901 0.657901
12.2852 0.693913 0.693913
12.3047 0.725962 0.725963
12.3242 0.752856 0.752857
12.3438 0.775817 0.775819
12.3633 0.795721 0.795723
12.3828 0.813174 0.813176
12.4023 0.828095 0.828096
12.4219 0.837225 0.837226
12.4414 0.837582 0.837583
12.4609 0.82685 0.826852
12.4805 0.806862 0.806864
12.5 0.780179 0.780181
12.5195 0.749901 0.749903
12.5391 0.719413 0.719415
12.5586 0.687266 0.687268
12.5781 0.65205 0.652053
12.5977 0.612492 0.612495
12.6172 0.567422 0.567424
12.6367 0.519509 0.519511
12.6563 0.471667 0.471668
12.6758 0.42634 0.42634
12.6953 0.385395 0.385394
12.7148 0.347795 0.347794
12.7344 0.311498 0.311497
12.7539 0.274302 0.274301
12.7734 0.23438 0.234378
12.793 0.190167 0.190165
12.8125 0.140289 0.140288
12.832 0.0835754 0.0835746
12.8516 0.0190304 0.0190297
12.8711 -0.0507276 -0.0507281
12.8906 -0.120797 -0.120798
12.9102 -0.186583 -0.186583
12.9297 -0.243795 -0.243796
12.9492 -0.290054 -0.290055
12.9688 -0.324778 -0.324778
12.9883 -0.349291 -0.349291
13.0078 -0.367154 -0.367154
13.0273 -0.381671 -0.381671
13.0469 -0.395874 -0.395874
13.0664 -0.412514 -0.412514
13.0859 -0.430385 -0.430384
13.1055 -0.440739 -0.440738
13.125 -0.43858 -0.438579
13.1445 -0.428494 -0.428493
13.1641 -0.415244 -0.415243
13.1836 -0.401242 -0.401242
13.2031 -0.379996 -0.379995
13.2227 -0.345679 -0.345678
13.2422 -0.29341 -0.293409
13.2617 -0.220735 -0.220734
13.2813 -0.136825 -0.136824
13.3008 -0.0507247 -0.0507245
13.3203 0.0296481 0.0296479
13.3398 0.10667 0.10667
13.3594 0.183312 0.183311
13.3789 0.259113 0.259112
13.3984 0.333938 0.333937
13.418 0.40616 0.40616
13.4375 0.47423 0.474231
13.457 0.538517 0.538518
13.4766 0.596494 0.596494
13.4961 0.64524 0.645241
13.5156 0.68192 0.68192
13.5352 0.703799 0.703799
13.5547 0.708257 0.708257
13.5742 0.699712 0.699712
13.5938 0.68501 0.68501
13.6133 0.670877 0.670876
13.6328 0.663566 0.663566
13.6523 0.668506 0.668507
13.6719 0.689835 0.689836
13.6914 0.723766 0.723768
13.7109 0.76159 0.761591
13.7305 0.794805 0.794804
13.75 0.818449 0.818447
13.7695 0.830874 0.830872
13.7891 0.827412 0.827409
13.8086 0.810877 0.810875
13.8281 0.790917 0.790916
13.8477 0.769445 0.769445
13.8672 0.748441 0.748442
13.8867 0.729788 0.72979
13.9063 0.715143 0.715146
13.9258 0.703601 0.703603
13.9453 0.689304 0.689306
13.9648 0.666715 0.666715
13.9844 0.630883 0.630883
14.0039 0.577634 0.577634
14.0234 0.505662 0.505662
14.043 0.422381 0.422381
14.0625 0.334963 0.334963
14.082 0.249766 0.249766
14.1016 0.171916 0.171916
14.1211 0.105155 0.105155
14.1406 0.0519379 0.0519378
14.1602 0.013488 0.0134878
14.1797 -0.0164814 -0.0164817
14.1992 -0.0440878 -0.0440883
14.2188 -0.074878 -0.0748786
14.2383 -0.113618 -0.113619
14.2578 -0.157105 -0.157106
14.2773 -0.201286 -0.201286
14.2969 -0.241972 -0.241973
14.3164 -0.280489 -0.28049
14.3359 -0.31887 -0.31887
14.3555 -0.356495 -0.356495
14.375 -0.392102 -0.392103
14.3945 -0.42437 -0.424371
14.4141 -0.451866 -0.451866
14.4336 -0.471459 -0.471459
14.4531 -0.47925 -0.479251
14.4727 -0.471202 -0.471202
14.4922 -0.449723 -0.449722
14.5117 -0.420966 -0.420964
14.5313 -0.387253 -0.387252
14.5508 -0.348471 -0.34847
14.5703 -0.307777 -0.307776
14.5898 -0.265909 -0.265908
14.6094 -0.219399 -0.219398
14.6289 -0.165296 -0.165295
14.6484 -0.101228 -0.101227
14.668 -0.0253772 -0.0253764
14.6875 0.0582487 0.0582494
14.707 0.137931 0.137932
14.7266 0.207661 0.207661
14.7461 0.270826 0.270826
14.7656 0.331159 0.33116
14.7852 0.389743 0.389744
14.8047 0.440891 0.440892
14.8242 0.479317 0.479318
14.8438 0.50187 0.501871
14.8633 0.512024 0.512026
14.8828 0.513203 0.513206
14.9023 0.508693 0.508695
14.9219 0.50172 0.501723
14.9414 0.495332 0.495335
14.9609 0.492245 0.492248
14.9805 0.494491 0.494493
15 0.498714 0.498716
15.0195 0.501322 0.501325
15.0391 0.498754 0.498757
15.0586 0.493221 0.493223
15.0781 0.487087 0.487089
15.0977 0.48265 0.482651
15.1172 0.482063 0.482065
15.1367 0.481454 0.481456
15.1563 0.476389 0.47639
15.1758 0.462941 0.462942
15.1953 0.442864 0.442865
15.2148 0.41948 0.41948
15.2344 0.391486 0.391487
15.2539 0.356373 0.356373
15.2734 0.312039 0.312039
15.293 0.260801 0.260802
15.3125 0.206894 0.206896
15.332 0.151512 0.151514
15.3516 0.0940263 0.0940284
15.3711 0.0336067 0.033609
15.3906 -0.0268768 -0.0268743
15.4102 -0.0820771 -0.0820748
15.4297 -0.127407 -0.127404
15.4492 -0.159041 -0.159039
15.4688 -0.173808 -0.173806
15.4883 -0.173084 -0.173082
15.5078 -0.163408 -0.163407
15.5273 -0.151268 -0.151267
15.5469 -0.140294 -0.140293
15.5664 -0.129565 -0.129565
15.5859 -0.117894 -0.117894
15.6055 -0.103919 -0.103919
15.625 -0.0861793 -0.0861792
15.6445 -0.0642749 -0.0642748
15.6641 -0.0411667 -0.0411665
15.6836 -0.0193809 -0.0193807
15.7031 -0.000925774 -0.000925454
15.7227 0.0135066 0.013507
15.7422 0.0277414 0.027742
15.7617 0.0455858 0.0455865
15.7813 0.0705355 0.0705364
15.8008 0.105189 0.10519
15.8203 0.146368 0.146369
15.8398 0.190613 0.190614
15.8594 0.237051 0.237052
15.8789 0.281157 0.281158
15.8984 0.318513 0.318514
15.918 0.3541 0.354101
15.9375 0.393183 0.393184
15.957 0.440578 0.440579
15.9766 0.500565 0.500566
15.9961 0.567965 0.567966
16.0156 0.636047 0.636047
16.0352 0.698424 0.698425
16.0547 0.749193 0.749193
16.0742 0.790273 0.790272
16.0938 0.82187 0.821869
16.1133 0.842784 0.842783
16.1328 0.852053 0.852052
16.1523 0.850541 0.85054
16.1719 0.840144 0.840143
16.1914 0.823143 0.823142
16.2109 0.800953 0.800952
16.2305 0.774353 0.774352
16.25 0.746672 0.74667
16.2695 0.72313 0.723129
16.2891 0.705728 0.705727
16.3086 0.692831 0.69283
16.3281 0.682116 0.682116
16.3477 0.671115 0.671115
16.3672 0.657396 0.657397
16.3867 0.640876 0.640877
16.4063 0.625312 0.625313
16.4258 0.612999 0.612999
16.4453 0.603244 0.603244
16.4648 0.595311 0.595311
16.4844 0.588264 0.588264
16.5039 0.580593 0.580593
16.5234 0.571037 0.571037
16.543 0.558736 0.558737
16.5625 0.543142 0.543143
16.582 0.524593 0.524593
16.6016 0.506627 0.506628
16.6211 0.484227 0.484227
16.6406 0.452776 0.452776
16.6602 0.408496 0.408496
16.6797 0.357118 0.357118
16.6992 0.30422 0.30422
16.7188 0.254878 0.254878
16.7383 0.213438 0.213438
16.7578 0.183436 0.183436
16.7773 0.164895 0.164895
16.7969 0.157058 0.157058
16.8164 0.158837 0.158837
16.8359 0.167811 0.167811
16.8555 0.179683 0.179684
16.875 0.190044 0.190045
16.8945 0.199275 0.199276
16.9141 0.209381 0.209382
16.9336 0.222521 0.222522
16.9531 0.240879 0.240879
16.9727 0.266543 0.266543
16.9922 0.298491 0.298491
17.0117 0.334109 0.334109
17.0313 0.371007 0.371007
17.0508 0.405046 0.405046
17.0703 0.43785 0.437851
17.0898 0.472847 0.472848
17.1094 0.509959 0.50996
17.1289 0.549173 0.549174
17.1484 0.591185 0.591186
17.168 0.637411 0.637412
17.1875 0.689008 0.689009
17.207 0.746824 0.746825
17.2266 0.810877 0.810879
17.2461 0.880023 0.880026
17.2656 0.953015 0.953018
17.2852 1.02857 1.02858
17.3047 1.10545 1.10545
17.3242 1.18171 1.18171
17.3438 1.25326 1.25326
17.3633 1.31616 1.31617
17.3828 1.36668 1.36668
17.4023 1.40122 1.40123
17.4219 1.41711 1.41711
17.4414 1.41721 1.41721
17.4609 1.40419 1.40419
17.4805 1.38102 1.38102
17.5 1.3509 1.3509
17.5195 1.31708 1.31708
17.5391 1.28272 1.28272
17.5586 1.24751 1.24751
17.5781 1.21105 1.21105
17.5977 1.17291 1.17291
17.6172 1.13272 1.13272
17.6367 1.09017 1.09017
17.6563 1.0453 1.04529
17.6758 0.99814 0.99814
17.6953 0.948752 0.948753
17.7148 0.897171 0.897173
17.7344 0.845065 0.845068
17.7539 0.794473 0.794476
17.7734 0.747223 0.747226
17.793 0.702683 0.702684
17.8125 0.659159 0.659158
17.832 0.615049 0.615048
17.8516 0.570849 0.570847
17.8711 0.528353 0.52835
17.8906 0.489368 0.489365
17.9102 0.45568 0.455678
17.9297 0.427026 0.427024
17.9492 0.401326 0.401325
17.9688 0.376632 0.376632
17.9883 0.353485 0.353486
18.0078 0.335383 0.335384
18.0273 0.325741 0.325743
18.0469 0.326074 0.326077
18.0664 0.334845 0.334848
18.0859 0.350172 0.350175
18.1055 0.370354 0.370356
18.125 0.394506 0.394508
18.1445 0.421641 0.421643
18.1641 0.45074 0.450742
18.1836 0.480825 0.480827
18.2031 0.511012 0.511014
18.2227 0.540558 0.54056
18.2422 0.568876 0.568877
18.2617 0.595513 0.595515
18.2813 0.62 0.620001
18.3008 0.641983 0.641984
18.3203 0.661203 0.661203
18.3398 0.677453 0.677453
18.3594 0.690557 0.690557
18.3789 0.700348 0.700348
18.3984 0.706196 0.706195
18.418 0.707477 0.707477
18.4375 0.706229 0.706229
18.457 0.704583 0.704583
18.4766 0.704438 0.704437
18.4961 0.70737 0.70737
18.5156 0.714601 0.714601
18.5352 0.724297 0.724297
18.5547 0.733845 0.733844
18.5742 0.74074 0.740739
18.5938 0.746611 0.746611
18.6133 0.754612 0.754612
18.6328 0.76778 0.767781
18.6523 0.784653 0.784655
18.6719 0.801552 0.801554
18.6914 0.815099 0.815101
18.7109 0.822392 0.822394
18.7305 0.82111 0.821112
18.75 0.809567 0.809568
18.7695 0.789141 0.789142
18.7891 0.763902 0.763902
18.8086 0.7379 0.7379
18.8281 0.714886 0.714886
18.8477 0.698065 0.698065
18.8672 0.689949 0.689948
18.8867 0.692308 0.692307
18.9063 0.704361 0.704361
18.9258 0.721334 0.721335
18.9453 0.73841 0.738411
18.9648 0.751905 0.751907
18.9844 0.760901 0.760903
19.0039 0.764883 0.764884
19.0234 0.762984 0.762986
19.043 0.752846 0.752848
19.0625 0.737426 0.737428
19.082 0.719754 0.719756
19.1016 0.702728 0.70273
19.1211 0.688951 0.688953
19.1406 0.68049 0.680493
19.1602 0.676565 0.676567
19.1797 0.676202 0.676204
19.1992 0.678931 0.678932
19.2188 0.684318 0.684319
19.2383 0.692039 0.692038
19.2578 0.698172 0.698171
19.2773 0.698994 0.698992
19.2969 0.691355 0.691353
19.3164 0.677582 0.677581
19.3359 0.660962 0.66096
19.3555 0.644656 0.644655
19.375 0.631453 0.631453
19.3945 0.623592 0.623592
19.4141 0.622673 0.622673
19.4336 0.629661 0.629661
19.4531 0.641193 0.641193
19.4727 0.652141 0.65214
19.4922 0.657686 0.657685
19.5117 0.653638 0.653637
19.5313 0.640102 0.640101
19.5508 0.62014 0.620141
19.5703 0.597129 0.59713
19.5898 0.574472 0.574474
19.6094 0.555339 0.555341
19.6289 0.542446 0.542449
19.6484 0.537926 0.53793
19.668 0.542514 0.542518
19.6875 0.555388 0.555393
19.707 0.575357 0.575361
19.7266 0.601044 0.601047
19.7461 0.631075 0.631077
19.7656 0.663924 0.663926
19.7852 0.69768 0.69768
19.8047 0.730597 0.730596
19.8242 0.760663 0.760661
19.8438 0.786415 0.786413
19.8633 0.806885 0.806883
19.8828 0.821931 0.821929
19.9023 0.83379 0.833789
19.9219 0.844636 0.844636
19.9414 0.856393 0.856395
19.9609 0.870367 0.870371
19.9805 0.884085 0.88409
20 0.894945 0.89495
20.0195 0.900361 0.900366
20.0391 0.897881 0.897887
20.0586 0.885312 0.885317
20.0781 0.864934 0.864939
20.0977 0.839315 0.839319
20.1172 0.81088 0.810884
20.1367 0.781751 0.781755
20.1563 0.753846 0.75385
20.1758 0.728618 0.728621
20.1953 0.70701 0.707014
20.2148 0.689523 0.689525
20.2344 0.676319 0.676322
20.2539 0.667382 0.667384
20.2734 0.662655 0.662656
20.293 0.659068 0.659068
20.3125 0.652573 0.652573
20.332 0.63983 0.639829
20.3516 0.618324 0.618323
20.3711 0.586389 0.586388
20.3906 0.54314 0.543139
20.4102 0.491323 0.491322
20.4297 0.436388 0.436388
20.4492 0.383486 0.383486
20.4688 0.337186 0.337186
20.4883 0.30135 0.301351
20.5078 0.27914 0.279141
20.5273 0.270675 0.270676
20.5469 0.272065 0.272066
20.5664 0.279302 0.279303
20.5859 0.288304 0.288306
20.6055 0.295164 0.295165
20.625 0.297987 0.297988
20.6445 0.299496 0.299497
20.6641 0.302411 0.302412
20.6836 0.309255 0.309256
20.7031 0.322198 0.322199
20.7227 0.342958 0.342958
20.7422 0.372773 0.372774
20.7617 0.412441 0.412441
20.7813 0.462409 0.462408
20.8008 0.522431 0.52243
20.8203 0.585244 0.585243
20.8398 0.644301 0.6443
20.8594 0.694114 0.694113
20.8789 0.730375 0.730374
20.8984 0.749899 0.749898
20.918 0.756732 0.756732
20.9375 0.755548 0.755549
20.957 0.759578 0.75958
20.9766 0.763612 0.763614
20.9961 0.767662 0.767665
21.0156 0.772739 0.772742
21.0352 0.781858 0.781861
21.0547 0.798 0.798004
21.0742 0.818999 0.819002
21.0938 0.840813 0.840815
21.1133 0.859343 0.859344
21.1328 0.870723 0.870723
21.1523 0.871535 0.871535
21.1719 0.861774 0.861774
21.1914 0.843548 0.843548
21.2109 0.819213 0.819213
21.2305 0.791195 0.791196
21.25 0.761841 0.761842
21.2695 0.733302 0.733303
21.2891 0.706953 0.706953
21.3086 0.683396 0.683395
21.3281 0.663097 0.663095
21.3477 0.64647 0.646468
21.3672 0.63396 0.633958
21.3867 0.624753 0.624751
21.4063 0.615944 0.615942
21.4258 0.605897 0.605895
21.4453 0.595198 0.595196
21.4648 0.584706 0.584705
21.4844 0.575134 0.575134
21.5039 0.566351 0.566352
21.5234 0.558184 0.558185
21.543 0.550802 0.550803
21.5625 0.546305 0.546306
21.582 0.546435 0.546437
21.6016 0.552518 0.55252
21.6211 0.565428 0.565431
21.6406 0.585506 0.585509
21.6602 0.610767 0.61077
21.6797 0.639158 0.639161
21.6992 0.668735 0.668738
21.7188 0.699375 0.699378
21.7383 0.731192 0.731195
21.7578 0.764485 0.764488
21.7773 0.79969 0.799693
21.7969 0.837325 0.837327
21.8164 0.87793 0.877931
21.8359 0.913338 0.913339
21.8555 0.934281 0.934282
21.875 0.940812 0.940812
21.8945 0.935591 0.93559
21.9141 0.921476 0.921476
21.9336 0.901422 0.901422
21.9531 0.877416 0.877416
21.9727 0.850876 0.850876
21.9922 0.822955 0.822955
22.0117 0.796149 0.796149
22.0313 0.773482 0.773482
22.0508 0.757361 0.757361
22.0703 0.749546 0.749546
22.0898 0.751175 0.751175
22.1094 0.759826 0.759825
22.1289 0.769907 0.769906
22.1484 0.776107 0.776107
22.168 0.773728 0.773727
22.1875 0.758918 0.758917
22.207 0.730714 0.730712
22.2266 0.692072 0.692069
22.2461 0.646448 0.646444
22.2656 0.597502 0.597498
22.2852 0.548823 0.548818
22.3047 0.503078 0.503073
22.3242 0.46082 0.460815
22.3438 0.42227 0.422265
22.3633 0.387382 0.387379
22.3828 0.356122 0.35612
22.4023 0.329278 0.329277
22.4219 0.307512 0.307512
22.4414 0.291375 0.291376
22.4609 0.281297 0.281299
22.4805 0.277544 0.277547
22.5 0.279566 0.279569
22.5195 0.286642 0.286644
22.5391 0.299763 0.299765
22.5586 0.319597 0.319599
22.5781 0.346492 0.346494
22.5977 0.380524 0.380525
22.6172 0.421578 0.421579
22.6367 0.469495 0.469497
22.6563 0.517335 0.517337
22.6758 0.55773 0.557732
22.6953 0.584424 0.584425
22.7148 0.598384 0.598384
22.7344 0.603039 0.603038
22.7539 0.602207 0.602205
22.7734 0.598845 0.598842
22.793 0.595312 0.595309
22.8125 0.593511 0.593509
22.832 0.595723 0.595722
22.8516 0.604048 0.604049
22.8711 0.619797 0.619799
22.8906 0.643518 0.64352
22.9102 0.675078 0.67508
22.9297 0.713796 0.713799
22.9492 0.757217 0.75722
22.9688 0.80142 0.801423
22.9883 0.843538 0.843541
23.0078 0.882095 0.882097
23.0273 0.916146 0.916147
23.0469 0.945251 0.945251
23.0664 0.969397 0.969397
23.0859 0.987898 0.987897
23.1055 0.9983 0.9983
23.125 0.998527 0.998527
23.1445 0.98768 0.987679
23.1641 0.967749 0.967748
23.1836 0.941041 0.941041
23.2031 0.910006 0.910007
23.2227 0.877017 0.877018
23.2422 0.84402 0.844022
23.2617 0.812792 0.812794
23.2813 0.785827 0.78583
23.3008 0.765044 0.765047
23.3203 0.751717 0.75172
23.3398 0.746478 0.746481
23.3594 0.74937 0.749373
23.3789 0.759933 0.759936
23.3984 0.774459 0.774461
23.418 0.78915 0.78915
23.4375 0.800494 0.800494
23.457 0.8055 0.805499
23.4766 0.801858 0.801857
23.4961 0.788033 0.788032
23.5156 0.765627 0.765625
23.5352 0.737296 0.737294
23.5547 0.706024 0.706023
23.5742 0.674892 0.674892
23.5938 0.646876 0.646877
23.6133 0.620379 0.62038
23.6328 0.591937 0.591939
23.6523 0.562832 0.562835
23.6719 0.536658 0.536662
23.6914 0.516642 0.516647
23.7109 0.505495 0.5055
23.7305 0.502815 0.502819
23.75 0.505774 0.505777
23.7695 0.51129 0.511293
23.7891 0.516196 0.516198
23.8086 0.517422 0.517423
23.8281 0.514885 0.514886
23.8477 0.51214 0.512141
23.8672 0.512601 0.512601
23.8867 0.519393 0.519394
23.9063 0.533008 0.533009
23.9258 0.549395 0.549396
23.9453 0.564702 0.564704
23.9648 0.575543 0.575545
23.9844 0.579193 0.579195
24.0039 0.574754 0.574756
24.0234 0.565695 0.565698
24.043 0.555774 0.555779
24.0625 0.548731 0.548735
24.082 0.547999 0.548003
24.1016 0.556474 0.556476
24.1211 0.576352 0.576354
24.1406 0.609058 0.609059
24.1602 0.654946 0.654946
24.1797 0.704662 0.704661
24.1992 0.749115 0.749114
24.2188 0.779991 0.77999
24.2383 0.790097 0.790097
24.2578 0.785074 0.785074
24.2773 0.77181 0.771811
24.2969 0.757175 0.757176
24.3164 0.74756 0.747561
24.3359 0.748523 0.748526
24.3555 0.764555 0.764558
24.375 0.798958 0.798961
24.3945 0.839749 0.839752
24.4141 0.870858 0.87086
24.4336 0.888093 0.888095
24.4531 0.892527 0.89253
24.4727 0.886099 0.886101
24.4922 0.87141 0.871413
24.5117 0.85146 0.851464
24.5313 0.826136 0.826141
24.5508 0.793263 0.793267
24.5703 0.753205 0.753209
24.5898 0.708231 0.708235
24.6094 0.660333 0.660336
24.6289 0.610606 0.610608
24.6484 0.559197 0.559198
24.668 0.507341 0.507342
24.6875 0.457786 0.457787
24.707 0.41282 0.412821
24.7266 0.374332 0.374333
24.7461 0.343903 0.343904
24.7656 0.322159 0.322161
24.7852 0.307976 0.307978
24.8047 0.30033 0.300332
24.8242 0.298342 0.298344
24.8438 0.30152 0.301522
24.8633 0.31028 0.310282
24.8828 0.324991 0.324993
24.9023 0.345957 0.345958
24.9219 0.373445 0.373446
24.9414 0.407047 0.407048
24.9609 0.43933 0.43933
24.9805 0.463679 0.46368
25 0.474763 0.474763
25.0195 0.476446 0.476446
25.0391 0.473121 0.473121
25.0586 0.469284 0.469284
25.0781 0.469114 0.469114
25.0977 0.47187 0.47187
25.1172 0.475928 0.475928
25.1367 0.479185 0.479184
25.1563 0.483662 0.483661
25.1758 0.491554 0.491554
25.1953 0.504398 0.504399
25.2148 0.523034 0.523035
25.2344 0.547663 0.547664
25.2539 0.577426 0.577428
25.2734 0.610968 0.610969
25.293 0.646852 0.646853
25.3125 0.683769 0.68377
25.332 0.720705 0.720707
25.3516 0.757065 0.757067
25.3711 0.792734 0.792737
25.3906 0.82809 0.828093
25.4102 0.856802 0.856805
25.4297 0.867415 0.867418
25.4492 0.856649 0.856652
25.4688 0.829366 0.829369
25.4883 0.791119 0.791121
25.5078 0.746114 0.746115
25.5273 0.696327 0.696327
25.5469 0.643463 0.643463
25.5664 0.58878 0.58878
25.5859 0.532959 0.532959
25.6055 0.477854 0.477854
25.625 0.428703 0.428703
25.6445 0.389666 0.389666
25.6641 0.363836 0.363837
25.6836 0.353364 0.353365
25.7031 0.359636 0.359637
25.7227 0.383369 0.38337
25.7422 0.424628 0.424629
25.7617 0.481578 0.481579
25.7813 0.540714 0.540714
25.8008 0.589597 0.589597
25.8203 0.617465 0.617465
25.8398 0.61585 0.61585
25.8594 0.590576 0.590575
25.8789 0.548958 0.548957
25.8984 0.499136 0.499135
25.918 0.449379 0.449379
25.9375 0.407447 0.407447
25.957 0.380089 0.38009
25.9766 0.36254 0.362542
25.9961 0.347915 0.347918
26.0156 0.329162 0.329165
26.0352 0.308325 0.308328
26.0547 0.289438 0.289441
26.0742 0.276017 0.276019
26.0938 0.270901 0.270903
26.1133 0.276154 0.276155
26.1328 0.292955 0.292955
26.1523 0.321545 0.321544
26.1719 0.361344 0.361343
26.1914 0.411165 0.411164
26.2109 0.469493 0.469492
26.2305 0.534814 0.534813
26.25 0.605938 0.605938
26.2695 0.679315 0.679315
26.2891 0.749615 0.749616
26.3086 0.812938 0.812939
26.3281 0.866849 0.866849
26.3477 0.910844 0.910844
26.3672 0.94628 0.94628
26.3867 0.975067 0.975068
26.4063 0.999264 0.999265
26.4258 1.02096 1.02096
26.4453 1.04229 1.04229
26.4648 1.06476 1.06476
26.4844 1.08923 1.08924
26.5039 1.11606 1.11606
26.5234 1.14513 1.14514
26.543 1.17623 1.17623
26.5625 1.20965 1.20965
26.582 1.24548 1.24549
26.6016 1.28359 1.2836
26.6211 1.32366 1.32366
26.6406 1.36496 1.36496
26.6602 1.40393 1.40393
26.6797 1.43665 1.43665
26.6992 1.45897 1.45897
26.7188 1.46675 1.46675
26.7383 1.45603 1.45603
26.7578 1.42725 1.42726
26.7773 1.38224 1.38224
26.7969 1.3239 1.3239
26.8164 1.25598 1.25598
26.8359 1.18278 1.18278
26.8555 1.10779 1.10779
26.875 1.03412 1.03412
26.8945 0.964494 0.964497
26.9141 0.901063 0.901064
26.9336 0.845358 0.845359
26.9531 0.796574 0.796574
26.9727 0.752755 0.752757
26.9922 0.711761 0.711763
27.0117 0.6714 0.671402
27.0313 0.631428 0.631431
27.0508 0.592884 0.592887
27.0703 0.556785 0.556788
27.0898 0.524118 0.52412
27.1094 0.495839 0.495841
27.1289 0.472875 0.472877
27.1484 0.455131 0.455133
27.168 0.441351 0.441353
27.1875 0.430376 0.430377
27.207 0.421914 0.421914
27.2266 0.416975 0.416974
27.2461 0.416614 0.416612
27.2656 0.421427 0.421425
27.2852 0.430763 0.430761
27.3047 0.443986 0.443984
27.3242 0.460914 0.460913
27.3438 0.482714 0.482713
27.3633 0.510385 0.510385
27.3828 0.544687 0.544687
27.4023 0.586088 0.586089
27.4219 0.634484 0.634486
27.4414 0.68752 0.687523
27.4609 0.742831 0.742834
27.4805 0.798197 0.798202
27.5 0.851674 0.851678
27.5195 0.90165 0.901653
27.5391 0.946853 0.946856
27.5586 0.988582 0.988584
27.5781 1.02827 1.02827
27.5977 1.0673 1.0673
27.6172 1.10675 1.10676
27.6367 1.14752 1.14752
27.6563 1.19031 1.19031
27.6758 1.2357 1.2357
27.6953 1.28412 1.28412
27.7148 1.3342 1.33421
27.7344 1.38416 1.38416
27.7539 1.43223 1.43223
27.7734 1.47676 1.47677
27.793 1.51619 1.5162
27.8125 1.54852 1.54853
27.832 1.57162 1.57162
27.8516 1.58343 1.58344
27.8711 1.58432 1.58432
27.8906 1.57617 1.57617
27.9102 1.56114 1.56114
27.9297 1.54152 1.54152
27.9492 1.51969 1.51969
27.9688 1.4964 1.4964
27.9883 1.47066 1.47066
28.0078 1.44158 1.44158
28.0273 1.40843 1.40843
28.0469 1.37062 1.37062
28.0664 1.32776 1.32776
28.0859 1.27959 1.27958
28.1055 1.22699 1.22699
28.125 1.17317 1.17317
28.1445 1.12104 1.12103
28.1641 1.07307 1.07306
28.1836 1.03129 1.03129
28.2031 0.996563 0.996563
28.2227 0.966153 0.966155
28.2422 0.937352 0.937356
28.2617 0.907637 0.907642
28.2813 0.874778 0.874784
28.3008 0.837087 0.837092
28.3203 0.796108 0.796112
28.3398 0.753527 0.75353
28.3594 0.71108 0.711082
28.3789 0.670486 0.670486
28.3984 0.632558 0.632558
28.418 0.598032 0.598031
28.4375 0.567589 0.567589
28.457 0.541864 0.541864
28.4766 0.52181 0.521811
28.4961 0.508397 0.508399
28.5156 0.501178 0.50118
28.5352 0.499422 0.499425
28.5547 0.502415 0.502417
28.5742 0.511081 0.511084
28.5938 0.526624 0.526627
28.6133 0.549873 0.549876
28.6328 0.58126 0.581264
28.6523 0.620846 0.62085
28.6719 0.666257 0.666262
28.6914 0.713835 0.71384
28.7109 0.760156 0.760159
28.7305 0.802228 0.802229
28.75 0.837615 0.837616
28.7695 0.864488 0.864487
28.7891 0.883105 0.883104
28.8086 0.895699 0.895697
28.8281 0.904595 0.904592
28.8477 0.912022 0.912018
28.8672 0.919959 0.919955
28.8867 0.930044 0.93004
28.9063 0.943519 0.943516
28.9258 0.960832 0.96083
28.9453 0.981233 0.981232
28.9648 1.00377 1.00377
28.9844 1.02737 1.02737
29.0039 1.05117 1.05117
29.0234 1.07506 1.07507
29.043 1.09899 1.09899
29.0625 1.12288 1.12289
29.082 1.14673 1.14673
29.1016 1.17035 1.17035
29.1211 1.19194 1.19194
29.1406 1.20987 1.20987
29.1602 1.22253 1.22253
29.1797 1.22322 1.22322
29.1992 1.21636 1.21636
29.2188 1.20277 1.20277
29.2383 1.18352 1.18353
29.2578 1.15994 1.15995
29.2773 1.13346 1.13346
29.2969 1.10548 1.10548
29.3164 1.07731 1.07731
29.3359 1.05003 1.05003
29.3555 1.02443 1.02443
29.375 1.00099 1.00099
29.3945 0.97986 0.979865
29.4141 0.960892 0.960897
29.4336 0.943698 0.943702
29.4531 0.927716 0.927719
29.4727 0.912287 0.912289
29.4922 0.896738 0.896739
29.5117 0.88045 0.880452
29.5313 0.862926 0.862927
29.5508 0.843825 0.843825
29.5703 0.822997 0.822997
29.5898 0.800486 0.800485
29.6094 0.776521 0.776518
29.6289 0.751493 0.751491
29.6484 0.725929 0.725926
29.668 0.700447 0.700445
29.6875 0.675731 0.675729
29.707 0.652485 0.652483
29.7266 0.631405 0.631404
29.7461 0.613153 0.613154
29.7656 0.598332 0.598333
29.7852 0.587458 0.58746
29.8047 0.580941 0.580943
29.8242 0.579052 0.579054
29.8438 0.581911 0.581913
29.8633 0.589408 0.589411
29.8828 0.601167 0.60117
29.9023 0.616586 0.616589
29.9219 0.634896 0.6349
29.9414 0.655239 0.655243
29.9609 0.676739 0.676743
29.9805 0.698581 0.698586
30 0.720072 0.720076
30.0195 0.740681 0.740684
30.0391 0.760068 0.76007
30.0586 0.778079 0.778081
30.0781 0.794736 0.794738
30.0977 0.8102 0.810201
30.1172 0.824727 0.824728
30.1367 0.838623 0.838623
30.1563 0.852196 0.852198
30.1758 0.865723 0.865725
30.1953 0.879408 0.879411
30.2148 0.893375 0.893379
30.2344 0.907646 0.90765
30.2539 0.922146 0.92215
30.2734 0.936714 0.936719
30.293 0.951112 0.951116
30.3125 0.965042 0.965044
30.332 0.978164 0.978165
30.3516 0.990122 0.990121
30.3711 1.00055 1.00055
30.3906 1.00911 1.00911
30.4102 1.01549 1.01548
30.4297 1.01941 1.01941
30.4492 1.02067 1.02067
30.4688 1.01915 1.01915
30.4883 1.0148 1.0148
30.5078 1.00773 1.00773
30.5273 0.99815 0.998147
30.5469 0.986362 0.98636
30.5664 0.972765 0.972763
30.5859 0.957802 0.957801
30.6055 0.941939 0.941939
30.625 0.925631 0.925632
30.6445 0.909293 0.909295
30.6641 0.893277 0.893281
30.6836 0.877857 0.877863
30.7031 0.863219 0.863225
30.7227 0.84946 0.849467
30.7422 0.836603 0.836609
30.7617 0.824602 0.824607
30.7813 0.813371 0.813375
30.8008 0.8028 0.802802
30.8203 0.792775 0.792776
30.8398 0.783201 0.783202
30.8594 0.774014 0.774016
30.8789 0.765195 0.765197
30.8984 0.756772 0.756774
30.918 0.748821 0.748825
30.9375 0.741466 0.74147
30.957 0.734865 0.734869
30.9766 0.729206 0.72921
30.9961 0.724689 0.724693
31.0156 0.721516 0.72152
31.0352 0.719877 0.719881
31.0547 0.719939 0.719941
31.0742 0.721827 0.721828
31.0938 0.725608 0.725608
31.1133 0.731279 0.731278
31.1328 0.738769 0.738766
31.1523 0.747943 0.747939
31.1719 0.758607 0.758603
31.1914 0.770519 0.770516
31.2109 0.783405 0.783402
31.2305 0.796973 0.796972
31.25 0.810937 0.810937
31.2695 0.825024 0.825026
31.2891 0.838989 0.838992
31.3086 0.852624 0.852628
31.3281 0.865763 0.865767
31.3477 0.878282 0.878286
31.3672 0.890099 0.890103
31.3867 0.90117 0.901172
31.4063 0.911478 0.911479
31.4258 0.921028 0.921028
31.4453 0.929839 0.929837
31.4648 0.93793 0.937928
31.4844 0.945317 0.945314
31.5039 0.952004 0.952001
31.5234 0.957976 0.957975
31.543 0.963204 0.963204
31.5625 0.967637 0.967638
31.582 0.971206 0.971209
31.6016 0.97383 0.973834
31.6211 0.97542 0.975425
31.6406 0.975885 0.975892
31.6602 0.975143 0.97515
31.6797 0.973125 0.973132
31.6992 0.969793 0.969799
31.7188 0.965139 0.965144
31.7383 0.959194 0.959197
31.7578 0.952023 0.952024
31.7773 0.943727 0.943728
31.7969 0.934443 0.934441
31.8164 0.924328 0.924326
31.8359 0.913563 0.913559
31.8555 0.902336 0.902332
31.875 0.890841 0.890837
31.8945 0.879263 0.879259
31.9141 0.867777 0.867774
31.9336 0.856539 0.856538
31.9531 0.845684 0.845684
31.9727 0.835322 0.835323
31.9922 0.825539 0.825542
32.0117 0.816401 0.816404
32.0313 0.807951 0.807955
32.0508 0.800219 0.800224
32.0703 0.793225 0.79323
32.0898 0.78698 0.786985
32.1094 0.781494 0.781498
32.1289 0.776778 0.776781
32.1484 0.772846 0.772848
32.168 0.76972 0.76972
32.1875 0.767423 0.767423
32.207 0.765987 0.765987
32.2266 0.765444 0.765444
32.2461 0.765827 0.765827
32.2656 0.767165 0.767165
32.2852 0.769475 0.769475
32.3047 0.772762 0.772762
32.3242 0.777013 0.777014
32.3438 0.782198 0.7822
32.3633 0.788268 0.78827
32.3828 0.795153 0.795155
32.4023 0.802766 0.802768
32.4219 0.811005 0.811006
32.4414 0.819752 0.819753
32.4609 0.828883 0.828883
32.4805 0.838265 0.838265
32.5 0.847767 0.847766
32.5195 0.857259 0.857258
32.5391 0.866618 0.866616
32.5586 0.875729 0.875726
32.5781 0.884489 0.884487
32.5977 0.892811 0.892808
32.6172 0.900617 0.900614
32.6367 0.907846 0.907844
32.6563 0.914447 0.914446
32.6758 0.920382 0.920382
32.6953 0.925621 0.925623
32.7148 0.930141 0.930144
32.7344 0.933925 0.933928
32.7539 0.936957 0.936961
32.7734 0.939227 0.93923
32.793 0.940722 0.940725
32.8125 0.941434 0.941436
32.832 0.941356 0.941356
32.8516 0.940482 0.940481
32.8711 0.938814 0.938812
32.8906 0.936359 0.936356
32.9102 0.933134 0.933131
32.9297 0.929164 0.929162
32.9492 0.924486 0.924484
32.9688 0.919144 0.919144
32.9883 0.913197 0.913198
33.0078 0.906712 0.906715
33.0273 0.899766 0.899769
33.0469 0.892442 0.892445
33.0664 0.884832 0.884834
33.0859 0.877029 0.877031
33.1055 0.869131 0.869132
33.125 0.861233 0.861235
33.1445 0.853432 0.853435
33.1641 0.845818 0.845821
33.1836 0.838475 0.838478
33.2031 0.831481 0.831485
33.2227 0.824906 0.82491
33.2422 0.818811 0.818815
33.2617 0.813248 0.813252
33.2813 0.808263 0.808265
33.3008 0.80389 0.803891
33.3203 0.800158 0.800159
33.3398 0.797091 0.797091
33.3594 0.794704 0.794704
33.3789 0.79301 0.793011
33.3984 0.792017 0.792018
33.418 0.791726 0.791727
33.4375 0.792135 0.792136
33.457 0.793237 0.793238
33.4766 0.795019 0.795019
33.4961 0.797458 0.797459
33.5156 0.80053 0.800531
33.5352 0.804201 0.804203
33.5547 0.808432 0.808435
33.5742 0.813178 0.81318
33.5938 0.818385 0.818388
33.6133 0.823996 0.823999
33.6328 0.829948 0.829951
33.6523 0.836174 0.836176
33.6719 0.842603 0.842604
33.6914 0.84916 0.849162
33.7109 0.855773 0.855774
33.7305 0.862365 0.862367
33.75 0.868865 0.868866
33.7695 0.8752 0.875201
33.7891 0.881302 0.881303
33.8086 0.887109 0.887109
33.8281 0.892562 0.892561
33.8477 0.897606 0.897605
33.8672 0.902195 0.902195
33.8867 0.906289 0.906289
33.9063 0.909853 0.909853
33.9258 0.912858 0.91286
33.9453 0.915283 0.915285
33.9648 0.917112 0.917113
33.9844 0.918332 0.918334
34.0039 0.91894 0.918942
34.0234 0.918936 0.918937
34.043 0.918325 0.918325
34.0625 0.917119 0.917119
34.082 0.915335 0.915335
34.1016 0.912996 0.912996
34.1211 0.91013 0.910132
34.1406 0.906773 0.906776
34.1602 0.902963 0.902967
34.1797 0.898744 0.898749
34.1992 0.894163 0.894168
34.2188 0.889272 0.889277
34.2383 0.884124 0.884129
34.2578 0.878777 0.878782
34.2773 0.87329 0.873294
34.2969 0.867722 0.867725
34.3164 0.862132 0.862135
34.3359 0.856583 0.856585
34.3555 0.851132 0.851134
34.375 0.845836 0.845838
34.3945 0.840751 0.840753
34.4141 0.835928 0.835929
34.4336 0.831415 0.831416
34.4531 0.827256 0.827257
34.4727 0.823491 0.823492
34.4922 0.820155 0.820156
34.5117 0.817278 0.817278
34.5313 0.814883 0.814883
34.5508 0.812991 0.81299
34.5703 0.811616 0.811615
34.5898 0.810765 0.810765
34.6094 0.810444 0.810444
34.6289 0.81065 0.810651
34.6484 0.811377 0.811378
34.668 0.81261 0.812612
34.6875 0.814333 0.814337
34.707 0.816523 0.816527
34.7266 0.819152 0.819156
34.7461 0.822187 0.82219
34.7656 0.825591 0.825595
34.7852 0.829325 0.829329
34.8047 0.833347 0.83335
34.8242 0.837609 0.837612
34.8438 0.842065 0.842068
34.8633 0.846667 0.84667
34.8828 0.851364 0.851366
34.9023 0.856106 0.856107
34.9219 0.860842 0.860843
34.9414 0.865523 0.865523
34.9609 0.8701 0.8701
34.9805 0.874527 0.874526
35 0.878758 0.878757
35.0195 0.882751 0.882751
35.0391 0.886467 0.886467
35.0586 0.889871 0.889872
35.0781 0.892929 0.892931
35.0977 0.895613 0.895617
35.1172 0.897901 0.897905
35.1367 0.899771 0.899776
35.1563 0.901209 0.901214
35.1758 0.902204 0.902207
35.1953 0.902749 0.902751
35.2148 0.902843 0.902842
35.2344 0.902487 0.902485
35.2539 0.90169 0.901687
35.2734 0.900465 0.900461
35.293 0.898828 0.898824
35.3125 0.8968 0.896797
35.332 0.894409 0.894407
35.3516 0.891683 0.891682
35.3711 0.888655 0.888654
35.3906 0.88536 0.885361
35.4102 0.881838 0.881838
35.4297 0.878127 0.878127
35.4492 0.874267 0.874268
35.4688 0.870303 0.870304
35.4883 0.866276 0.866278
35.5078 0.86223 0.862232
35.5273 0.858208 0.85821
35.5469 0.854251 0.854252
35.5664 0.850398 0.850401
35.5859 0.84669 0.846693
35.6055 0.843164 0.843168
35.625 0.839855 0.839858
35.6445 0.836794 0.836797
35.6641 0.83401 0.834014
35.6836 0.831531 0.831534
35.7031 0.829378 0.829381
35.7227 0.827571 0.827574
35.7422 0.826125 0.826128
35.7617 0.825052 0.825055
35.7813 0.824361 0.824364
35.8008 0.824055 0.824057
35.8203 0.824134 0.824136
35.8398 0.824594 0.824595
35.8594 0.825426 0.825427
35.8789 0.826618 0.826619
35.8984 0.828153 0.828154
35.918 0.830012 0.830014
35.9375 0.832172 0.832174
35.957 0.834607 0.83461
35.9766 0.837288 0.837291
35.9961 0.840183 0.840186
36.0156 0.84326 0.843263
36.0352 0.846484 0.846486
36.0547 0.849818 0.84982
36.0742 0.853226 0.853228
36.0938 0.856672 0.856674
36.1133 0.86012 0.860121
36.1328 0.863532 0.863533
36.1523 0.866874 0.866874
36.1719 0.870111 0.870111
36.1914 0.87321 0.873211
36.2109 0.876141 0.876143
36.2305 0.878876 0.878878
36.25 0.881388 0.88139
36.2695 0.883653 0.883655
36.2891 0.885651 0.885653
36.3086 0.887363 0.887365
36.3281 0.888773 0.888776
36.3477 0.889871 0.889874
36.3672 0.890647 0.89065
36.3867 0.891096 0.8911
36.4063 0.891217 0.891222
36.4258 0.891013 0.891016
36.4453 0.890487 0.890489
36.4648 0.889647 0.889649
36.4844 0.888506 0.888507
36.5039 0.887079 0.887079
36.5234 0.885383 0.885383
36.543 0.883439 0.88344
36.5625 0.881271 0.881272
36.582 0.878904 0.878905
36.6016 0.876365 0.876366
36.6211 0.873684 0.873684
36.6406 0.87089 0.87089
36.6602 0.868014 0.868013
36.6797 0.865087 0.865086
36.6992 0.86214 0.862139
36.7188 0.859205 0.859204
36.7383 0.856312 0.856312
36.7578 0.853492 0.853492
36.7773 0.850774 0.850773
36.7969 0.848184 0.848183
36.8164 0.845748 0.845747
36.8359 0.84349 0.843489
36.8555 0.841431 0.841431
36.875 0.839591 0.839591
36.8945 0.837987 0.837987
36.9141 0.836633 0.836634
36.9336 0.83554 0.835542
36.9531 0.834718 0.834721
36.9727 0.834173 0.834177
36.9922 0.833908 0.833913
37.0117 0.833923 0.833928
37.0313 0.834216 0.834221
37.0508 0.834781 0.834785
37.0703 0.835608 0.835612
37.0898 0.836688 0.836692
37.1094 0.838006 0.838009
37.1289 0.839546 0.839547
37.1484 0.841288 0.841289
37.168 0.843212 0.843214
37.1875 0.845297 0.845298
37.207 0.847518 0.847519
37.2266 0.84985 0.849851
37.2461 0.852268 0.852269
37.2656 0.854744 0.854746
37.2852 0.857252 0.857255
37.3047 0.859766 0.85977
37.3242 0.862258 0.862263
37.3438 0.864705 0.864709
37.3633 0.867079 0.867083
37.3828 0.869357 0.86936
37.4023 0.871516 0.871518
37.4219 0.873535 0.873536
37.4414 0.875393 0.875394
37.4609 0.877074 0.877073
37.4805 0.878561 0.87856
37.5 0.879841 0.879839
37.5195 0.880902 0.8809
37.5391 0.881735 0.881734
37.5586 0.882334 0.882333
37.5781 0.882695 0.882696
37.5977 0.882818 0.882818
37.6172 0.882702 0.882703
37.6367 0.882351 0.882352
37.6563 0.881772 0.881773
37.6758 0.880971 0.880973
37.6953 0.879961 0.879963
37.7148 0.878754 0.878756
37.7344 0.877365 0.877367
37.7539 0.875811 0.875811
37.7734 0.874109 0.874108
37.793 0.872278 0.872277
37.8125 0.870339 0.870338
37.832 0.868314 0.868314
37.8516 0.866226 0.866226
37.8711 0.864095 0.864097
37.8906 0.861947 0.86195
37.9102 0.859804 0.859807
37.9297 0.857687 0.857692
37.9492 0.855621 0.855626
37.9688 0.853625 0.853631
37.9883 0.851721 0.851726
38.0078 0.849927 0.849931
38.0273 0.84826 0.848263
38.0469 0.846736 0.846738
38.0664 0.84537 0.845372
38.0859 0.844175 0.844176
38.1055 0.843162 0.843162
38.125 0.842338 0.842338
38.1445 0.841712 0.841711
38.1641 0.841287 0.841285
38.1836 0.841065 0.841064
38.2031 0.841048 0.841047
38.2227 0.841233 0.841232
38.2422 0.841617 0.841616
38.2617 0.842194 0.842193
38.2813 0.842955 0.842954
38.3008 0.84389 0.84389
38.3203 0.844987 0.844988
38.3398 0.846235 0.846237
38.3594 0.847618 0.84762
38.3789 0.849121 0.849123
38.3984 0.850725 0.850727
38.418 0.852412 0.852416
38.4375 0.854165 0.85417
38.457 0.855965 0.85597
38.4766 0.857792 0.857797
38.4961 0.859627 0.859631
38.5156 0.861449 0.861453
38.5352 0.863241 0.863244
38.5547 0.864983 0.864985
38.5742 0.866657 0.866659
38.5938 0.868246 0.868248
38.6133 0.869736 0.869737
38.6328 0.87111 0.871111
38.6523 0.872356 0.872356
38.6719 0.873462 0.873462
38.6914 0.874418 0.874418
38.7109 0.875216 0.875215
38.7305 0.875848 0.875847
38.75 0.87631 0.876309
38.7695 0.876598 0.876597
38.7891 0.876712 0.876711
38.8086 0.876651 0.876651
38.8281 0.876419 0.87642
38.8477 0.87602 0.876021
38.8672 0.875459 0.87546
38.8867 0.874743 0.874745
38.9063 0.873883 0.873885
38.9258 0.872888 0.872891
38.9453 0.871772 0.871774
38.9648 0.870545 0.870547
38.9844 0.869223 0.869224
39.0039 0.867821 0.867821
39.0234 0.866353 0.866353
39.043 0.864836 0.864836
39.0625 0.863287 0.863287
39.082 0.861722 0.861722
39.1016 0.860158 0.860157
39.1211 0.858611 0.858611
39.1406 0.857097 0.857097
39.1602 0.855632 0.855633
39.1797 0.854231 0.854233
39.1992 0.852907 0.85291
39.2188 0.851676 0.851679
39.2383 0.850548 0.85055
39.2578 0.849535 0.849536
39.2773 0.848645 0.848645
39.2969 0.847886 0.847885
39.3164 0.847264 0.847264
39.3359 0.846786 0.846786
39.3555 0.846454 0.846455
39.375 0.846271 0.846272
39.3945 0.846237 0.846239
39.4141 0.846351 0.846353
39.4336 0.84661 0.846613
39.4531 0.847011 0.847014
39.4727 0.847547 0.84755
39.4922 0.848213 0.848215
39.5117 0.848998 0.849
39.5313 0.849895 0.849896
39.5508 0.850891 0.850891
39.5703 0.851975 0.851975
39.5898 0.853135 0.853136
39.6094 0.854359 0.85436
39.6289 0.855632 0.855633
39.6484 0.856941 0.856942
39.668 0.858272 0.858273
39.6875 0.85961 0.859611
39.707 0.860941 0.860942
39.7266 0.862252 0.862253
39.7461 0.863528 0.863529
39.7656 0.864757 0.864758
39.7852 0.865926 0.865927
39.8047 0.867025 0.867025
39.8242 0.86804 0.86804
39.8438 0.868963 0.868964
39.8633 0.869785 0.869786
39.8828 0.870498 0.8705
39.9023 0.871096 0.871099
39.9219 0.871575 0.871578
39.9414 0.871929 0.871932
39.9609 0.872158 0.872161
39.9805 0.872259 0.872262
