0.0195313 -0.01374 -0.01374
0.0390625 -0.030484 -0.030484
0.0585938 -0.0465132 -0.0465131
0.078125 -0.0827853 -0.0827853
0.0976563 -0.138168 -0.138168
0.117188 -0.186356 -0.186356
0.136719 -0.199442 -0.199442
0.15625 -0.17595 -0.17595
0.175781 -0.146035 -0.146035
0.195313 -0.145362 -0.145362
0.214844 -0.180289 -0.180289
0.234375 -0.218518 -0.218517
0.253906 -0.217707 -0.217707
0.273438 -0.192858 -0.192856
0.292969 -0.168584 -0.168583
0.3125 -0.138104 -0.138104
0.332031 -0.110557 -0.110558
0.351563 -0.109387 -0.109388
0.371094 -0.14173 -0.14173
0.390625 -0.203949 -0.203949
0.410156 -0.244366 -0.244366
0.429688 -0.171252 -0.171254
0.449219 -0.00787649 -0.00787946
0.46875 0.10942 0.109417
0.488281 0.130986 0.130983
0.507813 0.0931579 0.0931563
0.527344 -0.00735211 -0.00735211
0.546875 -0.182953 -0.182952
0.566406 -0.389777 -0.389776
0.585938 -0.522338 -0.522337
0.605469 -0.529308 -0.529307
0.625 -0.468965 -0.468962
0.644531 -0.387681 -0.387676
0.664063 -0.284479 -0.284474
0.683594 -0.120526 -0.120521
0.703125 0.129629 0.129632
0.722656 0.443196 0.443197
0.742188 0.767088 0.767087
0.761719 1.11912 1.11911
0.78125 1.43113 1.43113
0.800781 1.58311 1.58311
0.820313 1.62295 1.62294
0.839844 1.60225 1.60224
0.859375 1.53749 1.53749
0.878906 1.44544 1.44544
0.898438 1.39252 1.39252
0.917969 1.44122 1.44123
0.9375 1.59302 1.59302
0.957031 1.83906 1.83907
0.976563 2.08307 2.08308
0.996094 2.21753 2.21754
1.01563 2.22695 2.22696
1.03516 2.1568 2.15681
1.05469 2.06694 2.06695
1.07422 1.92804 1.92805
1.09375 1.68662 1.68663
1.11328 1.34737 1.34738
1.13281 0.929991 0.929996
1.15234 0.440686 0.440676
1.17188 -0.126983 -0.12699
1.19141 -0.776549 -0.776556
1.21094 -1.37196 -1.37196
1.23047 -1.68375 -1.68374
1.25 -1.63376 -1.63376
1.26953 -1.2637 -1.2637
1.28906 -0.626289 -0.6263
1.30859 0.220976 0.22096
1.32813 1.09149 1.09147
1.34766 1.63249 1.63248
1.36719 1.72289 1.72287
1.38672 1.56603 1.56603
1.40625 1.31652 1.31654
1.42578 1.02714 1.02717
1.44531 0.7437 0.743738
1.46484 0.50356 0.503601
1.48438 0.344467 0.344492
1.50391 0.307004 0.307014
1.52344 0.438964 0.438962
1.54297 0.512568 0.512557
1.5625 0.277166 0.277152
1.58203 -0.261355 -0.261369
1.60156 -1.08264 -1.08266
1.62109 -2.14476 -2.14478
1.64063 -3.39763 -3.39764
1.66016 -4.78897 -4.78898
1.67969 -6.01637 -6.01637
1.69922 -6.80995 -6.80995
1.71875 -7.19821 -7.19822
1.73828 -7.24004 -7.24005
1.75781 -7.02265 -7.02266
1.77734 -6.77419 -6.7742
1.79688 -6.75136 -6.75137
1.81641 -6.89523 -6.89524
1.83594 -7.05702 -7.05704
1.85547 -7.21172 -7.21176
1.875 -7.26146 -7.2615
1.89453 -7.06204 -7.06207
1.91406 -6.54705 -6.54706
1.93359 -5.71602 -5.71603
1.95313 -4.57946 -4.57947
1.97266 -3.14723 -3.14721
1.99219 -1.42792 -1.42789
2.01172 0.571148 0.57115
2.03125 2.56471 2.56469
2.05078 4.0567 4.05668
2.07031 4.82104 4.82103
2.08984 4.85565 4.85566
2.10938 4.22921 4.22924
2.12891 3.08791 3.08796
2.14844 1.60115 1.60121
2.16797 -0.0852555 -0.0852234
2.1875 -1.86399 -1.86399
2.20703 -3.49288 -3.49287
2.22656 -4.46881 -4.4688
2.24609 -4.53407 -4.5341
2.26563 -3.79867 -3.79869
2.28516 -2.40139 -2.40138
2.30469 -0.512574 -0.512557
2.32422 1.67737 1.6774
2.34375 3.98691 3.98696
2.36328 6.26621 6.26624
2.38281 8.2291 8.22911
2.40234 8.55266 8.55262
2.42188 6.40168 6.40159
2.44141 3.38311 3.38302
2.46094 0.912701 0.912632
2.48047 -0.891565 -0.891603
2.5 -1.95429 -1.9543
2.51953 -2.24731 -2.24732
2.53906 -2.26833 -2.26832
2.55859 -2.538 -2.53799
2.57813 -3.08956 -3.08953
2.59766 -3.92698 -3.92693
2.61719 -4.7752 -4.77515
2.63672 -5.32975 -5.32974
2.65625 -5.53207 -5.53205
2.67578 -5.39114 -5.39108
2.69531 -4.99337 -4.99331
2.71484 -4.42088 -4.42083
2.73438 -3.71574 -3.71571
2.75391 -2.89019 -2.89014
2.77344 -2.09015 -2.09013
2.79297 -1.52072 -1.52072
2.8125 -1.23556 -1.23556
2.83203 -1.2116 -1.21162
2.85156 -1.42031 -1.42034
2.87109 -1.84254 -1.84259
2.89063 -2.33128 -2.33133
2.91016 -2.6301 -2.63009
2.92969 -2.61905 -2.61907
2.94922 -2.29281 -2.29285
2.96875 -1.79372 -1.79375
2.98828 -1.44044 -1.44055
3.00781 -1.39882 -1.39902
3.02734 -1.53421 -1.53445
3.04688 -1.50763 -1.50781
3.06641 -1.09237 -1.09243
3.08594 -0.266523 -0.266459
3.10547 0.972714 0.972808
3.125 2.5014 2.50151
3.14453 3.93479 3.93498
3.16406 4.97655 4.97669
3.18359 5.58193 5.58196
3.20313 5.80342 5.80338
3.22266 6.05748 6.05742
3.24219 6.69097 6.69089
3.26172 7.65043 7.65035
3.28125 8.38956 8.3895
3.30078 8.44344 8.44339
3.32031 7.87407 7.87405
3.33984 6.7402 6.74021
3.35938 5.09011 5.09016
3.37891 3.49435 3.49441
3.39844 2.51157 2.51163
3.41797 2.13823 2.13829
3.4375 2.34682 2.34687
3.45703 2.66865 2.66868
3.47656 2.586 2.58603
3.49609 2.03949 2.03951
3.51563 1.03905 1.03907
3.53516 -0.0465143 -0.0464888
3.55469 -0.744896 -0.744866
3.57422 -0.947646 -0.947622
3.59375 -0.869403 -0.86939
3.61328 -0.82531 -0.825303
3.63281 -0.931916 -0.931918
3.65234 -1.21224 -1.21224
3.67188 -1.53168 -1.53168
3.69141 -1.65891 -1.65893
3.71094 -1.51187 -1.5119
3.73047 -1.2527 -1.25275
3.75 -1.16139 -1.16142
3.76953 -1.31936 -1.31937
3.78906 -1.63391 -1.6339
3.80859 -2.03583 -2.0358
3.82813 -2.38445 -2.38441
3.84766 -2.40883 -2.40879
3.86719 -1.97163 -1.97159
3.88672 -1.10829 -1.10828
3.90625 0.0194926 0.0194861
3.92578 1.01004 1.01001
3.94531 1.59272 1.59268
3.96484 1.76558 1.76553
3.98438 1.55471 1.55464
4.00391 1.06444 1.06438
4.02344 0.62596 0.625888
4.04297 0.468773 0.468709
4.0625 0.412187 0.412156
4.08203 0.297917 0.297927
4.10156 0.149658 0.149691
4.12109 0.173366 0.173411
4.14063 0.536614 0.536654
4.16016 1.19171 1.19175
4.17969 2.0795 2.07955
4.19922 3.13883 3.13887
4.21875 4.31748 4.31753
4.23828 5.58432 5.58437
4.25781 6.66532 6.66536
4.27734 7.30089 7.3009
4.29688 7.52893 7.52894
4.31641 7.40514 7.40515
4.33594 6.96693 6.96694
4.35547 6.23527 6.23527
4.375 5.22007 5.22006
4.39453 3.92526 3.92526
4.41406 2.60396 2.60398
4.43359 1.59871 1.59874
4.45313 0.990218 0.990238
4.47266 0.519769 0.519771
4.49219 -0.192282 -0.192277
4.51172 -1.25894 -1.25892
4.53125 -2.63139 -2.63138
4.55078 -4.24419 -4.24421
4.57031 -5.75341 -5.75343
4.58984 -6.6015 -6.60152
4.60938 -6.58235 -6.58237
4.62891 -5.79737 -5.79738
4.64844 -4.36693 -4.36694
4.66797 -2.73564 -2.73565
4.6875 -1.78893 -1.78894
4.70703 -1.76707 -1.76708
4.72656 -1.95895 -1.95896
4.74609 -1.90109 -1.9011
4.76563 -1.5714 -1.5714
4.78516 -0.958491 -0.958486
4.80469 -0.0612256 -0.0612242
4.82422 1.10561 1.1056
4.84375 2.38838 2.38837
4.86328 3.15193 3.15192
4.88281 2.92655 2.92653
4.90234 1.79988 1.79987
4.92188 -0.0323193 -0.0323368
4.94141 -1.86189 -1.86191
4.96094 -3.07447 -3.07448
4.98047 -3.62561 -3.62562
5 -3.53739 -3.53739
5.01953 -3.24399 -3.24398
5.03906 -3.18614 -3.18613
5.05859 -3.42508 -3.42506
5.07813 -3.67492 -3.67489
5.09766 -3.63396 -3.63393
5.11719 -3.3488 -3.34879
5.13672 -2.88305 -2.88303
5.15625 -2.28557 -2.28553
5.17578 -1.79812 -1.7981
5.19531 -1.68733 -1.6873
5.21484 -1.98423 -1.98419
5.23438 -2.48298 -2.48293
5.25391 -2.91622 -2.91618
5.27344 -3.19852 -3.1985
5.29297 -3.31303 -3.313
5.3125 -3.24772 -3.24767
5.33203 -3.20661 -3.20658
5.35156 -3.52149 -3.5215
5.37109 -4.30211 -4.30215
5.39063 -5.26112 -5.2612
5.41016 -5.90239 -5.90249
5.42969 -6.00975 -6.00983
5.44922 -5.59512 -5.5952
5.46875 -4.82996 -4.83003
5.48828 -4.06597 -4.06602
5.50781 -3.46807 -3.46814
5.52734 -2.99795 -2.99801
5.54688 -2.54663 -2.54661
5.56641 -1.87093 -1.87093
5.58594 -0.832419 -0.832471
5.60547 0.538568 0.53851
5.625 2.17022 2.17021
5.64453 3.94702 3.94702
5.66406 5.69006 5.69
5.68359 7.0103 7.01024
5.70313 7.6493 7.64928
5.72266 7.66284 7.66285
5.74219 7.17549 7.17552
5.76172 6.53019 6.53021
5.78125 6.01853 6.01856
5.80078 5.68388 5.68394
5.82031 5.44885 5.44891
5.83984 5.22406 5.22413
5.85938 5.03788 5.03795
5.87891 4.91109 4.91115
5.89844 4.6582 4.65827
5.91797 4.2892 4.28927
5.9375 3.96578 3.96585
5.95703 3.6523 3.65237
5.97656 3.41902 3.41907
5.99609 3.35375 3.35377
6.01563 3.45915 3.45916
6.03516 3.72303 3.72303
6.05469 3.96712 3.9671
6.07422 3.96475 3.96473
6.09375 3.66459 3.66457
6.11328 3.2404 3.24038
6.13281 2.93952 2.9395
6.15234 2.82693 2.82692
6.17188 2.74989 2.74988
6.19141 2.47914 2.47915
6.21094 2.01695 2.01696
6.23047 1.52625 1.52626
6.25 1.08317 1.08318
6.26953 0.697906 0.697928
6.28906 0.385666 0.385684
6.30859 0.0769333 0.0769366
6.32813 -0.403606 -0.40362
6.34766 -1.04738 -1.04741
6.36719 -1.60546 -1.60549
6.38672 -1.95848 -1.95851
6.40625 -2.19095 -2.19098
6.42578 -2.35581 -2.35585
6.44531 -2.42574 -2.42579
6.46484 -2.39539 -2.39543
6.48438 -2.29118 -2.29122
6.50391 -2.12877 -2.12879
6.52344 -1.93776 -1.93776
6.54297 -1.81557 -1.81556
6.5625 -1.83309 -1.83307
6.58203 -1.98451 -1.98448
6.60156 -2.2461 -2.24607
6.62109 -2.47952 -2.4795
6.64063 -2.56359 -2.56358
6.66016 -2.49989 -2.49987
6.67969 -2.29641 -2.2964
6.69922 -2.16659 -2.16659
6.71875 -2.17521 -2.17521
6.73828 -2.17321 -2.17322
6.75781 -2.15471 -2.15472
6.77734 -2.13628 -2.13629
6.79688 -2.13452 -2.13452
6.81641 -2.0843 -2.0843
6.83594 -1.90828 -1.90827
6.85547 -1.59456 -1.59455
6.875 -1.14456 -1.14454
6.89453 -0.560708 -0.560692
6.91406 0.155747 0.155765
6.93359 0.865651 0.865672
6.95313 1.36621 1.36624
6.97266 1.5955 1.59554
6.99219 1.56228 1.56232
7.01172 1.40187 1.40189
7.03125 1.32518 1.32518
7.05078 1.41167 1.41165
7.07031 1.53344 1.5334
7.08984 1.45954 1.45949
7.10938 1.19707 1.19702
7.12891 0.979975 0.979923
7.14844 0.925526 0.925483
7.16797 1.02392 1.02389
7.1875 1.25893 1.25892
7.20703 1.55039 1.55039
7.22656 1.71477 1.71479
7.24609 1.64372 1.64374
7.26563 1.39274 1.39276
7.28516 1.10839 1.1084
7.30469 0.845863 0.845871
7.32422 0.581847 0.58185
7.34375 0.380202 0.380199
7.36328 0.284914 0.284908
7.38281 0.287588 0.28758
7.40234 0.3645 0.364495
7.42188 0.409301 0.409299
7.44141 0.333165 0.333166
7.46094 0.146337 0.146342
7.48047 0.0183277 0.018336
7.5 0.105435 0.105446
7.51953 0.225229 0.225241
7.53906 0.201859 0.201872
7.55859 0.0467235 0.0467377
7.57813 -0.223619 -0.223605
7.59766 -0.517158 -0.517146
7.61719 -0.737815 -0.737805
7.63672 -0.870583 -0.870574
7.65625 -0.916361 -0.916353
7.67578 -0.855404 -0.8554
7.69531 -0.668973 -0.668974
7.71484 -0.372955 -0.372958
7.73438 -0.0633731 -0.0633812
7.75391 0.144352 0.144341
7.77344 0.341814 0.341802
7.79297 0.580563 0.580552
7.8125 0.726265 0.726255
7.83203 0.723441 0.723429
7.85156 0.589787 0.589777
7.87109 0.348923 0.348914
7.89063 0.02709 0.027082
7.91016 -0.349791 -0.349798
7.92969 -0.758543 -0.758547
7.94922 -1.18041 -1.18042
7.96875 -1.5385 -1.53851
7.98828 -1.68845 -1.68845
8.00781 -1.56827 -1.56826
8.02734 -1.27895 -1.27894
8.04688 -1.03755 -1.03755
8.06641 -0.979829 -0.979822
8.08594 -1.11084 -1.11084
8.10547 -1.38681 -1.38682
8.125 -1.66449 -1.66451
8.14453 -1.84146 -1.84149
8.16406 -1.92462 -1.92465
8.18359 -1.95482 -1.95484
8.20313 -1.9677 -1.96771
8.22266 -1.97246 -1.97246
8.24219 -1.98862 -1.98859
8.26172 -2.03169 -2.03164
8.28125 -2.09735 -2.09731
8.30078 -2.09439 -2.09434
8.32031 -1.93959 -1.93955
8.33984 -1.63751 -1.63749
8.35938 -1.28342 -1.2834
8.37891 -0.956715 -0.956706
8.39844 -0.640665 -0.640681
8.41797 -0.352217 -0.352256
8.4375 -0.109352 -0.109402
8.45703 0.096458 0.0963955
8.47656 0.275248 0.27518
8.49609 0.471758 0.471711
8.51563 0.733452 0.733442
8.53516 0.939883 0.939904
8.55469 0.930871 0.930924
8.57422 0.680894 0.680975
8.59375 0.209218 0.209312
8.61328 -0.45836 -0.458265
8.63281 -1.13089 -1.13082
8.65234 -1.54483 -1.54481
8.67188 -1.62575 -1.62577
8.69141 -1.40817 -1.40824
8.71094 -0.940778 -0.940873
8.73047 -0.335532 -0.335624
8.75 0.251876 0.251802
8.76953 0.737229 0.737185
8.78906 1.20324 1.20321
8.80859 1.85751 1.85749
8.82813 2.7953 2.79528
8.84766 3.80489 3.80488
8.86719 4.41046 4.41046
8.88672 4.35804 4.35806
8.90625 3.71669 3.71672
8.92578 2.58132 2.58136
8.94531 1.16326 1.16331
8.96484 -0.0511299 -0.0510807
8.98438 -0.786949 -0.786908
9.00391 -1.31938 -1.31935
9.02344 -1.7628 -1.76278
9.04297 -1.5129 -1.51289
9.0625 -0.211499 -0.211506
9.08203 1.38759 1.38758
9.10156 2.62872 2.6287
9.12109 3.4516 3.45158
9.14063 3.83729 3.83726
9.16016 3.93768 3.93765
9.17969 3.92217 3.92214
9.19922 3.69734 3.69732
9.21875 3.17503 3.17502
9.23828 2.40013 2.40012
9.25781 1.40432 1.40432
9.27734 0.205387 0.20539
9.29688 -0.837349 -0.837342
9.31641 -1.31478 -1.31477
9.33594 -1.18978 -1.18977
9.35547 -0.51421 -0.514203
9.375 0.146452 0.146454
9.39453 0.109301 0.109298
9.41406 -0.409349 -0.409356
9.43359 -0.886271 -0.886281
9.45313 -1.14865 -1.14866
9.47266 -1.17109 -1.1711
9.49219 -0.945128 -0.945135
9.51172 -0.613114 -0.613116
9.53125 -0.41239 -0.412389
9.55078 -0.439392 -0.439388
9.57031 -0.692897 -0.692887
9.58984 -1.16481 -1.1648
9.60938 -1.72037 -1.72035
9.62891 -2.09848 -2.09848
9.64844 -2.1775 -2.1775
9.66797 -1.98381 -1.98382
9.6875 -1.55169 -1.5517
9.70703 -0.986656 -0.98666
9.72656 -0.509785 -0.509786
9.74609 -0.25137 -0.251372
9.76563 -0.196847 -0.196848
9.78516 -0.319338 -0.319336
9.80469 -0.558609 -0.558601
9.82422 -0.805329 -0.805324
9.84375 -1.11072 -1.11072
9.86328 -1.51867 -1.51868
9.88281 -1.65616 -1.65617
9.90234 -1.28009 -1.28009
9.92188 -0.764722 -0.764726
9.94141 -0.43715 -0.437159
9.96094 -0.30701 -0.307018
9.98047 -0.266975 -0.266976
10 -0.306338 -0.306338
10.0195 -0.513864 -0.513879
10.0391 -0.691333 -0.691353
10.0586 -0.642646 -0.64266
10.0781 -0.366744 -0.366757
10.0977 0.124797 0.124802
10.1172 0.809014 0.809043
10.1367 1.64983 1.64987
10.1563 2.40653 2.40658
10.1758 2.81381 2.81385
10.1953 2.83444 2.83446
10.2148 2.49572 2.49572
10.2344 1.84364 1.84363
10.2539 1.08545 1.08542
10.2734 0.480954 0.480927
10.293 0.00288195 0.00285801
10.3125 -0.505772 -0.505797
10.332 -1.08648 -1.0865
10.3516 -1.72282 -1.72283
10.3711 -2.22782 -2.22782
10.3906 -2.30039 -2.30038
10.4102 -1.84798 -1.84797
10.4297 -1.08315 -1.08315
10.4492 -0.368081 -0.368067
10.4688 0.102013 0.102035
10.4883 0.304467 0.304486
10.5078 0.271436 0.271454
10.5273 0.102885 0.102905
10.5469 -0.128867 -0.128852
10.5664 -0.422318 -0.422311
10.5859 -0.816629 -0.81663
10.6055 -1.32603 -1.32603
10.625 -1.91887 -1.91888
10.6445 -2.52174 -2.52175
10.6641 -2.92761 -2.92761
10.6836 -2.99512 -2.99512
10.7031 -2.7799 -2.77992
10.7227 -2.51062 -2.51066
10.7422 -2.37209 -2.37213
10.7617 -2.35069 -2.35072
10.7813 -2.26346 -2.26349
10.8008 -1.94802 -1.94806
10.8203 -1.41223 -1.41226
10.8398 -0.66554 -0.66556
10.8594 0.0534514 0.0534406
10.8789 0.507144 0.507123
10.8984 0.69299 0.692981
10.918 0.619553 0.619572
10.9375 0.492524 0.492549
10.957 0.531516 0.531534
10.9766 0.749819 0.749829
10.9961 1.12758 1.12759
11.0156 1.48441 1.48441
11.0352 1.61124 1.61122
11.0547 1.47511 1.4751
11.0742 1.09957 1.09959
11.0938 0.622228 0.622275
11.1133 0.222871 0.222929
11.1328 -0.0326848 -0.0326341
11.1523 -0.135019 -0.134999
11.1719 -0.0877672 -0.087778
11.1914 0.00330014 0.00328781
11.2109 -0.0340274 -0.0340252
11.2305 -0.272045 -0.272053
11.25 -0.609375 -0.609392
11.2695 -0.850386 -0.850393
11.2891 -0.910595 -0.91059
11.3086 -0.811707 -0.811705
11.3281 -0.581235 -0.581241
11.3477 -0.248645 -0.248644
11.3672 0.15833 0.158328
11.3867 0.615654 0.615652
11.4063 1.10444 1.10444
11.4258 1.61186 1.61186
11.4453 2.13073 2.13072
11.4648 2.64233 2.64232
11.4844 3.08461 3.0846
11.5039 3.42284 3.42282
11.5234 3.68265 3.68262
11.543 3.91629 3.91627
11.5625 4.29111 4.29109
11.582 4.91179 4.91177
11.6016 5.47496 5.47494
11.6211 5.72462 5.72461
11.6406 5.70191 5.70191
11.6602 5.43564 5.43565
11.6797 4.9363 4.93632
11.6992 4.19964 4.19966
11.7188 3.40505 3.40507
11.7383 2.7334 2.73342
11.7578 2.17193 2.17196
11.7773 1.60187 1.60191
11.7969 0.898715 0.898762
11.8164 0.0468119 0.0468541
11.8359 -0.824307 -0.824253
11.8555 -1.54233 -1.54228
11.875 -2.0568 -2.05676
11.8945 -2.36019 -2.36017
11.9141 -2.5364 -2.5364
11.9336 -2.71714 -2.71716
11.9531 -2.97229 -2.97233
11.9727 -3.25697 -3.25701
11.9922 -3.46918 -3.46922
12.0117 -3.57407 -3.5741
12.0313 -3.56692 -3.56694
12.0508 -3.42651 -3.42653
12.0703 -3.21133 -3.21134
12.0898 -3.06367 -3.06367
12.1094 -3.03978 -3.03977
12.1289 -3.08055 -3.08054
12.1484 -3.08879 -3.08877
12.168 -2.97518 -2.97516
12.1875 -2.73305 -2.73303
12.207 -2.53368 -2.53366
12.2266 -2.42843 -2.42844
12.2461 -2.22523 -2.22524
12.2656 -1.95839 -1.9584
12.2852 -1.74237 -1.74239
12.3047 -1.50892 -1.50896
12.3242 -1.27629 -1.27632
12.3438 -1.09737 -1.09738
12.3633 -0.956334 -0.956325
12.3828 -0.828767 -0.828747
12.4023 -0.615702 -0.615679
12.4219 -0.242868 -0.242857
12.4414 0.265585 0.265568
12.4609 0.786437 0.786412
12.4805 1.19479 1.19477
12.5 1.4582 1.45819
12.5195 1.55562 1.55562
12.5391 1.60347 1.60345
12.5586 1.72448 1.72446
12.5781 1.91421 1.9142
12.5977 2.16647 2.16649
12.6172 2.38036 2.3804
12.6367 2.45132 2.45137
12.6563 2.38513 2.38518
12.6758 2.20857 2.2086
12.6953 2.01074 2.01075
12.7148 1.89177 1.89179
12.7344 1.88142 1.88143
12.7539 1.97422 1.97423
12.7734 2.15388 2.15388
12.793 2.40872 2.40872
12.8125 2.72873 2.72872
12.832 3.10422 3.10421
12.8516 3.43816 3.43815
12.8711 3.57959 3.57958
12.8906 3.47789 3.47788
12.9102 3.14875 3.14875
12.9297 2.64888 2.64888
12.9492 2.07315 2.07315
12.9688 1.51645 1.51645
12.9883 1.08482 1.08481
13.0078 0.828927 0.828916
13.0273 0.735247 0.735239
13.0469 0.789587 0.789578
13.0664 0.883477 0.883469
13.0859 0.722557 0.722553
13.1055 0.209781 0.209786
13.125 -0.313481 -0.31347
13.1445 -0.5974 -0.597394
13.1641 -0.697634 -0.697639
13.1836 -0.902346 -0.902359
13.2031 -1.42242 -1.42243
13.2227 -2.21658 -2.21659
13.2422 -3.19857 -3.19857
13.2617 -4.0086 -4.00859
13.2813 -4.35226 -4.35224
13.3008 -4.2617 -4.26168
13.3203 -4.02932 -4.0293
13.3398 -3.93379 -3.93378
13.3594 -3.90252 -3.90251
13.3789 -3.85602 -3.85603
13.3984 -3.76441 -3.76443
13.418 -3.59149 -3.59151
13.4375 -3.38835 -3.38836
13.457 -3.12993 -3.12995
13.4766 -2.73209 -2.73211
13.4961 -2.18691 -2.1869
13.5156 -1.49911 -1.49909
13.5352 -0.67424 -0.674221
13.5547 0.10461 0.10462
13.5742 0.595124 0.595137
13.5938 0.738196 0.738194
13.6133 0.548985 0.548958
13.6328 0.0606946 0.0606561
13.6523 -0.672492 -0.672525
13.6719 -1.41467 -1.41468
13.6914 -1.83694 -1.83692
13.7109 -1.81858 -1.81853
13.7305 -1.45557 -1.45552
13.75 -0.923387 -0.923348
13.7695 -0.229463 -0.22943
13.7891 0.511927 0.511934
13.8086 0.93426 0.934226
13.8281 1.06067 1.0606
13.8477 1.0874 1.08733
13.8672 1.01523 1.01517
13.8867 0.852411 0.85239
13.9063 0.670378 0.670374
13.9258 0.661486 0.661506
13.9453 0.944293 0.944343
13.9648 1.49557 1.49562
13.9844 2.28045 2.28048
14.0039 3.20566 3.20566
14.0234 3.97449 3.97447
14.043 4.36989 4.36988
14.0625 4.41896 4.41895
14.082 4.17402 4.17402
14.1016 3.70202 3.70202
14.1211 3.07143 3.07143
14.1406 2.34668 2.34669
14.1602 1.75153 1.75154
14.1797 1.47394 1.47395
14.1992 1.49495 1.49496
14.2188 1.77998 1.77999
14.2383 2.10501 2.10502
14.2578 2.24428 2.24428
14.2773 2.1726 2.1726
14.2969 2.02761 2.02761
14.3164 1.96858 1.96857
14.3359 1.94575 1.94574
14.3555 1.87476 1.87475
14.375 1.73761 1.73761
14.3945 1.52994 1.52994
14.4141 1.20547 1.20547
14.4336 0.701049 0.701042
14.4531 -0.00657093 -0.0065865
14.4727 -0.755904 -0.755926
14.4922 -1.28606 -1.28608
14.5117 -1.59922 -1.59924
14.5313 -1.85586 -1.85586
14.5508 -2.03459 -2.03458
14.5703 -2.1136 -2.11359
14.5898 -2.26247 -2.26247
14.6094 -2.57569 -2.57569
14.6289 -3.02518 -3.02518
14.6484 -3.58192 -3.58191
14.668 -4.08261 -4.0826
14.6875 -4.1807 -4.18069
14.707 -3.82495 -3.82494
14.7266 -3.4021 -3.4021
14.7461 -3.16156 -3.16157
14.7656 -3.04428 -3.04429
14.7852 -2.80914 -2.80915
14.8047 -2.29308 -2.29309
14.8242 -1.56105 -1.56106
14.8438 -0.837301 -0.837331
14.8633 -0.290144 -0.290173
14.8828 0.0852751 0.0852677
14.9023 0.293978 0.293977
14.9219 0.342035 0.342033
14.9414 0.242547 0.242548
14.9609 0.0215272 0.0215321
14.9805 -0.165598 -0.165588
15 -0.174888 -0.17488
15.0195 -0.0010363 -0.00103167
15.0391 0.207405 0.207406
15.0586 0.298693 0.298699
15.0781 0.270619 0.270629
15.0977 0.128599 0.128607
15.1172 0.0306048 0.0306116
15.1367 0.145261 0.145272
15.1563 0.473941 0.473962
15.1758 0.858239 0.858258
15.1953 1.11259 1.1126
15.2148 1.31527 1.31528
15.2344 1.61554 1.61554
15.2539 2.03386 2.03385
15.2734 2.44665 2.44663
15.293 2.6917 2.69167
15.3125 2.79778 2.79776
15.332 2.88942 2.8894
15.3516 3.01839 3.01838
15.3711 3.09512 3.09511
15.3906 2.9615 2.96151
15.4102 2.57356 2.57357
15.4297 1.97028 1.97029
15.4492 1.18788 1.18789
15.4688 0.359489 0.359502
15.4883 -0.26623 -0.266217
15.5078 -0.558472 -0.558459
15.5273 -0.591724 -0.591714
15.5469 -0.555595 -0.555586
15.5664 -0.573433 -0.573425
15.5859 -0.656535 -0.656529
15.6055 -0.811908 -0.811901
15.625 -1.0149 -1.0149
15.6445 -1.15232 -1.15232
15.6641 -1.14928 -1.14929
15.6836 -1.03017 -1.03017
15.7031 -0.84192 -0.841926
15.7227 -0.73388 -0.733887
15.7422 -0.821228 -0.821235
15.7617 -1.09553 -1.09554
15.7813 -1.52585 -1.52585
15.8008 -1.94132 -1.94133
15.8203 -2.18684 -2.18684
15.8398 -2.32148 -2.32147
15.8594 -2.31794 -2.31794
15.8789 -2.08544 -2.08544
15.8984 -1.86734 -1.86734
15.918 -1.91155 -1.91154
15.9375 -2.21383 -2.21383
15.957 -2.74898 -2.74899
15.9766 -3.2611 -3.2611
15.9961 -3.46832 -3.46831
16.0156 -3.33976 -3.33975
16.0352 -2.89653 -2.89653
16.0547 -2.35133 -2.3513
16.0742 -1.86055 -1.86053
16.0938 -1.34429 -1.34427
16.1133 -0.772686 -0.772663
16.1328 -0.198574 -0.198572
16.1523 0.304874 0.304865
16.1719 0.701378 0.701369
16.1914 1.0033 1.0033
16.2109 1.24904 1.24904
16.2305 1.3896 1.3896
16.25 1.3113 1.3113
16.2695 1.04815 1.04815
16.2891 0.77565 0.775653
16.3086 0.604467 0.604451
16.3281 0.555935 0.5559
16.3477 0.632839 0.632806
16.3672 0.774123 0.774106
16.3867 0.821343 0.821346
16.4063 0.713657 0.713672
16.4258 0.564961 0.564973
16.4453 0.452802 0.452808
16.4648 0.383469 0.383468
16.4844 0.376778 0.376775
16.5039 0.441011 0.441008
16.5234 0.559535 0.55952
16.543 0.714113 0.714106
16.5625 0.874077 0.874077
16.582 0.934796 0.934788
16.6016 1.03337 1.03337
16.6211 1.37858 1.3786
16.6406 1.9387 1.93872
16.6602 2.44884 2.44885
16.6797 2.66947 2.66947
16.6992 2.61735 2.61735
16.7188 2.32402 2.32401
16.7383 1.82892 1.82891
16.7578 1.24271 1.2427
16.7773 0.675271 0.675266
16.7969 0.155098 0.155093
16.8164 -0.275267 -0.275268
16.8359 -0.533673 -0.533675
16.8555 -0.569173 -0.569177
16.875 -0.501548 -0.501553
16.8945 -0.495028 -0.49503
16.9141 -0.59511 -0.595106
16.9336 -0.806351 -0.806342
16.9531 -1.12696 -1.12695
16.9727 -1.47486 -1.47485
16.9922 -1.72969 -1.72969
17.0117 -1.85641 -1.85642
17.0313 -1.81597 -1.81598
17.0508 -1.71118 -1.7112
17.0703 -1.73571 -1.73573
17.0898 -1.84598 -1.84599
17.1094 -1.95396 -1.95396
17.1289 -2.0794 -2.07939
17.1484 -2.25889 -2.25889
17.168 -2.50427 -2.50427
17.1875 -2.80097 -2.80098
17.207 -3.11985 -3.11987
17.2266 -3.40991 -3.40994
17.2461 -3.63872 -3.63876
17.2656 -3.8029 -3.80295
17.2852 -3.90226 -3.90231
17.3047 -3.92025 -3.92027
17.3242 -3.7839 -3.78388
17.3438 -3.44199 -3.44195
17.3633 -2.90364 -2.90361
17.3828 -2.17757 -2.17754
17.4023 -1.29093 -1.29088
17.4219 -0.409349 -0.40928
17.4414 0.330726 0.330785
17.4609 0.926591 0.92663
17.4805 1.3641 1.36413
17.5 1.63671 1.63673
17.5195 1.74553 1.74553
17.5391 1.781 1.78098
17.5586 1.83459 1.83458
17.5781 1.90976 1.90977
17.5977 2.00531 2.00532
17.6172 2.11823 2.11825
17.6367 2.23808 2.23808
17.6563 2.35596 2.35593
17.6758 2.47151 2.47144
17.6953 2.58481 2.58474
17.7148 2.6544 2.65435
17.7344 2.62907 2.62904
17.7539 2.50474 2.50475
17.7734 2.34983 2.34987
17.793 2.25445 2.25452
17.8125 2.24343 2.2435
17.832 2.26072 2.26078
17.8516 2.21941 2.21945
17.8711 2.08592 2.08594
17.8906 1.86043 1.86042
17.9102 1.59595 1.59591
17.9297 1.39147 1.39143
17.9492 1.29008 1.29004
17.9688 1.22472 1.22468
17.9883 1.05599 1.05595
18.0078 0.710246 0.710214
18.0273 0.238308 0.238275
18.0469 -0.233067 -0.233091
18.0664 -0.616916 -0.616926
18.0859 -0.909007 -0.909005
18.1055 -1.13493 -1.13492
18.125 -1.31295 -1.31293
18.1445 -1.43961 -1.4396
18.1641 -1.51512 -1.51511
18.1836 -1.54297 -1.54296
18.2031 -1.52918 -1.52917
18.2227 -1.48131 -1.4813
18.2422 -1.40685 -1.40685
18.2617 -1.30876 -1.30876
18.2813 -1.18963 -1.18961
18.3008 -1.0548 -1.05478
18.3203 -0.908014 -0.908
18.3398 -0.751483 -0.751471
18.3594 -0.586126 -0.586118
18.3789 -0.400336 -0.400339
18.3984 -0.182498 -0.18251
18.418 -0.000860558 -0.000865351
18.4375 0.0740783 0.074081
18.457 0.0458584 0.0458695
18.4766 -0.0713444 -0.0713362
18.4961 -0.260171 -0.260178
18.5156 -0.433319 -0.433323
18.5352 -0.492651 -0.492635
18.5547 -0.420938 -0.420926
18.5742 -0.326824 -0.326828
18.5938 -0.355135 -0.355159
18.6133 -0.541907 -0.541953
18.6328 -0.769055 -0.769093
18.6523 -0.864578 -0.864594
18.6719 -0.779409 -0.779424
18.6914 -0.533486 -0.533492
18.7109 -0.153889 -0.153876
18.7305 0.328302 0.328329
18.75 0.818404 0.818443
18.7695 1.16903 1.16907
18.7891 1.31177 1.31178
18.8086 1.25481 1.25481
18.8281 1.01977 1.01978
18.8477 0.638388 0.638398
18.8672 0.147399 0.147403
18.8867 -0.368946 -0.368964
18.9063 -0.743087 -0.743124
18.9258 -0.871656 -0.87169
18.9453 -0.782612 -0.782634
18.9648 -0.575779 -0.575788
18.9844 -0.332223 -0.332221
19.0039 -0.0533287 -0.053334
19.0234 0.308132 0.308125
19.043 0.654307 0.654295
19.0625 0.847168 0.847151
19.082 0.888269 0.888255
19.1016 0.78856 0.788559
19.1211 0.569271 0.569287
19.1406 0.31706 0.317085
19.1602 0.109774 0.109803
19.1797 -0.0605619 -0.0605399
19.1992 -0.207769 -0.207746
19.2188 -0.335549 -0.335518
19.2383 -0.354666 -0.354629
19.2578 -0.178051 -0.178021
19.2773 0.174523 0.174535
19.2969 0.548134 0.548131
19.3164 0.778077 0.778064
19.3359 0.842913 0.842899
19.3555 0.755407 0.755381
19.375 0.539237 0.53921
19.3945 0.224786 0.224782
19.4141 -0.155366 -0.155351
19.4336 -0.474131 -0.47412
19.4531 -0.575485 -0.575475
19.4727 -0.422218 -0.422196
19.4922 -0.0383317 -0.0383187
19.5117 0.45016 0.450144
19.5313 0.857544 0.857504
19.5508 1.1001 1.10007
19.5703 1.1691 1.16906
19.5898 1.06984 1.0698
19.6094 0.819887 0.819842
19.6289 0.445764 0.445726
19.6484 -0.00174299 -0.00177376
19.668 -0.447035 -0.447056
19.6875 -0.840796 -0.840785
19.707 -1.16878 -1.16874
19.7266 -1.42637 -1.42631
19.7461 -1.60974 -1.60969
19.7656 -1.7051 -1.70506
19.7852 -1.70682 -1.70676
19.8047 -1.61236 -1.6123
19.8242 -1.42894 -1.42892
19.8438 -1.18329 -1.18328
19.8633 -0.909199 -0.909206
19.8828 -0.688767 -0.6888
19.9023 -0.581249 -0.581311
19.9219 -0.578627 -0.578701
19.9414 -0.658725 -0.658803
19.9609 -0.708922 -0.70899
19.9805 -0.629193 -0.629243
20 -0.416648 -0.416673
20.0195 -0.0751738 -0.0751719
20.0391 0.385246 0.385256
20.0586 0.843457 0.84347
20.0781 1.17753 1.17755
20.0977 1.38378 1.3838
20.1172 1.47364 1.47365
20.1367 1.46008 1.46008
20.1563 1.36021 1.36021
20.1758 1.19899 1.199
20.1953 1.00083 1.00086
20.2148 0.785681 0.785706
20.2344 0.566799 0.566829
20.2539 0.349801 0.349843
20.2734 0.212829 0.212874
20.293 0.258098 0.258131
20.3125 0.492494 0.492516
20.332 0.876784 0.876805
20.3516 1.36809 1.36811
20.3711 1.9247 1.9247
20.3906 2.43369 2.43367
20.4102 2.73286 2.73284
20.4297 2.76063 2.76061
20.4492 2.53959 2.53956
20.4688 2.10267 2.10266
20.4883 1.48598 1.48597
20.5078 0.785284 0.78528
20.5273 0.181109 0.181104
20.5469 -0.220837 -0.220844
20.5664 -0.415724 -0.41573
20.5859 -0.406066 -0.406068
20.6055 -0.247882 -0.247879
20.625 -0.11091 -0.110909
20.6445 -0.113243 -0.113243
20.6641 -0.24983 -0.249829
20.6836 -0.506553 -0.50655
20.7031 -0.862791 -0.86278
20.7227 -1.29473 -1.29471
20.7422 -1.77877 -1.77875
20.7617 -2.29466 -2.29464
20.7813 -2.81574 -2.81573
20.8008 -3.14458 -3.14457
20.8203 -3.11987 -3.11986
20.8398 -2.78707 -2.78707
20.8594 -2.20348 -2.20349
20.8789 -1.42809 -1.4281
20.8984 -0.674744 -0.674762
20.918 -0.144623 -0.144653
20.9375 -0.0728664 -0.0729071
20.957 -0.206436 -0.206467
20.9766 -0.206952 -0.206978
20.9961 -0.233658 -0.233684
21.0156 -0.363412 -0.363428
21.0352 -0.646688 -0.646706
21.0547 -0.950815 -0.95082
21.0742 -1.096 -1.09597
21.0938 -1.0328 -1.03276
21.1133 -0.765696 -0.765637
21.1328 -0.31211 -0.312069
21.1523 0.229094 0.229104
21.1719 0.71647 0.716464
21.1914 1.08956 1.08956
21.2109 1.34023 1.34021
21.2305 1.46871 1.46869
21.25 1.48206 1.48206
21.2695 1.40514 1.40516
21.2891 1.2776 1.27764
21.3086 1.12272 1.12277
21.3281 0.945298 0.945329
21.3477 0.745894 0.745906
21.3672 0.555963 0.555973
21.3867 0.461215 0.461224
21.4063 0.482709 0.482711
21.4258 0.531089 0.531078
21.4453 0.542489 0.542455
21.4648 0.513643 0.513604
21.4844 0.469879 0.469852
21.5039 0.433914 0.433893
21.5234 0.398065 0.398041
21.543 0.304108 0.304085
21.5625 0.111792 0.111776
21.582 -0.159055 -0.159077
21.6016 -0.486227 -0.486242
21.6211 -0.84449 -0.844498
21.6406 -1.16067 -1.16069
21.6602 -1.37348 -1.37351
21.6797 -1.48397 -1.48399
21.6992 -1.54156 -1.54156
21.7188 -1.5989 -1.5989
21.7383 -1.66682 -1.66681
21.7578 -1.75357 -1.75355
21.7773 -1.8647 -1.86468
21.7969 -2.00294 -2.0029
21.8164 -1.94593 -1.94589
21.8359 -1.44259 -1.44256
21.8555 -0.703332 -0.703309
21.875 -0.0335257 -0.0335003
21.8945 0.494985 0.494998
21.9141 0.87472 0.874713
21.9336 1.12795 1.12794
21.9531 1.29397 1.29398
21.9727 1.3942 1.3942
21.9922 1.40102 1.40101
22.0117 1.26651 1.2665
22.0313 0.992978 0.992978
22.0508 0.61276 0.612765
22.0703 0.15836 0.158367
22.0898 -0.263176 -0.263162
22.1094 -0.47954 -0.479533
22.1289 -0.416799 -0.416807
22.1484 -0.0978238 -0.0978218
22.168 0.440037 0.440062
22.1875 1.10115 1.1012
22.207 1.71125 1.71131
22.2266 2.15722 2.15726
22.2461 2.42099 2.42102
22.2656 2.49919 2.49922
22.2852 2.41726 2.41728
22.3047 2.25287 2.25287
22.3242 2.06869 2.06867
22.3438 1.88002 1.87998
22.3633 1.69337 1.69332
22.3828 1.48748 1.48741
22.4023 1.24442 1.24436
22.4219 0.97032 0.970254
22.4414 0.67111 0.67106
22.4609 0.354059 0.35403
22.4805 0.0443017 0.0442929
22.5 -0.232902 -0.232892
22.5195 -0.517029 -0.517008
22.5391 -0.843652 -0.843633
22.5586 -1.19627 -1.19627
22.5781 -1.55972 -1.55971
22.5977 -1.92219 -1.92219
22.6172 -2.27766 -2.27768
22.6367 -2.45137 -2.45139
22.6563 -2.25882 -2.25881
22.6758 -1.71749 -1.71746
22.6953 -1.04074 -1.04069
22.7148 -0.476544 -0.476487
22.7344 -0.0978695 -0.0978173
22.7539 0.107374 0.10741
22.7734 0.176515 0.176518
22.793 0.136543 0.13652
22.8125 -0.0105185 -0.0105608
22.832 -0.269759 -0.26982
22.8516 -0.616306 -0.616363
22.8711 -1.01042 -1.01046
22.8906 -1.41519 -1.41521
22.9102 -1.79913 -1.79913
22.9297 -2.10278 -2.10279
22.9492 -2.24317 -2.24318
22.9688 -2.20982 -2.2098
22.9883 -2.06529 -2.06526
23.0078 -1.85876 -1.85872
23.0273 -1.61678 -1.61674
23.0469 -1.36322 -1.3632
23.0664 -1.09177 -1.09175
23.0859 -0.73992 -0.73991
23.1055 -0.272114 -0.272104
23.125 0.271884 0.27189
23.1445 0.787935 0.787931
23.1641 1.19396 1.19393
23.1836 1.4782 1.47816
23.2031 1.63901 1.63898
23.2227 1.68925 1.68923
23.2422 1.64417 1.64414
23.2617 1.48974 1.4897
23.2813 1.22234 1.22231
23.3008 0.873221 0.873222
23.3203 0.475286 0.475295
23.3398 0.0600891 0.0600889
23.3594 -0.344445 -0.344438
23.3789 -0.642287 -0.642258
23.3984 -0.747943 -0.747896
23.418 -0.666491 -0.666443
23.4375 -0.418572 -0.418533
23.457 -0.034927 -0.0348941
23.4766 0.447146 0.447172
23.4961 0.927529 0.927547
23.5156 1.29887 1.29887
23.5352 1.52583 1.52581
23.5547 1.59755 1.5975
23.5742 1.51419 1.51414
23.5938 1.39554 1.3955
23.6133 1.40644 1.4064
23.6328 1.47321 1.47316
23.6523 1.41514 1.41509
23.6719 1.18244 1.1824
23.6914 0.797773 0.797766
23.7109 0.353991 0.354005
23.7305 -0.0071358 -0.00711313
23.75 -0.216966 -0.216919
23.7695 -0.266807 -0.26676
23.7891 -0.156983 -0.156949
23.8086 0.0335504 0.0335735
23.8281 0.135223 0.135231
23.8477 0.0584862 0.0584938
23.8672 -0.18569 -0.185689
23.8867 -0.522434 -0.522443
23.9063 -0.768037 -0.768046
23.9258 -0.811368 -0.811381
23.9453 -0.669404 -0.66942
23.9648 -0.370962 -0.370975
23.9844 0.0202193 0.020202
24.0039 0.345553 0.345518
24.0234 0.485868 0.485826
24.043 0.434272 0.434249
24.0625 0.199052 0.199064
24.082 -0.198209 -0.198166
24.1016 -0.725851 -0.725796
24.1211 -1.34616 -1.3461
24.1406 -2.012 -2.01194
24.1602 -2.44747 -2.44744
24.1797 -2.41072 -2.41072
24.1992 -1.92841 -1.92842
24.2188 -1.04914 -1.04916
24.2383 -0.130128 -0.130131
24.2578 0.46814 0.468128
24.2773 0.714211 0.714184
24.2969 0.620822 0.620782
24.3164 0.221486 0.221439
24.3359 -0.435082 -0.43511
24.3555 -1.29113 -1.29113
24.375 -1.92498 -1.92496
24.3945 -1.84064 -1.84062
24.4141 -1.23759 -1.23758
24.4336 -0.554734 -0.554743
24.4531 0.0510475 0.051028
24.4727 0.540616 0.540592
24.4922 0.886758 0.886729
24.5117 1.15899 1.15896
24.5313 1.48985 1.48983
24.5508 1.86705 1.86706
24.5703 2.1768 2.17682
24.5898 2.37752 2.37754
24.6094 2.4992 2.49924
24.6289 2.58907 2.58912
24.6484 2.64359 2.64361
24.668 2.59614 2.59614
24.6875 2.41974 2.41973
24.707 2.13643 2.13642
24.7266 1.76429 1.76427
24.7461 1.33561 1.3356
24.7656 0.919719 0.919708
24.7852 0.558818 0.558813
24.8047 0.246643 0.246641
24.8242 -0.0304421 -0.0304489
24.8438 -0.30562 -0.305621
24.8633 -0.600865 -0.600856
24.8828 -0.913321 -0.913309
24.9023 -1.24043 -1.24042
24.9219 -1.5639 -1.56388
24.9414 -1.68664 -1.68663
24.9609 -1.4498 -1.44979
24.9805 -0.90709 -0.907086
25 -0.326821 -0.326814
25.0195 0.0420353 0.0420412
25.0391 0.183353 0.183359
25.0586 0.102584 0.102595
25.0781 -0.0662148 -0.0662043
25.0977 -0.174444 -0.174438
25.1172 -0.187262 -0.187256
25.1367 -0.197981 -0.197979
25.1563 -0.31665 -0.316665
25.1758 -0.530848 -0.530883
25.1953 -0.805869 -0.805909
25.2148 -1.10757 -1.1076
25.2344 -1.39245 -1.39246
25.2539 -1.62061 -1.6206
25.2734 -1.7773 -1.77729
25.293 -1.86372 -1.8637
25.3125 -1.89065 -1.89065
25.332 -1.87638 -1.87641
25.3516 -1.84394 -1.84398
25.3711 -1.81823 -1.81825
25.3906 -1.64012 -1.64014
25.4102 -1.00672 -1.00673
25.4297 0.00391027 0.00390332
25.4492 0.974045 0.974058
25.4688 1.67757 1.6776
25.4883 2.13126 2.1313
25.5078 2.42668 2.42672
25.5273 2.62785 2.62789
25.5469 2.75321 2.75322
25.5664 2.82891 2.82892
25.5859 2.83969 2.8397
25.6055 2.66896 2.66895
25.625 2.25763 2.25762
25.6445 1.66058 1.66057
25.6641 0.929323 0.929306
25.6836 0.107516 0.107508
25.7031 -0.76814 -0.768138
25.7227 -1.6638 -1.6638
25.7422 -2.51415 -2.51415
25.7617 -2.97178 -2.97178
25.7813 -2.76528 -2.76527
25.8008 -1.96484 -1.96482
25.8203 -0.672084 -0.672061
25.8398 0.688379 0.6884
25.8594 1.71244 1.71245
25.8789 2.34085 2.34085
25.8984 2.54923 2.54921
25.918 2.34724 2.34721
25.9375 1.77382 1.77378
25.957 1.14961 1.14957
25.9766 0.823652 0.823613
25.9961 0.854476 0.854453
26.0156 1.01351 1.0135
26.0352 1.01694 1.01695
26.0547 0.827091 0.827101
26.0742 0.474543 0.474563
26.0938 -0.00351324 -0.00347995
26.1133 -0.564586 -0.564546
26.1328 -1.162 -1.16196
26.1523 -1.75075 -1.75073
26.1719 -2.29428 -2.29426
26.1914 -2.76862 -2.76861
26.2109 -3.16542 -3.16542
26.2305 -3.493 -3.49301
26.25 -3.69924 -3.69926
26.2695 -3.67813 -3.67815
26.2891 -3.42075 -3.42075
26.3086 -3.00119 -3.00119
26.3281 -2.50639 -2.50639
26.3477 -2.03342 -2.03342
26.3672 -1.64412 -1.64412
26.3867 -1.35639 -1.35641
26.4063 -1.17482 -1.17483
26.4258 -1.10147 -1.10148
26.4453 -1.12123 -1.12128
26.4648 -1.20172 -1.20181
26.4844 -1.31325 -1.31333
26.5039 -1.4311 -1.43113
26.5234 -1.54035 -1.54035
26.543 -1.65157 -1.65156
26.5625 -1.77299 -1.77298
26.582 -1.89298 -1.89296
26.6016 -2.00126 -2.00122
26.6211 -2.08293 -2.08285
26.6406 -2.05508 -2.055
26.6602 -1.8354 -1.83534
26.6797 -1.40904 -1.40901
26.6992 -0.770471 -0.770473
26.7188 0.0752984 0.0752576
26.7383 1.01107 1.01102
26.7578 1.88907 1.88902
26.7773 2.646 2.64592
26.7969 3.2324 3.23234
26.8164 3.61258 3.61256
26.8359 3.79365 3.79366
26.8555 3.80567 3.80572
26.875 3.66829 3.66835
26.8945 3.40626 3.40631
26.9141 3.04989 3.04993
26.9336 2.67492 2.67494
26.9531 2.37063 2.37061
26.9727 2.17121 2.17117
26.9922 2.08271 2.08267
27.0117 2.05653 2.0565
27.0313 2.01 2.00998
27.0508 1.91086 1.91086
27.0703 1.76043 1.76043
27.0898 1.56022 1.56023
27.1094 1.3118 1.31182
27.1289 1.04212 1.04213
27.1484 0.807009 0.807027
27.168 0.633737 0.633768
27.1875 0.4976 0.497637
27.207 0.343065 0.343103
27.2266 0.135684 0.135722
27.2461 -0.113963 -0.113931
27.2656 -0.362219 -0.362199
27.2852 -0.577529 -0.577531
27.3047 -0.771881 -0.771895
27.3242 -0.991422 -0.991445
27.3438 -1.26645 -1.26648
27.3633 -1.5865 -1.58654
27.3828 -1.93799 -1.93802
27.4023 -2.29881 -2.29885
27.4219 -2.59667 -2.59671
27.4414 -2.77368 -2.77372
27.4609 -2.83334 -2.83338
27.4805 -2.78639 -2.78641
27.5 -2.64837 -2.64836
27.5195 -2.43658 -2.43654
27.5391 -2.22547 -2.22543
27.5586 -2.08423 -2.08421
27.5781 -2.0152 -2.01521
27.5977 -2.0092 -2.00924
27.6172 -2.05349 -2.05352
27.6367 -2.13908 -2.13908
27.6563 -2.25754 -2.25755
27.6758 -2.40142 -2.40142
27.6953 -2.52168 -2.52168
27.7148 -2.56102 -2.56104
27.7344 -2.50946 -2.50947
27.7539 -2.37078 -2.37079
27.7734 -2.14944 -2.14942
27.793 -1.83703 -1.837
27.8125 -1.4189 -1.41889
27.832 -0.893713 -0.893696
27.8516 -0.325102 -0.325045
27.8711 0.185968 0.186047
27.8906 0.593412 0.593463
27.9102 0.88692 0.886909
27.9297 1.06103 1.06099
27.9492 1.15528 1.15527
27.9688 1.25522 1.25524
27.9883 1.4032 1.40319
28.0078 1.59305 1.59304
28.0273 1.81663 1.81667
28.0469 2.06518 2.06524
28.0664 2.33047 2.33053
28.0859 2.57973 2.57976
28.1055 2.72431 2.72432
28.125 2.71237 2.7124
28.1445 2.5626 2.5626
28.1641 2.29747 2.29742
28.1836 1.95852 1.95844
28.2031 1.66753 1.66744
28.2227 1.5158 1.51571
28.2422 1.498 1.49793
28.2617 1.60189 1.60185
28.2813 1.80608 1.80608
28.3008 2.01396 2.01398
28.3203 2.13916 2.1392
28.3398 2.17672 2.17679
28.3594 2.12584 2.12591
28.3789 2.01016 2.0102
28.3984 1.85483 1.85485
28.418 1.6632 1.66321
28.4375 1.4379 1.43789
28.457 1.17194 1.17192
28.4766 0.856742 0.856701
28.4961 0.528193 0.52815
28.5156 0.22977 0.22974
28.5352 -0.0316697 -0.031677
28.5547 -0.298469 -0.298474
28.5742 -0.619753 -0.619768
28.5938 -0.993067 -0.993089
28.6133 -1.39868 -1.3987
28.6328 -1.81692 -1.81694
28.6523 -2.17592 -2.17594
28.6719 -2.38053 -2.38053
28.6914 -2.40382 -2.40378
28.7109 -2.26284 -2.26278
28.7305 -1.98295 -1.98288
28.75 -1.59386 -1.59379
28.7695 -1.16454 -1.1645
28.7891 -0.799017 -0.798978
28.8086 -0.550145 -0.55011
28.8281 -0.417859 -0.417828
28.8477 -0.39331 -0.393293
28.8672 -0.461359 -0.461358
28.8867 -0.603135 -0.603156
28.9063 -0.788169 -0.788209
28.9258 -0.96548 -0.96552
28.9453 -1.09916 -1.09919
28.9648 -1.18107 -1.18111
28.9844 -1.2134 -1.21346
29.0039 -1.221 -1.22105
29.0234 -1.22419 -1.22425
29.043 -1.22416 -1.22418
29.0625 -1.22231 -1.22227
29.082 -1.21521 -1.21514
29.1016 -1.15735 -1.15728
29.1211 -1.01157 -1.01155
29.1406 -0.782984 -0.783026
29.1602 -0.341792 -0.341873
29.1797 0.157868 0.157783
29.1992 0.52351 0.523446
29.2188 0.840572 0.840549
29.2383 1.09628 1.0963
29.2578 1.28177 1.28183
29.2773 1.39436 1.39442
29.2969 1.43743 1.43743
29.3164 1.41957 1.41954
29.3359 1.35367 1.35363
29.3555 1.2553 1.25527
29.375 1.14096 1.14094
29.3945 1.0265 1.0265
29.4141 0.925731 0.925757
29.4336 0.849325 0.849357
29.4531 0.804139 0.804177
29.4727 0.79304 0.79308
29.4922 0.81501 0.815032
29.5117 0.865587 0.865606
29.5313 0.93762 0.93765
29.5508 1.02217 1.02221
29.5703 1.10947 1.10952
29.5898 1.1898 1.18984
29.6094 1.2542 1.25424
29.6289 1.29515 1.29517
29.6484 1.30678 1.30678
29.668 1.28506 1.28505
29.6875 1.22785 1.22782
29.707 1.13474 1.1347
29.7266 1.00688 1.00683
29.7461 0.846679 0.846635
29.7656 0.657794 0.657754
29.7852 0.445202 0.44518
29.8047 0.215209 0.215201
29.8242 -0.024823 -0.024836
29.8438 -0.265121 -0.265142
29.8633 -0.492964 -0.492982
29.8828 -0.695748 -0.695755
29.9023 -0.863472 -0.863478
29.9219 -0.989526 -0.989544
29.9414 -1.07117 -1.07119
29.9609 -1.10957 -1.10958
29.9805 -1.10933 -1.10933
30 -1.07776 -1.07772
30.0195 -1.02389 -1.02383
30.0391 -0.957388 -0.957346
30.0586 -0.887515 -0.887498
30.0781 -0.8223 -0.822291
30.0977 -0.767772 -0.76776
30.1172 -0.727612 -0.727603
30.1367 -0.703198 -0.703217
30.1563 -0.693758 -0.693792
30.1758 -0.696633 -0.696671
30.1953 -0.707905 -0.70794
30.2148 -0.72287 -0.722901
30.2344 -0.736532 -0.736562
30.2539 -0.744163 -0.744172
30.2734 -0.741537 -0.741517
30.293 -0.725174 -0.72512
30.3125 -0.692538 -0.692459
30.332 -0.642063 -0.641986
30.3516 -0.57315 -0.573081
30.3711 -0.486165 -0.486093
30.3906 -0.382308 -0.382267
30.4102 -0.263568 -0.263585
30.4297 -0.132752 -0.13278
30.4492 0.00667249 0.00667308
30.4688 0.150249 0.15025
30.4883 0.292188 0.292188
30.5078 0.426334 0.42634
30.5273 0.547126 0.54711
30.5469 0.649866 0.649837
30.5664 0.731143 0.731113
30.5859 0.78913 0.789091
30.6055 0.823579 0.823526
30.625 0.835749 0.835678
30.6445 0.828258 0.828175
30.6641 0.804748 0.804666
30.6836 0.769479 0.769429
30.7031 0.726962 0.726942
30.7227 0.681386 0.681393
30.7422 0.636375 0.636414
30.7617 0.594726 0.594789
30.7813 0.558125 0.558208
30.8008 0.52725 0.527316
30.8203 0.501743 0.501768
30.8398 0.480288 0.480272
30.8594 0.460944 0.460908
30.8789 0.441406 0.441377
30.8984 0.419175 0.419146
30.918 0.391835 0.391801
30.9375 0.357279 0.357261
30.957 0.31385 0.313849
30.9766 0.260506 0.260505
30.9961 0.196871 0.196872
31.0156 0.123181 0.123198
31.0352 0.0403645 0.0404084
31.0547 -0.0499279 -0.049857
31.0742 -0.145135 -0.145064
31.0938 -0.241968 -0.241907
31.1133 -0.336929 -0.336863
31.1328 -0.426586 -0.426527
31.1523 -0.507843 -0.50781
31.1719 -0.577958 -0.577969
31.1914 -0.634815 -0.634863
31.2109 -0.677211 -0.677281
31.2305 -0.704827 -0.704902
31.25 -0.718109 -0.71817
31.2695 -0.71814 -0.718196
31.2891 -0.706565 -0.706621
31.3086 -0.685401 -0.685446
31.3281 -0.656832 -0.656846
31.3477 -0.623015 -0.622991
31.3672 -0.585938 -0.585884
31.3867 -0.547288 -0.547223
31.4063 -0.508372 -0.508308
31.4258 -0.470049 -0.469985
31.4453 -0.432689 -0.432638
31.4648 -0.396243 -0.39621
31.4844 -0.360278 -0.360273
31.5039 -0.324068 -0.324104
31.5234 -0.28674 -0.286799
31.543 -0.247318 -0.247381
31.5625 -0.204841 -0.204915
31.582 -0.158536 -0.158619
31.6016 -0.107871 -0.107952
31.6211 -0.0526195 -0.052686
31.6406 0.0070838 0.00705241
31.6602 0.0706546 0.0706569
31.6797 0.136954 0.13698
31.6992 0.204438 0.204486
31.7188 0.271343 0.271409
31.7383 0.335789 0.335875
31.7578 0.395941 0.39602
31.7773 0.450051 0.450119
31.7969 0.496617 0.496689
31.8164 0.534521 0.534579
31.8359 0.56299 0.563029
31.8555 0.581675 0.581701
31.875 0.590673 0.590671
31.8945 0.590443 0.590402
31.9141 0.581748 0.581676
31.9336 0.56559 0.565518
31.9531 0.543154 0.543097
31.9727 0.515694 0.515637
31.9922 0.48438 0.48432
32.0117 0.45026 0.450212
32.0313 0.414239 0.414201
32.0508 0.376979 0.376962
32.0703 0.338927 0.338937
32.0898 0.300316 0.30035
32.1094 0.261178 0.261224
32.1289 0.221383 0.221431
32.1484 0.180687 0.18074
32.168 0.138834 0.138877
32.1875 0.0955655 0.0955848
32.207 0.0506683 0.0506781
32.2266 0.00408669 0.0040902
32.2461 -0.044057 -0.0440617
32.2656 -0.0933813 -0.0933965
32.2852 -0.143277 -0.143299
32.3047 -0.192982 -0.192998
32.3242 -0.241575 -0.241602
32.3438 -0.288114 -0.288149
32.3633 -0.33163 -0.331651
32.3828 -0.371157 -0.371154
32.4023 -0.405813 -0.405787
32.4219 -0.434852 -0.434808
32.4414 -0.457692 -0.45764
32.4609 -0.473932 -0.473902
32.4805 -0.483432 -0.483418
32.5 -0.486243 -0.486222
32.5195 -0.48257 -0.482546
32.5391 -0.472816 -0.472791
32.5586 -0.457519 -0.457495
32.5781 -0.437314 -0.437294
32.5977 -0.41287 -0.412871
32.6172 -0.384888 -0.384917
32.6367 -0.354047 -0.354093
32.6563 -0.320928 -0.320993
32.6758 -0.286051 -0.286125
32.6953 -0.249838 -0.249899
32.7148 -0.212579 -0.212623
32.7344 -0.174486 -0.174517
32.7539 -0.135725 -0.135728
32.7734 -0.0963857 -0.0963531
32.793 -0.0565171 -0.0564698
32.8125 -0.016214 -0.0161626
32.832 0.0243859 0.0244461
32.8516 0.0650797 0.0651383
32.8711 0.105549 0.105593
32.8906 0.145397 0.145423
32.9102 0.184185 0.18418
32.9297 0.221397 0.221369
32.9492 0.256509 0.25646
32.9688 0.288982 0.288912
32.9883 0.318252 0.318193
33.0078 0.34384 0.343804
33.0273 0.365312 0.365304
33.0469 0.382307 0.382327
33.0664 0.394582 0.394603
33.0859 0.401958 0.401966
33.1055 0.404368 0.404365
33.125 0.401888 0.401859
33.1445 0.394646 0.394612
33.1641 0.382909 0.382881
33.1836 0.367024 0.366996
33.2031 0.347362 0.347345
33.2227 0.324351 0.324351
33.2422 0.298426 0.29845
33.2617 0.270032 0.270074
33.2813 0.239583 0.239638
33.3008 0.207471 0.207524
33.3203 0.174056 0.174084
33.3398 0.139628 0.13963
33.3594 0.104456 0.104443
33.3789 0.0687835 0.0687798
33.3984 0.0328728 0.0328775
33.418 -0.00302636 -0.00303048
33.4375 -0.0386884 -0.0386889
33.457 -0.0738104 -0.0738028
33.4766 -0.108052 -0.108054
33.4961 -0.141099 -0.141116
33.5156 -0.172624 -0.172653
33.5352 -0.202295 -0.202331
33.5547 -0.229794 -0.229818
33.5742 -0.254775 -0.254792
33.5938 -0.276938 -0.276951
33.6133 -0.296021 -0.296015
33.6328 -0.311765 -0.311741
33.6523 -0.323962 -0.32393
33.6719 -0.332456 -0.332431
33.6914 -0.337164 -0.337147
33.7109 -0.338048 -0.338045
33.7305 -0.335143 -0.33515
33.75 -0.328556 -0.328549
33.7695 -0.318411 -0.318387
33.7891 -0.304884 -0.30486
33.8086 -0.288234 -0.288205
33.8281 -0.268723 -0.268695
33.8477 -0.246626 -0.246626
33.8672 -0.22229 -0.222309
33.8867 -0.196037 -0.196063
33.9063 -0.168169 -0.168204
33.9258 -0.139014 -0.139048
33.9453 -0.10888 -0.108899
33.9648 -0.0780474 -0.0780558
33.9844 -0.0468088 -0.0468071
34.0039 -0.0154591 -0.0154359
34.0234 0.015743 0.0157793
34.043 0.0465051 0.0465474
34.0625 0.0765419 0.0765668
34.082 0.105559 0.105543
34.1016 0.133243 0.13319
34.1211 0.159303 0.159236
34.1406 0.183487 0.18342
34.1602 0.205546 0.205499
34.1797 0.225271 0.225251
34.1992 0.242489 0.242474
34.2188 0.256994 0.256995
34.2383 0.268658 0.268669
34.2578 0.277363 0.277383
34.2773 0.283029 0.28306
34.2969 0.28564 0.285657
34.3164 0.285157 0.285173
34.3359 0.281605 0.281641
34.3555 0.275101 0.275135
34.375 0.265744 0.265761
34.3945 0.253649 0.253663
34.4141 0.239008 0.23901
34.4336 0.22201 0.222
34.4531 0.202854 0.202852
34.4727 0.181782 0.181801
34.4922 0.159058 0.159095
34.5117 0.134955 0.134993
34.5313 0.109733 0.109759
34.5508 0.0836523 0.0836624
34.5703 0.0569888 0.0569752
34.5898 0.0299899 0.0299697
34.6094 0.00294361 0.00291761
34.6289 -0.023866 -0.0239068
34.6484 -0.0501743 -0.0502219
34.668 -0.0756966 -0.0757474
34.6875 -0.100172 -0.100215
34.707 -0.12335 -0.123371
34.7266 -0.144985 -0.144983
34.7461 -0.164848 -0.164836
34.7656 -0.182752 -0.182739
34.7852 -0.198536 -0.198525
34.8047 -0.212059 -0.21205
34.8242 -0.223196 -0.223197
34.8438 -0.231881 -0.231875
34.8633 -0.238049 -0.238022
34.8828 -0.241637 -0.241601
34.9023 -0.242634 -0.242604
34.9219 -0.24108 -0.24105
34.9414 -0.237015 -0.236983
34.9609 -0.230505 -0.230476
34.9805 -0.221644 -0.221624
35 -0.210539 -0.210547
35.0195 -0.197357 -0.197385
35.0391 -0.18226 -0.1823
35.0586 -0.165404 -0.165467
35.0781 -0.147003 -0.14708
35.0977 -0.127286 -0.127344
35.1172 -0.106443 -0.106474
35.1367 -0.0846985 -0.0846961
35.1563 -0.0622892 -0.0622419
35.1758 -0.0394227 -0.0393476
35.1953 -0.0163439 -0.0162526
35.2148 0.00671022 0.00680298
35.2344 0.0294998 0.029576
35.2539 0.0517728 0.0518222
35.2734 0.0732831 0.0733034
35.293 0.0938091 0.0937923
35.3125 0.113117 0.113075
35.332 0.131009 0.130955
35.3516 0.147313 0.147253
35.3711 0.161848 0.16181
35.3906 0.174501 0.17449
35.4102 0.185186 0.185181
35.4297 0.193817 0.193793
35.4492 0.200297 0.200263
35.4688 0.204579 0.204552
35.4883 0.206657 0.206644
35.5078 0.206539 0.206545
35.5273 0.204274 0.204286
35.5469 0.199925 0.199919
35.5664 0.193539 0.193515
35.5859 0.185187 0.185166
35.6055 0.17499 0.174982
35.625 0.163095 0.163086
35.6445 0.149629 0.14962
35.6641 0.13473 0.134736
35.6836 0.118581 0.1186
35.7031 0.101367 0.101386
35.7227 0.0832738 0.0832782
35.7422 0.0644785 0.0644696
35.7617 0.0451546 0.0451577
35.7813 0.0255373 0.0255442
35.8008 0.00582133 0.00583404
35.8203 -0.0138014 -0.0137661
35.8398 -0.0330793 -0.0330471
35.8594 -0.0518049 -0.0517998
35.8789 -0.0698046 -0.069822
35.8984 -0.0869012 -0.0869215
35.918 -0.102906 -0.102919
35.9375 -0.117641 -0.117652
35.957 -0.13096 -0.130972
35.9766 -0.142741 -0.142752
35.9961 -0.15288 -0.152882
36.0156 -0.161287 -0.161276
36.0352 -0.167881 -0.167867
36.0547 -0.172615 -0.172608
36.0742 -0.175474 -0.175474
36.0938 -0.176469 -0.176461
36.1133 -0.175613 -0.175585
36.1328 -0.172916 -0.17288
36.1523 -0.168422 -0.168399
36.1719 -0.162204 -0.162213
36.1914 -0.154371 -0.154404
36.2109 -0.145039 -0.145073
36.2305 -0.134306 -0.134334
36.25 -0.122293 -0.12231
36.2695 -0.10914 -0.109138
36.2891 -0.0949673 -0.0949636
36.3086 -0.0799304 -0.0799396
36.3281 -0.0642038 -0.0642259
36.3477 -0.0479576 -0.047988
36.3672 -0.0313657 -0.0313963
36.3867 -0.0146127 -0.0146245
36.4063 0.00212594 0.00215136
36.4258 0.0187025 0.0187539
36.4453 0.0349596 0.0350063
36.4648 0.0506964 0.050736
36.4844 0.065746 0.0657772
36.5039 0.079967 0.0799732
36.5234 0.0931834 0.0931781
36.543 0.105262 0.105259
36.5625 0.116105 0.116096
36.582 0.125592 0.125585
36.6016 0.133628 0.13364
36.6211 0.140168 0.14019
36.6406 0.145158 0.145183
36.6602 0.148558 0.148586
36.6797 0.15037 0.150381
36.6992 0.15058 0.150571
36.7188 0.149189 0.149176
36.7383 0.146237 0.14623
36.7578 0.14178 0.141785
36.7773 0.13589 0.135904
36.7969 0.128656 0.128668
36.8164 0.12016 0.120166
36.8359 0.110511 0.110502
36.8555 0.0998186 0.0997879
36.875 0.0881719 0.088145
36.8945 0.0757302 0.0757022
36.9141 0.062642 0.0625943
36.9336 0.0490249 0.048962
36.9531 0.0350015 0.0349499
36.9727 0.0207341 0.0207049
36.9922 0.00640067 0.00637552
37.0117 -0.00788024 -0.00788887
37.0313 -0.0219588 -0.0219388
37.0508 -0.0356496 -0.0356263
37.0703 -0.0488363 -0.0488077
37.0898 -0.0613808 -0.0613455
37.1094 -0.073146 -0.0731104
37.1289 -0.084018 -0.0839827
37.1484 -0.0938736 -0.0938539
37.168 -0.102631 -0.102628
37.1875 -0.110216 -0.110221
37.207 -0.116559 -0.116565
37.2266 -0.121593 -0.121606
37.2461 -0.125278 -0.125306
37.2656 -0.127598 -0.127641
37.2852 -0.128562 -0.128603
37.3047 -0.128171 -0.128198
37.3242 -0.12645 -0.126448
37.3438 -0.123418 -0.123389
37.3633 -0.119095 -0.119069
37.3828 -0.11358 -0.113549
37.4023 -0.106949 -0.1069
37.4219 -0.0992524 -0.0992053
37.4414 -0.0906047 -0.0905555
37.4609 -0.0811046 -0.0810505
37.4805 -0.0708394 -0.0707972
37.5 -0.0599192 -0.0599087
37.5195 -0.0484805 -0.0485027
37.5391 -0.0366621 -0.0367009
37.5586 -0.0245836 -0.024629
37.5781 -0.0123784 -0.0124144
37.5977 -0.000171933 -0.000185792
37.6172 0.0119383 0.011928
37.6367 0.0238212 0.0238001
37.6563 0.0353352 0.0353066
37.6758 0.046352 0.0463285
37.6953 0.0567519 0.0567524
37.7148 0.0664458 0.0664721
37.7344 0.075342 0.07539
37.7539 0.0833692 0.0834184
37.7734 0.0904441 0.0904807
37.793 0.0964975 0.0965122
37.8125 0.101471 0.10146
37.832 0.105314 0.105285
37.8516 0.108013 0.107959
37.8711 0.109532 0.109466
37.8906 0.109866 0.109806
37.9102 0.109045 0.108987
37.9297 0.107074 0.107031
37.9492 0.103992 0.103971
37.9688 0.0998452 0.099851
37.9883 0.0946864 0.0947263
38.0078 0.0886063 0.0886607
38.0273 0.0816787 0.0817277
38.0469 0.0739655 0.0740094
38.0664 0.065549 0.0655947
38.0859 0.0565352 0.0565785
38.1055 0.04703 0.047061
38.125 0.0371165 0.0371464
38.1445 0.0269155 0.0269419
38.1641 0.0165605 0.0165565
38.1836 0.00612074 0.00610101
38.2031 -0.00430846 -0.00431442
38.2227 -0.0145753 -0.014581
38.2422 -0.0245791 -0.0245918
38.2617 -0.0342359 -0.034243
38.2813 -0.04342 -0.0434363
38.3008 -0.0520432 -0.0520787
38.3203 -0.0600485 -0.0600838
38.3398 -0.0673508 -0.0673737
38.3594 -0.073862 -0.0738788
38.3789 -0.0795167 -0.0795388
38.3984 -0.0842687 -0.0843026
38.418 -0.0880883 -0.0881288
38.4375 -0.0909588 -0.0909865
38.457 -0.092848 -0.0928558
38.4766 -0.0937359 -0.0937274
38.4961 -0.0936154 -0.0936026
38.5156 -0.0925181 -0.0924929
38.5352 -0.0904603 -0.0904205
38.5547 -0.0874444 -0.0874175
38.5742 -0.0835436 -0.0835251
38.5938 -0.0788178 -0.078794
38.6133 -0.0733168 -0.0732832
38.6328 -0.0670838 -0.0670598
38.6523 -0.0602133 -0.060197
38.6719 -0.0527975 -0.0527738
38.6914 -0.0449021 -0.0448745
38.7109 -0.0365999 -0.0365869
38.7305 -0.028001 -0.0280014
38.75 -0.019201 -0.0192102
38.7695 -0.0102855 -0.0103067
38.7891 -0.00136138 -0.00138452
38.8086 0.00749365 0.00746318
38.8281 0.0161719 0.0161447
38.8477 0.0245874 0.0245703
38.8672 0.0326707 0.0326536
38.8867 0.0403373 0.0403127
38.9063 0.0474853 0.0474707
38.9258 0.0540481 0.0540566
38.9453 0.0599896 0.0600058
38.9648 0.0652452 0.0652612
38.9844 0.0697487 0.0697743
39.0039 0.0734846 0.0735047
39.0234 0.0764032 0.0764212
39.043 0.0784756 0.0785017
39.0625 0.0797188 0.0797328
39.082 0.080112 0.0801111
39.1016 0.0796524 0.0796421
39.1211 0.078356 0.07834
39.1406 0.0762567 0.0762276
39.1602 0.0733799 0.0733359
39.1797 0.0697448 0.0697039
39.1992 0.0653945 0.0653772
39.2188 0.0603971 0.0604079
39.2383 0.0548188 0.0548544
39.2578 0.0487268 0.0487805
39.2773 0.0422178 0.0422551
39.2969 0.0353388 0.0353519
39.3164 0.0281478 0.0281478
39.3359 0.0207442 0.020722
39.3555 0.0131895 0.013155
39.375 0.00556684 0.00552766
39.3945 -0.00204343 -0.00207946
39.4141 -0.0095602 -0.009587
39.4336 -0.0168987 -0.0169173
39.4531 -0.0239943 -0.0239953
39.4727 -0.0307716 -0.0307491
39.4922 -0.0371426 -0.0371114
39.5117 -0.0430586 -0.0430187
39.5313 -0.0484521 -0.0484134
39.5508 -0.0532626 -0.0532434
39.5703 -0.0574614 -0.057463
39.5898 -0.0610202 -0.0610334
39.6094 -0.0639093 -0.0639236
39.6289 -0.0660965 -0.0661105
39.6484 -0.0675736 -0.0675786
39.668 -0.0683283 -0.0683204
39.6875 -0.0683444 -0.0683362
39.707 -0.0676301 -0.0676334
39.7266 -0.0662174 -0.0662263
39.7461 -0.0641341 -0.064137
39.7656 -0.0614048 -0.0613942
39.7852 -0.058053 -0.0580336
39.8047 -0.0541039 -0.0540969
39.8242 -0.0496138 -0.0496312
39.8438 -0.0446695 -0.0446885
39.8633 -0.0393079 -0.0393257
39.8828 -0.0335748 -0.0336041
39.9023 -0.0275551 -0.0275874
39.9219 -0.0213189 -0.0213424
39.9414 -0.0149248 -0.0149373
39.9609 -0.00845085 -0.00844133
39.9805 -0.001943 -0.00192399
