0.0195313 0 0
0.0390625 -0.000539432 -0.000545301
0.0585938 -0.00122794 -0.00125471
0.078125 -0.0024889 -0.00256043
0.0976563 -0.00477776 -0.00493701
0.117188 -0.00853764 -0.00885779
0.136719 -0.0132814 -0.0138669
0.15625 -0.0184086 -0.0193819
0.175781 -0.0233344 -0.0248202
0.195313 -0.0285247 -0.0306463
0.214844 -0.0346786 -0.0375736
0.234375 -0.0424738 -0.0463156
0.253906 -0.0513829 -0.0563902
0.273438 -0.0604624 -0.0668871
0.292969 -0.0697289 -0.0778445
0.3125 -0.0791293 -0.0892297
0.332031 -0.0883607 -0.100755
0.351563 -0.097674 -0.112685
0.371094 -0.107655 -0.125628
0.390625 -0.118876 -0.14019
0.410156 -0.131893 -0.156981
0.429688 -0.145414 -0.174753
0.449219 -0.156487 -0.190548
0.46875 -0.164561 -0.203758
0.488281 -0.171708 -0.216407
0.507813 -0.179163 -0.229729
0.527344 -0.18764 -0.244465
0.546875 -0.198693 -0.262231
0.566406 -0.213834 -0.284646
0.585938 -0.233337 -0.312106
0.605469 -0.25501 -0.342517
0.625 -0.277295 -0.374356
0.644531 -0.300142 -0.407569
0.664063 -0.323512 -0.442103
0.683594 -0.346965 -0.477501
0.703125 -0.368547 -0.511777
0.722656 -0.386328 -0.542943
0.742188 -0.398646 -0.569257
0.761719 -0.405048 -0.590174
0.78125 -0.402699 -0.602744
0.800781 -0.393428 -0.608671
0.820313 -0.378969 -0.609593
0.839844 -0.359602 -0.605712
0.859375 -0.335627 -0.597224
0.878906 -0.307374 -0.58433
0.898438 -0.275208 -0.567225
0.917969 -0.237513 -0.544078
0.9375 -0.192627 -0.512935
0.957031 -0.138946 -0.471842
0.976563 -0.0749075 -0.418843
0.996094 -0.00219707 -0.355241
1.01563 0.0769906 -0.282919
1.03516 0.160546 -0.203761
1.05469 0.247946 -0.118121
1.07422 0.339129 -0.0259114
1.09375 0.432011 0.07093
1.11328 0.523789 0.169708
1.13281 0.611763 0.267725
1.15234 0.693382 0.362285
1.17188 0.766157 0.450689
1.19141 0.827584 0.530238
1.21094 0.875134 0.598231
1.23047 0.911236 0.65698
1.25 0.942141 0.712742
1.26953 0.973994 0.771765
1.28906 1.01289 0.840301
1.30859 1.06491 0.924594
1.32813 1.13615 1.03089
1.34766 1.22762 1.16026
1.36719 1.33324 1.3065
1.38672 1.44952 1.46586
1.40625 1.57714 1.63873
1.42578 1.71667 1.8255
1.44531 1.86836 2.02637
1.46484 2.03183 2.24109
1.48438 2.20678 2.46955
1.50391 2.39331 2.71218
1.52344 2.59233 2.97017
1.54297 2.80588 3.24586
1.5625 3.02626 3.53163
1.58203 3.24603 3.81989
1.60156 3.45802 4.10303
1.62109 3.65518 4.37343
1.64063 3.83058 4.62349
1.66016 3.97729 4.84559
1.67969 4.08846 5.03219
1.69922 4.16722 5.18591
1.71875 4.21645 5.30934
1.73828 4.23888 5.40509
1.75781 4.23713 5.47575
1.77734 4.21384 5.52393
1.79688 4.16749 5.54785
1.81641 4.09629 5.54515
1.83594 4.00604 5.52085
1.85547 3.90394 5.48138
1.875 3.7971 5.43316
1.89453 3.6924 5.38261
1.91406 3.59649 5.33618
1.93359 3.5157 5.30028
1.95313 3.45615 5.28137
1.97266 3.42371 5.28589
1.99219 3.42419 5.32029
2.01172 3.46327 5.39102
2.03125 3.54657 5.50456
2.05078 3.67027 5.65795
2.07031 3.8238 5.84133
2.08984 3.9969 6.04482
2.10938 4.17963 6.25858
2.12891 4.36251 6.47275
2.14844 4.53626 6.67749
2.16797 4.69154 6.86294
2.1875 4.81883 7.01929
2.20703 4.90845 7.1367
2.22656 4.95757 7.21234
2.24609 4.97554 7.2558
2.26563 4.97152 7.2767
2.28516 4.95468 7.28463
2.30469 4.93437 7.2892
2.32422 4.92015 7.30002
2.34375 4.92173 7.3267
2.36328 4.94888 7.37886
2.38281 5.01122 7.46611
2.40234 5.11082 7.59058
2.42188 5.20569 7.70985
2.44141 5.25945 7.78655
2.46094 5.28268 7.83038
2.48047 5.28528 7.85107
2.5 5.27645 7.85833
2.51953 5.26499 7.86189
2.53906 5.2595 7.87144
2.55859 5.25045 7.87839
2.57813 5.22848 7.87367
2.59766 5.18497 7.84823
2.61719 5.11196 7.79299
2.63672 5.01223 7.70922
2.65625 4.89 7.59962
2.67578 4.75101 7.46869
2.69531 4.60085 7.32128
2.71484 4.44455 7.16226
2.73438 4.28659 6.99647
2.75391 4.13108 6.82876
2.77344 3.98192 6.664
2.79297 3.83732 6.50119
2.8125 3.69324 6.33674
2.83203 3.5461 6.16704
2.85156 3.39321 5.9889
2.87109 3.23248 5.79944
2.89063 3.06193 5.59576
2.91016 2.88461 5.38011
2.92969 2.70751 5.15911
2.94922 2.53709 4.93934
2.96875 2.37934 4.7274
2.98828 2.23415 4.52413
3.00781 2.09435 4.32332
3.02734 1.95297 4.11872
3.04688 1.80792 3.90866
3.06641 1.66488 3.69901
3.08594 1.52968 3.49565
3.10547 1.40827 3.30444
3.125 1.30663 3.13128
3.14453 1.22772 2.97905
3.16406 1.16581 2.84202
3.18359 1.11515 2.71441
3.20313 1.06992 2.59049
3.22266 1.02673 2.46706
3.24219 0.995266 2.3543
3.26172 0.984919 2.26241
3.28125 1.00297 2.19967
3.30078 1.03705 2.15462
3.32031 1.07525 2.11578
3.33984 1.10611 2.0717
3.35938 1.1187 2.01093
3.37891 1.10245 1.92199
3.39844 1.06801 1.8146
3.41797 1.02638 1.69918
3.4375 0.988046 1.58614
3.45703 0.962963 1.48589
3.47656 0.94347 1.39146
3.49609 0.919484 1.29333
3.51563 0.881223 1.18196
3.53516 0.819272 1.04782
3.55469 0.738601 0.895535
3.57422 0.648251 0.733823
3.59375 0.557169 0.571388
3.61328 0.466286 0.408973
3.63281 0.373216 0.243969
3.65234 0.275577 0.0737636
3.67188 0.170947 -0.10426
3.69141 0.0623608 -0.287137
3.71094 -0.0437752 -0.468301
3.73047 -0.141279 -0.641197
3.75 -0.22986 -0.80507
3.76953 -0.314154 -0.964194
3.78906 -0.397513 -1.12176
3.80859 -0.481964 -1.27981
3.82813 -0.569383 -1.4404
3.84766 -0.65749 -1.6015
3.86719 -0.738361 -1.75535
3.88672 -0.804268 -1.89418
3.90625 -0.847692 -2.01025
3.92578 -0.865679 -2.10019
3.94531 -0.864616 -2.17003
3.96484 -0.850763 -2.22575
3.98438 -0.830293 -2.27339
4.00391 -0.809267 -2.31894
4.02344 -0.791501 -2.36628
4.04297 -0.772266 -2.41075
4.0625 -0.74813 -2.44884
4.08203 -0.722283 -2.48364
4.10156 -0.69786 -2.51826
4.12109 -0.677269 -2.55512
4.14063 -0.655411 -2.58914
4.16016 -0.627295 -2.61522
4.17969 -0.588048 -2.62828
4.19922 -0.532907 -2.62323
4.21875 -0.457203 -2.59496
4.23828 -0.356346 -2.53837
4.25781 -0.225802 -2.44838
4.27734 -0.0717895 -2.3307
4.29688 0.098663 -2.19211
4.31641 0.278745 -2.03937
4.33594 0.461809 -1.87924
4.35547 0.641296 -1.71849
4.375 0.810676 -1.56388
4.39453 0.963406 -1.42215
4.41406 1.09293 -1.30007
4.43359 1.20256 -1.19439
4.45313 1.29934 -1.09801
4.47266 1.39014 -1.0038
4.49219 1.4724 -0.914182
4.51172 1.53867 -0.836725
4.53125 1.58183 -0.779014
4.55078 1.59512 -0.748628
4.57031 1.57195 -0.753143
4.58984 1.5169 -0.789089
4.60938 1.44415 -0.843124
4.62891 1.36746 -0.901904
4.64844 1.30007 -0.952082
4.66797 1.2548 -0.980313
4.6875 1.23099 -0.986466
4.70703 1.2091 -0.989595
4.72656 1.17947 -0.999391
4.74609 1.14936 -1.00891
4.76563 1.12602 -1.01122
4.78516 1.11661 -0.999358
4.80469 1.12811 -0.966396
4.82422 1.16724 -0.905388
4.84375 1.24038 -0.809395
4.86328 1.34916 -0.675932
4.88281 1.47653 -0.521269
4.90234 1.60586 -0.361675
4.92188 1.72093 -0.213423
4.94141 1.80799 -0.0907195
4.96094 1.87286 0.0117216
4.98047 1.92111 0.0991817
5 1.95809 0.176939
5.01953 1.98895 0.250271
5.03906 2.00467 0.310273
5.05859 1.99649 0.348038
5.07813 1.95595 0.354658
5.09766 1.88809 0.334501
5.11719 1.79903 0.292966
5.13672 1.69482 0.235449
5.15625 1.58139 0.16734
5.17578 1.4645 0.0940294
5.19531 1.34148 0.0126045
5.21484 1.20771 -0.0818226
5.23438 1.05865 -0.194142
5.25391 0.896551 -0.322402
5.27344 0.72604 -0.462201
5.29297 0.551611 -0.609136
5.3125 0.377665 -0.758806
5.33203 0.208534 -0.906814
5.35156 0.0401785 -1.05718
5.37109 -0.136497 -1.21916
5.39063 -0.330372 -1.40204
5.41016 -0.539882 -1.60469
5.42969 -0.754965 -1.81725
5.44922 -0.965886 -2.02989
5.46875 -1.16321 -2.23277
5.48828 -1.34397 -2.42233
5.50781 -1.51292 -2.6028
5.52734 -1.67461 -2.7784
5.54688 -1.83341 -2.95335
5.56641 -1.99025 -3.12861
5.58594 -2.14008 -3.29913
5.60547 -2.27792 -3.45986
5.625 -2.39893 -3.60576
5.64453 -2.49841 -3.73176
5.66406 -2.5718 -3.83282
5.68359 -2.6171 -3.90637
5.70313 -2.64177 -3.95935
5.72266 -2.65307 -3.99869
5.74219 -2.65805 -4.03133
5.76172 -2.66256 -4.06315
5.78125 -2.66414 -4.09175
5.80078 -2.66045 -4.11475
5.82031 -2.64938 -4.12988
5.83984 -2.63268 -4.13868
5.85938 -2.61209 -4.14265
5.87891 -2.58812 -4.14209
5.89844 -2.5612 -4.13724
5.91797 -2.53848 -4.13517
5.9375 -2.51947 -4.13547
5.95703 -2.50451 -4.13856
5.97656 -2.49405 -4.14506
5.99609 -2.48535 -4.15229
6.01563 -2.47516 -4.15703
6.03516 -2.46033 -4.15601
6.05469 -2.43786 -4.14601
6.07422 -2.41134 -4.13039
6.09375 -2.38647 -4.11473
6.11328 -2.36874 -4.10458
6.13281 -2.35693 -4.09888
6.15234 -2.34672 -4.09344
6.17188 -2.33388 -4.08408
6.19141 -2.31926 -4.07165
6.21094 -2.30691 -4.06022
6.23047 -2.29727 -4.05033
6.25 -2.28801 -4.03969
6.26953 -2.27687 -4.02606
6.28906 -2.26163 -4.00715
6.30859 -2.24013 -3.98072
6.32813 -2.21366 -3.94798
6.34766 -2.18782 -3.91453
6.36719 -2.16499 -3.88293
6.38672 -2.14277 -3.85092
6.40625 -2.12003 -3.81752
6.42578 -2.09803 -3.78413
6.44531 -2.07756 -3.75164
6.46484 -2.0583 -3.71981
6.48438 -2.03997 -3.68842
6.50391 -2.02217 -3.65708
6.52344 -2.00408 -3.62501
6.54297 -1.98544 -3.59192
6.5625 -1.96842 -3.56004
6.58203 -1.9551 -3.5316
6.60156 -1.9475 -3.50883
6.62109 -1.94718 -3.49357
6.64063 -1.95132 -3.48324
6.66016 -1.95716 -3.47528
6.67969 -1.96203 -3.46712
6.69922 -1.96338 -3.45617
6.71875 -1.96662 -3.44784
6.73828 -1.97157 -3.44201
6.75781 -1.97784 -3.43833
6.77734 -1.98498 -3.43642
6.79688 -1.99324 -3.43661
6.81641 -2.00292 -3.4393
6.83594 -2.01186 -3.44242
6.85547 -2.01751 -3.44345
6.875 -2.01737 -3.43983
6.89453 -2.00902 -3.42902
6.91406 -1.99013 -3.40848
6.93359 -1.95843 -3.37562
6.95313 -1.91676 -3.33301
6.97266 -1.87012 -3.28538
6.99219 -1.82333 -3.23751
7.01172 -1.7811 -3.19413
7.03125 -1.74348 -3.15539
7.05078 -1.7075 -3.11835
7.07031 -1.67033 -3.08009
7.08984 -1.63377 -3.04223
7.10938 -1.60369 -3.01052
7.12891 -1.58165 -2.98644
7.14844 -1.56466 -2.96696
7.16797 -1.54978 -2.949
7.1875 -1.53407 -2.92951
7.20703 -1.51463 -2.90541
7.22656 -1.4909 -2.87602
7.24609 -1.46643 -2.84486
7.26563 -1.44467 -2.81544
7.28516 -1.42737 -2.78968
7.30469 -1.41294 -2.7661
7.32422 -1.40165 -2.74503
7.34375 -1.39335 -2.72631
7.36328 -1.3862 -2.70802
7.38281 -1.37847 -2.68821
7.40234 -1.36846 -2.66496
7.42188 -1.35494 -2.63678
7.44141 -1.33981 -2.60541
7.46094 -1.32487 -2.57259
7.48047 -1.3115 -2.53975
7.5 -1.295 -2.50228
7.51953 -1.27075 -2.45558
7.53906 -1.2411 -2.40197
7.55859 -1.20838 -2.3438
7.57813 -1.17491 -2.28341
7.59766 -1.14301 -2.22314
7.61719 -1.11224 -2.16254
7.63672 -1.08193 -2.10086
7.65625 -1.05144 -2.03736
7.67578 -1.02015 -1.9713
7.69531 -0.986346 -1.90084
7.71484 -0.948014 -1.82389
7.73438 -0.903136 -1.73837
7.75391 -0.852431 -1.64499
7.77344 -0.79754 -1.54546
7.79297 -0.735187 -1.43662
7.8125 -0.664796 -1.31794
7.83203 -0.588271 -1.19138
7.85156 -0.50752 -1.0589
7.87109 -0.424468 -0.922452
7.89063 -0.341056 -0.784009
7.91016 -0.259233 -0.645539
7.92969 -0.180939 -0.509012
7.94922 -0.108085 -0.376403
7.96875 -0.0425319 -0.249686
7.98828 0.0164076 -0.128325
8.00781 0.072502 -0.00867941
8.02734 0.129473 0.112886
8.04688 0.188334 0.237313
8.06641 0.245694 0.361075
8.08594 0.298259 0.480644
8.10547 0.342805 0.59249
8.125 0.377558 0.694513
8.14453 0.404354 0.788272
8.16406 0.42492 0.875333
8.18359 0.440599 0.956963
8.20313 0.451559 1.03332
8.22266 0.457959 1.10455
8.24219 0.459909 1.17074
8.26172 0.457143 1.23157
8.28125 0.449468 1.28669
8.30078 0.436994 1.33601
8.32031 0.423192 1.38276
8.33984 0.411477 1.4302
8.35938 0.405172 1.48158
8.37891 0.403928 1.53654
8.39844 0.407791 1.59517
8.41797 0.416779 1.65759
8.4375 0.429962 1.72296
8.45703 0.44634 1.7904
8.47656 0.46494 1.85901
8.49609 0.484831 1.92789
8.51563 0.506627 1.99768
8.53516 0.531263 2.06932
8.55469 0.554898 2.13895
8.57422 0.572398 2.20131
8.59375 0.578724 2.25114
8.61328 0.56891 2.2832
8.63281 0.538076 2.29222
8.65234 0.487775 2.27935
8.67188 0.422829 2.24908
8.69141 0.347942 2.20589
8.71094 0.267703 2.15427
8.73047 0.186617 2.09872
8.75 0.106803 2.04138
8.76953 0.0283897 1.98236
8.78906 -0.0484054 1.92176
8.80859 -0.11925 1.86379
8.82813 -0.175192 1.81734
8.84766 -0.207464 1.79133
8.86719 -0.214454 1.78763
8.88672 -0.205393 1.79726
8.90625 -0.189373 1.81121
8.92578 -0.17536 1.82047
8.94531 -0.172204 1.81605
8.96484 -0.18442 1.7932
8.98438 -0.20523 1.75858
9.00391 -0.230597 1.71633
9.02344 -0.265319 1.66179
9.04297 -0.30982 1.59461
9.0625 -0.344566 1.53454
9.08203 -0.353527 1.49819
9.10156 -0.342299 1.48053
9.12109 -0.316223 1.47657
9.14063 -0.280384 1.48131
9.16016 -0.239488 1.48993
9.17969 -0.192853 1.50292
9.19922 -0.139893 1.5208
9.21875 -0.085513 1.53867
9.23828 -0.0347789 1.55159
9.25781 0.00717993 1.55457
9.27734 0.0352107 1.54268
9.29688 0.0441964 1.51095
9.31641 0.0425213 1.46796
9.33594 0.0405528 1.42444
9.35547 0.048546 1.39109
9.375 0.0766796 1.37865
9.39453 0.115744 1.37831
9.41406 0.151088 1.37534
9.43359 0.181746 1.36838
9.45313 0.211962 1.36123
9.47266 0.245811 1.35771
9.49219 0.287107 1.36161
9.51172 0.339359 1.37676
9.53125 0.40061 1.40171
9.55078 0.465363 1.43155
9.57031 0.528211 1.46133
9.58984 0.583925 1.48611
9.60938 0.627504 1.50098
9.62891 0.658902 1.50575
9.64844 0.683295 1.50541
9.66797 0.705844 1.50492
9.6875 0.731644 1.50928
9.70703 0.765695 1.52345
9.72656 0.810138 1.54965
9.74609 0.862187 1.5852
9.76563 0.919068 1.62741
9.78516 0.978019 1.67359
9.80469 1.03629 1.72105
9.82422 1.09221 1.76814
9.84375 1.14602 1.81517
9.86328 1.19305 1.85745
9.88281 1.23107 1.89265
9.90234 1.26944 1.93011
9.92188 1.31583 1.9776
9.94141 1.36629 2.03129
9.96094 1.41704 2.08737
9.98047 1.46464 2.14224
10 1.50988 2.19648
10.0195 1.54978 2.24691
10.0391 1.58141 2.29032
10.0586 1.60889 2.3307
10.0781 1.63637 2.37219
10.0977 1.66788 2.41895
10.1172 1.70731 2.4751
10.1367 1.7585 2.5448
10.1563 1.82531 2.63217
10.1758 1.90383 2.73352
10.1953 1.98881 2.84355
10.2148 2.07518 2.95698
10.2344 2.158 3.06851
10.2539 2.2324 3.17285
10.2734 2.29939 3.27065
10.293 2.36221 3.36495
10.3125 2.41939 3.45429
10.332 2.46716 3.53493
10.3516 2.50174 3.60311
10.3711 2.51945 3.65508
10.3906 2.52351 3.69397
10.4102 2.52234 3.72812
10.4297 2.52427 3.76587
10.4492 2.5319 3.80984
10.4688 2.54213 3.85682
10.4883 2.55201 3.90361
10.5078 2.5587 3.94701
10.5273 2.56074 3.98518
10.5469 2.55861 4.01832
10.5664 2.55268 4.04663
10.5859 2.54235 4.0695
10.6055 2.52528 4.08462
10.625 2.49912 4.08966
10.6445 2.46162 4.08234
10.6641 2.41231 4.06202
10.6836 2.35638 4.0337
10.7031 2.29902 4.00237
10.7227 2.24412 3.97179
10.7422 2.18909 3.93912
10.7617 2.13144 3.90158
10.7813 2.06933 3.85697
10.8008 2.00731 3.80953
10.8203 1.94975 3.76353
10.8398 1.9008 3.72321
10.8594 1.86445 3.69283
10.8789 1.83561 3.66761
10.8984 1.80922 3.64273
10.918 1.78038 3.61332
10.9375 1.74436 3.57457
10.957 1.70392 3.52908
10.9766 1.66264 3.48029
10.9961 1.62403 3.4317
11.0156 1.59147 3.38676
11.0352 1.56222 3.34285
11.0547 1.53206 3.29584
11.0742 1.49684 3.24158
11.0938 1.45251 3.17593
11.1133 1.39902 3.09876
11.1328 1.33798 3.01164
11.1523 1.27097 2.91612
11.1719 1.19949 2.81378
11.1914 1.12503 2.70617
11.2109 1.04555 2.59129
11.2305 0.95654 2.4646
11.25 0.853633 2.32154
11.2695 0.736434 2.16148
11.2891 0.608235 1.98751
11.3086 0.472221 1.80275
11.3281 0.331471 1.61028
11.3477 0.188969 1.41322
11.3672 0.0476236 1.21467
11.3867 -0.0896971 1.01773
11.4063 -0.220146 0.825516
11.4258 -0.340875 0.641135
11.4453 -0.449026 0.467699
11.4648 -0.541736 0.308317
11.4844 -0.616786 0.165459
11.5039 -0.673898 0.0396457
11.5234 -0.712794 -0.0686017
11.543 -0.733217 -0.158762
11.5625 -0.734157 -0.22951
11.582 -0.710227 -0.275028
11.6016 -0.657589 -0.290818
11.6211 -0.583817 -0.283718
11.6406 -0.496353 -0.260568
11.6602 -0.402456 -0.228207
11.6797 -0.309162 -0.193479
11.6992 -0.223296 -0.163225
11.7188 -0.1515 -0.144293
11.7383 -0.0928276 -0.135985
11.7578 -0.0461099 -0.137296
11.7773 -0.0102988 -0.147223
11.7969 0.0115415 -0.168813
11.8164 0.0158582 -0.205629
11.8359 -0.000825542 -0.261236
11.8555 -0.0371183 -0.334438
11.875 -0.0904814 -0.422973
11.8945 -0.158312 -0.524579
11.9141 -0.237961 -0.636999
11.9336 -0.328889 -0.760128
11.9531 -0.431366 -0.894696
11.9727 -0.545675 -1.04144
11.9922 -0.669063 -1.19798
12.0117 -0.797245 -1.36026
12.0313 -0.926106 -1.52422
12.0508 -1.05167 -1.68579
12.0703 -1.1698 -1.84067
12.0898 -1.27964 -1.98778
12.1094 -1.38336 -2.1292
12.1289 -1.48302 -2.26697
12.1484 -1.57911 -2.40169
12.168 -1.67034 -2.5322
12.1875 -1.75399 -2.65582
12.207 -1.82858 -2.77109
12.2266 -1.89809 -2.88196
12.2461 -1.96319 -2.98904
12.2656 -2.02053 -3.08885
12.2852 -2.07221 -3.1833
12.3047 -2.11943 -3.27341
12.3242 -2.16175 -3.35859
12.3438 -2.20143 -3.44102
12.3633 -2.24065 -3.52286
12.3828 -2.28149 -3.60628
12.4023 -2.32541 -3.69289
12.4219 -2.37063 -3.78109
12.4414 -2.41544 -3.86923
12.4609 -2.45844 -3.95595
12.4805 -2.50153 -4.04313
12.5 -2.5466 -4.13266
12.5195 -2.59553 -4.22643
12.5391 -2.65018 -4.32631
12.5586 -2.7075 -4.42926
12.5781 -2.76437 -4.5321
12.5977 -2.81773 -4.63165
12.6172 -2.86452 -4.72475
12.6367 -2.90552 -4.81204
12.6563 -2.94192 -4.89469
12.6758 -2.97486 -4.97387
12.6953 -3.00546 -5.05074
12.7148 -3.03248 -5.12412
12.7344 -3.05412 -5.19218
12.7539 -3.06864 -5.25308
12.7734 -3.07477 -5.30535
12.793 -3.07141 -5.34766
12.8125 -3.05752 -5.37867
12.832 -3.0321 -5.39705
12.8516 -2.99415 -5.40146
12.8711 -2.94622 -5.39411
12.8906 -2.89316 -5.37966
12.9102 -2.83969 -5.36278
12.9297 -2.79037 -5.34812
12.9492 -2.74804 -5.33867
12.9688 -2.71378 -5.33569
12.9883 -2.68683 -5.33852
13.0078 -2.66413 -5.34405
13.0273 -2.64279 -5.34923
13.0469 -2.62001 -5.35097
13.0664 -2.59308 -5.34618
13.0859 -2.56281 -5.3354
13.1055 -2.53724 -5.32652
13.125 -2.5204 -5.32374
13.1445 -2.50669 -5.3217
13.1641 -2.49057 -5.31505
13.1836 -2.46899 -5.3008
13.2031 -2.44796 -5.28504
13.2227 -2.43342 -5.27383
13.2422 -2.43124 -5.27326
13.2617 -2.44589 -5.28803
13.2813 -2.47106 -5.31201
13.3008 -2.50059 -5.33906
13.3203 -2.52887 -5.36342
13.3398 -2.55963 -5.38868
13.3594 -2.59641 -5.41844
13.3789 -2.63877 -5.45244
13.3984 -2.6861 -5.49039
13.418 -2.73603 -5.53029
13.4375 -2.78607 -5.57002
13.457 -2.83566 -5.60931
13.4766 -2.88144 -5.64498
13.4961 -2.91975 -5.6734
13.5156 -2.94716 -5.69097
13.5352 -2.96037 -5.69404
13.5547 -2.95617 -5.679
13.5742 -2.93834 -5.64924
13.5938 -2.91283 -5.61044
13.6133 -2.88535 -5.56833
13.6328 -2.86147 -5.52858
13.6523 -2.84654 -5.49691
13.6719 -2.84586 -5.47902
13.6914 -2.85799 -5.47393
13.7109 -2.87739 -5.47634
13.7305 -2.89876 -5.48098
13.75 -2.91975 -5.4853
13.7695 -2.9405 -5.4892
13.7891 -2.95721 -5.48861
13.8086 -2.97254 -5.486
13.8281 -2.99501 -5.48997
13.8477 -3.02502 -5.50125
13.8672 -3.06289 -5.52056
13.8867 -3.10892 -5.54864
13.9063 -3.16343 -5.58623
13.9258 -3.22456 -5.63176
13.9453 -3.2858 -5.67883
13.9648 -3.34088 -5.72099
13.9844 -3.38377 -5.75184
14.0039 -3.40858 -5.76496
14.0234 -3.4115 -5.75596
14.043 -3.39681 -5.72868
14.0625 -3.36856 -5.68693
14.082 -3.33065 -5.63456
14.1016 -3.28679 -5.57538
14.1211 -3.24059 -5.51322
14.1406 -3.19565 -5.4519
14.1602 -3.15534 -5.39501
14.1797 -3.11616 -5.33913
14.1992 -3.07486 -5.28085
14.2188 -3.0284 -5.21672
14.2383 -2.97386 -5.14334
14.2578 -2.91558 -5.06455
14.2773 -2.85819 -4.9847
14.2969 -2.80605 -4.90812
14.3164 -2.75772 -4.83357
14.3359 -2.71077 -4.75892
14.3555 -2.66526 -4.68454
14.375 -2.62179 -4.61135
14.3945 -2.58102 -4.54029
14.4141 -2.5437 -4.4723
14.4336 -2.51207 -4.40969
14.4531 -2.48898 -4.35532
14.4727 -2.47728 -4.31206
14.4922 -2.47364 -4.27656
14.5117 -2.47146 -4.2421
14.5313 -2.46813 -4.2059
14.5508 -2.46357 -4.16787
14.5703 -2.45464 -4.12488
14.5898 -2.44066 -4.07642
14.6094 -2.42536 -4.02642
14.6289 -2.41231 -3.97885
14.6484 -2.40507 -3.93766
14.668 -2.40719 -3.9068
14.6875 -2.41687 -3.88475
14.707 -2.42459 -3.86199
14.7266 -2.42601 -3.83392
14.7461 -2.42553 -3.80458
14.7656 -2.42745 -3.77802
14.7852 -2.43306 -3.75546
14.8047 -2.43658 -3.7311
14.8242 -2.4322 -3.69917
14.8438 -2.4159 -3.65564
14.8633 -2.39007 -3.60292
14.8828 -2.35702 -3.54342
14.9023 -2.31904 -3.47954
14.9219 -2.27844 -3.4137
14.9414 -2.23759 -3.34829
14.9609 -2.19891 -3.28572
14.9805 -2.16463 -3.22814
15 -2.13223 -3.17287
15.0195 -2.09927 -3.11721
15.0391 -2.06335 -3.05846
15.0586 -2.02758 -2.99951
15.0781 -1.99503 -2.94339
15.0977 -1.96857 -2.89312
15.1172 -1.95091 -2.85172
15.1367 -1.93879 -2.81628
15.1563 -1.92826 -2.78311
15.1758 -1.91547 -2.74848
15.1953 -1.9018 -2.71376
15.2148 -1.88984 -2.68151
15.2344 -1.87746 -2.64948
15.2539 -1.86111 -2.6139
15.2734 -1.83729 -2.57098
15.293 -1.80658 -2.521
15.3125 -1.77124 -2.46603
15.332 -1.73057 -2.40532
15.3516 -1.68222 -2.3365
15.3711 -1.62383 -2.25719
15.3906 -1.55699 -2.169
15.4102 -1.48623 -2.07652
15.4297 -1.41604 -1.98435
15.4492 -1.3509 -1.8971
15.4688 -1.29531 -1.81937
15.4883 -1.24969 -1.75165
15.5078 -1.20957 -1.6894
15.5273 -1.17061 -1.62804
15.5469 -1.13101 -1.5655
15.5664 -1.09304 -1.50385
15.5859 -1.05879 -1.44513
15.6055 -1.0302 -1.39141
15.625 -1.00906 -1.34474
15.6445 -0.995853 -1.30595
15.6641 -0.987486 -1.27226
15.6836 -0.981005 -1.24091
15.7031 -0.973598 -1.20912
15.7227 -0.963396 -1.17493
15.7422 -0.952746 -1.1405
15.7617 -0.94399 -1.10802
15.7813 -0.939421 -1.07967
15.8008 -0.940906 -1.05728
15.8203 -0.945083 -1.03749
15.8398 -0.94864 -1.01699
15.8594 -0.951016 -0.995251
15.8789 -0.948109 -0.968188
15.8984 -0.93586 -0.931699
15.918 -0.919485 -0.890956
15.9375 -0.904628 -0.851684
15.957 -0.89682 -0.819609
15.9766 -0.901519 -0.800458
15.9961 -0.915159 -0.790892
16.0156 -0.932704 -0.78595
16.0352 -0.949292 -0.780671
16.0547 -0.960206 -0.770095
16.0742 -0.968162 -0.756674
16.0938 -0.97384 -0.740926
16.1133 -0.976186 -0.721732
16.1328 -0.974073 -0.697974
16.1523 -0.967927 -0.670163
16.1719 -0.958962 -0.639662
16.1914 -0.948364 -0.607837
16.2109 -0.936234 -0.574941
16.2305 -0.921968 -0.54044
16.25 -0.907562 -0.506317
16.2695 -0.897218 -0.476734
16.2891 -0.892482 -0.453191
16.3086 -0.891848 -0.434094
16.3281 -0.893499 -0.417496
16.3477 -0.895621 -0.401453
16.3672 -0.896366 -0.384018
16.3867 -0.896004 -0.36543
16.4063 -0.898419 -0.349683
16.4258 -0.906018 -0.339442
16.4453 -0.918309 -0.334549
16.4648 -0.934823 -0.334844
16.4844 -0.954923 -0.33994
16.5039 -0.977386 -0.34876
16.5234 -1.00114 -0.360256
16.543 -1.02531 -0.373493
16.5625 -1.04911 -0.387541
16.582 -1.07233 -0.402053
16.6016 -1.0977 -0.419701
16.6211 -1.11928 -0.434541
16.6406 -1.13119 -0.440628
16.6602 -1.12793 -0.432318
16.6797 -1.11304 -0.413052
16.6992 -1.09 -0.386267
16.7188 -1.0622 -0.355405
16.7383 -1.03298 -0.323902
16.7578 -1.00569 -0.295198
16.7773 -0.980922 -0.269957
16.7969 -0.959118 -0.248577
16.8164 -0.940787 -0.231456
16.8359 -0.925362 -0.217853
16.8555 -0.910537 -0.205239
16.875 -0.893675 -0.190732
16.8945 -0.876431 -0.175806
16.9141 -0.861616 -0.163252
16.9336 -0.851872 -0.155858
16.9531 -0.849698 -0.156414
16.9727 -0.857505 -0.167707
16.9922 -0.874708 -0.18955
17.0117 -0.899186 -0.220141
17.0313 -0.928953 -0.257678
17.0508 -0.960053 -0.298216
17.0703 -0.99389 -0.343051
17.0898 -1.03339 -0.395009
17.1094 -1.07786 -0.453338
17.1289 -1.12654 -0.517288
17.1484 -1.17932 -0.586833
17.168 -1.23686 -0.662817
17.1875 -1.29971 -0.746078
17.207 -1.36835 -0.837458
17.2266 -1.44275 -0.937257
17.2461 -1.52195 -1.04483
17.2656 -1.60513 -1.15952
17.2852 -1.69159 -1.28067
17.3047 -1.78071 -1.40763
17.3242 -1.87128 -1.53902
17.3438 -1.95982 -1.67114
17.3633 -2.04294 -1.80031
17.3828 -2.11724 -1.92284
17.4023 -2.17932 -2.03502
17.4219 -2.22647 -2.13392
17.4414 -2.26147 -2.22217
17.4609 -2.28698 -2.30239
17.4805 -2.30557 -2.37719
17.5 -2.31983 -2.44921
17.5195 -2.33235 -2.52105
17.5391 -2.34584 -2.59532
17.5586 -2.3598 -2.67137
17.5781 -2.37381 -2.74845
17.5977 -2.38747 -2.82582
17.6172 -2.40042 -2.90274
17.6367 -2.41223 -2.97844
17.6563 -2.42262 -3.05245
17.6758 -2.43118 -3.12424
17.6953 -2.43736 -3.19327
17.7148 -2.44055 -3.259
17.7344 -2.44176 -3.32255
17.7539 -2.44256 -3.38561
17.7734 -2.44455 -3.44984
17.793 -2.44712 -3.51462
17.8125 -2.44879 -3.57833
17.832 -2.44821 -3.6393
17.8516 -2.44602 -3.69788
17.8711 -2.44408 -3.75558
17.8906 -2.44417 -3.81398
17.9102 -2.44791 -3.87461
17.9297 -2.45478 -3.93698
17.9492 -2.46231 -3.99874
17.9688 -2.46804 -4.05751
17.9883 -2.47191 -4.11331
18.0078 -2.47677 -4.16908
18.0273 -2.48546 -4.22775
18.0469 -2.49905 -4.29051
18.0664 -2.51577 -4.35559
18.0859 -2.53393 -4.42123
18.1055 -2.55237 -4.48611
18.125 -2.57092 -4.54988
18.1445 -2.58939 -4.6122
18.1641 -2.60751 -4.67273
18.1836 -2.62499 -4.73114
18.2031 -2.64141 -4.7871
18.2227 -2.65635 -4.84028
18.2422 -2.66935 -4.89037
18.2617 -2.67994 -4.93703
18.2813 -2.68756 -4.97976
18.3008 -2.69171 -5.01808
18.3203 -2.69197 -5.0515
18.3398 -2.688 -5.07953
18.3594 -2.67948 -5.10169
18.3789 -2.66615 -5.11751
18.3984 -2.64727 -5.12605
18.418 -2.62208 -5.12635
18.4375 -2.5924 -5.12014
18.457 -2.5602 -5.10937
18.4766 -2.52735 -5.09599
18.4961 -2.49568 -5.08195
18.5156 -2.46696 -5.06921
18.5352 -2.44029 -5.05699
18.5547 -2.41417 -5.04382
18.5742 -2.38719 -5.02822
18.5938 -2.36195 -5.01267
18.6133 -2.34244 -5.00106
18.6328 -2.33256 -4.99733
18.6523 -2.33179 -5.00106
18.6719 -2.33734 -5.00958
18.6914 -2.34638 -5.0202
18.7109 -2.35612 -5.03024
18.7305 -2.36379 -5.03701
18.75 -2.36665 -5.03784
18.7695 -2.36448 -5.03251
18.7891 -2.35939 -5.02315
18.8086 -2.35347 -5.0119
18.8281 -2.34878 -5.0009
18.8477 -2.34732 -4.99226
18.8672 -2.35106 -4.98806
18.8867 -2.36196 -4.99041
18.9063 -2.3801 -4.99953
18.9258 -2.40208 -5.01212
18.9453 -2.42458 -5.02489
18.9648 -2.44521 -5.03541
18.9844 -2.46394 -5.04358
19.0039 -2.4807 -5.04932
19.0234 -2.49461 -5.0518
19.043 -2.50293 -5.04829
19.0625 -2.5078 -5.04099
19.082 -2.51131 -5.03212
19.1016 -2.5155 -5.02387
19.1211 -2.52241 -5.01843
19.1406 -2.53394 -5.01786
19.1602 -2.54955 -5.02175
19.1797 -2.5688 -5.02967
19.1992 -2.59184 -5.04177
19.2188 -2.61886 -5.05819
19.2383 -2.65003 -5.07909
19.2578 -2.68172 -5.1008
19.2773 -2.71009 -5.11941
19.2969 -2.73131 -5.13099
19.3164 -2.74643 -5.13656
19.3359 -2.75719 -5.13791
19.3555 -2.76526 -5.13681
19.375 -2.77227 -5.13506
19.3945 -2.77985 -5.13444
19.4141 -2.78967 -5.13672
19.4336 -2.80347 -5.1437
19.4531 -2.81922 -5.15331
19.4727 -2.83338 -5.16185
19.4922 -2.84251 -5.1656
19.5117 -2.84321 -5.16082
19.5313 -2.83555 -5.14733
19.5508 -2.82187 -5.12724
19.5703 -2.80434 -5.1027
19.5898 -2.78501 -5.07585
19.6094 -2.76582 -5.04882
19.6289 -2.74871 -5.02375
19.6484 -2.7356 -5.00276
19.668 -2.72773 -4.98722
19.6875 -2.72537 -4.97749
19.707 -2.72894 -4.97391
19.7266 -2.73888 -4.97683
19.7461 -2.75563 -4.9866
19.7656 -2.77927 -5.00324
19.7852 -2.80911 -5.02608
19.8047 -2.84407 -5.05413
19.8242 -2.88224 -5.08567
19.8438 -2.92172 -5.11893
19.8633 -2.96061 -5.15218
19.8828 -2.99748 -5.1841
19.9023 -3.0331 -5.21558
19.9219 -3.06827 -5.2475
19.9414 -3.10383 -5.28074
19.9609 -3.14041 -5.31592
19.9805 -3.17526 -5.3502
20 -3.20576 -5.38075
20.0195 -3.22933 -5.40473
20.0391 -3.24344 -5.41932
20.0586 -3.24553 -5.42169
20.0781 -3.23711 -5.41314
20.0977 -3.21981 -5.39521
20.1172 -3.19517 -5.3694
20.1367 -3.16471 -5.33725
20.1563 -3.13015 -5.3005
20.1758 -3.09328 -5.26094
20.1953 -3.05592 -5.22036
20.2148 -3.01992 -5.18056
20.2344 -2.98718 -5.14332
20.2539 -2.95961 -5.11043
20.2734 -2.93907 -5.08369
20.293 -2.92425 -5.06172
20.3125 -2.91238 -5.04172
20.332 -2.90071 -5.02088
20.3516 -2.88647 -4.99638
20.3711 -2.86689 -4.96543
20.3906 -2.83919 -4.92522
20.4102 -2.80365 -4.87598
20.4297 -2.76304 -4.82048
20.4492 -2.72006 -4.76153
20.4688 -2.67741 -4.70188
20.4883 -2.63778 -4.64433
20.5078 -2.60386 -4.59166
20.5273 -2.57593 -4.54421
20.5469 -2.55071 -4.49866
20.5664 -2.525 -4.45168
20.5859 -2.49568 -4.39994
20.6055 -2.45966 -4.34013
20.625 -2.41549 -4.2706
20.6445 -2.36594 -4.19406
20.6641 -2.31363 -4.1132
20.6836 -2.26103 -4.03072
20.7031 -2.21056 -3.94931
20.7227 -2.16459 -3.87168
20.7422 -2.12555 -3.80053
20.7617 -2.09592 -3.73857
20.7813 -2.07825 -3.6885
20.8008 -2.07466 -3.65255
20.8203 -2.08025 -3.62581
20.8398 -2.09021 -3.60338
20.8594 -2.0998 -3.58037
20.8789 -2.10425 -3.55187
20.8984 -2.09879 -3.51299
20.918 -2.08497 -3.46523
20.9375 -2.06454 -3.41049
20.957 -2.04794 -3.35949
20.9766 -2.02797 -3.30542
20.9961 -2.00324 -3.24712
21.0156 -1.97402 -3.18492
21.0352 -1.94326 -3.1217
21.0547 -1.91462 -3.06101
21.0742 -1.88732 -3.00189
21.0938 -1.85919 -2.9419
21.1133 -1.82808 -2.87861
21.1328 -1.79182 -2.80959
21.1523 -1.74815 -2.73238
21.1719 -1.69758 -2.64742
21.1914 -1.64209 -2.55679
21.2109 -1.58356 -2.46258
21.2305 -1.52376 -2.36686
21.25 -1.46448 -2.27171
21.2695 -1.40759 -2.17922
21.2891 -1.35449 -2.09092
21.3086 -1.3062 -2.00782
21.3281 -1.26381 -1.93091
21.3477 -1.22847 -1.86117
21.3672 -1.2013 -1.79961
21.3867 -1.18201 -1.74583
21.4063 -1.1679 -1.69714
21.4258 -1.15706 -1.65167
21.4453 -1.14931 -1.60939
21.4648 -1.14435 -1.57026
21.4844 -1.14158 -1.53396
21.5039 -1.13955 -1.49928
21.5234 -1.13689 -1.46504
21.543 -1.13283 -1.43048
21.5625 -1.1288 -1.39701
21.582 -1.12631 -1.36602
21.6016 -1.12688 -1.3389
21.6211 -1.13203 -1.31705
21.6406 -1.1431 -1.30174
21.6602 -1.15931 -1.29221
21.6797 -1.17983 -1.28772
21.6992 -1.20377 -1.28751
21.7188 -1.23176 -1.29242
21.7383 -1.26443 -1.30332
21.7578 -1.30236 -1.32109
21.7773 -1.34616 -1.34658
21.7969 -1.39646 -1.38068
21.8164 -1.45394 -1.42424
21.8359 -1.51056 -1.46931
21.8555 -1.55687 -1.50622
21.875 -1.5922 -1.53396
21.8945 -1.6181 -1.55379
21.9141 -1.63604 -1.56695
21.9336 -1.64736 -1.5747
21.9531 -1.65238 -1.57741
21.9727 -1.65103 -1.57506
21.9922 -1.64319 -1.56763
22.0117 -1.63052 -1.55681
22.0313 -1.61573 -1.54534
22.0508 -1.6016 -1.53593
22.0703 -1.59093 -1.53131
22.0898 -1.58656 -1.53421
22.1094 -1.58828 -1.54429
22.1289 -1.59292 -1.55821
22.1484 -1.59736 -1.57264
22.168 -1.59846 -1.58423
22.1875 -1.59311 -1.58963
22.207 -1.58006 -1.58745
22.2266 -1.56107 -1.57937
22.2461 -1.53783 -1.56707
22.2656 -1.51194 -1.55226
22.2852 -1.48499 -1.53661
22.3047 -1.458 -1.5212
22.3242 -1.43034 -1.50537
22.3438 -1.40151 -1.48846
22.3633 -1.37111 -1.46982
22.3828 -1.33898 -1.44898
22.4023 -1.30593 -1.42643
22.4219 -1.27267 -1.40266
22.4414 -1.23983 -1.37816
22.4609 -1.20792 -1.35342
22.4805 -1.1773 -1.3289
22.5 -1.1476 -1.30437
22.5195 -1.11844 -1.27963
22.5391 -1.09142 -1.25644
22.5586 -1.06814 -1.23655
22.5781 -1.05027 -1.22172
22.5977 -1.03952 -1.21372
22.6172 -1.03762 -1.21431
22.6367 -1.04633 -1.22526
22.6563 -1.06047 -1.24138
22.6758 -1.07375 -1.25629
22.6953 -1.07998 -1.26365
22.7148 -1.07903 -1.26314
22.7344 -1.0723 -1.25612
22.7539 -1.0611 -1.24394
22.7734 -1.04577 -1.22707
22.793 -1.02625 -1.20562
22.8125 -1.00254 -1.17969
22.832 -0.975692 -1.1504
22.8516 -0.947365 -1.1194
22.8711 -0.919287 -1.08838
22.8906 -0.89322 -1.059
22.9102 -0.870939 -1.03293
22.9297 -0.854186 -1.01185
22.9492 -0.843216 -0.995988
22.9688 -0.83677 -0.984103
22.9883 -0.834266 -0.975683
23.0078 -0.835947 -0.971108
23.0273 -0.841986 -0.970761
23.0469 -0.852501 -0.975023
23.0664 -0.867595 -0.984278
23.0859 -0.886372 -0.997884
23.1055 -0.905921 -1.01309
23.125 -0.923463 -1.02716
23.1445 -0.93715 -1.03816
23.1641 -0.947569 -1.04652
23.1836 -0.955295 -1.05271
23.2031 -0.960865 -1.05714
23.2227 -0.964707 -1.06022
23.2422 -0.966951 -1.06211
23.2617 -0.967816 -1.06311
23.2813 -0.968642 -1.06469
23.3008 -0.970733 -1.0683
23.3203 -0.975392 -1.07541
23.3398 -0.983939 -1.08747
23.3594 -0.997726 -1.10593
23.3789 -1.01813 -1.13226
23.3984 -1.04366 -1.16498
23.418 -1.0728 -1.20255
23.4375 -1.10403 -1.24339
23.457 -1.13586 -1.28594
23.4766 -1.16677 -1.32863
23.4961 -1.1952 -1.36989
23.5156 -1.22191 -1.41053
23.5352 -1.24809 -1.45184
23.5547 -1.27489 -1.49514
23.5742 -1.30341 -1.54171
23.5938 -1.3348 -1.59287
23.6133 -1.36593 -1.64554
23.6328 -1.392 -1.69483
23.6523 -1.41302 -1.74049
23.6719 -1.43144 -1.78473
23.6914 -1.44969 -1.82974
23.7109 -1.47007 -1.87771
23.7305 -1.49228 -1.92831
23.75 -1.51397 -1.97917
23.7695 -1.53281 -2.02796
23.7891 -1.54651 -2.07232
23.8086 -1.5528 -2.10991
23.8281 -1.55224 -2.14115
23.8477 -1.54889 -2.16998
23.8672 -1.54677 -2.20037
23.8867 -1.54984 -2.23626
23.9063 -1.55974 -2.27932
23.9258 -1.57376 -2.32684
23.9453 -1.5893 -2.37613
23.9648 -1.60383 -2.42448
23.9844 -1.61485 -2.46918
24.0039 -1.62097 -2.50862
24.0234 -1.62446 -2.54489
24.043 -1.6275 -2.58009
24.0625 -1.63212 -2.61632
24.082 -1.64029 -2.65569
24.1016 -1.65393 -2.7003
24.1211 -1.67493 -2.75225
24.1406 -1.70518 -2.81365
24.1602 -1.74633 -2.8863
24.1797 -1.79093 -2.9628
24.1992 -1.83179 -3.03577
24.2188 -1.86192 -3.0978
24.2383 -1.87445 -3.14151
24.2578 -1.87423 -3.17125
24.2773 -1.86662 -3.19217
24.2969 -1.85675 -3.20944
24.3164 -1.84953 -3.22823
24.3359 -1.84972 -3.25369
24.3555 -1.862 -3.291
24.375 -1.89104 -3.34532
24.3945 -1.92735 -3.40748
24.4141 -1.95753 -3.46392
24.4336 -1.97932 -3.51189
24.4531 -1.99474 -3.55278
24.4727 -2.00569 -3.58801
24.4922 -2.0139 -3.619
24.5117 -2.02087 -3.64716
24.5313 -2.02462 -3.67065
24.5508 -2.02091 -3.68547
24.5703 -2.00796 -3.69003
24.5898 -1.98597 -3.68476
24.6094 -1.95529 -3.67004
24.6289 -1.9159 -3.6458
24.6484 -1.86742 -3.61139
24.668 -1.81112 -3.56763
24.6875 -1.7502 -3.51728
24.707 -1.68786 -3.4631
24.7266 -1.62715 -3.40784
24.7461 -1.57096 -3.35424
24.7656 -1.52121 -3.30431
24.7852 -1.47798 -3.25829
24.8047 -1.44126 -3.21646
24.8242 -1.41099 -3.17909
24.8438 -1.3874 -3.14669
24.8633 -1.37161 -3.12062
24.8828 -1.36481 -3.10227
24.9023 -1.36824 -3.093
24.9219 -1.38318 -3.09418
24.9414 -1.4101 -3.10642
24.9609 -1.44218 -3.12299
24.9805 -1.47272 -3.13716
25 -1.49527 -3.14242
25.0195 -1.51151 -3.14037
25.0391 -1.52296 -3.13263
25.0586 -1.53102 -3.1208
25.0781 -1.53703 -3.10649
25.0977 -1.538 -3.08699
25.1172 -1.53075 -3.05925
25.1367 -1.51227 -3.02021
25.1563 -1.48427 -2.97138
25.1758 -1.44926 -2.91503
25.1953 -1.40979 -2.85342
25.2148 -1.36835 -2.78882
25.2344 -1.32733 -2.7235
25.2539 -1.28848 -2.65916
25.2734 -1.25323 -2.59731
25.293 -1.22292 -2.53947
25.3125 -1.19884 -2.48713
25.332 -1.18223 -2.4418
25.3516 -1.17433 -2.40499
25.3711 -1.1764 -2.3782
25.3906 -1.18973 -2.36294
25.4102 -1.20841 -2.35342
25.4297 -1.22063 -2.33776
25.4492 -1.22175 -2.31102
25.4688 -1.21419 -2.2753
25.4883 -1.20022 -2.23268
25.5078 -1.18042 -2.18369
25.5273 -1.15314 -2.1267
25.5469 -1.1167 -2.06007
25.5664 -1.06943 -1.98217
25.5859 -1.00975 -1.89138
25.6055 -0.937992 -1.78789
25.625 -0.858753 -1.67617
25.6445 -0.776585 -1.56067
25.6641 -0.695999 -1.44583
25.6836 -0.62146 -1.33611
25.7031 -0.557374 -1.23594
25.7227 -0.508072 -1.14978
25.7422 -0.477798 -1.08207
25.7617 -0.469229 -1.03576
25.7813 -0.473363 -1.00208
25.8008 -0.481348 -0.972255
25.8203 -0.48447 -0.937509
25.8398 -0.474344 -0.889262
25.8594 -0.45475 -0.831079
25.8789 -0.429308 -0.766527
25.8984 -0.401485 -0.699169
25.918 -0.374623 -0.632573
25.9375 -0.351996 -0.570301
25.957 -0.336876 -0.515916
25.9766 -0.322314 -0.462602
25.9961 -0.300136 -0.402023
26.0156 -0.262444 -0.325839
26.0352 -0.210504 -0.234775
26.0547 -0.147746 -0.131822
26.0742 -0.0774163 -0.0199723
26.0938 -0.00255611 0.0977839
26.1133 0.0739785 0.218455
26.1328 0.149471 0.339051
26.1523 0.221279 0.45658
26.1719 0.286762 0.568049
26.1914 0.343227 0.670469
26.2109 0.387894 0.760845
26.2305 0.417892 0.836187
26.25 0.430284 0.8935
26.2695 0.425102 0.932812
26.2891 0.405226 0.957027
26.3086 0.373577 0.969049
26.3281 0.333151 0.971783
26.3477 0.28641 0.967496
26.3672 0.235018 0.957561
26.3867 0.180717 0.94335
26.4063 0.125261 0.926235
26.4258 0.0700997 0.907323
26.4453 0.0160382 0.887164
26.4648 -0.036234 0.866306
26.4844 -0.0861515 0.845297
26.5039 -0.133258 0.824684
26.5234 -0.177171 0.805016
26.543 -0.217716 0.78666
26.5625 -0.255524 0.769146
26.582 -0.291153 0.752
26.6016 -0.325069 0.734752
26.6211 -0.357652 0.716929
26.6406 -0.389084 0.698197
26.6602 -0.417242 0.680529
26.6797 -0.440075 0.665902
26.6992 -0.455636 0.656291
26.7188 -0.462097 0.653671
26.7383 -0.457742 0.660017
26.7578 -0.444479 0.673744
26.7773 -0.424456 0.693023
26.7969 -0.399774 0.716023
26.8164 -0.372462 0.740915
26.8359 -0.344459 0.76587
26.8555 -0.316646 0.790038
26.875 -0.289638 0.812794
26.8945 -0.264029 0.833509
26.9141 -0.240418 0.851556
26.9336 -0.219429 0.866307
26.9531 -0.199953 0.878916
26.9727 -0.180179 0.891316
26.9922 -0.158367 0.905441
27.0117 -0.132823 0.923222
27.0313 -0.103766 0.944675
27.0508 -0.0726206 0.968537
27.0703 -0.040716 0.993546
27.0898 -0.00928749 1.01844
27.1094 0.0205023 1.04195
27.1289 0.0475321 1.06282
27.1484 0.0716868 1.08078
27.168 0.0939998 1.0968
27.1875 0.11542 1.11181
27.207 0.136062 1.126
27.2266 0.154791 1.13834
27.2461 0.170483 1.14779
27.2656 0.182609 1.15389
27.2852 0.191916 1.15738
27.3047 0.199187 1.15904
27.3242 0.204804 1.15918
27.3438 0.207808 1.15674
27.3633 0.207289 1.15064
27.3828 0.202366 1.1398
27.4023 0.192164 1.12315
27.4219 0.176076 1.09989
27.4414 0.155485 1.07125
27.4609 0.131694 1.03848
27.4805 0.105946 1.00281
27.5 0.0794385 0.965487
27.5195 0.0533519 0.927737
27.5391 0.0288763 0.890799
27.5586 0.0049448 0.853604
27.5781 -0.0194798 0.815026
27.5977 -0.0453601 0.77394
27.6172 -0.0734146 0.729415
27.6367 -0.104326 0.680541
27.6563 -0.138796 0.626409
27.6758 -0.177566 0.566113
27.6953 -0.221432 0.498745
27.7148 -0.269553 0.425104
27.7344 -0.320691 0.346459
27.7539 -0.373664 0.264081
27.7734 -0.427306 0.179242
27.793 -0.480437 0.0932173
27.8125 -0.531342 0.00779035
27.832 -0.578017 -0.074995
27.8516 -0.618443 -0.153092
27.8711 -0.65294 -0.226818
27.8906 -0.683417 -0.298115
27.9102 -0.711756 -0.368924
27.9297 -0.739844 -0.44118
27.9492 -0.769599 -0.516815
27.9688 -0.80144 -0.596204
27.9883 -0.834129 -0.677973
28.0078 -0.86651 -0.760749
28.0273 -0.897468 -0.843152
28.0469 -0.925889 -0.9238
28.0664 -0.950623 -1.00131
28.0859 -0.970463 -1.07428
28.1055 -0.985177 -1.14239
28.125 -0.996845 -1.20768
28.1445 -1.00746 -1.27221
28.1641 -1.01896 -1.33805
28.1836 -1.0333 -1.40723
28.2031 -1.05171 -1.48106
28.2227 -1.0722 -1.55748
28.2422 -1.0929 -1.63444
28.2617 -1.11203 -1.7099
28.2813 -1.1279 -1.78179
28.3008 -1.139 -1.84827
28.3203 -1.14669 -1.91042
28.3398 -1.15218 -1.96933
28.3594 -1.15656 -2.02608
28.3789 -1.16085 -2.08176
28.3984 -1.16512 -2.13661
28.418 -1.16947 -2.19084
28.4375 -1.17405 -2.24467
28.457 -1.17909 -2.29832
28.4766 -1.18528 -2.35237
28.4961 -1.19342 -2.40747
28.5156 -1.20299 -2.46289
28.5352 -1.21314 -2.51756
28.5547 -1.22303 -2.57044
28.5742 -1.23355 -2.62228
28.5938 -1.24602 -2.6744
28.6133 -1.26167 -2.72813
28.6328 -1.28165 -2.78481
28.6523 -1.30707 -2.84579
28.6719 -1.33687 -2.91026
28.6914 -1.36889 -2.97615
28.7109 -1.40106 -3.04144
28.7305 -1.43143 -3.10406
28.75 -1.45816 -3.16197
28.7695 -1.47944 -3.21315
28.7891 -1.49502 -3.2571
28.8086 -1.5062 -3.29496
28.8281 -1.51415 -3.32788
28.8477 -1.51996 -3.357
28.8672 -1.52463 -3.38348
28.8867 -1.52912 -3.40846
28.9063 -1.53437 -3.43309
28.9258 -1.54099 -3.45813
28.9453 -1.54874 -3.48346
28.9648 -1.55753 -3.50894
28.9844 -1.56728 -3.53446
29.0039 -1.57821 -3.56012
29.0234 -1.59126 -3.58678
29.043 -1.60734 -3.61529
29.0625 -1.62728 -3.64653
29.082 -1.65179 -3.68135
29.1016 -1.68136 -3.72042
29.1211 -1.71473 -3.7627
29.1406 -1.75064 -3.80717
29.1602 -1.78774 -3.85261
29.1797 -1.81932 -3.89237
29.1992 -1.84946 -3.93047
29.2188 -1.87829 -3.96704
29.2383 -1.90591 -4.00212
29.2578 -1.9324 -4.03573
29.2773 -1.95786 -4.06794
29.2969 -1.98234 -4.09876
29.3164 -2.00587 -4.12824
29.3359 -2.02845 -4.15642
29.3555 -2.05005 -4.18333
29.375 -2.07063 -4.209
29.3945 -2.09015 -4.23346
29.4141 -2.10859 -4.25675
29.4336 -2.12594 -4.27889
29.4531 -2.14223 -4.29992
29.4727 -2.15752 -4.31985
29.4922 -2.17187 -4.33872
29.5117 -2.18534 -4.35655
29.5313 -2.19801 -4.37335
29.5508 -2.20992 -4.38916
29.5703 -2.2211 -4.40399
29.5898 -2.23154 -4.41786
29.6094 -2.24122 -4.43078
29.6289 -2.25012 -4.44278
29.6484 -2.25822 -4.45387
29.668 -2.26549 -4.46406
29.6875 -2.27193 -4.47336
29.707 -2.27757 -4.48179
29.7266 -2.28244 -4.48935
29.7461 -2.2866 -4.49607
29.7656 -2.2901 -4.50193
29.7852 -2.29299 -4.50696
29.8047 -2.29531 -4.51116
29.8242 -2.29706 -4.51453
29.8438 -2.29827 -4.51709
29.8633 -2.2989 -4.51882
29.8828 -2.29895 -4.51975
29.9023 -2.2984 -4.51986
29.9219 -2.29724 -4.51916
29.9414 -2.29546 -4.51766
29.9609 -2.2931 -4.51535
29.9805 -2.2902 -4.51224
30 -2.28678 -4.50832
30.0195 -2.28291 -4.50359
30.0391 -2.27862 -4.49806
30.0586 -2.27395 -4.49172
30.0781 -2.26892 -4.48457
30.0977 -2.26355 -4.47661
30.1172 -2.25783 -4.46784
30.1367 -2.25176 -4.45826
30.1563 -2.24533 -4.44787
30.1758 -2.23855 -4.43666
30.1953 -2.23143 -4.42464
30.2148 -2.22398 -4.4118
30.2344 -2.21625 -4.39814
30.2539 -2.20825 -4.38367
30.2734 -2.20003 -4.36839
30.293 -2.19161 -4.35229
30.3125 -2.18301 -4.33539
30.332 -2.17423 -4.31767
30.3516 -2.16529 -4.29915
30.3711 -2.15617 -4.27983
30.3906 -2.14687 -4.25972
30.4102 -2.13738 -4.23882
30.4297 -2.12769 -4.21713
30.4492 -2.11781 -4.19466
30.4688 -2.10775 -4.17143
30.4883 -2.09752 -4.14744
30.5078 -2.08714 -4.1227
30.5273 -2.07663 -4.09722
30.5469 -2.06601 -4.07102
30.5664 -2.05527 -4.04411
30.5859 -2.04443 -4.01649
30.6055 -2.03348 -3.98819
30.625 -2.0224 -3.95923
30.6445 -2.01119 -3.9296
30.6641 -1.99984 -3.89935
30.6836 -1.98835 -3.86847
30.7031 -1.97672 -3.837
30.7227 -1.96495 -3.80494
30.7422 -1.95305 -3.77233
30.7617 -1.94104 -3.73918
30.7813 -1.92893 -3.70551
30.8008 -1.91672 -3.67134
30.8203 -1.90444 -3.6367
30.8398 -1.89206 -3.60161
30.8594 -1.8796 -3.56609
30.8789 -1.86705 -3.53017
30.8984 -1.8544 -3.49387
30.918 -1.84166 -3.45722
30.9375 -1.82881 -3.42023
30.957 -1.81586 -3.38294
30.9766 -1.80283 -3.34536
30.9961 -1.78972 -3.30754
31.0156 -1.77655 -3.26948
31.0352 -1.76332 -3.23122
31.0547 -1.75005 -3.19278
31.0742 -1.73675 -3.1542
31.0938 -1.72342 -3.11548
31.1133 -1.71005 -3.07667
31.1328 -1.69666 -3.03778
31.1523 -1.68323 -2.99884
31.1719 -1.66978 -2.95988
31.1914 -1.6563 -2.92092
31.2109 -1.64278 -2.88198
31.2305 -1.62923 -2.84306
31.25 -1.61565 -2.80419
31.2695 -1.60205 -2.76539
31.2891 -1.58843 -2.72667
31.3086 -1.57479 -2.68804
31.3281 -1.56113 -2.64952
31.3477 -1.54744 -2.61113
31.3672 -1.53374 -2.57288
31.3867 -1.52 -2.53479
31.4063 -1.50623 -2.49687
31.4258 -1.49242 -2.45914
31.4453 -1.47857 -2.42161
31.4648 -1.46469 -2.38429
31.4844 -1.45077 -2.3472
31.5039 -1.43682 -2.31035
31.5234 -1.42285 -2.27376
31.543 -1.40886 -2.23744
31.5625 -1.39486 -2.20139
31.582 -1.38084 -2.16564
31.6016 -1.36681 -2.13019
31.6211 -1.35276 -2.09505
31.6406 -1.3387 -2.06024
31.6602 -1.32463 -2.02577
31.6797 -1.31054 -1.99164
31.6992 -1.29644 -1.95786
31.7188 -1.28233 -1.92445
31.7383 -1.26821 -1.89141
31.7578 -1.25409 -1.85876
31.7773 -1.23997 -1.82649
31.7969 -1.22586 -1.79461
31.8164 -1.21177 -1.76314
31.8359 -1.19769 -1.73207
31.8555 -1.18364 -1.70142
31.875 -1.1696 -1.67118
31.8945 -1.15558 -1.64137
31.9141 -1.14158 -1.61198
31.9336 -1.12761 -1.58302
31.9531 -1.11365 -1.55449
31.9727 -1.09973 -1.5264
31.9922 -1.08583 -1.49874
32.0117 -1.07197 -1.47152
32.0313 -1.05815 -1.44473
32.0508 -1.04438 -1.41839
32.0703 -1.03065 -1.39248
32.0898 -1.01697 -1.36701
32.1094 -1.00335 -1.34197
32.1289 -0.989782 -1.31737
32.1484 -0.976268 -1.29319
32.168 -0.962809 -1.26945
32.1875 -0.949406 -1.24613
32.207 -0.936062 -1.22323
32.2266 -0.922778 -1.20075
32.2461 -0.909558 -1.17869
32.2656 -0.896406 -1.15703
32.2852 -0.883325 -1.13578
32.3047 -0.870318 -1.11493
32.3242 -0.857388 -1.09447
32.3438 -0.844538 -1.0744
32.3633 -0.831769 -1.05471
32.3828 -0.819081 -1.03539
32.4023 -0.806475 -1.01645
32.4219 -0.793952 -0.997873
32.4414 -0.781512 -0.979651
32.4609 -0.769157 -0.96178
32.4805 -0.756888 -0.944252
32.5 -0.744708 -0.927062
32.5195 -0.73262 -0.910202
32.5391 -0.720625 -0.893666
32.5586 -0.708728 -0.877446
32.5781 -0.696929 -0.861537
32.5977 -0.68523 -0.845932
32.6172 -0.673632 -0.830624
32.6367 -0.662136 -0.815606
32.6563 -0.650742 -0.800874
32.6758 -0.63945 -0.78642
32.6953 -0.628262 -0.772239
32.7148 -0.617178 -0.758325
32.7344 -0.6062 -0.744673
32.7539 -0.59533 -0.731277
32.7734 -0.584568 -0.718133
32.793 -0.573919 -0.705235
32.8125 -0.563383 -0.692579
32.832 -0.552963 -0.680162
32.8516 -0.542659 -0.667978
32.8711 -0.532473 -0.656025
32.8906 -0.522406 -0.644299
32.9102 -0.512457 -0.632798
32.9297 -0.502629 -0.621517
32.9492 -0.492921 -0.610455
32.9688 -0.483335 -0.599611
32.9883 -0.473872 -0.588981
33.0078 -0.464535 -0.578565
33.0273 -0.455325 -0.568361
33.0469 -0.446245 -0.558369
33.0664 -0.437296 -0.548588
33.0859 -0.428481 -0.539017
33.1055 -0.4198 -0.529658
33.125 -0.411256 -0.52051
33.1445 -0.40285 -0.511575
33.1641 -0.394582 -0.502852
33.1836 -0.386455 -0.494344
33.2031 -0.378468 -0.486051
33.2227 -0.370625 -0.477976
33.2422 -0.362927 -0.470121
33.2617 -0.355376 -0.462487
33.2813 -0.347974 -0.455078
33.3008 -0.340724 -0.447896
33.3203 -0.333627 -0.440944
33.3398 -0.326687 -0.434224
33.3594 -0.319904 -0.427742
33.3789 -0.313282 -0.421498
33.3984 -0.306821 -0.415498
33.418 -0.300524 -0.409745
33.4375 -0.294394 -0.404242
33.457 -0.288435 -0.398994
33.4766 -0.282649 -0.394003
33.4961 -0.277043 -0.389276
33.5156 -0.27162 -0.384814
33.5352 -0.266385 -0.380623
33.5547 -0.261345 -0.376706
33.5742 -0.256504 -0.373067
33.5938 -0.251867 -0.36971
33.6133 -0.247439 -0.36664
33.6328 -0.243225 -0.36386
33.6523 -0.239229 -0.361374
33.6719 -0.235455 -0.359186
33.6914 -0.231907 -0.357299
33.7109 -0.22859 -0.355717
33.7305 -0.225507 -0.354444
33.75 -0.222665 -0.353481
33.7695 -0.220067 -0.352834
33.7891 -0.21772 -0.352504
33.8086 -0.215628 -0.352494
33.8281 -0.213796 -0.352806
33.8477 -0.212227 -0.353444
33.8672 -0.210927 -0.354408
33.8867 -0.209897 -0.355701
33.9063 -0.209141 -0.357325
33.9258 -0.20866 -0.359281
33.9453 -0.208458 -0.361569
33.9648 -0.208536 -0.364191
33.9844 -0.208895 -0.367146
34.0039 -0.209538 -0.370436
34.0234 -0.210463 -0.374061
34.043 -0.211669 -0.378019
34.0625 -0.213155 -0.38231
34.082 -0.214917 -0.386933
34.1016 -0.216954 -0.391888
34.1211 -0.219259 -0.397172
34.1406 -0.22183 -0.402783
34.1602 -0.224659 -0.40872
34.1797 -0.227741 -0.41498
34.1992 -0.231068 -0.421561
34.2188 -0.234634 -0.428459
34.2383 -0.238428 -0.43567
34.2578 -0.242443 -0.443193
34.2773 -0.246669 -0.451022
34.2969 -0.251097 -0.459154
34.3164 -0.255716 -0.467584
34.3359 -0.260518 -0.476309
34.3555 -0.265491 -0.485322
34.375 -0.270627 -0.49462
34.3945 -0.275913 -0.504198
34.4141 -0.281342 -0.514048
34.4336 -0.286901 -0.524168
34.4531 -0.292581 -0.534549
34.4727 -0.298372 -0.545188
34.4922 -0.304263 -0.556077
34.5117 -0.310244 -0.567211
34.5313 -0.316307 -0.578583
34.5508 -0.32244 -0.590187
34.5703 -0.328636 -0.602016
34.5898 -0.334886 -0.614064
34.6094 -0.341182 -0.626324
34.6289 -0.347515 -0.63879
34.6484 -0.353878 -0.651453
34.668 -0.360265 -0.664308
34.6875 -0.366668 -0.677348
34.707 -0.373082 -0.690565
34.7266 -0.3795 -0.703953
34.7461 -0.385917 -0.717504
34.7656 -0.392328 -0.731211
34.7852 -0.398729 -0.745068
34.8047 -0.405114 -0.759066
34.8242 -0.411482 -0.7732
34.8438 -0.417828 -0.787462
34.8633 -0.42415 -0.801845
34.8828 -0.430445 -0.816342
34.9023 -0.436712 -0.830946
34.9219 -0.442948 -0.845651
34.9414 -0.449154 -0.860448
34.9609 -0.455327 -0.875333
34.9805 -0.461468 -0.890298
35 -0.467575 -0.905336
35.0195 -0.473649 -0.920442
35.0391 -0.479689 -0.935608
35.0586 -0.485697 -0.950829
35.0781 -0.491672 -0.966099
35.0977 -0.497616 -0.981412
35.1172 -0.50353 -0.996761
35.1367 -0.509415 -1.01214
35.1563 -0.515272 -1.02755
35.1758 -0.521103 -1.04298
35.1953 -0.526909 -1.05842
35.2148 -0.532692 -1.07387
35.2344 -0.538453 -1.08933
35.2539 -0.544194 -1.1048
35.2734 -0.549917 -1.12025
35.293 -0.555623 -1.13571
35.3125 -0.561314 -1.15115
35.332 -0.566991 -1.16657
35.3516 -0.572657 -1.18198
35.3711 -0.578313 -1.19737
35.3906 -0.58396 -1.21274
35.4102 -0.589601 -1.22807
35.4297 -0.595236 -1.24338
35.4492 -0.600866 -1.25866
35.4688 -0.606494 -1.2739
35.4883 -0.61212 -1.28911
35.5078 -0.617745 -1.30428
35.5273 -0.62337 -1.31941
35.5469 -0.628996 -1.3345
35.5664 -0.634624 -1.34955
35.5859 -0.640254 -1.36455
35.6055 -0.645888 -1.37951
35.625 -0.651524 -1.39443
35.6445 -0.657165 -1.4093
35.6641 -0.66281 -1.42412
35.6836 -0.66846 -1.4389
35.7031 -0.674114 -1.45363
35.7227 -0.679773 -1.46831
35.7422 -0.685435 -1.48294
35.7617 -0.691102 -1.49752
35.7813 -0.696773 -1.51206
35.8008 -0.702447 -1.52654
35.8203 -0.708124 -1.54097
35.8398 -0.713803 -1.55536
35.8594 -0.719484 -1.56968
35.8789 -0.725166 -1.58396
35.8984 -0.730848 -1.59818
35.918 -0.73653 -1.61235
35.9375 -0.74221 -1.62646
35.957 -0.747888 -1.64051
35.9766 -0.753562 -1.65451
35.9961 -0.759233 -1.66844
36.0156 -0.764897 -1.68231
36.0352 -0.770555 -1.69611
36.0547 -0.776205 -1.70984
36.0742 -0.781845 -1.7235
36.0938 -0.787475 -1.73709
36.1133 -0.793094 -1.7506
36.1328 -0.798699 -1.76403
36.1523 -0.804289 -1.77737
36.1719 -0.809864 -1.79063
36.1914 -0.815421 -1.80379
36.2109 -0.820959 -1.81686
36.2305 -0.826476 -1.82982
36.25 -0.831972 -1.84267
36.2695 -0.837444 -1.85541
36.2891 -0.842891 -1.86803
36.3086 -0.848311 -1.88053
36.3281 -0.853702 -1.89289
36.3477 -0.859064 -1.90512
36.3672 -0.864394 -1.91721
36.3867 -0.86969 -1.92914
36.4063 -0.874952 -1.94092
36.4258 -0.880176 -1.95253
36.4453 -0.885362 -1.96398
36.4648 -0.890508 -1.97524
36.4844 -0.895612 -1.98633
36.5039 -0.900671 -1.99721
36.5234 -0.905685 -2.0079
36.543 -0.910652 -2.01839
36.5625 -0.915569 -2.02865
36.582 -0.920436 -2.0387
36.6016 -0.925249 -2.04852
36.6211 -0.930007 -2.0581
36.6406 -0.934709 -2.06744
36.6602 -0.939352 -2.07653
36.6797 -0.943934 -2.08537
36.6992 -0.948455 -2.09394
36.7188 -0.95291 -2.10224
36.7383 -0.9573 -2.11026
36.7578 -0.961621 -2.11801
36.7773 -0.965872 -2.12547
36.7969 -0.970051 -2.13263
36.8164 -0.974156 -2.1395
36.8359 -0.978184 -2.14607
36.8555 -0.982135 -2.15233
36.875 -0.986005 -2.15828
36.8945 -0.989793 -2.16391
36.9141 -0.993497 -2.16923
36.9336 -0.997115 -2.17423
36.9531 -1.00064 -2.1789
36.9727 -1.00408 -2.18325
36.9922 -1.00743 -2.18727
37.0117 -1.01068 -2.19096
37.0313 -1.01384 -2.19432
37.0508 -1.0169 -2.19735
37.0703 -1.01985 -2.20006
37.0898 -1.02271 -2.20243
37.1094 -1.02546 -2.20447
37.1289 -1.0281 -2.20619
37.1484 -1.03063 -2.20758
37.168 -1.03305 -2.20864
37.1875 -1.03536 -2.20938
37.207 -1.03756 -2.20981
37.2266 -1.03964 -2.20992
37.2461 -1.0416 -2.20971
37.2656 -1.04343 -2.2092
37.2852 -1.04515 -2.20838
37.3047 -1.04673 -2.20727
37.3242 -1.04819 -2.20586
37.3438 -1.04952 -2.20416
37.3633 -1.05072 -2.20218
37.3828 -1.05179 -2.19992
37.4023 -1.05272 -2.19739
37.4219 -1.05351 -2.1946
37.4414 -1.05417 -2.19155
37.4609 -1.05468 -2.18824
37.4805 -1.05505 -2.18469
37.5 -1.05528 -2.18091
37.5195 -1.05536 -2.17689
37.5391 -1.05529 -2.17265
37.5586 -1.05508 -2.1682
37.5781 -1.05471 -2.16354
37.5977 -1.0542 -2.15868
37.6172 -1.05353 -2.15363
37.6367 -1.05272 -2.14839
37.6563 -1.05175 -2.14298
37.6758 -1.05064 -2.1374
37.6953 -1.04939 -2.13166
37.7148 -1.04798 -2.12577
37.7344 -1.04643 -2.11973
37.7539 -1.04474 -2.11355
37.7734 -1.04291 -2.10724
37.793 -1.04094 -2.10081
37.8125 -1.03883 -2.09426
37.832 -1.0366 -2.08761
37.8516 -1.03423 -2.08084
37.8711 -1.03173 -2.07399
37.8906 -1.02912 -2.06704
37.9102 -1.02639 -2.06001
37.9297 -1.02354 -2.0529
37.9492 -1.02059 -2.04571
37.9688 -1.01752 -2.03846
37.9883 -1.01436 -2.03115
38.0078 -1.0111 -2.02378
38.0273 -1.00774 -2.01635
38.0469 -1.00429 -2.00887
38.0664 -1.00076 -2.00135
38.0859 -0.997148 -1.99379
38.1055 -0.993459 -1.98618
38.125 -0.989699 -1.97854
38.1445 -0.985872 -1.97086
38.1641 -0.981982 -1.96315
38.1836 -0.978033 -1.95541
38.2031 -0.97403 -1.94765
38.2227 -0.969976 -1.93985
38.2422 -0.965876 -1.93203
38.2617 -0.961732 -1.92418
38.2813 -0.957549 -1.91631
38.3008 -0.953329 -1.90841
38.3203 -0.949078 -1.90048
38.3398 -0.944798 -1.89253
38.3594 -0.940493 -1.88455
38.3789 -0.936167 -1.87654
38.3984 -0.931821 -1.86851
38.418 -0.92746 -1.86044
38.4375 -0.923086 -1.85234
38.457 -0.918701 -1.84421
38.4766 -0.914308 -1.83605
38.4961 -0.909909 -1.82785
38.5156 -0.905505 -1.81961
38.5352 -0.9011 -1.81132
38.5547 -0.896695 -1.803
38.5742 -0.892292 -1.79463
38.5938 -0.887892 -1.78621
38.6133 -0.883497 -1.77775
38.6328 -0.87911 -1.76923
38.6523 -0.874731 -1.76065
38.6719 -0.870361 -1.75202
38.6914 -0.866001 -1.74334
38.7109 -0.861654 -1.73459
38.7305 -0.857318 -1.72578
38.75 -0.852995 -1.7169
38.7695 -0.848686 -1.70796
38.7891 -0.844391 -1.69894
38.8086 -0.840111 -1.68986
38.8281 -0.835846 -1.68071
38.8477 -0.831597 -1.67149
38.8672 -0.827364 -1.66219
38.8867 -0.823148 -1.65282
38.9063 -0.818949 -1.64337
38.9258 -0.814767 -1.63384
38.9453 -0.810603 -1.62425
38.9648 -0.806455 -1.61457
38.9844 -0.802325 -1.60482
39.0039 -0.798213 -1.595
39.0234 -0.794117 -1.5851
39.043 -0.790038 -1.57512
39.0625 -0.785977 -1.56508
39.082 -0.781933 -1.55496
39.1016 -0.777905 -1.54478
39.1211 -0.773895 -1.53453
39.1406 -0.769902 -1.52421
39.1602 -0.765925 -1.51383
39.1797 -0.761966 -1.50339
39.1992 -0.758023 -1.4929
39.2188 -0.754096 -1.48235
39.2383 -0.750186 -1.47175
39.2578 -0.746291 -1.46111
39.2773 -0.742412 -1.45043
39.2969 -0.738549 -1.4397
39.3164 -0.734702 -1.42895
39.3359 -0.730869 -1.41817
39.3555 -0.727053 -1.40736
39.375 -0.723251 -1.39654
39.3945 -0.719465 -1.3857
39.4141 -0.715695 -1.37486
39.4336 -0.71194 -1.36401
39.4531 -0.7082 -1.35317
39.4727 -0.704475 -1.34234
39.4922 -0.700766 -1.33152
39.5117 -0.697071 -1.32073
39.5313 -0.693392 -1.30997
39.5508 -0.689728 -1.29925
39.5703 -0.68608 -1.28856
39.5898 -0.682447 -1.27793
39.6094 -0.678831 -1.26735
39.6289 -0.67523 -1.25683
39.6484 -0.671646 -1.24638
39.668 -0.668078 -1.23601
39.6875 -0.664528 -1.22572
39.707 -0.660995 -1.21552
39.7266 -0.657479 -1.20542
39.7461 -0.653981 -1.19542
39.7656 -0.650502 -1.18553
39.7852 -0.647041 -1.17575
39.8047 -0.6436 -1.1661
39.8242 -0.640178 -1.15657
39.8438 -0.636776 -1.14718
39.8633 -0.633396 -1.13794
39.8828 -0.630036 -1.12883
39.9023 -0.626699 -1.11989
39.9219 -0.623385 -1.11109
39.9414 -0.620095 -1.10247
39.9609 -0.616828 -1.09401
39.9805 -0.613586 -1.08572
