0.0195313 -1.40697 -1.40697
0.0390625 -0.307614 -0.307614
0.0585938 -1.33378 -1.33377
0.078125 -2.3805 -2.3805
0.0976563 -3.29073 -3.29074
0.117188 -1.64371 -1.64371
0.136719 0.303721 0.303724
0.15625 2.10191 2.1019
0.175781 0.961355 0.961374
0.195313 -0.892424 -0.892423
0.214844 -2.68411 -2.68409
0.234375 -1.23052 -1.2305
0.253906 1.3135 1.31348
0.273438 1.23113 1.23118
0.292969 1.25448 1.25442
0.3125 1.86668 1.86665
0.332031 0.954175 0.954078
0.351563 -0.834382 -0.834326
0.371094 -2.47752 -2.47752
0.390625 -3.89372 -3.89365
0.410156 -0.244972 -0.245056
0.429688 7.73182 7.73167
0.449219 8.99782 8.99791
0.46875 3.01332 3.01327
0.488281 -0.804995 -0.804958
0.507813 -3.06856 -3.06847
0.527344 -7.22366 -7.22359
0.546875 -10.7579 -10.7579
0.566406 -10.4209 -10.4209
0.585938 -3.15334 -3.15336
0.605469 2.43958 2.43969
0.625 3.7396 3.73964
0.644531 4.58388 4.58397
0.664063 5.98399 5.98392
0.683594 10.8048 10.8049
0.703125 14.811 14.8108
0.722656 17.2983 17.2982
0.742188 15.8682 15.8681
0.761719 20.1795 20.1794
0.78125 11.7708 11.7708
0.800781 3.792 3.79202
0.820313 0.287013 0.287028
0.839844 -2.40658 -2.40646
0.859375 -4.22417 -4.22408
0.878906 -5.20191 -5.20194
0.898438 -0.217577 -0.217476
0.917969 5.2051 5.20514
0.9375 10.3388 10.339
0.957031 14.8563 14.8563
0.976563 10.1299 10.13
0.996094 3.63843 3.63873
1.01563 -2.67379 -2.67378
1.03516 -4.50957 -4.50982
1.05469 -4.69173 -4.69199
1.07422 -9.53126 -9.53123
1.09375 -15.1905 -15.1898
1.11328 -19.5489 -19.5491
1.13281 -23.1905 -23.1915
1.15234 -26.9144 -26.9149
1.17188 -31.215 -31.2141
1.19141 -35.3006 -35.3014
1.21094 -25.669 -25.6679
1.23047 -6.25832 -6.25855
1.25 11.3773 11.377
1.26953 26.5167 26.5166
1.28906 38.7539 38.7534
1.30859 48.006 48.006
1.32813 41.1345 41.1345
1.34766 14.2642 14.2642
1.36719 -5.00768 -5.00759
1.38672 -11.0545 -11.0531
1.40625 -14.4953 -14.4945
1.42578 -15.1374 -15.1373
1.44531 -13.8867 -13.8861
1.46484 -10.7037 -10.704
1.48438 -5.5874 -5.58869
1.50391 1.75127 1.75087
1.52344 11.7614 11.7607
1.54297 -4.22436 -4.22464
1.5625 -19.8808 -19.8808
1.58203 -35.2638 -35.2636
1.60156 -48.8362 -48.8366
1.62109 -59.925 -59.9241
1.64063 -68.3683 -68.369
1.66016 -74.1052 -74.1044
1.67969 -51.5808 -51.5806
1.69922 -29.681 -29.6814
1.71875 -10.0773 -10.0773
1.73828 5.79379 5.79371
1.75781 16.4673 16.4673
1.77734 8.97491 8.97486
1.79688 -6.63735 -6.63729
1.81641 -8.09526 -8.09502
1.83594 -8.47209 -8.47336
1.85547 -7.36887 -7.36959
1.875 2.27573 2.276
1.89453 18.1447 18.1455
1.91406 34.5901 34.5917
1.93359 50.5073 50.5053
1.95313 65.877 65.8788
1.97266 80.783 80.784
1.99219 95.2748 95.2745
2.01172 109.43 109.427
2.03125 94.7112 94.711
2.05078 58.0689 58.0691
2.07031 20.1997 20.2001
2.08984 -16.6565 -16.6538
2.10938 -47.4908 -47.4914
2.12891 -69.3775 -69.3758
2.14844 -82.8667 -82.8676
2.16797 -89.8217 -89.8232
2.1875 -92.3211 -92.3221
2.20703 -74.4766 -74.476
2.22656 -25.4587 -25.4593
2.24609 18.7756 18.7733
2.26563 56.5298 56.5321
2.28516 86.5517 86.5529
2.30469 106.863 106.862
2.32422 117.388 117.389
2.34375 119.109 119.109
2.36328 114.292 114.289
2.38281 86.7083 86.7077
2.40234 -53.5763 -53.58
2.42188 -166.684 -166.686
2.44141 -142.417 -142.416
2.46094 -110.553 -110.552
2.48047 -74.2037 -74.2014
2.5 -34.6191 -34.619
2.51953 4.61321 4.61427
2.53906 -6.76516 -6.76548
2.55859 -20.8494 -20.8479
2.57813 -35.6303 -35.63
2.59766 -50.1215 -50.1201
2.61719 -36.7358 -36.738
2.63672 -20.0507 -20.0519
2.65625 -0.666204 -0.664186
2.67578 15.0976 15.0988
2.69531 25.6333 25.6335
2.71484 32.9903 32.9883
2.73438 39.2159 39.2164
2.75391 45.3207 45.3211
2.77344 36.6028 36.6002
2.79297 21.7068 21.7079
2.8125 7.49374 7.49211
2.83203 -5.04014 -5.04033
2.85156 -16.3319 -16.3327
2.87109 -26.9044 -26.9062
2.89063 -23.1429 -23.14
2.91016 -7.45627 -7.45339
2.92969 8.58771 8.58224
2.94922 24.8195 24.8221
2.96875 26.2879 26.2858
2.98828 9.88738 9.88247
3.00781 -5.62563 -5.62989
3.02734 -8.2379 -8.23845
3.04688 10.9595 10.9663
3.06641 31.5629 31.5686
3.08594 53.0041 53.0109
3.10547 73.8938 73.89
3.125 82.6433 82.6491
3.14453 64.1365 64.1384
3.16406 42.5398 42.5326
3.18359 19.4507 19.4465
3.20313 3.22988 3.22765
3.22266 22.7863 22.7857
3.24219 42.0825 42.0811
3.26172 56.1666 56.168
3.28125 19.5204 19.5213
3.30078 -14.0035 -14.0037
3.32031 -44.2992 -44.2965
3.33984 -71.8096 -71.8082
3.35938 -97.1592 -97.1574
3.37891 -66.2464 -66.247
3.39844 -34.3903 -34.3903
3.41797 -3.83996 -3.8394
3.4375 25.1994 25.1978
3.45703 7.75542 7.75526
3.47656 -16.2187 -16.2185
3.49609 -39.7441 -39.7444
3.51563 -62.7009 -62.701
3.53516 -48.4605 -48.4603
3.55469 -23.0538 -23.0535
3.57422 2.29227 2.29131
3.59375 5.71975 5.71958
3.61328 -1.20459 -1.20504
3.63281 -9.71189 -9.7123
3.65234 -18.9934 -18.9926
3.67188 -13.7173 -13.7185
3.69141 0.688669 0.688176
3.71094 14.3688 14.3677
3.73047 12.1698 12.1696
3.75 -2.81955 -2.8176
3.76953 -13.3562 -13.356
3.78906 -18.8538 -18.8522
3.80859 -22.3031 -22.3029
3.82813 -13.3951 -13.3945
3.84766 10.8977 10.8985
3.86719 33.8717 33.87
3.88672 54.5342 54.5337
3.90625 60.9513 60.9492
3.92578 40.4812 40.4804
3.94531 19.1851 19.1845
3.96484 -1.48388 -1.4844
3.98438 -20.1102 -20.1101
4.00391 -30.0928 -30.0934
4.02344 -14.8079 -14.8079
4.04297 -1.28803 -1.28724
4.0625 -4.50637 -4.50377
4.08203 -7.19486 -7.19321
4.10156 -7.98693 -7.9862
4.12109 10.4147 10.4152
4.14063 26.7818 26.781
4.16016 40.3 40.3007
4.17969 50.6103 50.61
4.19922 57.8649 57.8645
4.21875 62.8288 62.8298
4.23828 66.8951 66.8947
4.25781 43.7999 43.7989
4.27734 21.2817 21.2811
4.29688 2.06975 2.06942
4.31641 -14.7451 -14.745
4.33594 -30.1282 -30.1279
4.35547 -44.7942 -44.7948
4.375 -59.1623 -59.1626
4.39453 -73.4261 -73.4248
4.41406 -61.8743 -61.8747
4.43359 -41.0632 -41.0622
4.45313 -21.2468 -21.2479
4.47266 -26.9271 -26.9279
4.49219 -45.9869 -45.9859
4.51172 -63.2392 -63.2388
4.53125 -77.2994 -77.3007
4.55078 -87.8517 -87.8526
4.57031 -66.6917 -66.6917
4.58984 -20.1527 -20.1527
4.60938 22.1129 22.1132
4.62891 58.2697 58.2698
4.64844 88.2067 88.2067
4.66797 78.8372 78.8373
4.6875 18.1062 18.1062
4.70703 -15.8679 -15.8677
4.72656 -3.78049 -3.78037
4.74609 9.70534 9.70529
4.76563 24.0549 24.0552
4.78516 38.7071 38.7076
4.80469 53.1729 53.172
4.82422 66.311 66.3109
4.84375 65.0448 65.045
4.86328 13.1425 13.1421
4.88281 -36.2217 -36.2217
4.90234 -79.1486 -79.1487
4.92188 -108.469 -108.469
4.94141 -78.8795 -78.8794
4.96094 -45.2879 -45.2876
4.98047 -11.1497 -11.1497
5 20.1838 20.1844
5.01953 9.8603 9.86094
5.03906 -3.93694 -3.93691
5.05859 -20.5299 -20.5298
5.07813 -5.05365 -5.05268
5.09766 9.24771 9.24663
5.11719 19.9522 19.9519
5.13672 27.7413 27.7426
5.15625 33.4409 33.4404
5.17578 16.4737 16.4733
5.19531 -5.12905 -5.12803
5.21484 -25.2738 -25.2737
5.23438 -25.7978 -25.7969
5.25391 -18.5663 -18.5683
5.27344 -10.3411 -10.341
5.29297 -1.3843 -1.3832
5.3125 8.07218 8.07235
5.33203 -3.8625 -3.86506
5.35156 -28.3821 -28.3822
5.37109 -51.5534 -51.5561
5.39063 -46.6486 -46.6511
5.41016 -19.0177 -19.0172
5.42969 8.02439 8.02573
5.44922 34.4333 34.4325
5.46875 43.919 43.9208
5.48828 34.3136 34.3135
5.50781 26.9119 26.9102
5.52734 21.2275 21.2312
5.54688 24.9884 24.9912
5.56641 44.2027 44.1989
5.58594 62.1411 62.1392
5.60547 78.2479 78.2493
5.625 88.8328 88.8367
5.64453 93.1116 93.109
5.66406 85.3757 85.3716
5.68359 49.8172 49.8211
5.70313 15.6162 15.6168
5.72266 -14.2297 -14.2277
5.74219 -35.6747 -35.675
5.76172 -30.404 -30.4048
5.78125 -21.9906 -21.988
5.80078 -12.2768 -12.2767
5.82031 -11.7907 -11.7904
5.83984 -11.228 -11.2267
5.85938 -7.83667 -7.83817
5.87891 -5.14631 -5.14599
5.89844 -20.7497 -20.7496
5.91797 -17.036 -17.0357
5.9375 -16.0819 -16.0819
5.95703 -16.0183 -16.0189
5.97656 -7.87009 -7.87135
5.99609 1.18609 1.18506
6.01563 9.60683 9.6063
6.03516 17.4148 17.4142
6.05469 7.57977 7.57932
6.07422 -7.82251 -7.82276
6.09375 -22.913 -22.9132
6.11328 -20.5242 -20.5239
6.13281 -10.2859 -10.2857
6.15234 -1.24316 -1.24293
6.17188 -6.64661 -6.6458
6.19141 -21.0774 -21.0771
6.21094 -26.2511 -26.2513
6.23047 -23.9966 -23.9958
6.25 -21.3753 -21.3755
6.26953 -18.0754 -18.0747
6.28906 -13.8979 -13.8991
6.30859 -17.7164 -17.7167
6.32813 -31.4909 -31.4922
6.34766 -34.4318 -34.4316
6.36719 -22.7154 -22.7158
6.38672 -13.434 -13.4342
6.40625 -10.3701 -10.3704
6.42578 -6.51167 -6.51188
6.44531 -0.64992 -0.649862
6.46484 3.75775 3.75771
6.48438 6.91354 6.91438
6.50391 9.71776 9.71827
6.52344 9.84145 9.8424
6.54297 2.67085 2.67148
6.5625 -4.46456 -4.46422
6.58203 -11.041 -11.0409
6.60156 -15.7458 -15.7459
6.62109 -8.1563 -8.15653
6.64063 -0.453299 -0.45339
6.66016 6.977 6.97704
6.67969 13.8585 13.8579
6.69922 -0.564559 -0.565032
6.71875 -0.317822 -0.317869
6.73828 0.521827 0.522044
6.75781 1.37266 1.37216
6.77734 0.514518 0.514929
6.79688 -0.333475 -0.333697
6.81641 5.4756 5.47617
6.83594 12.5492 12.5492
6.85547 19.5752 19.5762
6.875 26.5049 26.5045
6.89453 33.2817 33.2816
6.91406 40.0833 40.0836
6.93359 32.6109 32.6109
6.95313 18.6466 18.6476
6.97266 4.83194 4.83185
6.99219 -8.23272 -8.23311
7.01172 -8.19402 -8.19462
7.03125 0.340991 0.339179
7.05078 8.51614 8.51511
7.07031 3.95308 3.95219
7.08984 -11.5202 -11.5202
7.10938 -15.3568 -15.357
7.12891 -6.87417 -6.87348
7.14844 1.29859 1.2988
7.16797 8.7769 8.77789
7.1875 15.2882 15.2892
7.20703 14.557 14.5579
7.22656 2.2757 2.27596
7.24609 -9.55089 -9.55105
7.26563 -16.1493 -16.1498
7.28516 -12.9682 -12.968
7.30469 -13.9149 -13.9152
7.32422 -13.1204 -13.1206
7.34375 -7.52814 -7.52841
7.36328 -2.22927 -2.22938
7.38281 2.50306 2.50301
7.40234 5.37277 5.37306
7.42188 -0.785201 -0.785119
7.44141 -7.01114 -7.01092
7.46094 -12.1201 -12.1199
7.48047 -0.988049 -0.98788
7.5 9.90784 9.9079
7.51953 2.3591 2.35917
7.53906 -4.7522 -4.75215
7.55859 -11.1337 -11.1336
7.57813 -16.5494 -16.5495
7.59766 -13.509 -13.5091
7.61719 -9.08633 -9.08647
7.63672 -4.50911 -4.50907
7.65625 -0.178595 -0.178703
7.67578 6.42065 6.42031
7.69531 12.6699 12.6697
7.71484 17.6423 17.6423
7.73438 14.0588 14.0584
7.75391 7.21224 7.21235
7.77344 13.0078 13.0077
7.79297 11.4401 11.4403
7.8125 3.47978 3.47968
7.83203 -3.76898 -3.76906
7.85156 -9.91712 -9.91696
7.87109 -14.7474 -14.7474
7.89063 -18.2083 -18.2082
7.91016 -20.3844 -20.3843
7.92969 -21.4718 -21.4716
7.94922 -21.7279 -21.7278
7.96875 -14.9404 -14.9406
7.98828 -0.413636 -0.413407
8.00781 12.7201 12.7203
8.02734 16.9061 16.9059
8.04688 7.81264 7.81281
8.06641 -1.9016 -1.90137
8.08594 -11.5138 -11.5145
8.10547 -16.7454 -16.7461
8.125 -11.6889 -11.6891
8.14453 -6.43341 -6.4337
8.16406 -2.08243 -2.08251
8.18359 -1.00923 -1.00864
8.20313 -0.310049 -0.309523
8.22266 -0.177321 -0.176455
8.24219 -1.47754 -1.47577
8.26172 -2.93301 -2.93268
8.28125 -3.79096 -3.79154
8.30078 4.09447 4.09523
8.32031 11.7571 11.7559
8.33984 19.1754 19.1748
8.35938 17.0839 17.0839
8.37891 16.3707 16.3697
8.39844 15.9929 15.9911
8.41797 13.5442 13.5436
8.4375 11.3251 11.3246
8.45703 9.74985 9.74911
8.47656 8.55822 8.55844
8.49609 11.5644 11.5664
8.51563 15.233 15.2349
8.53516 5.90553 5.90685
8.55469 -6.82831 -6.82644
8.57422 -18.7693 -18.7684
8.59375 -29.5303 -29.5299
8.61328 -38.8297 -38.83
8.63281 -30.0378 -30.0398
8.65234 -12.3491 -12.3522
8.67188 4.0628 4.06117
8.69141 18.2172 18.2147
8.71094 29.6441 29.6434
8.73047 32.3331 32.3341
8.75 27.8174 27.8184
8.76953 21.8828 21.8847
8.78906 25.8365 25.8362
8.80859 41.1615 41.1618
8.82813 54.8675 54.8685
8.84766 48.5146 48.5148
8.86719 13.4956 13.4962
8.88672 -18.8627 -18.8617
8.90625 -46.8119 -46.8114
8.92578 -69.4504 -69.4501
8.94531 -75.7588 -75.7581
8.96484 -48.5944 -48.5953
8.98438 -26.7535 -26.7534
9.00391 -27.7674 -27.7685
9.02344 -17.6388 -17.639
9.04297 43.2287 43.2276
9.0625 90.0347 90.0343
9.08203 73.7122 73.7124
9.10156 53.379 53.3786
9.12109 30.8845 30.8842
9.14063 8.6101 8.6094
9.16016 1.66998 1.67038
9.17969 -3.25908 -3.25873
9.19922 -19.7634 -19.763
9.21875 -33.7204 -33.7201
9.23828 -45.63 -45.6298
9.25781 -56.3407 -56.3405
9.27734 -66.4299 -66.4297
9.29688 -40.3463 -40.3461
9.31641 -8.54311 -8.54295
9.33594 21.3437 21.3435
9.35547 47.8345 47.8343
9.375 19.8172 19.817
9.39453 -23.6215 -23.6217
9.41406 -29.4882 -29.4884
9.43359 -19.3486 -19.3487
9.45313 -7.51856 -7.51854
9.47266 5.21976 5.21983
9.49219 17.9192 17.9193
9.51172 16.0791 16.0794
9.53125 4.47505 4.4751
9.55078 -7.2401 -7.23978
9.57031 -18.7187 -18.7186
9.58984 -29.6054 -29.6053
9.60938 -27.2833 -27.2833
9.62891 -11.436 -11.4364
9.64844 3.34434 3.34396
9.66797 16.4894 16.4891
9.6875 27.7604 27.7605
9.70703 30.0989 30.0992
9.72656 18.7327 18.7327
9.74609 7.72899 7.72887
9.76563 -2.14584 -2.14566
9.78516 -10.3972 -10.3971
9.80469 -14.104 -14.1036
9.82422 -11.1601 -11.1609
9.84375 -20.1116 -20.1121
9.86328 -21.6623 -21.6622
9.88281 7.58291 7.5826
9.90234 30.9271 30.9279
9.92188 21.8462 21.8457
9.94141 11.6972 11.6971
9.96094 1.62916 1.6294
9.98047 2.47041 2.47087
10 -6.50121 -6.50156
10.0195 -14.7495 -14.7506
10.0391 -3.42335 -3.4227
10.0586 8.40891 8.40888
10.0781 19.8434 19.8436
10.0977 30.4904 30.4921
10.1172 39.5735 39.5741
10.1367 46.526 46.5271
10.1563 30.9605 30.9599
10.1758 10.745 10.7442
10.1953 -8.63265 -8.63337
10.2148 -26.0528 -26.0539
10.2344 -40.7196 -40.7203
10.2539 -36.9193 -36.9196
10.2734 -24.981 -24.9809
10.293 -23.9736 -23.9734
10.3125 -28.1126 -28.1129
10.332 -31.3518 -31.3516
10.3516 -33.8093 -33.8084
10.3711 -17.9028 -17.9024
10.3906 10.4722 10.4722
10.4102 35.8544 35.8545
10.4297 42.4634 42.4636
10.4492 30.7601 30.7607
10.4688 17.3775 17.3777
10.4883 3.35381 3.35335
10.5078 -6.73616 -6.73585
10.5273 -10.5235 -10.5235
10.5469 -13.2079 -13.2084
10.5664 -16.8415 -16.8419
10.5859 -23.5359 -23.5364
10.6055 -28.6264 -28.626
10.625 -32.0812 -32.0814
10.6445 -29.6527 -29.6527
10.6641 -11.9086 -11.908
10.6836 4.99593 4.99517
10.7031 17.0428 17.0415
10.7227 10.5315 10.5305
10.7422 3.654 3.65531
10.7617 -1.46301 -1.46285
10.7813 10.3958 10.395
10.8008 21.9049 21.905
10.8203 32.9606 32.9612
10.8398 43.5001 43.5009
10.8594 30.1246 30.1247
10.8789 16.3335 16.3324
10.8984 2.69701 2.69945
10.918 -10.217 -10.2165
10.9375 -2.79078 -2.79063
10.957 6.78353 6.7827
10.9766 15.5708 15.5707
10.9961 23.1123 23.1123
11.0156 13.4271 13.4258
11.0352 -0.439907 -0.44075
11.0547 -13.4997 -13.4979
11.0742 -24.9561 -24.9543
11.0938 -23.9235 -23.9228
11.1133 -16.9706 -16.9703
11.1328 -9.19827 -9.19936
11.1523 -1.28075 -1.28285
11.1719 6.11933 6.11832
11.1914 3.20596 3.20681
11.2109 -7.0283 -7.02766
11.2305 -17.3446 -17.3464
11.25 -17.198 -17.1972
11.2695 -7.48154 -7.48128
11.2891 1.31614 1.31709
11.3086 8.80998 8.80872
11.3281 14.7903 14.7908
11.3477 19.2669 19.2672
11.3672 22.4073 22.4067
11.3867 24.4226 24.4233
11.4063 25.6289 25.6282
11.4258 26.3312 26.3321
11.4453 26.8008 26.7995
11.4648 25.5872 25.5881
11.4844 19.7021 19.7015
11.5039 14.9328 14.932
11.5234 11.6718 11.6716
11.543 12.2528 12.2537
11.5625 26.1288 26.1288
11.582 37.4285 37.4284
11.6016 20.2397 20.2401
11.6211 5.32579 5.3262
11.6406 -7.65108 -7.65059
11.6602 -19.6147 -19.6145
11.6797 -31.5179 -31.5173
11.6992 -43.9164 -43.9164
11.7188 -37.4494 -37.4497
11.7383 -31.3276 -31.3271
11.7578 -26.1669 -26.1665
11.7773 -32.2076 -32.2067
11.7969 -39.7949 -39.7957
11.8164 -47.44 -47.4397
11.8359 -41.7625 -41.7617
11.8555 -31.763 -31.7643
11.875 -20.9183 -20.9188
11.8945 -10.1494 -10.1499
11.9141 -7.89452 -7.89605
11.9336 -10.6128 -10.6134
11.9531 -15.5155 -15.516
11.9727 -13.6357 -13.6358
11.9922 -8.09445 -8.09449
12.0117 -2.64584 -2.64546
12.0313 3.37818 3.37877
12.0508 10.9988 10.9993
12.0703 11.0357 11.0362
12.0898 4.08506 4.0852
12.1094 -1.63817 -1.63801
12.1289 -2.53709 -2.53687
12.1484 1.6934 1.69376
12.168 9.9399 9.94024
12.1875 14.8543 14.8541
12.207 5.56162 5.56076
12.2266 5.21534 5.21423
12.2461 15.5931 15.5939
12.2656 11.7309 11.7305
12.2852 10.3895 10.3882
12.3047 13.5155 13.5152
12.3242 10.3067 10.3076
12.3438 8.01477 8.01601
12.3633 6.42679 6.42768
12.3828 6.63605 6.63626
12.4023 15.1818 15.1819
12.4219 22.9964 22.9951
12.4414 29.0691 29.0676
12.4609 24.2661 24.2668
12.4805 17.5488 17.549
12.5 9.42473 9.42563
12.5195 0.551554 0.550733
12.5391 4.34771 4.34716
12.5586 8.04434 8.04449
12.5781 11.3835 11.3845
12.5977 14.4484 14.4502
12.6172 7.45367 7.45415
12.6367 -0.187501 -0.186715
12.6563 -6.59066 -6.59168
12.6758 -11.489 -11.4899
12.6953 -8.76901 -8.76934
12.7148 -3.41275 -3.41306
12.7344 2.35269 2.35227
12.7539 7.1503 7.1504
12.7734 11.2464 11.2462
12.793 14.8494 14.8489
12.8125 17.9197 17.9197
12.832 20.53 20.5301
12.8516 13.6653 13.6653
12.8711 0.817399 0.817367
12.8906 -11.2313 -11.2311
12.9102 -22.473 -22.4727
12.9297 -28.7135 -28.7137
12.9492 -30.2409 -30.2408
12.9688 -26.765 -26.7652
12.9883 -17.4338 -17.4344
13.0078 -8.77012 -8.76962
13.0273 -0.822667 -0.822887
13.0469 6.38711 6.38723
13.0664 3.22718 3.22715
13.0859 -19.7054 -19.705
13.1055 -32.8028 -32.8023
13.125 -20.7792 -20.7791
13.1445 -8.29403 -8.29477
13.1641 -1.96995 -1.97038
13.1836 -18.9926 -18.9929
13.2031 -34.263 -34.2622
13.2227 -47.0594 -47.0599
13.2422 -53.4962 -53.4953
13.2617 -29.4503 -29.4499
13.2813 -5.74052 -5.74022
13.3008 15.0134 15.0133
13.3203 8.78284 8.78259
13.3398 0.999063 0.998908
13.3594 2.203 2.20256
13.3789 2.55814 2.55727
13.3984 6.82324 6.82257
13.418 10.8833 10.884
13.4375 9.91884 9.91916
13.457 16.5426 16.5416
13.4766 24.1964 24.1978
13.4961 31.6299 31.6312
13.5156 38.801 38.8012
13.5352 45.6659 45.6649
13.5547 34.0883 34.0885
13.5742 16.1403 16.1404
13.5938 -1.48976 -1.4913
13.6133 -17.8854 -17.8865
13.6328 -32.1155 -32.1156
13.6523 -42.9628 -42.9621
13.6719 -33.0361 -33.0344
13.6914 -10.2046 -10.2029
13.7109 12.0845 12.0854
13.7305 25.0882 25.0873
13.75 29.4073 29.407
13.7695 41.6505 41.6502
13.7891 34.2677 34.2655
13.8086 8.97918 8.9772
13.8281 3.96478 3.96395
13.8477 -1.22668 -1.22696
13.8672 -6.1643 -6.16208
13.8867 -10.5081 -10.5071
13.9063 -8.13202 -8.13133
13.9258 7.22147 7.22323
13.9453 21.738 21.7393
13.9648 34.7127 34.7118
13.9844 45.6594 45.6578
14.0039 49.0822 49.0804
14.0234 29.6454 29.6458
14.043 10.8435 10.8439
14.0625 -5.81865 -5.81863
14.082 -19.2626 -19.2624
14.1016 -29.0703 -29.0701
14.1211 -35.5023 -35.5022
14.1406 -38.7121 -38.7119
14.1602 -22.2311 -22.2311
14.1797 -6.19433 -6.19431
14.1992 8.346 8.3459
14.2188 20.841 20.8409
14.2383 12.442 12.442
14.2578 1.81928 1.81909
14.2773 -9.15954 -9.15928
14.2969 -5.68731 -5.6876
14.3164 -0.357677 -0.35827
14.3359 -1.98019 -1.98017
14.3555 -5.28921 -5.28915
14.375 -8.7543 -8.75375
14.3945 -12.5112 -12.5115
14.4141 -20.7145 -20.7144
14.4336 -30.9384 -30.939
14.4531 -41.5219 -41.5222
14.4727 -35.2098 -35.2101
14.4922 -19.078 -19.0781
14.5117 -12.99 -12.9889
14.5313 -13.29 -13.2891
14.5508 -5.01167 -5.01193
14.5703 -3.07841 -3.07838
14.5898 -12.1662 -12.1666
14.6094 -19.9075 -19.9074
14.6289 -26.1201 -26.1202
14.6484 -30.8898 -30.8895
14.668 -20.3813 -20.3811
14.6875 10.3373 10.3373
14.707 26.0913 26.0912
14.7266 17.2082 17.2081
14.7461 7.42277 7.42226
14.7656 4.58676 4.58685
14.7852 19.4917 19.4913
14.8047 33.3526 33.3528
14.8242 41.608 41.6075
14.8438 32.5034 32.5023
14.8633 23.5256 23.5267
14.8828 14.9173 14.9184
14.9023 6.45385 6.45342
14.9219 -1.53286 -1.53245
14.9414 -8.65466 -8.65487
14.9609 -13.9778 -13.9771
14.9805 -5.18387 -5.18396
15 4.23264 4.23246
15.0195 13.5698 13.5696
15.0391 7.77465 7.77441
15.0586 1.57326 1.57407
15.0781 -4.4481 -4.4485
15.0977 -10.0947 -10.0946
15.1172 0.0600532 0.0599051
15.1367 11.6807 11.6813
15.1563 21.9762 21.9766
15.1758 17.3759 17.3753
15.1953 8.66954 8.66978
15.2148 12.085 12.0841
15.2344 18.6628 18.6628
15.2539 24.173 24.1722
15.2734 18.0964 18.0958
15.293 6.99701 6.99724
15.3125 3.86595 3.86642
15.332 5.51712 5.51712
15.3516 7.68971 7.68998
15.3711 0.167236 0.167618
15.3906 -13.8492 -13.8488
15.4102 -25.8761 -25.8757
15.4297 -35.9002 -35.9003
15.4492 -44.2175 -44.2174
15.4688 -40.6095 -40.6096
15.4883 -23.4641 -23.4641
15.5078 -6.4615 -6.46152
15.5273 3.05645 3.05626
15.5469 0.643136 0.643279
15.5664 -2.46968 -2.47
15.5859 -6.03998 -6.0399
15.6055 -9.87024 -9.87021
15.625 -10.9163 -10.9166
15.6445 -3.15556 -3.1558
15.6641 3.46667 3.46659
15.6836 8.7309 8.73084
15.7031 10.5456 10.5456
15.7227 0.517703 0.517685
15.7422 -9.46217 -9.4622
15.7617 -18.6262 -18.6262
15.7813 -25.4385 -25.4384
15.8008 -17.1061 -17.1059
15.8203 -8.03486 -8.03468
15.8398 -5.75218 -5.75208
15.8594 6.11397 6.11363
15.8789 17.6949 17.6952
15.8984 4.63788 4.63812
15.918 -9.16448 -9.16464
15.9375 -21.7896 -21.7899
15.957 -33.0094 -33.0098
15.9766 -19.4313 -19.4304
15.9961 -1.78855 -1.7884
16.0156 14.9533 14.9527
16.0352 30.4329 30.4338
16.0547 25.3963 25.3971
16.0742 24.8593 24.8582
16.0938 28.0059 28.0066
16.1133 30.5263 30.5258
16.1328 28.2628 28.2611
16.1523 23.2902 23.2908
16.1719 17.3118 17.3112
16.1914 13.6052 13.6061
16.2109 11.5584 11.5586
16.2305 2.83481 2.8343
16.25 -10.8525 -10.8524
16.2695 -16.0947 -16.094
16.2891 -11.8089 -11.8096
16.3086 -5.7203 -5.72148
16.3281 0.750624 0.749851
16.3477 7.12435 7.12531
16.3672 7.34313 7.3438
16.3867 -2.50774 -2.50641
16.4063 -8.51937 -8.51944
16.4258 -6.70709 -6.70735
16.4453 -4.77796 -4.77828
16.4648 -2.32169 -2.32222
16.4844 1.63643 1.63687
16.5039 4.94112 4.94062
16.5234 7.19564 7.19504
16.543 8.63315 8.63451
16.5625 7.74719 7.74661
16.582 -1.52957 -1.52987
16.6016 11.6236 11.6248
16.6211 23.7256 23.7262
16.6406 33.6309 33.6302
16.6602 18.6078 18.6075
16.6797 3.98389 3.9841
16.6992 -9.32088 -9.3217
16.7188 -20.7158 -20.7157
16.7383 -29.9821 -29.9822
16.7578 -30.0465 -30.0462
16.7773 -28.0588 -28.0591
16.7969 -25.2068 -25.2066
16.8164 -18.8626 -18.8624
16.8359 -7.59821 -7.59837
16.8555 3.96304 3.9629
16.875 2.96176 2.96181
16.8945 -2.29413 -2.29383
16.9141 -7.95427 -7.95392
16.9336 -13.6768 -13.6767
16.9531 -19.1538 -19.1535
16.9727 -16.4713 -16.4717
16.9922 -9.62309 -9.62341
17.0117 -3.3533 -3.35391
17.0313 7.49494 7.49464
17.0508 3.23515 3.23513
17.0703 -5.74694 -5.74682
17.0898 -5.54475 -5.54433
17.1094 -5.51209 -5.51166
17.1289 -7.33283 -7.33235
17.1484 -11.0472 -11.048
17.168 -14.0794 -14.0797
17.1875 -16.3029 -16.3029
17.207 -16.3509 -16.352
17.2266 -13.3506 -13.3512
17.2461 -10.08 -10.0798
17.2656 -6.7326 -6.73249
17.2852 -3.44159 -3.44228
17.3047 1.6 1.6028
17.3242 12.3615 12.3641
17.3438 22.6503 22.6498
17.3633 32.4773 32.476
17.3828 41.8721 41.8729
17.4023 48.92 48.9213
17.4219 41.3535 41.3547
17.4414 34.4303 34.428
17.4609 26.5862 26.5865
17.4805 18.2143 18.2131
17.5 9.70156 9.70129
17.5195 1.44178 1.43992
17.5391 2.18995 2.19035
17.5586 3.29781 3.29852
17.5781 4.39965 4.40082
17.5977 5.38416 5.38333
17.6172 6.17948 6.18038
17.6367 6.09264 6.09076
17.6563 5.97895 5.97644
17.6758 5.85312 5.85206
17.6953 5.74862 5.75029
17.7148 1.37738 1.37789
17.7344 -3.97141 -3.9699
17.7539 -8.75936 -8.7572
17.7734 -7.10384 -7.1024
17.793 -2.66301 -2.66208
17.8125 1.53468 1.53393
17.832 0.235872 0.23542
17.8516 -4.46624 -4.46752
17.8711 -9.20273 -9.20415
17.8906 -13.8875 -13.8889
17.9102 -13.1958 -13.1966
17.9297 -7.74322 -7.743
17.9492 -2.63864 -2.63918
17.9688 -4.05397 -4.05333
17.9883 -13.2245 -13.2243
18.0078 -22.1794 -22.1794
18.0273 -26.1471 -26.1472
18.0469 -22.1216 -22.1207
18.0664 -17.1846 -17.1839
18.0859 -12.7256 -12.725
18.1055 -10.4089 -10.4084
18.125 -7.82017 -7.8203
18.1445 -5.15014 -5.1505
18.1641 -2.5816 -2.58145
18.1836 -0.270292 -0.270233
18.2031 1.68221 1.68214
18.2227 3.21957 3.21959
18.2422 4.40479 4.40406
18.2617 5.63951 5.64054
18.2813 6.55995 6.56072
18.3008 7.24679 7.24575
18.3203 7.78379 7.78419
18.3398 8.245 8.24437
18.3594 8.68756 8.68779
18.3789 10.3373 10.336
18.3984 11.9693 11.9697
18.418 6.63044 6.63074
18.4375 1.04329 1.04377
18.457 -3.933 -3.93263
18.4766 -8.06856 -8.06923
18.4961 -11.2673 -11.2681
18.5156 -6.46314 -6.46199
18.5352 0.387541 0.388465
18.5547 6.95583 6.95457
18.5742 2.68151 2.68108
18.5938 -5.58059 -5.58221
18.6133 -13.5449 -13.5455
18.6328 -9.715 -9.71366
18.6523 -0.0665655 -0.0656516
18.6719 8.7878 8.78708
18.6914 16.3948 16.3963
18.7109 22.476 22.4763
18.7305 26.9003 26.9015
18.75 23.2861 23.2862
18.7695 12.6183 12.6176
18.7891 1.99822 1.99676
18.8086 -7.83085 -7.83096
18.8281 -16.237 -16.2365
18.8477 -22.8171 -22.8166
18.8672 -27.4602 -27.4614
18.8867 -25.4136 -25.4146
18.9063 -12.8984 -12.8994
18.9258 -0.267047 -0.265744
18.9453 9.38512 9.38504
18.9648 11.7946 11.796
18.9844 13.1455 13.1452
19.0039 15.4133 15.4128
19.0234 21.6003 21.6006
19.043 13.8479 13.8472
19.0625 5.9011 5.9012
19.082 -1.69237 -1.69214
19.1016 -8.51776 -8.51668
19.1211 -13.9374 -13.9368
19.1406 -11.889 -11.8887
19.1602 -9.33699 -9.33694
19.1797 -8.10545 -8.10622
19.1992 -6.96857 -6.96765
19.2188 -6.11614 -6.11624
19.2383 4.1586 4.15933
19.2578 13.9268 13.9253
19.2773 22.1768 22.1764
19.2969 16.081 16.0799
19.3164 7.46523 7.46522
19.3359 -0.826062 -0.826098
19.3555 -8.13454 -8.13578
19.375 -14.0012 -14.0001
19.3945 -18.1986 -18.1973
19.4141 -20.729 -20.7283
19.4336 -11.9126 -11.9136
19.4531 1.53398 1.53476
19.4727 14.1606 14.161
19.4922 25.1493 25.148
19.5117 24.8722 24.8705
19.5313 16.8439 16.8432
19.5508 7.99425 7.99525
19.5703 -0.929437 -0.930054
19.5898 -9.2346 -9.23483
19.6094 -16.3604 -16.3605
19.6289 -21.9498 -21.9489
19.6484 -23.875 -23.8751
19.668 -21.7229 -21.7218
19.6875 -18.5982 -18.5961
19.707 -14.9876 -14.9865
19.7266 -11.3891 -11.3886
19.7461 -7.38872 -7.38988
19.7656 -2.37605 -2.37532
19.7852 2.20036 2.20093
19.8047 7.47243 7.47129
19.8242 11.3093 11.3077
19.8438 13.8455 13.845
19.8633 14.2215 14.2205
19.8828 8.35078 8.34915
19.9023 2.65901 2.65773
19.9219 -2.39051 -2.39054
19.9414 -5.81148 -5.81188
19.9609 0.671263 0.672709
19.9805 7.49299 7.49338
20 14.2716 14.2738
20.0195 20.6954 20.696
20.0391 26.4516 26.4519
20.0586 20.4691 20.4692
20.0781 13.7398 13.7404
20.0977 7.38026 7.37968
20.1172 1.82127 1.82086
20.1367 -3.20965 -3.20985
20.1563 -7.01713 -7.0169
20.1758 -9.4915 -9.49138
20.1953 -10.7999 -10.7986
20.2148 -11.2316 -11.2326
20.2344 -11.1818 -11.1804
20.2539 -11.0387 -11.039
20.2734 -2.98726 -2.98668
20.293 7.62289 7.62109
20.3125 16.3793 16.3799
20.332 22.972 22.9714
20.3516 27.3379 27.3379
20.3711 29.6587 29.6571
20.3906 22.4615 22.4617
20.4102 8.17327 8.1729
20.4297 -5.32877 -5.32916
20.4492 -17.3066 -17.306
20.4688 -27.4335 -27.4332
20.4883 -35.7162 -35.7158
20.5078 -36.0346 -36.0344
20.5273 -25.833 -25.8332
20.5469 -15.3263 -15.3263
20.5664 -4.63013 -4.63006
20.5859 5.61911 5.61942
20.6055 10.579 10.5791
20.625 3.44685 3.44666
20.6445 -3.68577 -3.68569
20.6641 -10.3007 -10.3007
20.6836 -15.9877 -15.9875
20.7031 -20.4911 -20.4904
20.7227 -23.739 -23.739
20.7422 -25.8275 -25.8271
20.7617 -26.9997 -27.0001
20.7813 -26.3585 -26.3592
20.8008 -7.31459 -7.31387
20.8203 9.84465 9.84388
20.8398 24.234 24.2339
20.8594 35.5259 35.525
20.8789 43.8743 43.8741
20.8984 33.2681 33.2681
20.918 21.0163 21.0152
20.9375 -13.6684 -13.6684
20.957 -0.00911477 -0.00812876
20.9766 -0.0437176 -0.044169
20.9961 -2.69103 -2.69056
21.0156 -10.5957 -10.5952
21.0352 -18.4118 -18.4125
21.0547 -12.7308 -12.7287
21.0742 -2.13581 -2.1348
21.0938 8.60663 8.60807
21.1133 18.7453 18.7449
21.1328 27.7019 27.7005
21.1523 27.7175 27.7156
21.1719 22.1898 22.19
21.1914 16.015 16.0145
21.2109 9.65302 9.65241
21.2305 3.50319 3.50389
21.25 -2.13594 -2.13504
21.2695 -5.74068 -5.73932
21.2891 -7.31941 -7.3187
21.3086 -8.53989 -8.54
21.3281 -9.62837 -9.62975
21.3477 -10.7906 -10.7911
21.3672 -8.65829 -8.65802
21.3867 -1.04388 -1.04435
21.4063 3.24484 3.24468
21.4258 1.7093 1.70806
21.4453 -0.541964 -0.54299
21.4648 -2.41187 -2.41136
21.4844 -2.06957 -2.06892
21.5039 -1.61325 -1.61325
21.5234 -2.05773 -2.05803
21.543 -7.5634 -7.563
21.5625 -12.1297 -12.1295
21.582 -15.6051 -15.6059
21.6016 -17.8973 -17.8957
21.6211 -18.7889 -18.7897
21.6406 -13.5876 -13.5884
21.6602 -8.20429 -8.20391
21.6797 -3.11022 -3.10912
21.6992 -2.78642 -2.78649
21.7188 -3.08545 -3.08486
21.7383 -3.86964 -3.8696
21.7578 -5.01345 -5.0122
21.7773 -6.36688 -6.36739
21.7969 -7.78809 -7.7868
21.8164 13.6254 13.6243
21.8359 37.917 37.9167
21.8555 37.7827 37.783
21.875 30.8055 30.8054
21.8945 23.314 23.3128
21.9141 15.5709 15.57
21.9336 10.3595 10.3604
21.9531 6.64161 6.64186
21.9727 3.62205 3.62112
21.9922 -2.92417 -2.92438
22.0117 -10.8492 -10.8486
22.0313 -17.1608 -17.1605
22.0508 -21.7735 -21.7733
22.0703 -24.7571 -24.757
22.0898 -18.4081 -18.4076
22.1094 -3.74753 -3.74884
22.1289 10.1722 10.172
22.1484 22.4908 22.4921
22.168 32.5861 32.5872
22.1875 35.1123 35.1131
22.207 27.362 27.3619
22.2266 18.3047 18.3041
22.2461 8.70533 8.70492
22.2656 -0.697024 -0.69762
22.2852 -7.69272 -7.69338
22.3047 -9.14103 -9.14189
22.3242 -9.71864 -9.71969
22.3438 -9.60195 -9.6025
22.3633 -9.51023 -9.51112
22.3828 -11.5738 -11.5741
22.4023 -13.3147 -13.315
22.4219 -14.7536 -14.753
22.4414 -15.8855 -15.8844
22.4609 -16.5805 -16.5795
22.4805 -15.1386 -15.1376
22.5 -13.2471 -13.2462
22.5195 -15.8476 -15.8473
22.5391 -17.5986 -17.5992
22.5586 -18.5098 -18.5104
22.5781 -18.7069 -18.7067
22.5977 -18.4102 -18.4109
22.6172 -17.9904 -17.9909
22.6367 0.202582 0.202967
22.6563 19.5151 19.5164
22.6758 35.9172 35.9184
22.6953 33.3816 33.3824
22.7148 24.3921 24.3924
22.7344 14.3842 14.3834
22.7539 6.63279 6.6319
22.7734 0.447233 0.444674
22.793 -4.54038 -4.54039
22.8125 -10.5187 -10.5207
22.832 -16.0275 -16.0275
22.8516 -19.4588 -19.4585
22.8711 -20.8981 -20.8972
22.8906 -20.5504 -20.5489
22.9102 -18.765 -18.7651
22.9297 -12.3286 -12.3293
22.9492 -2.04797 -2.04688
22.9688 5.46367 5.46516
22.9883 9.33628 9.33607
23.0078 11.8115 11.8127
23.0273 12.968 12.9661
23.0469 12.996 12.9968
23.0664 14.8007 14.7994
23.0859 21.229 21.2292
23.1055 26.6743 26.6742
23.125 29.0311 29.0308
23.1445 23.8125 23.8118
23.1641 17.7642 17.7628
23.1836 11.3426 11.3422
23.2031 5.12431 5.12551
23.2227 0.0196645 0.0196553
23.2422 -4.63522 -4.63618
23.2617 -11.1784 -11.1783
23.2813 -16.2041 -16.2026
23.3008 -19.5453 -19.5444
23.3203 -21.2033 -21.2034
23.3398 -21.3129 -21.3137
23.3594 -20.1115 -20.1099
23.3789 -10.3875 -10.3868
23.3984 -0.431687 -0.430572
23.418 8.77234 8.77129
23.4375 16.6146 16.6147
23.457 22.6706 22.6698
23.4766 26.6937 26.6937
23.4961 22.4975 22.4966
23.5156 15.5282 15.5274
23.5352 7.71244 7.71047
23.5547 -0.368644 -0.369291
23.5742 -8.16802 -8.16682
23.5938 -3.98131 -3.98134
23.6133 5.09747 5.09686
23.6328 1.73943 1.7395
23.6523 -7.68544 -7.68535
23.6719 -16.1428 -16.142
23.6914 -23.2472 -23.2448
23.7109 -22.1962 -22.1963
23.7305 -14.7832 -14.7821
23.75 -6.70342 -6.70204
23.7695 1.59964 1.59841
23.7891 9.64639 9.64617
23.8086 9.86421 9.86337
23.8281 0.547062 0.546318
23.8477 -8.4049 -8.40417
23.8672 -16.5987 -16.6002
23.8867 -17.8839 -17.8835
23.9063 -7.2658 -7.26624
23.9258 2.82874 2.82867
23.9453 11.7084 11.7082
23.9648 18.852 18.8526
23.9844 21.205 21.2039
24.0039 12.1092 12.1085
24.0234 2.25914 2.25903
24.043 -7.54262 -7.5406
24.0625 -16.5439 -16.5423
24.082 -24.1357 -24.1341
24.1016 -29.8948 -29.8952
24.1211 -33.6249 -33.6243
24.1406 -34.5568 -34.5576
24.1602 -10.0354 -10.037
24.1797 13.798 13.7971
24.1992 35.5909 35.5901
24.2188 54.446 54.4467
24.2383 39.6613 39.6614
24.2578 21.6013 21.6004
24.2773 3.59635 3.59567
24.2969 -13.1593 -13.1601
24.3164 -27.7327 -27.7327
24.3359 -39.4999 -39.498
24.3555 -48.1589 -48.1583
24.375 -16.7473 -16.7464
24.3945 25.3828 25.3827
24.4141 36.3696 36.3687
24.4336 33.5554 33.5542
24.4531 28.4767 28.4767
24.4727 21.6552 21.6547
24.4922 13.7898 13.7897
24.5117 14.0872 14.0871
24.5313 19.7923 19.794
24.5508 18.833 18.8343
24.5703 12.8857 12.8852
24.5898 7.66739 7.66858
24.6094 4.79274 4.79341
24.6289 4.41064 4.41001
24.6484 1.17148 1.17009
24.668 -6.03042 -6.03158
24.6875 -12.0329 -12.0325
24.707 -16.9778 -16.978
24.7266 -21.1295 -21.1303
24.7461 -22.7669 -22.7663
24.7656 -19.8203 -19.8206
24.7852 -17.1359 -17.1351
24.8047 -14.8309 -14.8313
24.8242 -13.5426 -13.5427
24.8438 -14.6356 -14.6349
24.8633 -15.5975 -15.5972
24.8828 -16.398 -16.398
24.9023 -17.0984 -17.0979
24.9219 -16.0246 -16.0252
24.9414 3.45583 3.45598
24.9609 20.7971 20.7966
24.9805 34.7762 34.7761
25 24.6434 24.6437
25.0195 13.1275 13.1271
25.0391 1.34343 1.34383
25.0586 -9.61419 -9.61407
25.0781 -7.67076 -7.67096
25.0977 -3.41192 -3.41214
25.1172 2.09939 2.09956
25.1367 -3.19702 -3.19758
25.1563 -8.95473 -8.95589
25.1758 -12.9791 -12.9801
25.1953 -15.183 -15.1825
25.2148 -15.7115 -15.7105
25.2344 -13.46 -13.4591
25.2539 -9.90322 -9.90302
25.2734 -6.14224 -6.14136
25.293 -2.70719 -2.70743
25.3125 -0.0500981 -0.051766
25.332 1.51069 1.50976
25.3516 1.81144 1.81104
25.3711 0.821931 0.823124
25.3906 17.4157 17.4161
25.4102 47.445 47.4445
25.4297 56.0435 56.0446
25.4492 43.2983 43.2992
25.4688 28.7429 28.7434
25.4883 17.7152 17.716
25.5078 12.535 12.5345
25.5273 8.06566 8.06518
25.5469 4.77071 4.76926
25.5664 2.98118 2.9819
25.5859 -1.87751 -1.87821
25.6055 -15.6053 -15.6058
25.625 -26.5148 -26.5151
25.6445 -34.6228 -34.623
25.6641 -40.2582 -40.258
25.6836 -43.8949 -43.8942
25.7031 -45.7722 -45.7719
25.7227 -45.9435 -45.9436
25.7422 -41.1318 -41.1321
25.7617 -5.72992 -5.72968
25.7813 26.8757 26.8767
25.8008 55.0889 55.0886
25.8203 77.2895 77.2902
25.8398 62.0219 62.0211
25.8594 42.8415 42.8411
25.8789 21.5085 21.5079
25.8984 -0.170947 -0.171897
25.918 -20.5123 -20.5129
25.9375 -38.2062 -38.2064
25.957 -25.7128 -25.7132
25.9766 -7.66547 -7.6644
25.9961 10.8218 10.8224
26.0156 5.463 5.46427
26.0352 -5.11102 -5.11115
26.0547 -14.3299 -14.3295
26.0742 -21.771 -21.7703
26.0938 -27.1819 -27.1813
26.1133 -30.272 -30.2718
26.1328 -30.903 -30.9034
26.1523 -29.3856 -29.3863
26.1719 -26.2713 -26.2715
26.1914 -22.3011 -22.302
26.2109 -18.3308 -18.3314
26.2305 -15.2139 -15.2141
26.25 -5.90468 -5.90584
26.2695 8.0663 8.06759
26.2891 18.289 18.2899
26.3086 24.6736 24.6738
26.3281 25.9948 25.9937
26.3477 22.437 22.4382
26.3672 17.4276 17.4265
26.3867 12.0351 12.0346
26.4063 6.55803 6.55888
26.4258 0.953052 0.951933
26.4453 -2.97612 -2.97854
26.4648 -5.26653 -5.26843
26.4844 -6.15434 -6.15089
26.5039 -5.91278 -5.91195
26.5234 -5.27479 -5.27213
26.543 -6.11386 -6.11532
26.5625 -6.32023 -6.31884
26.582 -5.96621 -5.96656
26.6016 -5.12175 -5.11969
26.6211 -3.24126 -3.23902
26.6406 6.09303 6.09096
26.6602 16.4023 16.4017
26.6797 27.2568 27.2548
26.6992 38.1327 38.1316
26.7188 48.4741 48.4712
26.7383 47.3493 47.3511
26.7578 42.5572 42.5557
26.7773 34.9532 34.9515
26.7969 25.0937 25.0977
26.8164 13.8373 13.8371
26.8359 4.704 4.7071
26.8555 -3.47369 -3.4718
26.875 -10.5941 -10.5957
26.8945 -16.2377 -16.2369
26.9141 -20.2548 -20.2563
26.9336 -18.1412 -18.1429
26.9531 -13.0189 -13.0199
26.9727 -7.4017 -7.40261
26.9922 -1.66078 -1.6604
27.0117 -1.02007 -1.01932
27.0313 -3.74447 -3.7439
27.0508 -6.40735 -6.40681
27.0703 -8.99682 -8.99648
27.0898 -11.5049 -11.5044
27.1094 -13.9324 -13.9325
27.1289 -13.6837 -13.684
27.1484 -10.3912 -10.3906
27.168 -7.35184 -7.35111
27.1875 -6.58854 -6.5887
27.207 -9.23589 -9.23556
27.2266 -11.9999 -12.0003
27.2461 -13.564 -13.5642
27.2656 -11.8574 -11.8584
27.2852 -10.1904 -10.1916
27.3047 -9.71134 -9.71124
27.3242 -12.7696 -12.7707
27.3438 -15.3931 -15.3932
27.3633 -17.3804 -17.3803
27.3828 -18.6115 -18.6111
27.4023 -18.3369 -18.3379
27.4219 -12.1636 -12.1637
27.4414 -5.96246 -5.96207
27.4609 -0.147212 -0.146964
27.4805 4.95487 4.95645
27.5 9.17832 9.18045
27.5195 12.5094 12.5102
27.5391 9.10813 9.10703
27.5586 5.35539 5.35421
27.5781 1.71239 1.71071
27.5977 -1.09756 -1.09897
27.6172 -3.43744 -3.43509
27.6367 -5.32699 -5.32687
27.6563 -6.8033 -6.80393
27.6758 -7.93063 -7.92896
27.6953 -4.38361 -4.38536
27.7148 0.355063 0.354854
27.7344 4.92502 4.92583
27.7539 9.2751 9.27535
27.7734 13.3906 13.3928
27.793 18.5999 18.5993
27.8125 24.2167 24.2152
27.832 29.5625 29.5645
27.8516 28.6633 28.6654
27.8711 23.6702 23.6704
27.8906 18.052 18.0491
27.9102 12.0032 11.9998
27.9297 5.82521 5.82584
27.9492 3.82664 3.8288
27.9688 6.40736 6.4077
27.9883 8.74525 8.74266
28.0078 10.6954 10.6978
28.0273 12.1998 12.2022
28.0469 13.2512 13.251
28.0664 13.9144 13.9147
28.0859 11.61 11.6069
28.1055 3.19512 3.19551
28.125 -4.41719 -4.41609
28.1445 -10.9198 -10.9233
28.1641 -16.2294 -16.231
28.1836 -18.4786 -18.4799
28.2031 -11.3189 -11.3192
28.2227 -4.21816 -4.21781
28.2422 2.39519 2.39683
28.2617 8.24262 8.24447
28.2813 12.6667 12.6688
28.3008 8.62041 8.62101
28.3203 4.19976 4.20143
28.3398 -0.35347 -0.35271
28.3594 -4.85666 -4.85754
28.3789 -6.98856 -6.99041
28.3984 -8.91799 -8.9175
28.418 -10.7049 -10.707
28.4375 -12.3654 -12.3657
28.457 -14.8685 -14.8698
28.4766 -17.408 -17.4082
28.4961 -16.2354 -16.2355
28.5156 -14.3231 -14.3217
28.5352 -12.4484 -12.4475
28.5547 -14.8718 -14.8725
28.5742 -18.0277 -18.028
28.5938 -20.1996 -20.2
28.6133 -21.3355 -21.3351
28.6328 -21.4921 -21.4919
28.6523 -15.2698 -15.2701
28.6719 -5.68143 -5.67943
28.6914 3.2962 3.29805
28.7109 11.1405 11.1409
28.7305 17.52 17.5203
28.75 22.3229 22.3224
28.7695 21.6388 21.6378
28.7891 15.7911 15.7911
28.8086 9.69344 9.69296
28.8281 3.85263 3.85271
28.8477 -1.3388 -1.34034
28.8672 -5.62948 -5.62951
28.8867 -8.88836 -8.89058
28.9063 -10.0591 -10.0588
28.9258 -8.09756 -8.09783
28.9453 -5.59129 -5.59031
28.9648 -2.79603 -2.79823
28.9844 -0.515184 -0.513935
29.0039 -0.262485 -0.263719
29.0234 -0.0639597 -0.0633197
29.043 0.0661902 0.0696219
29.0625 0.123898 0.126045
29.082 0.603096 0.604457
29.1016 5.32205 5.32077
29.1211 9.60537 9.60186
29.1406 13.8019 13.7987
29.1602 31.3763 31.3753
29.1797 19.7888 19.7895
29.1992 17.653 17.6544
29.2188 14.8141 14.817
29.2383 11.3704 11.3723
29.2578 7.62382 7.62569
29.2773 3.90545 3.90324
29.2969 0.5045 0.501406
29.3164 -2.33345 -2.33318
29.3359 -4.41434 -4.41624
29.3555 -5.65902 -5.65613
29.375 -6.0497 -6.0506
29.3945 -5.67017 -5.6683
29.4141 -4.64894 -4.64801
29.4336 -3.175 -3.17531
29.4531 -1.45209 -1.45106
29.4727 0.3156 0.314698
29.4922 1.93416 1.9332
29.5117 3.24492 3.24554
29.5313 4.13127 4.13174
29.5508 4.52665 4.52698
29.5703 4.41325 4.41348
29.5898 3.81175 3.8119
29.6094 2.78357 2.78253
29.6289 1.40958 1.40872
29.6484 -0.219151 -0.219821
29.668 -2.00462 -2.00584
29.6875 -3.85374 -3.85386
29.707 -5.6806 -5.68188
29.7266 -7.41272 -7.41222
29.7461 -8.99163 -8.99167
29.7656 -10.3501 -10.3497
29.7852 -11.4193 -11.4179
29.8047 -12.132 -12.1318
29.8242 -12.4473 -12.448
29.8438 -12.1592 -12.1593
29.8633 -11.1719 -11.1715
29.8828 -9.59318 -9.59248
29.9023 -7.58175 -7.58234
29.9219 -5.32625 -5.32681
29.9414 -3.03397 -3.0334
29.9609 -0.897889 -0.898165
29.9805 0.921874 0.923854
30 2.31159 2.31311
30.0195 3.20464 3.20507
30.0391 3.60479 3.60294
30.0586 3.55013 3.54952
30.0781 3.12789 3.12765
30.0977 2.45577 2.45636
30.1172 1.65667 1.65568
30.1367 0.843306 0.841414
30.1563 0.123363 0.123741
30.1758 -0.417801 -0.418518
30.1953 -0.73647 -0.735485
30.2148 -0.795887 -0.796493
30.2344 -0.603099 -0.602368
30.2539 -0.178365 -0.176955
30.2734 0.447263 0.448872
30.293 1.2283 1.2302
30.3125 2.1137 2.11424
30.332 3.05493 3.05424
30.3516 4.00169 4.0016
30.3711 4.90561 4.90594
30.3906 5.72933 5.72591
30.4102 6.42966 6.42709
30.4297 6.96587 6.9674
30.4492 7.31124 7.31256
30.4688 7.39101 7.38972
30.4883 7.14348 7.14468
30.5078 6.59309 6.59254
30.5273 5.77599 5.77432
30.5469 4.7446 4.74487
30.5664 3.57819 3.57788
30.5859 2.35974 2.35902
30.6055 1.16784 1.16715
30.625 0.0782912 0.0771616
30.6445 -0.845301 -0.845412
30.6641 -1.56219 -1.5619
30.6836 -2.0493 -2.04639
30.7031 -2.30447 -2.30431
30.7227 -2.36247 -2.35988
30.7422 -2.24674 -2.24597
30.7617 -2.01804 -2.01639
30.7813 -1.72992 -1.72957
30.8008 -1.43168 -1.43379
30.8203 -1.18022 -1.18231
30.8398 -1.01681 -1.01889
30.8594 -0.963996 -0.963936
30.8789 -1.03666 -1.03603
30.8984 -1.23989 -1.2404
30.918 -1.55971 -1.55979
30.9375 -1.97875 -1.9771
30.957 -2.46841 -2.46822
30.9766 -2.99404 -2.9942
30.9961 -3.52216 -3.52183
31.0156 -4.02367 -4.02236
31.0352 -4.45678 -4.45532
31.0547 -4.78916 -4.78787
31.0742 -4.96004 -4.96135
31.0938 -4.95572 -4.95538
31.1133 -4.76821 -4.76808
31.1328 -4.41273 -4.41352
31.1523 -3.90796 -3.90989
31.1719 -3.27176 -3.27437
31.1914 -2.55042 -2.55161
31.2109 -1.79092 -1.79199
31.2305 -1.03697 -1.0364
31.25 -0.323115 -0.322181
31.2695 0.319893 0.319522
31.2891 0.865381 0.865716
31.3086 1.30182 1.30263
31.3281 1.62369 1.62603
31.3477 1.83912 1.84067
31.3672 1.95756 1.9591
31.3867 2.0002 1.99979
31.4063 1.98487 1.98513
31.4258 1.93936 1.93911
31.4453 1.88633 1.88529
31.4648 1.84572 1.84487
31.4844 1.83709 1.83516
31.5039 1.8709 1.8685
31.5234 1.95148 1.95153
31.543 2.08534 2.0849
31.5625 2.26429 2.26355
31.582 2.47731 2.47719
31.6016 2.7108 2.71113
31.6211 2.94693 2.94809
31.6406 3.16669 3.16912
31.6602 3.34296 3.34398
31.6797 3.4461 3.44751
31.6992 3.46429 3.46509
31.7188 3.38678 3.38788
31.7383 3.2125 3.21337
31.7578 2.94699 2.9455
31.7773 2.59392 2.59422
31.7969 2.17448 2.17456
31.8164 1.7068 1.70538
31.8359 1.20852 1.20793
31.8555 0.704832 0.704034
31.875 0.216534 0.214559
31.8945 -0.240063 -0.242125
31.9141 -0.650353 -0.651401
31.9336 -1.00423 -1.00325
31.9531 -1.29322 -1.29262
31.9727 -1.51862 -1.51932
31.9922 -1.68795 -1.68755
32.0117 -1.80595 -1.80512
32.0313 -1.88267 -1.88237
32.0508 -1.93275 -1.93095
32.0703 -1.96376 -1.96273
32.0898 -1.98995 -1.98865
32.1094 -2.01781 -2.01784
32.1289 -2.05723 -2.05696
32.1484 -2.11001 -2.10978
32.168 -2.17579 -2.17697
32.1875 -2.25488 -2.25617
32.207 -2.34259 -2.34228
32.2266 -2.42736 -2.42832
32.2461 -2.50255 -2.50243
32.2656 -2.54827 -2.54945
32.2852 -2.56108 -2.56056
32.3047 -2.52869 -2.52859
32.3242 -2.44724 -2.44852
32.3438 -2.31833 -2.31783
32.3633 -2.13775 -2.13678
32.3828 -1.90984 -1.90836
32.4023 -1.6389 -1.63808
32.4219 -1.33471 -1.33363
32.4414 -1.00403 -1.00439
32.4609 -0.658967 -0.660791
32.4805 -0.313861 -0.313647
32.5 0.0260169 0.0264654
32.5195 0.350149 0.349989
32.5391 0.64863 0.64894
32.5586 0.917724 0.917306
32.5781 1.15129 1.15134
32.5977 1.35183 1.34959
32.6172 1.51352 1.51281
32.6367 1.64454 1.64357
32.6563 1.74685 1.74587
32.6758 1.82456 1.82462
32.6953 1.88368 1.88502
32.7148 1.93168 1.93204
32.7344 1.96897 1.96998
32.7539 2.00016 2.00202
32.7734 2.0282 2.02995
32.793 2.05434 2.0541
32.8125 2.0727 2.07335
32.832 2.08473 2.08498
32.8516 2.08231 2.0819
32.8711 2.06177 2.06065
32.8906 2.01862 2.01792
32.9102 1.95329 1.95084
32.9297 1.85723 1.8573
32.9492 1.73828 1.73604
32.9688 1.58691 1.58703
32.9883 1.41037 1.41134
33.0078 1.20981 1.21128
33.0273 0.988954 0.990305
33.0469 0.751304 0.752861
33.0664 0.505687 0.504141
33.0859 0.249566 0.249867
33.1055 -0.00273453 -0.00419858
33.125 -0.251259 -0.252411
33.1445 -0.490313 -0.489667
33.1641 -0.711536 -0.711653
33.1836 -0.915123 -0.914959
33.2031 -1.09826 -1.09726
33.2227 -1.25801 -1.25734
33.2422 -1.39674 -1.39494
33.2617 -1.51079 -1.51074
33.2813 -1.60722 -1.60598
33.3008 -1.68105 -1.68242
33.3203 -1.74064 -1.74189
33.3398 -1.78478 -1.7862
33.3594 -1.8168 -1.81688
33.3789 -1.83611 -1.83507
33.3984 -1.84114 -1.84133
33.418 -1.83494 -1.83564
33.4375 -1.81685 -1.81578
33.457 -1.77965 -1.77989
33.4766 -1.72664 -1.72745
33.4961 -1.6574 -1.65803
33.5156 -1.57074 -1.57141
33.5352 -1.46761 -1.46763
33.5547 -1.34828 -1.34703
33.5742 -1.20974 -1.21034
33.5938 -1.05977 -1.05864
33.6133 -0.894361 -0.893512
33.6328 -0.717776 -0.716916
33.6523 -0.531215 -0.53124
33.6719 -0.338562 -0.339199
33.6914 -0.143539 -0.143778
33.7109 0.052974 0.0518683
33.7305 0.244464 0.244592
33.75 0.430092 0.431323
33.7695 0.608778 0.609248
33.7891 0.776366 0.775959
33.8086 0.928597 0.929492
33.8281 1.06932 1.06833
33.8477 1.19345 1.19152
33.8672 1.29849 1.29852
33.8867 1.38986 1.38914
33.9063 1.46382 1.46355
33.9258 1.52167 1.52208
33.9453 1.56399 1.56515
33.9648 1.59327 1.59321
33.9844 1.60557 1.60666
34.0039 1.60464 1.60576
34.0234 1.59046 1.59067
34.043 1.55959 1.55999
34.0625 1.51617 1.514
34.082 1.4552 1.45315
34.1016 1.37961 1.37797
34.1211 1.28891 1.28911
34.1406 1.18761 1.18733
34.1602 1.07119 1.0736
34.1797 0.948684 0.948954
34.1992 0.814407 0.814697
34.2188 0.670967 0.672246
34.2383 0.523378 0.523157
34.2578 0.367984 0.369174
34.2773 0.212282 0.212103
34.2969 0.0550904 0.0538891
34.3164 -0.104574 -0.10349
34.3359 -0.259152 -0.258132
34.3555 -0.406863 -0.408144
34.375 -0.5513 -0.551702
34.3945 -0.687221 -0.687205
34.4141 -0.812058 -0.813234
34.4336 -0.928495 -0.928556
34.4531 -1.03307 -1.0322
34.4727 -1.12476 -1.12342
34.4922 -1.20211 -1.20164
34.5117 -1.26603 -1.26644
34.5313 -1.31676 -1.31753
34.5508 -1.3539 -1.35475
34.5703 -1.37644 -1.37802
34.5898 -1.38824 -1.38734
34.6094 -1.3813 -1.3828
34.6289 -1.364 -1.36402
34.6484 -1.32997 -1.33064
34.668 -1.28352 -1.28316
34.6875 -1.22273 -1.2223
34.707 -1.15075 -1.14894
34.7266 -1.06463 -1.0641
34.7461 -0.969399 -0.968862
34.7656 -0.863945 -0.864422
34.7852 -0.752316 -0.752007
34.8047 -0.632508 -0.632935
34.8242 -0.50789 -0.508531
34.8438 -0.38142 -0.380165
34.8633 -0.250237 -0.249269
34.8828 -0.117151 -0.117244
34.9023 0.0151165 0.0145281
34.9219 0.143957 0.144664
34.9414 0.272288 0.271779
34.9609 0.394397 0.394591
34.9805 0.51288 0.511849
35 0.624369 0.622428
35.0195 0.725383 0.725296
35.0391 0.820557 0.819477
35.0586 0.905562 0.904168
35.0781 0.978628 0.978668
35.0977 1.04044 1.04235
35.1172 1.09386 1.0947
35.1367 1.13279 1.13535
35.1563 1.16192 1.16397
35.1758 1.1796 1.1804
35.1953 1.18367 1.18453
35.2148 1.17707 1.17636
35.2344 1.15658 1.1556
35.2539 1.12417 1.12241
35.2734 1.07849 1.07727
35.293 1.02337 1.0208
35.3125 0.953783 0.953785
35.332 0.878362 0.877095
35.3516 0.791154 0.791771
35.3711 0.697238 0.698882
35.3906 0.598363 0.599588
35.4102 0.495842 0.495121
35.4297 0.387933 0.38677
35.4492 0.275672 0.275791
35.4688 0.162777 0.163395
35.4883 0.049975 0.0507841
35.5078 -0.062042 -0.0608685
35.5273 -0.169833 -0.170437
35.5469 -0.275565 -0.276807
35.5664 -0.378323 -0.378954
35.5859 -0.476936 -0.475946
35.6055 -0.567277 -0.566945
35.625 -0.650714 -0.651142
35.6445 -0.728212 -0.727801
35.6641 -0.797509 -0.796299
35.6836 -0.856087 -0.856084
35.7031 -0.906694 -0.906641
35.7227 -0.946003 -0.947553
35.7422 -0.978629 -0.978447
35.7617 -1.00014 -0.999095
35.7813 -1.00867 -1.00932
35.8008 -1.01025 -1.009
35.8203 -0.999115 -0.99806
35.8398 -0.97494 -0.976307
35.8594 -0.942564 -0.943974
35.8789 -0.900608 -0.9015
35.8984 -0.850076 -0.849488
35.918 -0.788825 -0.788684
35.9375 -0.720063 -0.719909
35.957 -0.643807 -0.644077
35.9766 -0.562557 -0.562167
35.9961 -0.475688 -0.475225
36.0156 -0.385174 -0.38432
36.0352 -0.29003 -0.290539
36.0547 -0.194746 -0.194934
36.0742 -0.0979924 -0.0985779
36.0938 -0.00395178 -0.0025044
36.1133 0.0916534 0.0922443
36.1328 0.184481 0.184733
36.1523 0.275747 0.274072
36.1719 0.36094 0.359463
36.1914 0.441157 0.440125
36.2109 0.514519 0.515338
36.2305 0.584477 0.584419
36.25 0.645706 0.64681
36.2695 0.701096 0.701979
36.2891 0.750226 0.749484
36.3086 0.789547 0.788973
36.3281 0.820859 0.820115
36.3477 0.842752 0.842645
36.3672 0.856261 0.856346
36.3867 0.859243 0.861082
36.4063 0.854794 0.856768
36.4258 0.842644 0.843335
36.4453 0.822083 0.820909
36.4648 0.789373 0.789812
36.4844 0.751702 0.750411
36.5039 0.704531 0.703251
36.5234 0.648822 0.648933
36.543 0.588022 0.588121
36.5625 0.52236 0.52158
36.582 0.449098 0.450154
36.6016 0.373769 0.374676
36.6211 0.295924 0.296057
36.6406 0.214998 0.215236
36.6602 0.133162 0.133138
36.6797 0.0524113 0.0506852
36.6992 -0.030845 -0.0311975
36.7188 -0.111636 -0.11168
36.7383 -0.190661 -0.189952
36.7578 -0.265737 -0.265259
36.7773 -0.337424 -0.336876
36.7969 -0.403351 -0.404141
36.8164 -0.466569 -0.466422
36.8359 -0.521467 -0.523195
36.8555 -0.573481 -0.573945
36.875 -0.619142 -0.61828
36.8945 -0.654884 -0.655869
36.9141 -0.685346 -0.686378
36.9336 -0.709051 -0.709568
36.9531 -0.726937 -0.725272
36.9727 -0.734047 -0.733414
36.9922 -0.733697 -0.733915
37.0117 -0.728668 -0.726759
37.0313 -0.712973 -0.711951
37.0508 -0.688971 -0.689655
37.0703 -0.661346 -0.660118
37.0898 -0.623207 -0.62375
37.1094 -0.581549 -0.580975
37.1289 -0.531744 -0.532351
37.1484 -0.477474 -0.478461
37.168 -0.419272 -0.419964
37.1875 -0.357438 -0.357576
37.207 -0.292111 -0.292056
37.2266 -0.223355 -0.224175
37.2461 -0.153934 -0.154696
37.2656 -0.0836573 -0.0844
37.2852 -0.0150381 -0.0140621
37.3047 0.0550359 0.0555296
37.3242 0.121196 0.123659
37.3438 0.189251 0.189598
37.3633 0.253491 0.252743
37.3828 0.311172 0.312512
37.4023 0.367854 0.368308
37.4219 0.420296 0.419646
37.4414 0.465223 0.466093
37.4609 0.507595 0.507221
37.4805 0.543557 0.542709
37.5 0.574667 0.572275
37.5195 0.596662 0.595707
37.5391 0.613539 0.612788
37.5586 0.6233 0.62338
37.5781 0.626515 0.627396
37.5977 0.623428 0.624811
37.6172 0.616664 0.615646
37.6367 0.60014 0.600052
37.6563 0.578891 0.578215
37.6758 0.54923 0.550424
37.6953 0.51572 0.516986
37.7148 0.476935 0.478313
37.7344 0.434043 0.43488
37.7539 0.387934 0.387226
37.7734 0.336544 0.335954
37.793 0.283318 0.281669
37.8125 0.225934 0.225018
37.832 0.167654 0.166629
37.8516 0.108746 0.107154
37.8711 0.0467167 0.0472507
37.8906 -0.0125067 -0.0124813
37.9102 -0.0715857 -0.0714031
37.9297 -0.13023 -0.128908
37.9492 -0.185322 -0.184434
37.9688 -0.239324 -0.237417
37.9883 -0.288932 -0.287356
38.0078 -0.333672 -0.333764
38.0273 -0.375715 -0.376172
38.0469 -0.414118 -0.414186
38.0664 -0.447735 -0.447479
38.0859 -0.475275 -0.475773
38.1055 -0.498062 -0.49882
38.125 -0.517077 -0.516434
38.1445 -0.527499 -0.528514
38.1641 -0.532854 -0.534948
38.1836 -0.536181 -0.535695
38.2031 -0.531769 -0.530845
38.2227 -0.519559 -0.520456
38.2422 -0.504825 -0.504644
38.2617 -0.484035 -0.483648
38.2813 -0.45642 -0.457745
38.3008 -0.426591 -0.427231
38.3203 -0.393154 -0.392496
38.3398 -0.354598 -0.353984
38.3594 -0.31215 -0.312144
38.3789 -0.266888 -0.267441
38.3984 -0.219722 -0.220365
38.418 -0.171402 -0.171435
38.4375 -0.122534 -0.121197
38.457 -0.0709173 -0.0702192
38.4766 -0.0200115 -0.0190332
38.4961 0.0323599 0.0318137
38.5156 0.0799936 0.0818155
38.5352 0.130733 0.130401
38.5547 0.17809 0.177108
38.5742 0.221355 0.221467
38.5938 0.262562 0.263003
38.6133 0.300743 0.301298
38.6328 0.337519 0.335981
38.6523 0.366015 0.366773
38.6719 0.393368 0.393358
38.6914 0.415116 0.415531
38.7109 0.435031 0.433118
38.7305 0.445492 0.446041
38.75 0.455624 0.454178
38.7695 0.457328 0.457536
38.7891 0.456502 0.456094
38.8086 0.450252 0.449911
38.8281 0.438399 0.439074
38.8477 0.423346 0.423711
38.8672 0.404389 0.404023
38.8867 0.380671 0.380264
38.9063 0.351283 0.352719
38.9258 0.320751 0.321677
38.9453 0.287656 0.287513
38.9648 0.250518 0.250646
38.9844 0.210642 0.211496
39.0039 0.171914 0.170497
39.0234 0.126947 0.128153
39.043 0.0852641 0.0848821
39.0625 0.0420429 0.0411884
39.082 -0.0017848 -0.00245016
39.1016 -0.0452733 -0.045578
39.1211 -0.0874808 -0.0877561
39.1406 -0.127486 -0.128555
39.1602 -0.167099 -0.167551
39.1797 -0.205135 -0.204372
39.1992 -0.240332 -0.238682
39.2188 -0.271408 -0.270166
39.2383 -0.299806 -0.298514
39.2578 -0.324015 -0.323456
39.2773 -0.342507 -0.344746
39.2969 -0.361903 -0.362144
39.3164 -0.374455 -0.37555
39.3359 -0.383671 -0.384855
39.3555 -0.389929 -0.390009
39.375 -0.390633 -0.391028
39.3945 -0.388659 -0.387941
39.4141 -0.381058 -0.380831
39.4336 -0.3704 -0.369794
39.4531 -0.356191 -0.354988
39.4727 -0.337811 -0.33661
39.4922 -0.314577 -0.314882
39.5117 -0.291218 -0.290032
39.5313 -0.261074 -0.262383
39.5508 -0.231527 -0.232209
39.5703 -0.198431 -0.199873
39.5898 -0.165991 -0.165737
39.6094 -0.12985 -0.130222
39.6289 -0.0941156 -0.0937131
39.6484 -0.0571457 -0.0566219
39.668 -0.020133 -0.0193445
39.6875 0.0184897 0.0177276
39.707 0.0546522 0.0542459
39.7266 0.0900021 0.0898318
39.7461 0.123327 0.124119
39.7656 0.156158 0.156743
39.7852 0.18707 0.187381
39.8047 0.217316 0.215733
39.8242 0.24247 0.241556
39.8438 0.263819 0.264583
39.8633 0.285215 0.284561
39.8828 0.301852 0.301337
39.9023 0.314563 0.314765
39.9219 0.324029 0.324728
39.9414 0.330727 0.331155
39.9609 0.332204 0.334031
39.9805 0.3342 0.333345
