1 -0.00302076 0 0.00302076 0 -0.0030208 0
2 -0.00687368 0 0.00687368 0 -0.00687362 0
3 -0.0139213 0 0.0139213 0 -0.0139212 0
4 -0.0266984 0 0.0266984 0 -0.0266983 0
5 -0.0476581 0 0.0476581 0 -0.0476581 0
6 -0.0740253 0 0.0740253 0 -0.0740259 0
7 -0.102368 0 0.102368 0 -0.10237 0
8 -0.129327 0 0.129327 0 -0.129327 0
9 -0.157428 0 0.157428 0 -0.15743 0
10 -0.190521 0 0.190521 0 -0.190521 0
11 -0.232358 0 0.232358 0 -0.232356 0
12 -0.279967 0 0.279967 0 -0.279964 0
13 -0.328049 0 0.328049 0 -0.32805 0
14 -0.376686 0 0.376686 0 -0.376685 0
15 -0.425574 0 0.425574 0 -0.425576 0
16 -0.473012 0 0.473012 0 -0.473011 0
17 -0.520404 0 0.520404 0 -0.520403 0
18 -0.571042 0 0.571042 0 -0.571043 0
19 -0.628139 0 0.628139 0 -0.628136 0
20 -0.694826 0 0.694826 0 -0.694819 0
21 -0.763867 0 0.763867 0 -0.763861 0
22 -0.818702 0 0.818702 0 -0.818706 0
23 -0.856223 0 0.856223 0 -0.856232 0
24 -0.888038 0 0.888038 0 -0.88804 0
25 -0.921149 0 0.921149 0 -0.921152 0
26 -0.959685 0 0.959685 0 -0.959677 0
27 -1.01251 0 1.01251 0 -1.01252 0
28 -1.08825 0 1.08825 0 -1.08824 0
29 -1.18852 0 1.18852 0 -1.18852 0
30 -1.30101 0 1.30101 0 -1.30101 0
31 -1.41679 0 1.41679 0 -1.41681 0
32 -1.53532 0 1.53532 0 -1.53533 0
33 -1.65604 0 1.65604 0 -1.65606 0
34 -1.77621 0 1.77621 0 -1.77619 0
35 -1.88465 0 1.88465 0 -1.88466 0
36 -1.97052 0 1.97052 0 -1.97053 0
37 -2.02467 0 2.02467 0 -2.02466 0
38 -2.04494 0 2.04494 0 -2.04492 0
39 -2.01597 0 2.01597 0 -2.01594 0
40 -1.9487 0 1.9487 0 -1.94872 0
41 -1.85362 0 1.85362 0 -1.85363 0
42 -1.73309 0 1.73309 0 -1.73311 0
43 -1.58947 0 1.58947 0 -1.58945 0
44 -1.42513 0 1.42513 0 -1.42514 0
45 -1.24243 0 1.24243 0 -1.24242 0
46 -1.03242 0 1.03242 0 -1.03242 0
47 -0.785769 0 0.785769 0 -0.78576 0
48 -0.493396 0 0.493396 0 -0.493397 0
49 -0.146536 0 0.146536 0 -0.146536 0
50 0.245222 0 -0.245222 0 0.245221 0
51 0.669184 0 -0.669184 0 0.669187 0
52 1.11289 0 -1.11289 0 1.11289 0
53 1.57232 0 -1.57232 0 1.5723 0
54 2.04302 0 -2.04302 0 2.04303 0
55 2.4888 0 -2.4888 0 2.48879 0
56 2.81109 0 -2.81109 0 2.81108 0
57 2.95005 0 -2.95005 0 2.95008 0
58 2.99203 0 -2.99203 0 2.99205 0
59 3.00575 0 -3.00575 0 3.00571 0
60 3.01163 0 -3.01163 0 3.01159 0
61 3.01463 0 -3.01463 0 3.01459 0
62 3.01635 0 -3.01635 0 3.01636 0
63 3.01758 0 -3.01758 0 3.01759 0
64 3.01886 0 -3.01886 0 3.01881 0
65 3.02057 0 -3.02057 0 3.02058 0
66 3.02305 0 -3.02305 0 3.02303 0
67 3.02659 0 -3.02659 0 3.02669 0
68 3.03124 0 -3.03124 0 3.03113 0
69 3.03665 0 -3.03665 0 3.03668 0
70 3.04264 0 -3.04264 0 3.04268 0
71 3.04923 0 -3.04923 0 3.04934 0
72 3.05646 0 -3.05646 0 3.05644 0
73 3.06433 0 -3.06433 0 3.06444 0
74 3.07282 0 -3.07282 0 3.07288 0
75 3.08193 0 -3.08193 0 3.08198 0
76 3.09168 0 -3.09168 0 3.09175 0
77 3.10213 0 -3.10213 0 3.10196 0
78 3.11341 0 -3.11341 0 3.11351 0
79 3.12507 0 -3.12507 0 3.12506 0
80 3.1367 0 -3.1367 0 3.1366 0
81 3.14789 0 -3.14789 0 3.1477 0
82 3.15822 0 -3.15822 0 3.15836 0
83 3.16731 0 -3.16731 0 3.16724 0
84 3.17476 0 -3.17476 0 3.17479 0
85 3.1802 0 -3.1802 0 3.18012 0
86 3.18382 0 -3.18382 0 3.18368 0
87 3.1858 0 -3.1858 0 3.1859 0
88 3.18634 0 -3.18634 0 3.18634 0
89 3.11299 0 -3.11299 0 3.11307 0
90 2.93082 0 -2.93082 0 2.93099 0
91 2.63606 0 -2.63606 0 2.63611 0
92 2.22865 0 -2.22865 0 2.22844 0
93 1.75638 0 -1.75638 0 1.75637 0
94 1.27391 0 -1.27391 0 1.27409 0
95 0.825589 0 -0.825589 0 0.825562 0
96 0.440172 0 -0.440172 0 0.440092 0
97 0.13187 0 -0.13187 0 0.131894 0
98 -0.0945624 0 0.0945624 0 -0.094591 0
99 -0.2379 0 0.2379 0 -0.238032 0
100 -0.295226 0 0.295226 0 -0.295319 0
101 -0.217625 0 0.217625 0 -0.217604 0
102 0.0849053 0 -0.0849053 0 0.084821 0
103 0.641651 0 -0.641651 0 0.641709 0
104 1.42563 0 -1.42563 0 1.42553 0
105 2.31467 0 -2.31467 0 2.31459 0
106 2.93479 0 -2.93479 0 2.93499 0
107 3.13358 0 -3.13358 0 3.13349 0
108 3.18509 0 -3.18509 0 3.18501 0
109 3.20535 0 -3.20535 0 3.20544 0
110 3.21749 0 -3.21749 0 3.21787 0
111 3.22602 0 -3.22602 0 3.22586 0
112 3.23169 0 -3.23169 0 3.23208 0
113 3.23478 0 -3.23478 0 3.23475 0
114 3.23604 0 -3.23604 0 3.23563 0
115 3.23607 0 -3.23607 0 3.23563 0
116 3.17766 0 -3.17766 0 3.1779 0
117 3.11229 0 -3.11229 0 3.11218 0
118 3.09295 0 -3.09295 0 3.09264 0
119 3.17137 0 -3.17137 0 3.17169 0
120 3.23838 0 -3.23838 0 3.2383 0
121 3.24261 0 -3.24261 0 3.24274 0
122 3.2489 0 -3.2489 0 3.24896 0
123 3.25483 0 -3.25483 0 3.25517 0
124 3.25834 0 -3.25834 0 3.25873 0
125 3.26002 0 -3.26002 0 3.25961 0
126 3.26045 0 -3.26045 0 3.2605 0
127 3.23323 0 -3.23323 0 3.23297 0
128 3.19128 0 -3.19128 0 3.19123 0
129 3.18833 0 -3.18833 0 3.18856 0
130 3.17542 0 -3.17542 0 3.17524 0
131 3.1023 0 -3.1023 0 3.10241 0
132 2.92099 0 -2.92099 0 2.92122 0
133 2.58983 0 -2.58983 0 2.58993 0
134 2.13607 0 -2.13607 0 2.13607 0
135 1.60585 0 -1.60585 0 1.60583 0
136 1.05698 0 -1.05698 0 1.05693 0
137 0.537994 0 -0.537994 0 0.538236 0
138 0.0787979 0 -0.0787979 0 0.0790479 0
139 -0.308643 0 0.308643 0 -0.309086 0
140 -0.624712 0 0.624712 0 -0.624389 0
141 -0.87607 0 0.87607 0 -0.875744 0
142 -1.0798 0 1.0798 0 -1.07958 0
143 -1.25146 0 1.25146 0 -1.25144 0
144 -1.40147 0 1.40147 0 -1.40155 0
145 -1.53637 0 1.53637 0 -1.53655 0
146 -1.6603 0 1.6603 0 -1.66045 0
147 -1.77594 0 1.77594 0 -1.77591 0
148 -1.88171 0 1.88171 0 -1.88161 0
149 -1.97467 0 1.97467 0 -1.97486 0
150 -2.05376 0 2.05376 0 -2.05391 0
151 -2.11895 0 2.11895 0 -2.11875 0
152 -2.17291 0 2.17291 0 -2.17293 0
153 -2.22028 0 2.22028 0 -2.22045 0
154 -2.26434 0 2.26434 0 -2.26441 0
155 -2.30604 0 2.30604 0 -2.30616 0
156 -2.34384 0 2.34384 0 -2.3439 0
157 -2.37672 0 2.37672 0 -2.37677 0
158 -2.40395 0 2.40395 0 -2.40385 0
159 -2.42494 0 2.42494 0 -2.42495 0
160 -2.43986 0 2.43986 0 -2.43983 0
161 -2.45072 0 2.45072 0 -2.45071 0
162 -2.45923 0 2.45923 0 -2.45914 0
163 -2.46689 0 2.46689 0 -2.46692 0
164 -2.47449 0 2.47449 0 -2.47447 0
165 -2.47978 0 2.47978 0 -2.47979 0
166 -2.48066 0 2.48066 0 -2.48068 0
167 -2.34987 0 2.34987 0 -2.3499 0
168 -2.13478 0 2.13478 0 -2.13474 0
169 -1.90332 0 1.90332 0 -1.90337 0
170 -1.72 0 1.72 0 -1.71996 0
171 -1.64397 0 1.64397 0 -1.64402 0
172 -1.73568 0 1.73568 0 -1.73572 0
173 -1.93382 0 1.93382 0 -1.93379 0
174 -2.1543 0 2.1543 0 -2.15428 0
175 -2.32724 0 2.32724 0 -2.32725 0
176 -2.42878 0 2.42878 0 -2.42872 0
177 -2.5006 0 2.5006 0 -2.50067 0
178 -2.56925 0 2.56925 0 -2.56928 0
179 -2.6441 0 2.6441 0 -2.64411 0
180 -2.72075 0 2.72075 0 -2.72071 0
181 -2.78155 0 2.78155 0 -2.78155 0
182 -2.82371 0 2.82371 0 -2.82374 0
183 -2.85199 0 2.85199 0 -2.85194 0
184 -2.87236 0 2.87236 0 -2.87237 0
185 -2.88841 0 2.88841 0 -2.88847 0
186 -2.90202 0 2.90202 0 -2.90201 0
187 -2.91425 0 2.91425 0 -2.91422 0
188 -2.92529 0 2.92529 0 -2.92527 0
189 -2.93504 0 2.93504 0 -2.93504 0
190 -2.94341 0 2.94341 0 -2.94342 0
191 -2.95067 0 2.95067 0 -2.95067 0
192 -2.95731 0 2.95731 0 -2.95731 0
193 -2.96365 0 2.96365 0 -2.96365 0
194 -2.96987 0 2.96987 0 -2.96987 0
195 -2.97613 0 2.97613 0 -2.97612 0
196 -2.98232 0 2.98232 0 -2.98234 0
197 -2.98798 0 2.98798 0 -2.988 0
198 -2.99267 0 2.99267 0 -2.99272 0
199 -2.99599 0 2.99599 0 -2.99605 0
200 -2.99779 0 2.99779 0 -2.99782 0
201 -2.99847 0 2.99847 0 -2.99849 0
202 -2.99317 0 2.99317 0 -2.99316 0
203 -2.95435 0 2.95435 0 -2.9543 0
204 -2.91574 0 2.91574 0 -2.91578 0
205 -2.89845 0 2.89845 0 -2.89846 0
206 -2.8757 0 2.8757 0 -2.8757 0
207 -2.82793 0 2.82793 0 -2.82796 0
208 -2.77253 0 2.77253 0 -2.77256 0
209 -2.72642 0 2.72642 0 -2.72637 0
210 -2.70238 0 2.70238 0 -2.70239 0
211 -2.67155 0 2.67155 0 -2.67153 0
212 -2.60599 0 2.60599 0 -2.60603 0
213 -2.47919 0 2.47919 0 -2.47924 0
214 -2.26762 0 2.26762 0 -2.26763 0
215 -1.95387 0 1.95387 0 -1.95388 0
216 -1.53179 0 1.53179 0 -1.53177 0
217 -1.01267 0 1.01267 0 -1.01266 0
218 -0.467159 0 0.467159 0 -0.467154 0
219 0.0453495 0 -0.0453495 0 0.0453526 0
220 0.490905 0 -0.490905 0 0.490913 0
221 0.85815 0 -0.85815 0 0.858147 0
222 1.14979 0 -1.14979 0 1.14975 0
223 1.37462 0 -1.37462 0 1.37468 0
224 1.54242 0 -1.54242 0 1.54243 0
225 1.66138 0 -1.66138 0 1.66134 0
226 1.74713 0 -1.74713 0 1.74705 0
227 1.81356 0 -1.81356 0 1.81366 0
228 1.87054 0 -1.87054 0 1.8705 0
229 1.9176 0 -1.9176 0 1.91758 0
230 1.95019 0 -1.95019 0 1.95022 0
231 1.96423 0 -1.96423 0 1.96421 0
232 1.90071 0 -1.90071 0 1.9007 0
233 1.63914 0 -1.63914 0 1.63913 0
234 1.20647 0 -1.20647 0 1.20637 0
235 0.690146 0 -0.690146 0 0.690115 0
236 0.181052 0 -0.181052 0 0.181077 0
237 -0.240925 0 0.240925 0 -0.240918 0
238 -0.521395 0 0.521395 0 -0.521361 0
239 -0.681365 0 0.681365 0 -0.681344 0
240 -0.813866 0 0.813866 0 -0.813904 0
241 -0.958425 0 0.958425 0 -0.958456 0
242 -1.08665 0 1.08665 0 -1.08669 0
243 -1.17638 0 1.17638 0 -1.17639 0
244 -1.20918 0 1.20918 0 -1.20914 0
245 -1.1378 0 1.1378 0 -1.13776 0
246 -0.908 0 0.908 0 -0.908051 0
247 -0.499506 0 0.499506 0 -0.499489 0
248 0.0507106 0 -0.0507106 0 0.0507372 0
249 0.596676 0 -0.596676 0 0.596634 0
250 1.04463 0 -1.04463 0 1.04472 0
251 1.36501 0 -1.36501 0 1.36491 0
252 1.56692 0 -1.56692 0 1.56697 0
253 1.69804 0 -1.69804 0 1.69798 0
254 1.78625 0 -1.78625 0 1.78635 0
255 1.84922 0 -1.84922 0 1.84919 0
256 1.89934 0 -1.89934 0 1.89937 0
257 1.92576 0 -1.92576 0 1.92579 0
258 1.89651 0 -1.89651 0 1.89648 0
259 1.69259 0 -1.69259 0 1.69265 0
260 1.34437 0 -1.34437 0 1.34426 0
261 0.892695 0 -0.892695 0 0.892619 0
262 0.386361 0 -0.386361 0 0.386358 0
263 -0.121169 0 0.121169 0 -0.121236 0
264 -0.58279 0 0.58279 0 -0.582867 0
265 -0.997381 0 0.997381 0 -0.997424 0
266 -1.36965 0 1.36965 0 -1.36968 0
267 -1.70008 0 1.70008 0 -1.70008 0
268 -1.97567 0 1.97567 0 -1.97564 0
269 -2.19288 0 2.19288 0 -2.19286 0
270 -2.35855 0 2.35855 0 -2.35856 0
271 -2.48294 0 2.48294 0 -2.48294 0
272 -2.5758 0 2.5758 0 -2.5758 0
273 -2.64885 0 2.64885 0 -2.64885 0
274 -2.71102 0 2.71102 0 -2.711 0
275 -2.76708 0 2.76708 0 -2.76712 0
276 -2.81679 0 2.81679 0 -2.81675 0
277 -2.8588 0 2.8588 0 -2.85882 0
278 -2.89323 0 2.89323 0 -2.89324 0
279 -2.92066 0 2.92066 0 -2.92055 0
280 -2.94255 0 2.94255 0 -2.94254 0
281 -2.96082 0 2.96082 0 -2.96074 0
282 -2.97676 0 2.97676 0 -2.97673 0
283 -2.99129 0 2.99129 0 -2.99138 0
284 -3.00477 0 3.00477 0 -3.00471 0
285 -3.01687 0 3.01687 0 -3.0167 0
286 -3.02734 0 3.02734 0 -3.02736 0
287 -3.03594 0 3.03594 0 -3.03579 0
288 -3.04243 0 3.04243 0 -3.04246 0
289 -3.04656 0 3.04656 0 -3.04645 0
290 -3.04827 0 3.04827 0 -3.04823 0
291 -3.04718 0 3.04718 0 -3.04734 0
292 -2.9782 0 2.9782 0 -2.97806 0
293 -2.88176 0 2.88176 0 -2.88169 0
294 -2.79166 0 2.79166 0 -2.79154 0
295 -2.69517 0 2.69517 0 -2.69518 0
296 -2.58024 0 2.58024 0 -2.58016 0
297 -2.43665 0 2.43665 0 -2.43672 0
298 -2.27525 0 2.27525 0 -2.27507 0
299 -2.1064 0 2.1064 0 -2.10632 0
300 -1.93347 0 1.93347 0 -1.93356 0
301 -1.7595 0 1.7595 0 -1.75948 0
302 -1.61874 0 1.61874 0 -1.61871 0
303 -1.50682 0 1.50682 0 -1.50679 0
304 -1.4236 0 1.4236 0 -1.42375 0
305 -1.36982 0 1.36982 0 -1.37002 0
306 -1.33214 0 1.33214 0 -1.33227 0
307 -1.29562 0 1.29562 0 -1.29563 0
308 -1.24615 0 1.24615 0 -1.24611 0
309 -1.17073 0 1.17073 0 -1.17084 0
310 -1.08517 0 1.08517 0 -1.08513 0
311 -1.01271 0 1.01271 0 -1.01275 0
312 -0.974368 0 0.974368 0 -0.974332 0
313 -0.96385 0 0.96385 0 -0.963896 0
314 -0.963271 0 0.963271 0 -0.963229 0
315 -0.955389 0 0.955389 0 -0.955458 0
316 -0.943346 0 0.943346 0 -0.943245 0
317 -0.942973 0 0.942973 0 -0.943023 0
318 -0.960721 0 0.960721 0 -0.960787 0
319 -0.983074 0 0.983074 0 -0.982991 0
320 -0.996669 0 0.996669 0 -0.996758 0
321 -0.988494 0 0.988494 0 -0.988543 0
322 -0.945945 0 0.945945 0 -0.94591 0
323 -0.87617 0 0.87617 0 -0.876188 0
324 -0.810596 0 0.810596 0 -0.810685 0
325 -0.762547 0 0.762547 0 -0.762501 0
326 -0.718806 0 0.718806 0 -0.718758 0
327 -0.673405 0 0.673405 0 -0.673461 0
328 -0.633337 0 0.633337 0 -0.633271 0
329 -0.602691 0 0.602691 0 -0.602629 0
330 -0.579291 0 0.579291 0 -0.579314 0
331 -0.561046 0 0.561046 0 -0.561107 0
332 -0.545274 0 0.545274 0 -0.545342 0
333 -0.527062 0 0.527062 0 -0.527134 0
334 -0.504484 0 0.504484 0 -0.504485 0
335 -0.48871 0 0.48871 0 -0.48872 0
336 -0.490649 0 0.490649 0 -0.490719 0
337 -0.522561 0 0.522561 0 -0.522471 0
338 -0.593241 0 0.593241 0 -0.593303 0
339 -0.68676 0 0.68676 0 -0.686784 0
340 -0.787479 0 0.787479 0 -0.78737 0
341 -0.880098 0 0.880098 0 -0.880185 0
342 -0.949708 0 0.949708 0 -0.949685 0
343 -1.02608 0 1.02608 0 -1.02607 0
344 -1.10776 0 1.10776 0 -1.10778 0
345 -1.19201 0 1.19201 0 -1.19194 0
346 -1.27619 0 1.27619 0 -1.27609 0
347 -1.36156 0 1.36156 0 -1.36158 0
348 -1.44988 0 1.44988 0 -1.44995 0
349 -1.52926 0 1.52926 0 -1.52944 0
350 -1.58557 0 1.58557 0 -1.5854 0
351 -1.60506 0 1.60506 0 -1.60494 0
352 -1.57449 0 1.57449 0 -1.5743 0
353 -1.4813 0 1.4813 0 -1.48148 0
354 -1.31476 0 1.31476 0 -1.31473 0
355 -1.09525 0 1.09525 0 -1.09535 0
356 -0.85582 0 0.85582 0 -0.85576 0
357 -0.626033 0 0.626033 0 -0.625944 0
358 -0.42957 0 0.42957 0 -0.429656 0
359 -0.264321 0 0.264321 0 -0.264233 0
360 -0.115241 0 0.115241 0 -0.115241 0
361 0.0300627 0 -0.0300627 0 0.029976 0
362 0.164585 0 -0.164585 0 0.164535 0
363 0.268598 0 -0.268598 0 0.268674 0
364 0.340492 0 -0.340492 0 0.340394 0
365 0.393655 0 -0.393655 0 0.393685 0
366 0.43953 0 -0.43953 0 0.439426 0
367 0.488268 0 -0.488268 0 0.488276 0
368 0.548839 0 -0.548839 0 0.548894 0
369 0.621681 0 -0.621681 0 0.621725 0
370 0.694734 0 -0.694734 0 0.694778 0
371 0.757841 0 -0.757841 0 0.757838 0
372 0.80679 0 -0.80679 0 0.806688 0
373 0.846628 0 -0.846628 0 0.846656 0
374 0.877168 0 -0.877168 0 0.877076 0
375 0.899397 0 -0.899397 0 0.899503 0
376 0.918555 0 -0.918555 0 0.918599 0
377 0.939482 0 -0.939482 0 0.939471 0
378 0.966641 0 -0.966641 0 0.96656 0
379 1.00297 0 -1.00297 0 1.00298 0
380 1.04354 0 -1.04354 0 1.04361 0
381 1.08389 0 -1.08389 0 1.0838 0
382 1.12078 0 -1.12078 0 1.12088 0
383 1.16413 0 -1.16413 0 1.16418 0
384 1.22233 0 -1.22233 0 1.22236 0
385 1.2885 0 -1.2885 0 1.28852 0
386 1.35669 0 -1.35669 0 1.35669 0
387 1.42212 0 -1.42212 0 1.4222 0
388 1.48105 0 -1.48105 0 1.48104 0
389 1.53494 0 -1.53494 0 1.53499 0
390 1.58541 0 -1.58541 0 1.5854 0
391 1.6338 0 -1.6338 0 1.6338 0
392 1.6812 0 -1.6812 0 1.6811 0
393 1.72985 0 -1.72985 0 1.72984 0
394 1.78176 0 -1.78176 0 1.7818 0
395 1.83832 0 -1.83832 0 1.83831 0
396 1.89744 0 -1.89744 0 1.89748 0
397 1.95642 0 -1.95642 0 1.95644 0
398 2.01746 0 -2.01746 0 2.0175 0
399 2.07978 0 -2.07978 0 2.07978 0
400 2.14086 0 -2.14086 0 2.14084 0
401 2.19892 0 -2.19892 0 2.19891 0
402 2.25285 0 -2.25285 0 2.25286 0
403 2.30198 0 -2.30198 0 2.30199 0
404 2.346 0 -2.346 0 2.34601 0
405 2.38481 0 -2.38481 0 2.38481 0
406 2.41843 0 -2.41843 0 2.41843 0
407 2.44695 0 -2.44695 0 2.44695 0
408 2.47138 0 -2.47138 0 2.47138 0
409 2.49365 0 -2.49365 0 2.49364 0
410 2.51528 0 -2.51528 0 2.51529 0
411 2.53662 0 -2.53662 0 2.53664 0
412 2.55656 0 -2.55656 0 2.55657 0
413 2.57425 0 -2.57425 0 2.57427 0
414 2.58896 0 -2.58896 0 2.58893 0
415 2.60047 0 -2.60047 0 2.60048 0
416 2.60955 0 -2.60955 0 2.60958 0
417 2.61683 0 -2.61683 0 2.6168 0
418 2.62278 0 -2.62278 0 2.62279 0
419 2.62756 0 -2.62756 0 2.62756 0
420 2.63128 0 -2.63128 0 2.63123 0
421 2.63403 0 -2.63403 0 2.634 0
422 2.63577 0 -2.63577 0 2.63578 0
423 2.63647 0 -2.63647 0 2.63645 0
424 2.62918 0 -2.62918 0 2.62923 0
425 2.61784 0 -2.61784 0 2.61779 0
426 2.62068 0 -2.62068 0 2.62068 0
427 2.65507 0 -2.65507 0 2.6551 0
428 2.71389 0 -2.71389 0 2.71394 0
429 2.78423 0 -2.78423 0 2.78422 0
430 2.84984 0 -2.84984 0 2.84983 0
431 2.89981 0 -2.89981 0 2.89979 0
432 2.93424 0 -2.93424 0 2.93421 0
433 2.95739 0 -2.95739 0 2.95741 0
434 2.9732 0 -2.9732 0 2.97318 0
435 2.9848 0 -2.9848 0 2.98483 0
436 2.99389 0 -2.99389 0 2.99394 0
437 3.00066 0 -3.00066 0 3.00071 0
438 3.00524 0 -3.00524 0 3.00526 0
439 3.00773 0 -3.00773 0 3.00771 0
440 3.00794 0 -3.00794 0 3.00793 0
441 2.89784 0 -2.89784 0 2.89779 0
442 2.67822 0 -2.67822 0 2.67819 0
443 2.37905 0 -2.37905 0 2.3791 0
444 2.03217 0 -2.03217 0 2.03215 0
445 1.66976 0 -1.66976 0 1.66978 0
446 1.32144 0 -1.32144 0 1.32139 0
447 1.00069 0 -1.00069 0 1.00064 0
448 0.708473 0 -0.708473 0 0.708433 0
449 0.444534 0 -0.444534 0 0.444533 0
450 0.223391 0 -0.223391 0 0.223377 0
451 0.0722744 0 -0.0722744 0 0.0722755 0
452 0.0136558 0 -0.0136558 0 0.0136557 0
453 0.0650664 0 -0.0650664 0 0.0650591 0
454 0.20273 0 -0.20273 0 0.202727 0
455 0.370999 0 -0.370999 0 0.370981 0
456 0.517477 0 -0.517477 0 0.517475 0
457 0.597354 0 -0.597354 0 0.597355 0
458 0.590784 0 -0.590784 0 0.590805 0
459 0.528777 0 -0.528777 0 0.528799 0
460 0.435157 0 -0.435157 0 0.435152 0
461 0.28531 0 -0.28531 0 0.285327 0
462 0.0807674 0 -0.0807674 0 0.0807687 0
463 -0.0688192 0 0.0688192 0 -0.0688338 0
464 -0.0805889 0 0.0805889 0 -0.0806022 0
465 0.0187325 0 -0.0187325 0 0.0187073 0
466 0.19634 0 -0.19634 0 0.196343 0
467 0.415695 0 -0.415695 0 0.415668 0
468 0.641674 0 -0.641674 0 0.641653 0
469 0.868837 0 -0.868837 0 0.868861 0
470 1.09186 0 -1.09186 0 1.0919 0
471 1.28707 0 -1.28707 0 1.28708 0
472 1.44074 0 -1.44074 0 1.44074 0
473 1.54613 0 -1.54613 0 1.5461 0
474 1.59875 0 -1.59875 0 1.59872 0
475 1.5848 0 -1.5848 0 1.58484 0
476 1.50551 0 -1.50551 0 1.50546 0
477 1.42183 0 -1.42183 0 1.42186 0
478 1.39316 0 -1.39316 0 1.39322 0
479 1.47721 0 -1.47721 0 1.47726 0
480 1.61857 0 -1.61857 0 1.61859 0
481 1.73228 0 -1.73228 0 1.73228 0
482 1.8137 0 -1.8137 0 1.81366 0
483 1.88376 0 -1.88376 0 1.88372 0
484 1.95935 0 -1.95935 0 1.95932 0
485 2.05277 0 -2.05277 0 2.0528 0
486 2.16969 0 -2.16969 0 2.16971 0
487 2.29274 0 -2.29274 0 2.29272 0
488 2.40102 0 -2.40102 0 2.40097 0
489 2.48543 0 -2.48543 0 2.48546 0
490 2.54406 0 -2.54406 0 2.54408 0
491 2.57726 0 -2.57726 0 2.57727 0
492 2.59091 0 -2.59091 0 2.59082 0
493 2.59468 0 -2.59468 0 2.59459 0
494 2.59619 0 -2.59619 0 2.59615 0
495 2.60248 0 -2.60248 0 2.60258 0
496 2.61976 0 -2.61976 0 2.61968 0
497 2.64877 0 -2.64877 0 2.64877 0
498 2.6832 0 -2.6832 0 2.68319 0
499 2.71811 0 -2.71811 0 2.71805 0
500 2.75027 0 -2.75027 0 2.75024 0
501 2.77791 0 -2.77791 0 2.778 0
502 2.80089 0 -2.80089 0 2.80087 0
503 2.82039 0 -2.82039 0 2.82041 0
504 2.83472 0 -2.83472 0 2.83462 0
505 2.84381 0 -2.84381 0 2.84373 0
506 2.85294 0 -2.85294 0 2.85283 0
507 2.86544 0 -2.86544 0 2.86549 0
508 2.87899 0 -2.87899 0 2.87903 0
509 2.89181 0 -2.89181 0 2.89191 0
510 2.90277 0 -2.90277 0 2.90279 0
511 2.91241 0 -2.91241 0 2.91234 0
512 2.92 0 -2.92 0 2.92011 0
513 2.92498 0 -2.92498 0 2.92499 0
514 2.9288 0 -2.9288 0 2.92877 0
515 2.93271 0 -2.93271 0 2.93277 0
516 2.93777 0 -2.93777 0 2.93787 0
517 2.94484 0 -2.94484 0 2.94476 0
518 2.95451 0 -2.95451 0 2.95453 0
519 2.96697 0 -2.96697 0 2.96696 0
520 2.98065 0 -2.98065 0 2.98073 0
521 2.99413 0 -2.99413 0 2.99405 0
522 3.00655 0 -3.00655 0 3.00648 0
523 3.01741 0 -3.01741 0 3.01759 0
524 3.02636 0 -3.02636 0 3.02647 0
525 3.03387 0 -3.03387 0 3.03402 0
526 3.04053 0 -3.04053 0 3.04068 0
527 3.04631 0 -3.04631 0 3.04645 0
528 3.05095 0 -3.05095 0 3.05089 0
529 3.05421 0 -3.05421 0 3.054 0
530 3.05583 0 -3.05583 0 3.05578 0
531 3.05622 0 -3.05622 0 3.05622 0
532 3.05626 0 -3.05626 0 3.05622 0
533 3.05678 0 -3.05678 0 3.05667 0
534 3.05804 0 -3.05804 0 3.058 0
535 3.05968 0 -3.05968 0 3.05977 0
536 3.06139 0 -3.06139 0 3.06155 0
537 3.06285 0 -3.06285 0 3.06288 0
538 3.06392 0 -3.06392 0 3.06377 0
539 3.06462 0 -3.06462 0 3.06466 0
540 3.06499 0 -3.06499 0 3.0651 0
541 3.06469 0 -3.06469 0 3.06466 0
542 3.02989 0 -3.02989 0 3.03002 0
543 2.94876 0 -2.94876 0 2.94875 0
544 2.81022 0 -2.81022 0 2.8102 0
545 2.61388 0 -2.61388 0 2.61391 0
546 2.39115 0 -2.39115 0 2.39098 0
547 2.17203 0 -2.17203 0 2.17204 0
548 1.97717 0 -1.97717 0 1.97709 0
549 1.7918 0 -1.7918 0 1.7919 0
550 1.60265 0 -1.60265 0 1.60272 0
551 1.40122 0 -1.40122 0 1.4011 0
552 1.20945 0 -1.20945 0 1.20925 0
553 1.04567 0 -1.04567 0 1.04583 0
554 0.924941 0 -0.924941 0 0.925038 0
555 0.86044 0 -0.86044 0 0.860645 0
556 0.828556 0 -0.828556 0 0.828448 0
557 0.807708 0 -0.807708 0 0.807798 0
558 0.777522 0 -0.777522 0 0.7776 0
559 0.718823 0 -0.718823 0 0.718758 0
560 0.643282 0 -0.643282 0 0.643263 0
561 0.565152 0 -0.565152 0 0.565104 0
562 0.497274 0 -0.497274 0 0.49738 0
563 0.45119 0 -0.45119 0 0.451195 0
564 0.415661 0 -0.415661 0 0.415668 0
565 0.374908 0 -0.374908 0 0.374811 0
566 0.314379 0 -0.314379 0 0.314415 0
567 0.221365 0 -0.221365 0 0.221378 0
568 0.0991073 0 -0.0991073 0 0.0990319 0
569 -0.0429759 0 0.0429759 0 -0.0430767 0
570 -0.196132 0 0.196132 0 -0.196065 0
571 -0.35278 0 0.35278 0 -0.352829 0
572 -0.506774 0 0.506774 0 -0.506706 0
573 -0.661615 0 0.661615 0 -0.661693 0
574 -0.824645 0 0.824645 0 -0.824674 0
575 -0.999614 0 0.999614 0 -0.999645 0
576 -1.18034 0 1.18034 0 -1.18039 0
577 -1.35582 0 1.35582 0 -1.3558 0
578 -1.51892 0 1.51892 0 -1.51901 0
579 -1.66585 0 1.66585 0 -1.66589 0
580 -1.79515 0 1.79515 0 -1.79512 0
581 -1.90694 0 1.90694 0 -1.90692 0
582 -2.00216 0 2.00216 0 -2.00218 0
583 -2.08209 0 2.08209 0 -2.08211 0
584 -2.14807 0 2.14807 0 -2.14806 0
585 -2.2013 0 2.2013 0 -2.20129 0
586 -2.24271 0 2.24271 0 -2.24271 0
587 -2.27324 0 2.27324 0 -2.27324 0
588 -2.29433 0 2.29433 0 -2.29433 0
589 -2.3069 0 2.3069 0 -2.3069 0
590 -2.31147 0 2.31147 0 -2.31147 0
591 -2.2671 0 2.2671 0 -2.2671 0
592 -2.09348 0 2.09348 0 -2.09348 0
593 -1.77438 0 1.77438 0 -1.77439 0
594 -1.36528 0 1.36528 0 -1.36527 0
595 -0.924568 0 0.924568 0 -0.924566 0
596 -0.503039 0 0.503039 0 -0.503042 0
597 -0.135939 0 0.135939 0 -0.135947 0
598 0.157626 0 -0.157626 0 0.157652 0
599 0.369635 0 -0.369635 0 0.369593 0
600 0.518409 0 -0.518409 0 0.518363 0
601 0.617787 0 -0.617787 0 0.617839 0
602 0.677455 0 -0.677455 0 0.677458 0
603 0.693428 0 -0.693428 0 0.693445 0
604 0.620838 0 -0.620838 0 0.620837 0
605 0.426535 0 -0.426535 0 0.426548 0
606 0.126252 0 -0.126252 0 0.126232 0
607 -0.248466 0 0.248466 0 -0.248468 0
608 -0.656428 0 0.656428 0 -0.656419 0
609 -1.05514 0 1.05514 0 -1.05516 0
610 -1.41878 0 1.41878 0 -1.41878 0
611 -1.73408 0 1.73408 0 -1.73407 0
612 -1.99698 0 1.99698 0 -1.99698 0
613 -2.20643 0 2.20643 0 -2.20643 0
614 -2.36767 0 2.36767 0 -2.36766 0
615 -2.48993 0 2.48993 0 -2.48995 0
616 -2.58224 0 2.58224 0 -2.58227 0
617 -2.65177 0 2.65177 0 -2.65177 0
618 -2.70521 0 2.70521 0 -2.70517 0
619 -2.74798 0 2.74798 0 -2.74802 0
620 -2.78349 0 2.78349 0 -2.78355 0
621 -2.81358 0 2.81358 0 -2.81353 0
622 -2.83916 0 2.83916 0 -2.83906 0
623 -2.86057 0 2.86057 0 -2.8606 0
624 -2.87837 0 2.87837 0 -2.87836 0
625 -2.89396 0 2.89396 0 -2.89391 0
626 -2.90781 0 2.90781 0 -2.9079 0
627 -2.9196 0 2.9196 0 -2.91966 0
628 -2.92992 0 2.92992 0 -2.92988 0
629 -2.93911 0 2.93911 0 -2.9392 0
630 -2.94721 0 2.94721 0 -2.9472 0
631 -2.95464 0 2.95464 0 -2.95475 0
632 -2.96176 0 2.96176 0 -2.96185 0
633 -2.96886 0 2.96886 0 -2.96874 0
634 -2.97615 0 2.97615 0 -2.97629 0
635 -2.98338 0 2.98338 0 -2.98339 0
636 -2.99035 0 2.99035 0 -2.9905 0
637 -2.99691 0 2.99691 0 -2.99671 0
638 -3.00331 0 3.00331 0 -3.00338 0
639 -3.00976 0 3.00976 0 -3.00959 0
640 -3.01645 0 3.01645 0 -3.01625 0
641 -3.02355 0 3.02355 0 -3.02336 0
642 -3.0307 0 3.0307 0 -3.03091 0
643 -3.03757 0 3.03757 0 -3.03757 0
644 -3.04386 0 3.04386 0 -3.04379 0
645 -3.04933 0 3.04933 0 -3.04912 0
646 -3.0541 0 3.0541 0 -3.054 0
647 -3.05832 0 3.05832 0 -3.05844 0
648 -3.06212 0 3.06212 0 -3.062 0
649 -3.06565 0 3.06565 0 -3.06555 0
650 -3.06881 0 3.06881 0 -3.06866 0
651 -3.07145 0 3.07145 0 -3.07132 0
652 -3.07343 0 3.07343 0 -3.07354 0
653 -3.07466 0 3.07466 0 -3.07487 0
654 -3.07504 0 3.07504 0 -3.07487 0
655 -3.03926 0 3.03926 0 -3.03935 0
656 -2.93781 0 2.93781 0 -2.93765 0
657 -2.76626 0 2.76626 0 -2.76623 0
658 -2.54175 0 2.54175 0 -2.54197 0
659 -2.2952 0 2.2952 0 -2.29505 0
660 -2.05503 0 2.05503 0 -2.05524 0
661 -1.84546 0 1.84546 0 -1.84563 0
662 -1.67853 0 1.67853 0 -1.67866 0
663 -1.55637 0 1.55637 0 -1.55653 0
664 -1.47234 0 1.47234 0 -1.47216 0
665 -1.41031 0 1.41031 0 -1.41043 0
666 -1.35568 0 1.35568 0 -1.3558 0
667 -1.29497 0 1.29497 0 -1.29496 0
668 -1.21583 0 1.21583 0 -1.21592 0
669 -1.12211 0 1.12211 0 -1.12221 0
670 -1.04697 0 1.04697 0 -1.04716 0
671 -1.00564 0 1.00564 0 -1.00586 0
672 -0.975209 0 0.975209 0 -0.97522 0
673 -0.934323 0 0.934323 0 -0.934364 0
674 -0.872214 0 0.872214 0 -0.872191 0
675 -0.813103 0 0.813103 0 -0.813127 0
676 -0.779142 0 0.779142 0 -0.778932 0
677 -0.797424 0 0.797424 0 -0.797584 0
678 -0.908917 0 0.908917 0 -0.909051 0
679 -1.07687 0 1.07687 0 -1.07692 0
680 -1.26514 0 1.26514 0 -1.26521 0
681 -1.4405 0 1.4405 0 -1.44063 0
682 -1.62229 0 1.62229 0 -1.62226 0
683 -1.82939 0 1.82939 0 -1.8292 0
684 -2.05891 0 2.05891 0 -2.0588 0
685 -2.30715 0 2.30715 0 -2.30704 0
686 -2.55756 0 2.55756 0 -2.55751 0
687 -2.78322 0 2.78322 0 -2.78311 0
688 -2.95465 0 2.95465 0 -2.95453 0
689 -3.05008 0 3.05008 0 -3.05 0
690 -3.09201 0 3.09201 0 -3.09219 0
691 -3.10816 0 3.10816 0 -3.10818 0
692 -3.11112 0 3.11112 0 -3.11129 0
693 -3.03562 0 3.03562 0 -3.03579 0
694 -2.88171 0 2.88171 0 -2.88169 0
695 -2.68526 0 2.68526 0 -2.68541 0
696 -2.48127 0 2.48127 0 -2.48113 0
697 -2.30173 0 2.30173 0 -2.30171 0
698 -2.17479 0 2.17479 0 -2.1747 0
699 -2.12589 0 2.12589 0 -2.12586 0
700 -2.14887 0 2.14887 0 -2.14895 0
701 -2.21733 0 2.21733 0 -2.21734 0
702 -2.30062 0 2.30062 0 -2.30083 0
703 -2.384 0 2.384 0 -2.38387 0
704 -2.46633 0 2.46633 0 -2.46647 0
705 -2.52475 0 2.52475 0 -2.52465 0
706 -2.57311 0 2.57311 0 -2.57305 0
707 -2.65886 0 2.65886 0 -2.65876 0
708 -2.78476 0 2.78476 0 -2.78488 0
709 -2.95228 0 2.95228 0 -2.95231 0
710 -3.11315 0 3.11315 0 -3.11307 0
711 -3.14102 0 3.14102 0 -3.14104 0
712 -3.14457 0 3.14457 0 -3.1446 0
713 -3.14759 0 3.14759 0 -3.1477 0
714 -3.15025 0 3.15025 0 -3.15037 0
715 -3.15223 0 3.15223 0 -3.15215 0
716 -3.15318 0 3.15318 0 -3.15303 0
717 -3.12362 0 3.12362 0 -3.12372 0
718 -2.99374 0 2.99374 0 -2.99361 0
719 -2.78924 0 2.78924 0 -2.78932 0
720 -2.53729 0 2.53729 0 -2.53708 0
721 -2.2649 0 2.2649 0 -2.26485 0
722 -1.99664 0 1.99664 0 -1.99663 0
723 -1.753 0 1.753 0 -1.75282 0
724 -1.5489 0 1.5489 0 -1.54898 0
725 -1.36582 0 1.36582 0 -1.36602 0
726 -1.18813 0 1.18813 0 -1.18794 0
727 -1.00301 0 1.00301 0 -1.0032 0
728 -0.800667 0 0.800667 0 -0.800693 0
729 -0.599436 0 0.599436 0 -0.59952 0
730 -0.415079 0 0.415079 0 -0.415223 0
731 -0.25908 0 0.25908 0 -0.258904 0
732 -0.123889 0 0.123889 0 -0.123901 0
733 -0.00101503 0 0.00101503 0 -0.000888178 0
734 0.110008 0 -0.110008 0 0.110134 0
735 0.208323 0 -0.208323 0 0.208278 0
736 0.29335 0 -0.29335 0 0.293543 0
737 0.364672 0 -0.364672 0 0.364597 0
738 0.418894 0 -0.418894 0 0.418776 0
739 0.45174 0 -0.45174 0 0.451639 0
740 0.45885 0 -0.45885 0 0.458744 0
741 0.43211 0 -0.43211 0 0.432099 0
742 0.399103 0 -0.399103 0 0.399236 0
743 0.375899 0 -0.375899 0 0.375699 0
744 0.363508 0 -0.363508 0 0.363709 0
745 0.379418 0 -0.379418 0 0.379252 0
746 0.426196 0 -0.426196 0 0.426326 0
747 0.481247 0 -0.481247 0 0.481393 0
748 0.522809 0 -0.522809 0 0.522693 0
749 0.530273 0 -0.530273 0 0.530243 0
750 0.482446 0 -0.482446 0 0.482281 0
751 0.389397 0 -0.389397 0 0.389466 0
752 0.30539 0 -0.30539 0 0.305533 0
753 0.256432 0 -0.256432 0 0.256239 0
754 0.219784 0 -0.219784 0 0.219824 0
755 0.173131 0 -0.173131 0 0.173195 0
756 0.110366 0 -0.110366 0 0.110578 0
757 0.06436 0 -0.06436 0 0.0643929 0
758 0.0671839 0 -0.0671839 0 0.0670575 0
759 0.140051 0 -0.140051 0 0.139888 0
760 0.266439 0 -0.266439 0 0.266454 0
761 0.427727 0 -0.427727 0 0.427658 0
762 0.604651 0 -0.604651 0 0.60485 0
763 0.779862 0 -0.779862 0 0.779821 0
764 0.939924 0 -0.939924 0 0.940137 0
765 1.07581 0 -1.07581 0 1.07603 0
766 1.18295 0 -1.18295 0 1.18305 0
767 1.27503 0 -1.27503 0 1.27498 0
768 1.36257 0 -1.36257 0 1.36247 0
769 1.45342 0 -1.45342 0 1.4535 0
770 1.53792 0 -1.53792 0 1.53788 0
771 1.6089 0 -1.6089 0 1.60894 0
772 1.66131 0 -1.66131 0 1.66134 0
773 1.69114 0 -1.69114 0 1.69109 0
774 1.70748 0 -1.70748 0 1.70752 0
775 1.71969 0 -1.71969 0 1.71974 0
776 1.73621 0 -1.73621 0 1.73617 0
777 1.75386 0 -1.75386 0 1.75393 0
778 1.76717 0 -1.76717 0 1.76725 0
779 1.78115 0 -1.78115 0 1.78124 0
780 1.80339 0 -1.80339 0 1.80345 0
781 1.84033 0 -1.84033 0 1.84031 0
782 1.88912 0 -1.88912 0 1.88916 0
783 1.94354 0 -1.94354 0 1.94356 0
784 2.00291 0 -2.00291 0 2.00284 0
785 2.06838 0 -2.06838 0 2.06835 0
786 2.13983 0 -2.13983 0 2.13984 0
787 2.21187 0 -2.21187 0 2.21179 0
788 2.27803 0 -2.27803 0 2.27796 0
789 2.33486 0 -2.33486 0 2.3348 0
790 2.38082 0 -2.38082 0 2.38076 0
791 2.41536 0 -2.41536 0 2.4154 0
792 2.44068 0 -2.44068 0 2.44071 0
793 2.4611 0 -2.4611 0 2.46114 0
794 2.47987 0 -2.47987 0 2.47979 0
795 2.49823 0 -2.49823 0 2.49822 0
796 2.51516 0 -2.51516 0 2.5151 0
797 2.52987 0 -2.52987 0 2.52998 0
798 2.54172 0 -2.54172 0 2.54174 0
799 2.55015 0 -2.55015 0 2.55018 0
800 2.55515 0 -2.55515 0 2.55507 0
801 2.55813 0 -2.55813 0 2.55818 0
802 2.56034 0 -2.56034 0 2.5604 0
803 2.56297 0 -2.56297 0 2.56306 0
804 2.5668 0 -2.5668 0 2.56684 0
805 2.57088 0 -2.57088 0 2.57083 0
806 2.57431 0 -2.57431 0 2.57439 0
807 2.57628 0 -2.57628 0 2.57638 0
808 2.57395 0 -2.57395 0 2.57394 0
809 2.56102 0 -2.56102 0 2.56106 0
810 2.55606 0 -2.55606 0 2.55596 0
811 2.5618 0 -2.5618 0 2.56173 0
812 2.59961 0 -2.59961 0 2.5997 0
813 2.67823 0 -2.67823 0 2.6783 0
814 2.74849 0 -2.74849 0 2.74847 0
815 2.7916 0 -2.7916 0 2.79154 0
816 2.81155 0 -2.81155 0 2.81153 0
817 2.81161 0 -2.81161 0 2.81153 0
818 2.76135 0 -2.76135 0 2.76135 0
819 2.68935 0 -2.68935 0 2.6894 0
820 2.6238 0 -2.6238 0 2.6239 0
821 2.59225 0 -2.59225 0 2.59215 0
822 2.58045 0 -2.58045 0 2.58038 0
823 2.58511 0 -2.58511 0 2.58504 0
824 2.6116 0 -2.6116 0 2.61169 0
825 2.66119 0 -2.66119 0 2.6612 0
826 2.71939 0 -2.71939 0 2.71938 0
827 2.76986 0 -2.76986 0 2.76978 0
828 2.80701 0 -2.80701 0 2.80709 0
829 2.83363 0 -2.83363 0 2.83362 0
830 2.85336 0 -2.85336 0 2.85338 0
831 2.86708 0 -2.86708 0 2.86704 0
832 2.87525 0 -2.87525 0 2.87526 0
833 2.8796 0 -2.8796 0 2.87959 0
834 2.8819 0 -2.8819 0 2.88192 0
835 2.88328 0 -2.88328 0 2.88325 0
836 2.88452 0 -2.88452 0 2.88447 0
837 2.88629 0 -2.88629 0 2.88625 0
838 2.8884 0 -2.8884 0 2.88836 0
839 2.88965 0 -2.88965 0 2.88969 0
840 2.88442 0 -2.88442 0 2.88447 0
841 2.85211 0 -2.85211 0 2.85216 0
842 2.7943 0 -2.7943 0 2.79432 0
843 2.71392 0 -2.71392 0 2.71394 0
844 2.61776 0 -2.61776 0 2.61779 0
845 2.51235 0 -2.51235 0 2.51232 0
846 2.4035 0 -2.4035 0 2.40352 0
847 2.29687 0 -2.29687 0 2.29683 0
848 2.19471 0 -2.19471 0 2.19469 0
849 2.08265 0 -2.08265 0 2.08256 0
850 1.99385 0 -1.99385 0 1.99396 0
851 1.96023 0 -1.96023 0 1.96021 0
852 2.01173 0 -2.01173 0 2.01172 0
853 2.12259 0 -2.12259 0 2.12252 0
854 2.25745 0 -2.25745 0 2.25753 0
855 2.38367 0 -2.38367 0 2.38365 0
856 2.48414 0 -2.48414 0 2.48412 0
857 2.55596 0 -2.55596 0 2.55596 0
858 2.60707 0 -2.60707 0 2.60703 0
859 2.6435 0 -2.6435 0 2.64355 0
860 2.6692 0 -2.6692 0 2.6692 0
861 2.68795 0 -2.68795 0 2.68796 0
862 2.70402 0 -2.70402 0 2.70406 0
863 2.72061 0 -2.72061 0 2.7206 0
864 2.73603 0 -2.73603 0 2.73603 0
865 2.74822 0 -2.74822 0 2.74825 0
866 2.75577 0 -2.75577 0 2.7558 0
867 2.75746 0 -2.75746 0 2.75746 0
868 2.7131 0 -2.7131 0 2.71305 0
869 2.61397 0 -2.61397 0 2.61402 0
870 2.47167 0 -2.47167 0 2.47169 0
871 2.29787 0 -2.29787 0 2.29783 0
872 2.11599 0 -2.11599 0 2.11597 0
873 1.9202 0 -1.9202 0 1.92024 0
874 1.697 0 -1.697 0 1.69698 0
875 1.4534 0 -1.4534 0 1.45339 0
876 1.1967 0 -1.1967 0 1.1966 0
877 0.930498 0 -0.930498 0 0.930589 0
878 0.654575 0 -0.654575 0 0.654587 0
879 0.369769 0 -0.369769 0 0.369704 0
880 0.0780788 0 -0.0780788 0 0.0781597 0
881 -0.215257 0 0.215257 0 -0.215161 0
882 -0.501438 0 0.501438 0 -0.501377 0
883 -0.773348 0 0.773348 0 -0.773381 0
884 -1.0259 0 1.0259 0 -1.02585 0
885 -1.25605 0 1.25605 0 -1.25611 0
886 -1.46099 0 1.46099 0 -1.46105 0
887 -1.63567 0 1.63567 0 -1.63558 0
888 -1.77876 0 1.77876 0 -1.7788 0
889 -1.89097 0 1.89097 0 -1.89093 0
890 -1.97374 0 1.97374 0 -1.97353 0
891 -2.02919 0 2.02919 0 -2.02904 0
892 -2.0655 0 2.0655 0 -2.06546 0
893 -2.08863 0 2.08863 0 -2.08855 0
894 -2.10328 0 2.10328 0 -2.10321 0
895 -2.11345 0 2.11345 0 -2.11342 0
896 -2.12274 0 2.12274 0 -2.12275 0
897 -2.13448 0 2.13448 0 -2.13429 0
898 -2.14789 0 2.14789 0 -2.14806 0
899 -2.16211 0 2.16211 0 -2.16227 0
900 -2.17635 0 2.17635 0 -2.17648 0
901 -2.18986 0 2.18986 0 -2.1898 0
902 -2.20197 0 2.20197 0 -2.20179 0
903 -2.21234 0 2.21234 0 -2.21245 0
904 -2.2206 0 2.2206 0 -2.22045 0
905 -2.22638 0 2.22638 0 -2.22622 0
906 -2.2293 0 2.2293 0 -2.22933 0
907 -2.23075 0 2.23075 0 -2.23066 0
908 -2.23263 0 2.23263 0 -2.23244 0
909 -2.23677 0 2.23677 0 -2.23688 0
910 -2.24252 0 2.24252 0 -2.24265 0
911 -2.24819 0 2.24819 0 -2.24798 0
912 -2.25216 0 2.25216 0 -2.25198 0
913 -2.25489 0 2.25489 0 -2.25509 0
914 -2.25807 0 2.25807 0 -2.25819 0
915 -2.26331 0 2.26331 0 -2.26352 0
916 -2.27214 0 2.27214 0 -2.27196 0
917 -2.28391 0 2.28391 0 -2.28395 0
918 -2.29618 0 2.29618 0 -2.29639 0
919 -2.30668 0 2.30668 0 -2.3066 0
920 -2.31557 0 2.31557 0 -2.31548 0
921 -2.32571 0 2.32571 0 -2.3257 0
922 -2.33971 0 2.33971 0 -2.33991 0
923 -2.35828 0 2.35828 0 -2.35811 0
924 -2.37945 0 2.37945 0 -2.37943 0
925 -2.40143 0 2.40143 0 -2.40163 0
926 -2.423 0 2.423 0 -2.42295 0
927 -2.4439 0 2.4439 0 -2.44382 0
928 -2.46389 0 2.46389 0 -2.46381 0
929 -2.48278 0 2.48278 0 -2.4829 0
930 -2.50041 0 2.50041 0 -2.50022 0
931 -2.51665 0 2.51665 0 -2.51665 0
932 -2.53139 0 2.53139 0 -2.53131 0
933 -2.54453 0 2.54453 0 -2.54463 0
934 -2.55597 0 2.55597 0 -2.55618 0
935 -2.56553 0 2.56553 0 -2.5655 0
936 -2.57301 0 2.57301 0 -2.57305 0
937 -2.57825 0 2.57825 0 -2.57838 0
938 -2.58103 0 2.58103 0 -2.58105 0
939 -2.58114 0 2.58114 0 -2.58105 0
940 -2.55492 0 2.55492 0 -2.55485 0
941 -2.4967 0 2.4967 0 -2.49667 0
942 -2.40213 0 2.40213 0 -2.40208 0
943 -2.28214 0 2.28214 0 -2.28217 0
944 -2.14891 0 2.14891 0 -2.14895 0
945 -2.01413 0 2.01413 0 -2.01394 0
946 -1.88859 0 1.88859 0 -1.88871 0
947 -1.78206 0 1.78206 0 -1.78213 0
948 -1.68951 0 1.68951 0 -1.68932 0
949 -1.60284 0 1.60284 0 -1.60272 0
950 -1.51453 0 1.51453 0 -1.51434 0
951 -1.43654 0 1.43654 0 -1.43663 0
952 -1.38678 0 1.38678 0 -1.38689 0
953 -1.38224 0 1.38224 0 -1.38245 0
954 -1.42547 0 1.42547 0 -1.42553 0
955 -1.50079 0 1.50079 0 -1.50058 0
956 -1.59195 0 1.59195 0 -1.59206 0
957 -1.683 0 1.683 0 -1.6831 0
958 -1.75836 0 1.75836 0 -1.75815 0
959 -1.80302 0 1.80302 0 -1.803 0
960 -1.81614 0 1.81614 0 -1.81632 0
961 -1.80987 0 1.80987 0 -1.80966 0
962 -1.79611 0 1.79611 0 -1.7959 0
963 -1.78661 0 1.78661 0 -1.78657 0
964 -1.79278 0 1.79278 0 -1.79279 0
965 -1.82556 0 1.82556 0 -1.82565 0
966 -1.89558 0 1.89558 0 -1.89537 0
967 -2.00277 0 2.00277 0 -2.00284 0
968 -2.12706 0 2.12706 0 -2.12719 0
969 -2.24823 0 2.24823 0 -2.24842 0
970 -2.35155 0 2.35155 0 -2.35145 0
971 -2.43628 0 2.43628 0 -2.43627 0
972 -2.5026 0 2.5026 0 -2.50244 0
973 -2.54798 0 2.54798 0 -2.54818 0
974 -2.56183 0 2.56183 0 -2.56195 0
975 -2.55509 0 2.55509 0 -2.55529 0
976 -2.5379 0 2.5379 0 -2.53797 0
977 -2.52277 0 2.52277 0 -2.52287 0
978 -2.52194 0 2.52194 0 -2.52198 0
979 -2.54655 0 2.54655 0 -2.54641 0
980 -2.59369 0 2.59369 0 -2.59348 0
981 -2.66033 0 2.66033 0 -2.66054 0
982 -2.74563 0 2.74563 0 -2.7458 0
983 -2.84485 0 2.84485 0 -2.84484 0
984 -2.94445 0 2.94445 0 -2.94431 0
985 -3.01541 0 3.01541 0 -3.01537 0
986 -3.05382 0 3.05382 0 -3.054 0
987 -3.06975 0 3.06975 0 -3.06954 0
988 -3.07497 0 3.07497 0 -3.07487 0
989 -3.07281 0 3.07281 0 -3.07265 0
990 -3.05554 0 3.05554 0 -3.05533 0
991 -3.0337 0 3.0337 0 -3.03357 0
992 -3.0176 0 3.0176 0 -3.01759 0
993 -3.01726 0 3.01726 0 -3.01714 0
994 -3.04243 0 3.04243 0 -3.04246 0
995 -3.07951 0 3.07951 0 -3.07931 0
996 -3.10247 0 3.10247 0 -3.10241 0
997 -3.10491 0 3.10491 0 -3.10507 0
998 -3.06232 0 3.06232 0 -3.06244 0
999 -2.97301 0 2.97301 0 -2.97318 0
1000 -2.85088 0 2.85088 0 -2.85105 0
1001 -2.70985 0 2.70985 0 -2.70983 0
1002 -2.56343 0 2.56343 0 -2.56328 0
1003 -2.42424 0 2.42424 0 -2.42428 0
1004 -2.30375 0 2.30375 0 -2.30393 0
1005 -2.21229 0 2.21229 0 -2.21245 0
1006 -2.15546 0 2.15546 0 -2.15561 0
1007 -2.13361 0 2.13361 0 -2.1334 0
1008 -2.14875 0 2.14875 0 -2.14895 0
1009 -2.2039 0 2.2039 0 -2.20401 0
1010 -2.29977 0 2.29977 0 -2.29994 0
1011 -2.43453 0 2.43453 0 -2.4345 0
1012 -2.59854 0 2.59854 0 -2.59837 0
1013 -2.76963 0 2.76963 0 -2.76978 0
1014 -2.91204 0 2.91204 0 -2.91189 0
1015 -3.00596 0 3.00596 0 -3.00604 0
1016 -3.05921 0 3.05921 0 -3.05933 0
1017 -3.08838 0 3.08838 0 -3.0882 0
1018 -3.10568 0 3.10568 0 -3.10552 0
1019 -3.11689 0 3.11689 0 -3.11706 0
1020 -3.12479 0 3.12479 0 -3.12461 0
1021 -3.13079 0 3.13079 0 -3.13083 0
1022 -3.13527 0 3.13527 0 -3.13527 0
1023 -3.13858 0 3.13858 0 -3.13838 0
1024 -3.14088 0 3.14088 0 -3.14104 0
1025 -3.1422 0 3.1422 0 -3.14238 0
1026 -3.14248 0 3.14248 0 -3.14238 0
1027 -3.10238 0 3.10238 0 -3.10241 0
1028 -3.01354 0 3.01354 0 -3.01359 0
1029 -2.88635 0 2.88635 0 -2.88614 0
1030 -2.73155 0 2.73155 0 -2.73159 0
1031 -2.5611 0 2.5611 0 -2.56106 0
1032 -2.38659 0 2.38659 0 -2.38654 0
1033 -2.21859 0 2.21859 0 -2.21867 0
1034 -2.06638 0 2.06638 0 -2.06635 0
1035 -1.93794 0 1.93794 0 -1.93801 0
1036 -1.84018 0 1.84018 0 -1.84031 0
1037 -1.77938 0 1.77938 0 -1.77947 0
1038 -1.74692 0 1.74692 0 -1.74705 0
1039 -1.72831 0 1.72831 0 -1.7284 0
1040 -1.70973 0 1.70973 0 -1.70974 0
1041 -1.67793 0 1.67793 0 -1.67777 0
1042 -1.62041 0 1.62041 0 -1.62048 0
1043 -1.52597 0 1.52597 0 -1.52589 0
1044 -1.39868 0 1.39868 0 -1.39888 0
1045 -1.25396 0 1.25396 0 -1.25411 0
1046 -1.10567 0 1.10567 0 -1.10578 0
1047 -0.96565 0 0.96565 0 -0.96545 0
1048 -0.843715 0 0.843715 0 -0.843769 0
1049 -0.747984 0 0.747984 0 -0.747846 0
1050 -0.676947 0 0.676947 0 -0.676792 0
1051 -0.616863 0 0.616863 0 -0.61684 0
1052 -0.555485 0 0.555485 0 -0.555556 0
1053 -0.481858 0 0.481858 0 -0.481837 0
1054 -0.38658 0 0.38658 0 -0.386358 0
1055 -0.26747 0 0.26747 0 -0.267342 0
1056 -0.136298 0 0.136298 0 -0.136335 0
1057 -0.00314911 0 0.00314911 0 -0.00310862 0
1058 0.123852 0 -0.123852 0 0.123901 0
1059 0.238455 0 -0.238455 0 0.238476 0
1060 0.335942 0 -0.335942 0 0.335731 0
1061 0.412647 0 -0.412647 0 0.412559 0
1062 0.46542 0 -0.46542 0 0.465405 0
1063 0.491066 0 -0.491066 0 0.491163 0
1064 0.479794 0 -0.479794 0 0.479616 0
1065 0.419887 0 -0.419887 0 0.420108 0
1066 0.340262 0 -0.340262 0 0.340172 0
1067 0.269239 0 -0.269239 0 0.269118 0
1068 0.234447 0 -0.234447 0 0.234479 0
1069 0.26272 0 -0.26272 0 0.262901 0
1070 0.344178 0 -0.344178 0 0.344169 0
1071 0.465432 0 -0.465432 0 0.465405 0
1072 0.56593 0 -0.56593 0 0.56577 0
1073 0.681284 0 -0.681284 0 0.681233 0
1074 0.813979 0 -0.813979 0 0.814016 0
1075 0.957828 0 -0.957828 0 0.9579 0
1076 1.09626 0 -1.09626 0 1.09646 0
1077 1.21466 0 -1.21466 0 1.21458 0
1078 1.31902 0 -1.31902 0 1.31894 0
1079 1.41894 0 -1.41894 0 1.41887 0
1080 1.5213 0 -1.5213 0 1.52123 0
1081 1.63033 0 -1.63033 0 1.63025 0
1082 1.74753 0 -1.74753 0 1.74749 0
1083 1.86598 0 -1.86598 0 1.86606 0
1084 1.9775 0 -1.9775 0 1.97753 0
1085 2.07748 0 -2.07748 0 2.07745 0
1086 2.16406 0 -2.16406 0 2.16405 0
1087 2.23709 0 -2.23709 0 2.2371 0
1088 2.29729 0 -2.29729 0 2.29727 0
1089 2.34618 0 -2.34618 0 2.34612 0
1090 2.38551 0 -2.38551 0 2.38543 0
1091 2.41661 0 -2.41661 0 2.41651 0
1092 2.44045 0 -2.44045 0 2.44049 0
1093 2.45768 0 -2.45768 0 2.45759 0
1094 2.46952 0 -2.46952 0 2.46958 0
1095 2.47824 0 -2.47824 0 2.47824 0
1096 2.4852 0 -2.4852 0 2.48512 0
1097 2.49059 0 -2.49059 0 2.49067 0
1098 2.49454 0 -2.49454 0 2.49445 0
1099 2.49731 0 -2.49731 0 2.49734 0
1100 2.49962 0 -2.49962 0 2.49956 0
1101 2.50218 0 -2.50218 0 2.50222 0
1102 2.50536 0 -2.50536 0 2.50533 0
1103 2.50838 0 -2.50838 0 2.50844 0
1104 2.51048 0 -2.51048 0 2.51044 0
1105 2.51093 0 -2.51093 0 2.51088 0
1106 2.49143 0 -2.49143 0 2.49134 0
1107 2.44121 0 -2.44121 0 2.44116 0
1108 2.36519 0 -2.36519 0 2.36522 0
1109 2.26826 0 -2.26826 0 2.26819 0
1110 2.15531 0 -2.15531 0 2.15539 0
1111 2.02236 0 -2.02236 0 2.02238 0
1112 1.86552 0 -1.86552 0 1.86562 0
1113 1.68128 0 -1.68128 0 1.68132 0
1114 1.46671 0 -1.46671 0 1.4666 0
1115 1.21968 0 -1.21968 0 1.21969 0
1116 0.939373 0 -0.939373 0 0.939471 0
1117 0.671993 0 -0.671993 0 0.671907 0
1118 0.467108 0 -0.467108 0 0.467182 0
1119 0.325446 0 -0.325446 0 0.325517 0
1120 0.236513 0 -0.236513 0 0.236478 0
1121 0.19106 0 -0.19106 0 0.190958 0
1122 0.180928 0 -0.180928 0 0.180966 0
1123 0.20639 0 -0.20639 0 0.206279 0
1124 0.267505 0 -0.267505 0 0.267564 0
1125 0.361978 0 -0.361978 0 0.361933 0
1126 0.477232 0 -0.477232 0 0.477174 0
1127 0.595576 0 -0.595576 0 0.595524 0
1128 0.701427 0 -0.701427 0 0.701439 0
1129 0.781878 0 -0.781878 0 0.781819 0
1130 0.826049 0 -0.826049 0 0.826006 0
1131 0.837698 0 -0.837698 0 0.837774 0
1132 0.832521 0 -0.832521 0 0.832445 0
1133 0.826973 0 -0.826973 0 0.826894 0
1134 0.839286 0 -0.839286 0 0.839329 0
1135 0.887124 0 -0.887124 0 0.887068 0
1136 0.976086 0 -0.976086 0 0.976108 0
1137 1.09278 0 -1.09278 0 1.09268 0
1138 1.22316 0 -1.22316 0 1.22324 0
1139 1.35427 0 -1.35427 0 1.35425 0
1140 1.47581 0 -1.47581 0 1.47571 0
1141 1.58313 0 -1.58313 0 1.58318 0
1142 1.67976 0 -1.67976 0 1.67977 0
1143 1.76859 0 -1.76859 0 1.76859 0
1144 1.85188 0 -1.85188 0 1.85185 0
1145 1.93075 0 -1.93075 0 1.93068 0
1146 2.0037 0 -2.0037 0 2.00373 0
1147 2.06988 0 -2.06988 0 2.0699 0
1148 2.12895 0 -2.12895 0 2.12896 0
1149 2.18094 0 -2.18094 0 2.18092 0
1150 2.22614 0 -2.22614 0 2.22622 0
1151 2.26596 0 -2.26596 0 2.26597 0
1152 2.30154 0 -2.30154 0 2.30149 0
1153 2.33111 0 -2.33111 0 2.33102 0
1154 2.35343 0 -2.35343 0 2.35345 0
1155 2.36745 0 -2.36745 0 2.36744 0
1156 2.372 0 -2.372 0 2.3721 0
1157 2.34266 0 -2.34266 0 2.34257 0
1158 2.2551 0 -2.2551 0 2.25509 0
1159 2.13994 0 -2.13994 0 2.13984 0
1160 2.03366 0 -2.03366 0 2.03371 0
1161 1.97177 0 -1.97177 0 1.97176 0
1162 1.95529 0 -1.95529 0 1.95532 0
1163 1.9759 0 -1.9759 0 1.97597 0
1164 2.0248 0 -2.0248 0 2.02482 0
1165 2.09638 0 -2.09638 0 2.09632 0
1166 2.18453 0 -2.18453 0 2.18447 0
1167 2.28109 0 -2.28109 0 2.28106 0
1168 2.37428 0 -2.37428 0 2.37432 0
1169 2.45507 0 -2.45507 0 2.45504 0
1170 2.52008 0 -2.52008 0 2.5201 0
1171 2.56942 0 -2.56942 0 2.56939 0
1172 2.60457 0 -2.60457 0 2.60458 0
1173 2.62701 0 -2.62701 0 2.62701 0
1174 2.63954 0 -2.63954 0 2.63956 0
1175 2.64567 0 -2.64567 0 2.64566 0
1176 2.64682 0 -2.64682 0 2.64677 0
1177 2.63062 0 -2.63062 0 2.63067 0
1178 2.59224 0 -2.59224 0 2.59226 0
1179 2.53039 0 -2.53039 0 2.53042 0
1180 2.4439 0 -2.4439 0 2.44393 0
1181 2.3374 0 -2.3374 0 2.33735 0
1182 2.22715 0 -2.22715 0 2.22711 0
1183 2.12897 0 -2.12897 0 2.12896 0
1184 2.05363 0 -2.05363 0 2.05369 0
1185 1.99843 0 -1.99843 0 1.9984 0
1186 1.96066 0 -1.96066 0 1.96065 0
1187 1.93759 0 -1.93759 0 1.93756 0
1188 1.92678 0 -1.92678 0 1.92668 0
1189 1.92707 0 -1.92707 0 1.92713 0
1190 1.93661 0 -1.93661 0 1.93667 0
1191 1.94695 0 -1.94695 0 1.94689 0
1192 1.9499 0 -1.9499 0 1.95 0
1193 1.93744 0 -1.93744 0 1.93734 0
1194 1.90176 0 -1.90176 0 1.90181 0
1195 1.83534 0 -1.83534 0 1.83542 0
1196 1.73095 0 -1.73095 0 1.73106 0
1197 1.59788 0 -1.59788 0 1.59783 0
1198 1.44597 0 -1.44597 0 1.44595 0
1199 1.28497 0 -1.28497 0 1.28497 0
1200 1.12445 0 -1.12445 0 1.12443 0
1201 0.973483 0 -0.973483 0 0.973444 0
1202 0.840535 0 -0.840535 0 0.840439 0
1203 0.720827 0 -0.720827 0 0.720757 0
1204 0.607101 0 -0.607101 0 0.60707 0
1205 0.492518 0 -0.492518 0 0.492495 0
1206 0.370765 0 -0.370765 0 0.370814 0
1207 0.236194 0 -0.236194 0 0.236255 0
1208 0.104997 0 -0.104997 0 0.105027 0
1209 0.000312857 0 -0.000312857 0 0.000222045 0
1210 -0.0787746 0 0.0787746 0 -0.0788258 0
1211 -0.144262 0 0.144262 0 -0.144329 0
1212 -0.207171 0 0.207171 0 -0.207168 0
1213 -0.277652 0 0.277652 0 -0.277556 0
1214 -0.353857 0 0.353857 0 -0.353939 0
1215 -0.425528 0 0.425528 0 -0.425437 0
1216 -0.483403 0 0.483403 0 -0.483391 0
1217 -0.519024 0 0.519024 0 -0.518918 0
1218 -0.524261 0 0.524261 0 -0.524247 0
1219 -0.494708 0 0.494708 0 -0.494715 0
1220 -0.452097 0 0.452097 0 -0.452083 0
1221 -0.419375 0 0.419375 0 -0.419442 0
1222 -0.418719 0 0.418719 0 -0.418776 0
1223 -0.459341 0 0.459341 0 -0.45941 0
1224 -0.525759 0 0.525759 0 -0.525802 0
1225 -0.602658 0 0.602658 0 -0.602629 0
1226 -0.675 0 0.675 0 -0.675016 0
1227 -0.728231 0 0.728231 0 -0.728306 0
1228 -0.754274 0 0.754274 0 -0.754286 0
1229 -0.765748 0 0.765748 0 -0.765832 0
1230 -0.77493 0 0.77493 0 -0.774936 0
1231 -0.793776 0 0.793776 0 -0.793809 0
1232 -0.833831 0 0.833831 0 -0.833777 0
1233 -0.905999 0 0.905999 0 -0.905942 0
1234 -1.01997 0 1.01997 0 -1.02007 0
1235 -1.18296 0 1.18296 0 -1.18305 0
1236 -1.39569 0 1.39569 0 -1.39577 0
1237 -1.61031 0 1.61031 0 -1.61027 0
1238 -1.78946 0 1.78946 0 -1.78946 0
1239 -1.90984 0 1.90984 0 -1.90981 0
1240 -1.95672 0 1.95672 0 -1.95666 0
1241 -1.95333 0 1.95333 0 -1.95333 0
1242 -1.90555 0 1.90555 0 -1.90559 0
1243 -1.84357 0 1.84357 0 -1.84364 0
1244 -1.79683 0 1.79683 0 -1.79678 0
1245 -1.79375 0 1.79375 0 -1.79368 0
1246 -1.86243 0 1.86243 0 -1.86251 0
1247 -2.02839 0 2.02839 0 -2.02838 0
1248 -2.22908 0 2.22908 0 -2.22911 0
1249 -2.38335 0 2.38335 0 -2.38343 0
1250 -2.48491 0 2.48491 0 -2.4849 0
1251 -2.55054 0 2.55054 0 -2.55063 0
1252 -2.59284 0 2.59284 0 -2.59281 0
1253 -2.62069 0 2.62069 0 -2.62079 0
1254 -2.64058 0 2.64058 0 -2.64055 0
1255 -2.64824 0 2.64824 0 -2.64833 0
1256 -2.61906 0 2.61906 0 -2.61902 0
1257 -2.53874 0 2.53874 0 -2.53864 0
1258 -2.41156 0 2.41156 0 -2.41163 0
1259 -2.24266 0 2.24266 0 -2.24265 0
1260 -2.03555 0 2.03555 0 -2.03548 0
1261 -1.79235 0 1.79235 0 -1.79234 0
1262 -1.52418 0 1.52418 0 -1.52411 0
1263 -1.25108 0 1.25108 0 -1.251 0
1264 -0.989807 0 0.989807 0 -0.989875 0
1265 -0.753107 0 0.753107 0 -0.753175 0
1266 -0.549881 0 0.549881 0 -0.549782 0
1267 -0.383255 0 0.383255 0 -0.383249 0
1268 -0.249244 0 0.249244 0 -0.249134 0
1269 -0.144488 0 0.144488 0 -0.144551 0
1270 -0.0662945 0 0.0662945 0 -0.0663913 0
1271 -0.0133681 0 0.0133681 0 -0.0133227 0
1272 0.0123426 0 -0.0123426 0 0.0124345 0
1273 0.00519437 0 -0.00519437 0 0.00510703 0
1274 -0.06051 0 0.06051 0 -0.0606182 0
1275 -0.190046 0 0.190046 0 -0.19007 0
1276 -0.383247 0 0.383247 0 -0.383249 0
1277 -0.597926 0 0.597926 0 -0.597966 0
1278 -0.793522 0 0.793522 0 -0.793587 0
1279 -0.935639 0 0.935639 0 -0.935696 0
1280 -1.03567 0 1.03567 0 -1.03562 0
1281 -1.10409 0 1.10409 0 -1.10401 0
1282 -1.15031 0 1.15031 0 -1.15041 0
1283 -1.18281 0 1.18281 0 -1.18283 0
1284 -1.18918 0 1.18918 0 -1.18927 0
1285 -1.14966 0 1.14966 0 -1.14975 0
1286 -1.04751 0 1.04751 0 -1.04761 0
1287 -0.894047 0 0.894047 0 -0.893952 0
1288 -0.70623 0 0.70623 0 -0.706324 0
1289 -0.50125 0 0.50125 0 -0.501155 0
1290 -0.295036 0 0.295036 0 -0.295097 0
1291 -0.100926 0 0.100926 0 -0.10103 0
1292 0.073281 0 -0.073281 0 0.0732747 0
1293 0.222947 0 -0.222947 0 0.222933 0
1294 0.345041 0 -0.345041 0 0.345057 0
1295 0.437485 0 -0.437485 0 0.437428 0
1296 0.498482 0 -0.498482 0 0.49849 0
1297 0.525869 0 -0.525869 0 0.525802 0
1298 0.511224 0 -0.511224 0 0.511147 0
1299 0.432789 0 -0.432789 0 0.432765 0
1300 0.324715 0 -0.324715 0 0.324629 0
1301 0.254214 0 -0.254214 0 0.254241 0
1302 0.248197 0 -0.248197 0 0.248246 0
1303 0.29403 0 -0.29403 0 0.293987 0
1304 0.378574 0 -0.378574 0 0.378586 0
1305 0.496428 0 -0.496428 0 0.496492 0
1306 0.651733 0 -0.651733 0 0.651701 0
1307 0.844402 0 -0.844402 0 0.844436 0
1308 1.06872 0 -1.06872 0 1.0687 0
1309 1.31323 0 -1.31323 0 1.31317 0
1310 1.55705 0 -1.55705 0 1.55709 0
1311 1.77362 0 -1.77362 0 1.77358 0
1312 1.95201 0 -1.95201 0 1.95199 0
1313 2.09167 0 -2.09167 0 2.09166 0
1314 2.19665 0 -2.19665 0 2.19669 0
1315 2.27191 0 -2.27191 0 2.27196 0
1316 2.32139 0 -2.32139 0 2.32137 0
1317 2.34725 0 -2.34725 0 2.34723 0
1318 2.35067 0 -2.35067 0 2.35068 0
1319 2.30003 0 -2.30003 0 2.30005 0
1320 2.2302 0 -2.2302 0 2.23022 0
1321 2.19078 0 -2.19078 0 2.1908 0
1322 2.22884 0 -2.22884 0 2.22888 0
1323 2.31903 0 -2.31903 0 2.31903 0
1324 2.42835 0 -2.42835 0 2.42839 0
1325 2.52753 0 -2.52753 0 2.52753 0
1326 2.60257 0 -2.60257 0 2.60258 0
1327 2.65174 0 -2.65174 0 2.65177 0
1328 2.6772 0 -2.6772 0 2.67719 0
1329 2.69806 0 -2.69806 0 2.69806 0
1330 2.72798 0 -2.72798 0 2.72798 0
1331 2.77148 0 -2.77148 0 2.77151 0
1332 2.8158 0 -2.8158 0 2.8158 0
1333 2.85284 0 -2.85284 0 2.85283 0
1334 2.88137 0 -2.88137 0 2.88136 0
1335 2.90289 0 -2.90289 0 2.9029 0
1336 2.91926 0 -2.91926 0 2.91926 0
1337 2.93191 0 -2.93191 0 2.93191 0
1338 2.9418 0 -2.9418 0 2.9418 0
1339 2.94952 0 -2.94952 0 2.94953 0
1340 2.95538 0 -2.95538 0 2.95539 0
1341 2.95954 0 -2.95954 0 2.95955 0
1342 2.962 0 -2.962 0 2.96202 0
1343 2.96269 0 -2.96269 0 2.96269 0
1344 2.90542 0 -2.90542 0 2.9054 0
1345 2.77042 0 -2.77042 0 2.77042 0
1346 2.57664 0 -2.57664 0 2.57663 0
1347 2.34362 0 -2.34362 0 2.34363 0
1348 2.0877 0 -2.0877 0 2.08769 0
1349 1.82022 0 -1.82022 0 1.82022 0
1350 1.55205 0 -1.55205 0 1.55206 0
1351 1.2929 0 -1.2929 0 1.2929 0
1352 1.04964 0 -1.04964 0 1.04965 0
1353 0.825167 0 -0.825167 0 0.825173 0
1354 0.621389 0 -0.621389 0 0.621392 0
1355 0.439397 0 -0.439397 0 0.439399 0
1356 0.279647 0 -0.279647 0 0.279665 0
1357 0.14216 0 -0.14216 0 0.142164 0
1358 0.0260649 0 -0.0260649 0 0.0260902 0
1359 -0.072404 0 0.072404 0 -0.0723865 0
1360 -0.156538 0 0.156538 0 -0.156541 0
1361 -0.229236 0 0.229236 0 -0.229261 0
1362 -0.293073 0 0.293073 0 -0.293099 0
1363 -0.349935 0 0.349935 0 -0.349942 0
1364 -0.394483 0 0.394483 0 -0.394462 0
1365 -0.421829 0 0.421829 0 -0.421829 0
1366 -0.427209 0 0.427209 0 -0.427214 0
1367 -0.387591 0 0.387591 0 -0.387579 0
1368 -0.289686 0 0.289686 0 -0.289713 0
1369 -0.14604 0 0.14604 0 -0.14605 0
1370 0.0281205 0 -0.0281205 0 0.0281442 0
1371 0.217217 0 -0.217217 0 0.217215 0
1372 0.406872 0 -0.406872 0 0.406897 0
1373 0.585251 0 -0.585251 0 0.585254 0
1374 0.747705 0 -0.747705 0 0.747707 0
1375 0.892197 0 -0.892197 0 0.892203 0
1376 1.01785 0 -1.01785 0 1.01785 0
1377 1.12456 0 -1.12456 0 1.12454 0
1378 1.21266 0 -1.21266 0 1.21265 0
1379 1.28801 0 -1.28801 0 1.28801 0
1380 1.35762 0 -1.35762 0 1.35762 0
1381 1.42712 0 -1.42712 0 1.42712 0
1382 1.50093 0 -1.50093 0 1.50093 0
1383 1.57764 0 -1.57764 0 1.57764 0
1384 1.65311 0 -1.65311 0 1.65311 0
1385 1.7242 0 -1.7242 0 1.7242 0
1386 1.78866 0 -1.78866 0 1.78867 0
1387 1.84496 0 -1.84496 0 1.84497 0
1388 1.89204 0 -1.89204 0 1.89204 0
1389 1.93081 0 -1.93081 0 1.93082 0
1390 1.96387 0 -1.96387 0 1.96387 0
1391 1.99333 0 -1.99333 0 1.99332 0
1392 2.01989 0 -2.01989 0 2.01988 0
1393 2.04238 0 -2.04238 0 2.04237 0
1394 2.05982 0 -2.05982 0 2.0598 0
1395 2.07202 0 -2.07202 0 2.07201 0
1396 2.08041 0 -2.08041 0 2.08039 0
1397 2.08626 0 -2.08626 0 2.08628 0
1398 2.09013 0 -2.09013 0 2.09011 0
1399 2.09071 0 -2.09071 0 2.09072 0
1400 2.07382 0 -2.07382 0 2.07384 0
1401 2.03223 0 -2.03223 0 2.03221 0
1402 1.96081 0 -1.96081 0 1.96082 0
1403 1.85626 0 -1.85626 0 1.85624 0
1404 1.72698 0 -1.72698 0 1.72698 0
1405 1.58144 0 -1.58144 0 1.58143 0
1406 1.42797 0 -1.42797 0 1.42797 0
1407 1.27454 0 -1.27454 0 1.27454 0
1408 1.1285 0 -1.1285 0 1.1285 0
1409 0.996434 0 -0.996434 0 0.996439 0
1410 0.872584 0 -0.872584 0 0.87258 0
1411 0.751346 0 -0.751346 0 0.751343 0
1412 0.627625 0 -0.627625 0 0.627626 0
1413 0.497839 0 -0.497839 0 0.497839 0
1414 0.359105 0 -0.359105 0 0.359102 0
1415 0.209245 0 -0.209245 0 0.209249 0
1416 0.0469204 0 -0.0469204 0 0.0469208 0
1417 -0.128253 0 0.128253 0 -0.128259 0
1418 -0.309396 0 0.309396 0 -0.309391 0
1419 -0.488902 0 0.488902 0 -0.488914 0
1420 -0.660773 0 0.660773 0 -0.660749 0
1421 -0.820643 0 0.820643 0 -0.820621 0
1422 -0.965625 0 0.965625 0 -0.965616 0
1423 -1.09276 0 1.09276 0 -1.09274 0
1424 -1.19974 0 1.19974 0 -1.19976 0
1425 -1.28516 0 1.28516 0 -1.28519 0
1426 -1.35304 0 1.35304 0 -1.35303 0
1427 -1.40982 0 1.40982 0 -1.40976 0
1428 -1.46073 0 1.46073 0 -1.46072 0
1429 -1.51014 0 1.51014 0 -1.51013 0
1430 -1.5617 0 1.5617 0 -1.56175 0
1431 -1.61568 0 1.61568 0 -1.61571 0
1432 -1.66935 0 1.66935 0 -1.66933 0
1433 -1.72048 0 1.72048 0 -1.72051 0
1434 -1.76727 0 1.76727 0 -1.76725 0
1435 -1.80831 0 1.80831 0 -1.80833 0
1436 -1.84243 0 1.84243 0 -1.84242 0
1437 -1.86863 0 1.86863 0 -1.86862 0
1438 -1.88731 0 1.88731 0 -1.88727 0
1439 -1.90184 0 1.90184 0 -1.90181 0
1440 -1.9152 0 1.9152 0 -1.91525 0
1441 -1.93014 0 1.93014 0 -1.93012 0
1442 -1.94916 0 1.94916 0 -1.94911 0
1443 -1.97353 0 1.97353 0 -1.97353 0
1444 -2.00038 0 2.00038 0 -2.0004 0
1445 -2.02718 0 2.02718 0 -2.02716 0
1446 -2.05175 0 2.05175 0 -2.05169 0
1447 -2.07219 0 2.07219 0 -2.07212 0
1448 -2.08705 0 2.08705 0 -2.087 0
1449 -2.09793 0 2.09793 0 -2.09788 0
1450 -2.10623 0 2.10623 0 -2.10632 0
1451 -2.11325 0 2.11325 0 -2.1132 0
1452 -2.1202 0 2.1202 0 -2.1203 0
1453 -2.12737 0 2.12737 0 -2.12741 0
1454 -2.13501 0 2.13501 0 -2.13496 0
1455 -2.14337 0 2.14337 0 -2.1434 0
1456 -2.15265 0 2.15265 0 -2.15272 0
1457 -2.1634 0 2.1634 0 -2.16338 0
1458 -2.17614 0 2.17614 0 -2.17604 0
1459 -2.19009 0 2.19009 0 -2.19003 0
1460 -2.20425 0 2.20425 0 -2.20424 0
1461 -2.21773 0 2.21773 0 -2.21778 0
1462 -2.2312 0 2.2312 0 -2.2311 0
1463 -2.24577 0 2.24577 0 -2.24576 0
1464 -2.26239 0 2.26239 0 -2.26241 0
1465 -2.28191 0 2.28191 0 -2.28195 0
1466 -2.30497 0 2.30497 0 -2.30505 0
1467 -2.33048 0 2.33048 0 -2.33058 0
1468 -2.35661 0 2.35661 0 -2.35656 0
1469 -2.38181 0 2.38181 0 -2.38187 0
1470 -2.40484 0 2.40484 0 -2.40474 0
1471 -2.42468 0 2.42468 0 -2.42473 0
1472 -2.44046 0 2.44046 0 -2.44049 0
1473 -2.45231 0 2.45231 0 -2.45226 0
1474 -2.46116 0 2.46116 0 -2.46114 0
1475 -2.46786 0 2.46786 0 -2.4678 0
1476 -2.47315 0 2.47315 0 -2.47313 0
1477 -2.47769 0 2.47769 0 -2.4778 0
1478 -2.48214 0 2.48214 0 -2.48224 0
1479 -2.48709 0 2.48709 0 -2.48712 0
1480 -2.49287 0 2.49287 0 -2.49289 0
1481 -2.49937 0 2.49937 0 -2.49933 0
1482 -2.50643 0 2.50643 0 -2.50644 0
1483 -2.51395 0 2.51395 0 -2.51399 0
1484 -2.5219 0 2.5219 0 -2.52198 0
1485 -2.53064 0 2.53064 0 -2.53064 0
1486 -2.5405 0 2.5405 0 -2.54041 0
1487 -2.55175 0 2.55175 0 -2.55174 0
1488 -2.56461 0 2.56461 0 -2.56462 0
1489 -2.57917 0 2.57917 0 -2.57927 0
1490 -2.59474 0 2.59474 0 -2.59481 0
1491 -2.61073 0 2.61073 0 -2.6108 0
1492 -2.62654 0 2.62654 0 -2.62657 0
1493 -2.63962 0 2.63962 0 -2.63967 0
1494 -2.65171 0 2.65171 0 -2.65166 0
1495 -2.66292 0 2.66292 0 -2.66298 0
1496 -2.67332 0 2.67332 0 -2.67342 0
1497 -2.68298 0 2.68298 0 -2.68319 0
1498 -2.69194 0 2.69194 0 -2.69207 0
1499 -2.70026 0 2.70026 0 -2.70006 0
1500 -2.70799 0 2.70799 0 -2.70806 0
1501 -2.71515 0 2.71515 0 -2.71516 0
1502 -2.7218 0 2.7218 0 -2.72182 0
1503 -2.72796 0 2.72796 0 -2.72804 0
1504 -2.73366 0 2.73366 0 -2.73381 0
1505 -2.73893 0 2.73893 0 -2.73914 0
1506 -2.7438 0 2.7438 0 -2.74358 0
1507 -2.74828 0 2.74828 0 -2.74847 0
1508 -2.7524 0 2.7524 0 -2.75246 0
1509 -2.75617 0 2.75617 0 -2.75602 0
1510 -2.75961 0 2.75961 0 -2.75957 0
1511 -2.76275 0 2.76275 0 -2.76268 0
1512 -2.76559 0 2.76559 0 -2.76579 0
1513 -2.76815 0 2.76815 0 -2.76801 0
1514 -2.77043 0 2.77043 0 -2.77023 0
1515 -2.77246 0 2.77246 0 -2.77245 0
1516 -2.77424 0 2.77424 0 -2.77423 0
1517 -2.77579 0 2.77579 0 -2.776 0
1518 -2.77711 0 2.77711 0 -2.77689 0
1519 -2.77821 0 2.77821 0 -2.77822 0
1520 -2.7791 0 2.7791 0 -2.77911 0
1521 -2.77978 0 2.77978 0 -2.78 0
1522 -2.78028 0 2.78028 0 -2.78044 0
1523 -2.78058 0 2.78058 0 -2.78044 0
1524 -2.78071 0 2.78071 0 -2.78089 0
1525 -2.77972 0 2.77972 0 -2.77955 0
1526 -2.77517 0 2.77517 0 -2.77511 0
1527 -2.76722 0 2.76722 0 -2.76712 0
1528 -2.75603 0 2.75603 0 -2.75602 0
1529 -2.74176 0 2.74176 0 -2.74181 0
1530 -2.72461 0 2.72461 0 -2.72449 0
1531 -2.70476 0 2.70476 0 -2.70495 0
1532 -2.68241 0 2.68241 0 -2.6823 0
1533 -2.65776 0 2.65776 0 -2.65787 0
1534 -2.63102 0 2.63102 0 -2.63123 0
1535 -2.60241 0 2.60241 0 -2.60236 0
1536 -2.57212 0 2.57212 0 -2.57216 0
1537 -2.54038 0 2.54038 0 -2.54019 0
1538 -2.50737 0 2.50737 0 -2.50733 0
1539 -2.47328 0 2.47328 0 -2.47313 0
1540 -2.43829 0 2.43829 0 -2.43849 0
1541 -2.40255 0 2.40255 0 -2.40252 0
1542 -2.36621 0 2.36621 0 -2.36611 0
1543 -2.32941 0 2.32941 0 -2.32925 0
1544 -2.29226 0 2.29226 0 -2.29239 0
1545 -2.25487 0 2.25487 0 -2.25509 0
1546 -2.21733 0 2.21733 0 -2.21734 0
1547 -2.17973 0 2.17973 0 -2.17959 0
1548 -2.14213 0 2.14213 0 -2.14229 0
1549 -2.10458 0 2.10458 0 -2.10454 0
1550 -2.06713 0 2.06713 0 -2.06724 0
1551 -2.02981 0 2.02981 0 -2.02993 0
1552 -1.99263 0 1.99263 0 -1.99263 0
1553 -1.95561 0 1.95561 0 -1.95577 0
1554 -1.91875 0 1.91875 0 -1.91891 0
1555 -1.88205 0 1.88205 0 -1.88205 0
1556 -1.84549 0 1.84549 0 -1.84563 0
1557 -1.80905 0 1.80905 0 -1.80922 0
1558 -1.7727 0 1.7727 0 -1.7728 0
1559 -1.73643 0 1.73643 0 -1.73639 0
1560 -1.70018 0 1.70018 0 -1.69997 0
1561 -1.66394 0 1.66394 0 -1.664 0
1562 -1.62767 0 1.62767 0 -1.62759 0
1563 -1.59131 0 1.59131 0 -1.59117 0
1564 -1.55484 0 1.55484 0 -1.55476 0
1565 -1.51821 0 1.51821 0 -1.51834 0
1566 -1.48139 0 1.48139 0 -1.48148 0
1567 -1.44433 0 1.44433 0 -1.44418 0
1568 -1.40701 0 1.40701 0 -1.40687 0
1569 -1.36939 0 1.36939 0 -1.36957 0
1570 -1.33144 0 1.33144 0 -1.33138 0
1571 -1.29313 0 1.29313 0 -1.29319 0
1572 -1.25444 0 1.25444 0 -1.25455 0
1573 -1.21535 0 1.21535 0 -1.21547 0
1574 -1.17584 0 1.17584 0 -1.17595 0
1575 -1.13591 0 1.13591 0 -1.13598 0
1576 -1.09553 0 1.09553 0 -1.09557 0
1577 -1.05473 0 1.05473 0 -1.05471 0
1578 -1.01348 0 1.01348 0 -1.01341 0
1579 -0.971804 0 0.971804 0 -0.971889 0
1580 -0.929709 0 0.929709 0 -0.929701 0
1581 -0.887208 0 0.887208 0 -0.88729 0
1582 -0.844322 0 0.844322 0 -0.844214 0
1583 -0.801074 0 0.801074 0 -0.801137 0
1584 -0.757488 0 0.757488 0 -0.757394 0
1585 -0.713597 0 0.713597 0 -0.713651 0
1586 -0.669434 0 0.669434 0 -0.669464 0
1587 -0.625033 0 0.625033 0 -0.625056 0
1588 -0.580436 0 0.580436 0 -0.580425 0
1589 -0.535682 0 0.535682 0 -0.535572 0
1590 -0.490813 0 0.490813 0 -0.490719 0
1591 -0.445876 0 0.445876 0 -0.445866 0
1592 -0.400916 0 0.400916 0 -0.401013 0
1593 -0.355978 0 0.355978 0 -0.355938 0
1594 -0.31111 0 0.31111 0 -0.311084 0
1595 -0.26636 0 0.26636 0 -0.266454 0
1596 -0.221755 0 0.221755 0 -0.221823 0
1597 -0.177316 0 0.177316 0 -0.177414 0
1598 -0.133061 0 0.133061 0 -0.133005 0
1599 -0.089015 0 0.089015 0 -0.0890399 0
1600 -0.0452004 0 0.0452004 0 -0.0452971 0
1601 -0.00164217 0 0.00164217 0 -0.00155431 0
1602 0.0416336 0 -0.0416336 0 0.0417444 0
1603 0.0846007 0 -0.0846007 0 0.084599 0
1604 0.127233 0 -0.127233 0 0.127232 0
1605 0.169504 0 -0.169504 0 0.16942 0
1606 0.211389 0 -0.211389 0 0.211386 0
1607 0.252861 0 -0.252861 0 0.252909 0
1608 0.293896 0 -0.293896 0 0.293987 0
1609 0.334469 0 -0.334469 0 0.334399 0
1610 0.374559 0 -0.374559 0 0.374589 0
1611 0.414143 0 -0.414143 0 0.414113 0
1612 0.453201 0 -0.453201 0 0.453193 0
1613 0.491715 0 -0.491715 0 0.491607 0
1614 0.529666 0 -0.529666 0 0.529576 0
1615 0.56704 0 -0.56704 0 0.567102 0
1616 0.603821 0 -0.603821 0 0.603739 0
1617 0.639997 0 -0.639997 0 0.639933 0
1618 0.675557 0 -0.675557 0 0.67546 0
1619 0.710491 0 -0.710491 0 0.710543 0
1620 0.744791 0 -0.744791 0 0.744738 0
1621 0.77845 0 -0.77845 0 0.778488 0
1622 0.811464 0 -0.811464 0 0.811573 0
1623 0.843828 0 -0.843828 0 0.843769 0
1624 0.875542 0 -0.875542 0 0.875522 0
1625 0.906603 0 -0.906603 0 0.906608 0
1626 0.937012 0 -0.937012 0 0.937028 0
1627 0.966771 0 -0.966771 0 0.966782 0
1628 0.995882 0 -0.995882 0 0.99587 0
1629 1.02435 0 -1.02435 0 1.02429 0
1630 1.05218 0 -1.05218 0 1.05227 0
1631 1.07937 0 -1.07937 0 1.07936 0
1632 1.10594 0 -1.10594 0 1.106 0
1633 1.13188 0 -1.13188 0 1.13198 0
1634 1.15721 0 -1.15721 0 1.1573 0
1635 1.18194 0 -1.18194 0 1.18194 0
1636 1.20607 0 -1.20607 0 1.20615 0
1637 1.22962 0 -1.22962 0 1.22968 0
1638 1.25258 0 -1.25258 0 1.25255 0
1639 1.27499 0 -1.27499 0 1.27498 0
1640 1.29683 0 -1.29683 0 1.29674 0
1641 1.31813 0 -1.31813 0 1.31806 0
1642 1.3389 0 -1.3389 0 1.33893 0
1643 1.35914 0 -1.35914 0 1.35914 0
1644 1.37887 0 -1.37887 0 1.3789 0
1645 1.3981 0 -1.3981 0 1.39799 0
1646 1.41684 0 -1.41684 0 1.41687 0
1647 1.4351 0 -1.4351 0 1.43507 0
1648 1.4529 0 -1.4529 0 1.45295 0
1649 1.47024 0 -1.47024 0 1.47027 0
1650 1.48713 0 -1.48713 0 1.48714 0
1651 1.50359 0 -1.50359 0 1.50358 0
1652 1.51963 0 -1.51963 0 1.51967 0
1653 1.53526 0 -1.53526 0 1.53522 0
1654 1.55049 0 -1.55049 0 1.55054 0
1655 1.56533 0 -1.56533 0 1.5653 0
1656 1.57979 0 -1.57979 0 1.57974 0
1657 1.59388 0 -1.59388 0 1.59384 0
1658 1.60761 0 -1.60761 0 1.6076 0
1659 1.621 0 -1.621 0 1.62104 0
1660 1.63404 0 -1.63404 0 1.63403 0
1661 1.64676 0 -1.64676 0 1.64679 0
1662 1.65915 0 -1.65915 0 1.65912 0
1663 1.67123 0 -1.67123 0 1.67122 0
1664 1.68302 0 -1.68302 0 1.68299 0
1665 1.6945 0 -1.6945 0 1.69453 0
1666 1.7057 0 -1.7057 0 1.70575 0
1667 1.71663 0 -1.71663 0 1.71663 0
1668 1.72728 0 -1.72728 0 1.72728 0
1669 1.73767 0 -1.73767 0 1.73772 0
1670 1.74781 0 -1.74781 0 1.74782 0
1671 1.7577 0 -1.7577 0 1.75771 0
1672 1.76735 0 -1.76735 0 1.76736 0
1673 1.77676 0 -1.77676 0 1.7768 0
1674 1.78595 0 -1.78595 0 1.7859 0
1675 1.79492 0 -1.79492 0 1.7949 0
1676 1.80367 0 -1.80367 0 1.80367 0
1677 1.81221 0 -1.81221 0 1.81222 0
1678 1.82055 0 -1.82055 0 1.82054 0
1679 1.82868 0 -1.82868 0 1.82865 0
1680 1.83663 0 -1.83663 0 1.83664 0
1681 1.84438 0 -1.84438 0 1.84441 0
1682 1.85195 0 -1.85195 0 1.85196 0
1683 1.85935 0 -1.85935 0 1.85929 0
1684 1.86656 0 -1.86656 0 1.86651 0
1685 1.8736 0 -1.8736 0 1.87361 0
1686 1.88048 0 -1.88048 0 1.8805 0
1687 1.88719 0 -1.88719 0 1.88716 0
1688 1.89374 0 -1.89374 0 1.89371 0
1689 1.90014 0 -1.90014 0 1.90015 0
1690 1.90637 0 -1.90637 0 1.90636 0
1691 1.91246 0 -1.91246 0 1.91247 0
1692 1.9184 0 -1.9184 0 1.91841 0
1693 1.92419 0 -1.92419 0 1.92418 0
1694 1.92984 0 -1.92984 0 1.92985 0
1695 1.93534 0 -1.93534 0 1.93534 0
1696 1.9407 0 -1.9407 0 1.94073 0
1697 1.94593 0 -1.94593 0 1.94594 0
1698 1.95102 0 -1.95102 0 1.95099 0
1699 1.95598 0 -1.95598 0 1.95599 0
1700 1.9608 0 -1.9608 0 1.96082 0
1701 1.96549 0 -1.96549 0 1.96548 0
1702 1.97005 0 -1.97005 0 1.97004 0
1703 1.97448 0 -1.97448 0 1.97448 0
1704 1.97878 0 -1.97878 0 1.97881 0
1705 1.98295 0 -1.98295 0 1.98297 0
1706 1.987 0 -1.987 0 1.98702 0
1707 1.99091 0 -1.99091 0 1.99091 0
1708 1.9947 0 -1.9947 0 1.99468 0
1709 1.99836 0 -1.99836 0 1.99835 0
1710 2.00188 0 -2.00188 0 2.0019 0
1711 2.00527 0 -2.00527 0 2.00528 0
1712 2.00852 0 -2.00852 0 2.0085 0
1713 2.01164 0 -2.01164 0 2.01161 0
1714 2.01462 0 -2.01462 0 2.01461 0
1715 2.01746 0 -2.01746 0 2.01744 0
1716 2.02015 0 -2.02015 0 2.02016 0
1717 2.02271 0 -2.02271 0 2.02272 0
1718 2.02512 0 -2.02512 0 2.0251 0
1719 2.02738 0 -2.02738 0 2.02738 0
1720 2.0295 0 -2.0295 0 2.02949 0
1721 2.03147 0 -2.03147 0 2.03149 0
1722 2.03329 0 -2.03329 0 2.03332 0
1723 2.03496 0 -2.03496 0 2.03498 0
1724 2.03649 0 -2.03649 0 2.03648 0
1725 2.03786 0 -2.03786 0 2.03787 0
1726 2.03908 0 -2.03908 0 2.03909 0
1727 2.04014 0 -2.04014 0 2.04015 0
1728 2.04106 0 -2.04106 0 2.04103 0
1729 2.04182 0 -2.04182 0 2.04181 0
1730 2.04244 0 -2.04244 0 2.04242 0
1731 2.0429 0 -2.0429 0 2.04292 0
1732 2.04321 0 -2.04321 0 2.0432 0
1733 2.04338 0 -2.04338 0 2.04337 0
1734 2.04339 0 -2.04339 0 2.04337 0
1735 2.04216 0 -2.04216 0 2.04214 0
1736 2.03961 0 -2.03961 0 2.03959 0
1737 2.03574 0 -2.03574 0 2.03576 0
1738 2.03058 0 -2.03058 0 2.0306 0
1739 2.02417 0 -2.02417 0 2.02416 0
1740 2.01653 0 -2.01653 0 2.01655 0
1741 2.00771 0 -2.00771 0 2.00773 0
1742 1.99774 0 -1.99774 0 1.99774 0
1743 1.98666 0 -1.98666 0 1.98669 0
1744 1.97453 0 -1.97453 0 1.97453 0
1745 1.9614 0 -1.9614 0 1.96138 0
1746 1.94731 0 -1.94731 0 1.94733 0
1747 1.93231 0 -1.93231 0 1.93229 0
1748 1.91647 0 -1.91647 0 1.91647 0
1749 1.89982 0 -1.89982 0 1.89981 0
1750 1.88243 0 -1.88243 0 1.88244 0
1751 1.86434 0 -1.86434 0 1.86434 0
1752 1.84561 0 -1.84561 0 1.84563 0
1753 1.82628 0 -1.82628 0 1.82626 0
1754 1.8064 0 -1.8064 0 1.80639 0
1755 1.78602 0 -1.78602 0 1.78602 0
1756 1.76518 0 -1.76518 0 1.7652 0
1757 1.74392 0 -1.74392 0 1.74394 0
1758 1.72228 0 -1.72228 0 1.72229 0
1759 1.70029 0 -1.70029 0 1.70031 0
1760 1.678 0 -1.678 0 1.67799 0
1761 1.65543 0 -1.65543 0 1.65545 0
1762 1.63261 0 -1.63261 0 1.63264 0
1763 1.60957 0 -1.60957 0 1.60955 0
1764 1.58633 0 -1.58633 0 1.58634 0
1765 1.5629 0 -1.5629 0 1.56292 0
1766 1.53932 0 -1.53932 0 1.53932 0
1767 1.51559 0 -1.51559 0 1.51557 0
1768 1.49172 0 -1.49172 0 1.4917 0
1769 1.46773 0 -1.46773 0 1.46771 0
1770 1.44364 0 -1.44364 0 1.44362 0
1771 1.41943 0 -1.41943 0 1.41942 0
1772 1.39513 0 -1.39513 0 1.39511 0
1773 1.37072 0 -1.37072 0 1.37074 0
1774 1.34623 0 -1.34623 0 1.3462 0
1775 1.32164 0 -1.32164 0 1.32166 0
1776 1.29696 0 -1.29696 0 1.29696 0
1777 1.27218 0 -1.27218 0 1.2722 0
1778 1.24731 0 -1.24731 0 1.24728 0
1779 1.22234 0 -1.22234 0 1.22236 0
1780 1.19727 0 -1.19727 0 1.19726 0
1781 1.17209 0 -1.17209 0 1.17212 0
1782 1.14681 0 -1.14681 0 1.1468 0
1783 1.12142 0 -1.12142 0 1.12144 0
1784 1.09591 0 -1.09591 0 1.0959 0
1785 1.07028 0 -1.07028 0 1.07025 0
1786 1.04453 0 -1.04453 0 1.04455 0
1787 1.01866 0 -1.01866 0 1.01869 0
1788 0.992667 0 -0.992667 0 0.99265 0
1789 0.966542 0 -0.966542 0 0.96656 0
1790 0.940287 0 -0.940287 0 0.940248 0
1791 0.913902 0 -0.913902 0 0.913936 0
1792 0.887385 0 -0.887385 0 0.887401 0
1793 0.860738 0 -0.860738 0 0.860756 0
1794 0.833961 0 -0.833961 0 0.834 0
1795 0.807055 0 -0.807055 0 0.807021 0
1796 0.780024 0 -0.780024 0 0.780043 0
1797 0.75287 0 -0.75287 0 0.752842 0
1798 0.725597 0 -0.725597 0 0.725642 0
1799 0.69821 0 -0.69821 0 0.698219 0
1800 0.670713 0 -0.670713 0 0.670686 0
1801 0.643112 0 -0.643112 0 0.643152 0
1802 0.615415 0 -0.615415 0 0.615397 0
1803 0.587627 0 -0.587627 0 0.587641 0
1804 0.559757 0 -0.559757 0 0.559774 0
1805 0.531814 0 -0.531814 0 0.531797 0
1806 0.503805 0 -0.503805 0 0.503819 0
1807 0.475742 0 -0.475742 0 0.475731 0
1808 0.447632 0 -0.447632 0 0.447642 0
1809 0.419488 0 -0.419488 0 0.419442 0
1810 0.391319 0 -0.391319 0 0.391354 0
1811 0.363138 0 -0.363138 0 0.363154 0
1812 0.334955 0 -0.334955 0 0.334954 0
1813 0.306782 0 -0.306782 0 0.306755 0
1814 0.278633 0 -0.278633 0 0.278666 0
1815 0.250518 0 -0.250518 0 0.250466 0
1816 0.222452 0 -0.222452 0 0.222489 0
1817 0.194447 0 -0.194447 0 0.1944 0
1818 0.166515 0 -0.166515 0 0.166533 0
1819 0.138671 0 -0.138671 0 0.138667 0
1820 0.110926 0 -0.110926 0 0.110911 0
1821 0.0832945 0 -0.0832945 0 0.0832667 0
1822 0.0557894 0 -0.0557894 0 0.0558442 0
1823 0.0284234 0 -0.0284234 0 0.0284217 0
1824 0.00120978 0 -0.00120978 0 0.00122125 0
1825 -0.0258388 0 0.0258388 0 -0.0258682 0
1826 -0.0527094 0 0.0527094 0 -0.0527356 0
1827 -0.0793897 0 0.0793897 0 -0.0793809 0
1828 -0.105867 0 0.105867 0 -0.105915 0
1829 -0.13213 0 0.13213 0 -0.132117 0
1830 -0.158167 0 0.158167 0 -0.158207 0
1831 -0.183966 0 0.183966 0 -0.183964 0
1832 -0.209517 0 0.209517 0 -0.209499 0
1833 -0.234808 0 0.234808 0 -0.234812 0
1834 -0.25983 0 0.25983 0 -0.259792 0
1835 -0.284572 0 0.284572 0 -0.28455 0
1836 -0.309025 0 0.309025 0 -0.308975 0
1837 -0.33318 0 0.33318 0 -0.333178 0
1838 -0.357028 0 0.357028 0 -0.357048 0
1839 -0.380562 0 0.380562 0 -0.380584 0
1840 -0.403773 0 0.403773 0 -0.403788 0
1841 -0.426655 0 0.426655 0 -0.426659 0
1842 -0.449201 0 0.449201 0 -0.449196 0
1843 -0.471405 0 0.471405 0 -0.471401 0
1844 -0.49326 0 0.49326 0 -0.493272 0
1845 -0.514763 0 0.514763 0 -0.51481 0
1846 -0.535909 0 0.535909 0 -0.535905 0
1847 -0.556692 0 0.556692 0 -0.556666 0
1848 -0.577111 0 0.577111 0 -0.577094 0
1849 -0.597161 0 0.597161 0 -0.597189 0
1850 -0.61684 0 0.61684 0 -0.61684 0
1851 -0.636146 0 0.636146 0 -0.636158 0
1852 -0.655078 0 0.655078 0 -0.655032 0
1853 -0.673633 0 0.673633 0 -0.673683 0
1854 -0.691812 0 0.691812 0 -0.69178 0
1855 -0.709614 0 0.709614 0 -0.709655 0
1856 -0.727039 0 0.727039 0 -0.727085 0
1857 -0.744087 0 0.744087 0 -0.744071 0
1858 -0.760759 0 0.760759 0 -0.760725 0
1859 -0.777058 0 0.777058 0 -0.777045 0
1860 -0.792983 0 0.792983 0 -0.793032 0
1861 -0.808538 0 0.808538 0 -0.808575 0
1862 -0.823724 0 0.823724 0 -0.823674 0
1863 -0.838545 0 0.838545 0 -0.838551 0
1864 -0.853002 0 0.853002 0 -0.852984 0
1865 -0.867099 0 0.867099 0 -0.867084 0
1866 -0.880839 0 0.880839 0 -0.880851 0
1867 -0.894227 0 0.894227 0 -0.894174 0
1868 -0.907265 0 0.907265 0 -0.907274 0
1869 -0.919957 0 0.919957 0 -0.919931 0
1870 -0.932308 0 0.932308 0 -0.932254 0
1871 -0.944323 0 0.944323 0 -0.944356 0
1872 -0.956005 0 0.956005 0 -0.956013 0
1873 -0.967358 0 0.967358 0 -0.967337 0
1874 -0.978388 0 0.978388 0 -0.97844 0
1875 -0.9891 0 0.9891 0 -0.989098 0
1876 -0.999497 0 0.999497 0 -0.999534 0
1877 -1.00958 0 1.00958 0 -1.00964 0
1878 -1.01937 0 1.01937 0 -1.01941 0
1879 -1.02885 0 1.02885 0 -1.02884 0
1880 -1.03804 0 1.03804 0 -1.03806 0
1881 -1.04694 0 1.04694 0 -1.04694 0
1882 -1.05556 0 1.05556 0 -1.0556 0
1883 -1.06389 0 1.06389 0 -1.06393 0
1884 -1.07195 0 1.07195 0 -1.07203 0
1885 -1.07974 0 1.07974 0 -1.0798 0
1886 -1.08726 0 1.08726 0 -1.08735 0
1887 -1.09452 0 1.09452 0 -1.09446 0
1888 -1.10153 0 1.10153 0 -1.10156 0
1889 -1.10828 0 1.10828 0 -1.10822 0
1890 -1.11478 0 1.11478 0 -1.11489 0
1891 -1.12104 0 1.12104 0 -1.1211 0
1892 -1.12706 0 1.12706 0 -1.1271 0
1893 -1.13284 0 1.13284 0 -1.13287 0
1894 -1.13838 0 1.13838 0 -1.13842 0
1895 -1.1437 0 1.1437 0 -1.14375 0
1896 -1.14879 0 1.14879 0 -1.14886 0
1897 -1.15365 0 1.15365 0 -1.15374 0
1898 -1.1583 0 1.1583 0 -1.15818 0
1899 -1.16272 0 1.16272 0 -1.16263 0
1900 -1.16693 0 1.16693 0 -1.16684 0
1901 -1.17093 0 1.17093 0 -1.17084 0
1902 -1.17471 0 1.17471 0 -1.17462 0
1903 -1.17829 0 1.17829 0 -1.17839 0
1904 -1.18166 0 1.18166 0 -1.18172 0
1905 -1.18482 0 1.18482 0 -1.18483 0
1906 -1.18778 0 1.18778 0 -1.18772 0
1907 -1.19053 0 1.19053 0 -1.1906 0
1908 -1.19307 0 1.19307 0 -1.19305 0
1909 -1.19541 0 1.19541 0 -1.19549 0
1910 -1.19755 0 1.19755 0 -1.19749 0
1911 -1.19948 0 1.19948 0 -1.19948 0
1912 -1.2012 0 1.2012 0 -1.20126 0
1913 -1.20271 0 1.20271 0 -1.20282 0
1914 -1.20402 0 1.20402 0 -1.20393 0
1915 -1.20512 0 1.20512 0 -1.20504 0
1916 -1.20601 0 1.20601 0 -1.20592 0
1917 -1.20668 0 1.20668 0 -1.20659 0
1918 -1.20714 0 1.20714 0 -1.20703 0
1919 -1.20738 0 1.20738 0 -1.20748 0
1920 -1.2074 0 1.2074 0 -1.20748 0
1921 -1.20698 0 1.20698 0 -1.20703 0
1922 -1.20608 0 1.20608 0 -1.20615 0
1923 -1.2047 0 1.2047 0 -1.20459 0
1924 -1.20284 0 1.20284 0 -1.20282 0
1925 -1.2005 0 1.2005 0 -1.2006 0
1926 -1.19767 0 1.19767 0 -1.19771 0
1927 -1.19436 0 1.19436 0 -1.19438 0
1928 -1.19057 0 1.19057 0 -1.1906 0
1929 -1.1863 0 1.1863 0 -1.18638 0
1930 -1.18155 0 1.18155 0 -1.1815 0
1931 -1.17632 0 1.17632 0 -1.17639 0
1932 -1.17061 0 1.17061 0 -1.17062 0
1933 -1.16444 0 1.16444 0 -1.1644 0
1934 -1.1578 0 1.1578 0 -1.15774 0
1935 -1.1507 0 1.1507 0 -1.15064 0
1936 -1.14315 0 1.14315 0 -1.14309 0
1937 -1.13514 0 1.13514 0 -1.13509 0
1938 -1.12669 0 1.12669 0 -1.12665 0
1939 -1.1178 0 1.1178 0 -1.11777 0
1940 -1.10848 0 1.10848 0 -1.10845 0
1941 -1.09872 0 1.09872 0 -1.09868 0
1942 -1.08855 0 1.08855 0 -1.08846 0
1943 -1.07796 0 1.07796 0 -1.07803 0
1944 -1.06696 0 1.06696 0 -1.06692 0
1945 -1.05556 0 1.05556 0 -1.0556 0
1946 -1.04376 0 1.04376 0 -1.04383 0
1947 -1.03157 0 1.03157 0 -1.03162 0
1948 -1.019 0 1.019 0 -1.01896 0
1949 -1.00605 0 1.00605 0 -1.00608 0
1950 -0.992738 0 0.992738 0 -0.992761 0
1951 -0.979062 0 0.979062 0 -0.978995 0
1952 -0.965031 0 0.965031 0 -0.965006 0
1953 -0.950654 0 0.950654 0 -0.950573 0
1954 -0.935937 0 0.935937 0 -0.935918 0
1955 -0.920888 0 0.920888 0 -0.92093 0
1956 -0.905514 0 0.905514 0 -0.905498 0
1957 -0.889822 0 0.889822 0 -0.889844 0
1958 -0.873821 0 0.873821 0 -0.873857 0
1959 -0.857518 0 0.857518 0 -0.857536 0
1960 -0.840922 0 0.840922 0 -0.840883 0
1961 -0.82404 0 0.82404 0 -0.824008 0
1962 -0.80688 0 0.80688 0 -0.80691 0
1963 -0.789452 0 0.789452 0 -0.78948 0
1964 -0.771764 0 0.771764 0 -0.771716 0
1965 -0.753824 0 0.753824 0 -0.753841 0
1966 -0.735642 0 0.735642 0 -0.735634 0
1967 -0.717226 0 0.717226 0 -0.717204 0
1968 -0.698586 0 0.698586 0 -0.698552 0
1969 -0.679732 0 0.679732 0 -0.679679 0
1970 -0.660672 0 0.660672 0 -0.660694 0
1971 -0.641416 0 0.641416 0 -0.641376 0
1972 -0.621974 0 0.621974 0 -0.621947 0
1973 -0.602356 0 0.602356 0 -0.602407 0
1974 -0.582572 0 0.582572 0 -0.582534 0
1975 -0.562633 0 0.562633 0 -0.562661 0
1976 -0.542547 0 0.542547 0 -0.542566 0
1977 -0.522326 0 0.522326 0 -0.52236 0
1978 -0.50198 0 0.50198 0 -0.501932 0
1979 -0.481519 0 0.481519 0 -0.481504 0
1980 -0.460955 0 0.460955 0 -0.460965 0
1981 -0.440297 0 0.440297 0 -0.440314 0
1982 -0.419556 0 0.419556 0 -0.419553 0
1983 -0.398743 0 0.398743 0 -0.398792 0
1984 -0.377868 0 0.377868 0 -0.37792 0
1985 -0.356942 0 0.356942 0 -0.356937 0
1986 -0.335974 0 0.335974 0 -0.335953 0
1987 -0.314977 0 0.314977 0 -0.31497 0
1988 -0.293959 0 0.293959 0 -0.293987 0
1989 -0.272932 0 0.272932 0 -0.272893 0
1990 -0.251906 0 0.251906 0 -0.25191 0
1991 -0.23089 0 0.23089 0 -0.230926 0
1992 -0.209895 0 0.209895 0 -0.209943 0
1993 -0.18893 0 0.18893 0 -0.18896 0
1994 -0.168005 0 0.168005 0 -0.167977 0
1995 -0.147131 0 0.147131 0 -0.147105 0
1996 -0.126315 0 0.126315 0 -0.126343 0
1997 -0.105568 0 0.105568 0 -0.105582 0
1998 -0.0848987 0 0.0848987 0 -0.0849321 0
1999 -0.0643156 0 0.0643156 0 -0.0642819 0
2000 -0.0438277 0 0.0438277 0 -0.0438538 0
2001 -0.0234434 0 0.0234434 0 -0.0234257 0
2002 -0.00317112 0 0.00317112 0 -0.00321965 0
2003 0.0169813 0 -0.0169813 0 0.0169864 0
2004 0.0370059 0 -0.0370059 0 0.0369704 0
2005 0.056895 0 -0.056895 0 0.0568434 0
2006 0.0766414 0 -0.0766414 0 0.0766054 0
2007 0.0962377 0 -0.0962377 0 0.0962563 0
2008 0.115677 0 -0.115677 0 0.115685 0
2009 0.134952 0 -0.134952 0 0.135003 0
2010 0.154057 0 -0.154057 0 0.154099 0
2011 0.172986 0 -0.172986 0 0.172973 0
2012 0.191732 0 -0.191732 0 0.191736 0
2013 0.210289 0 -0.210289 0 0.210276 0
2014 0.228654 0 -0.228654 0 0.228706 0
2015 0.246819 0 -0.246819 0 0.246803 0
2016 0.26478 0 -0.26478 0 0.264788 0
2017 0.282533 0 -0.282533 0 0.282552 0
2018 0.300073 0 -0.300073 0 0.300093 0
2019 0.317395 0 -0.317395 0 0.317413 0
2020 0.334496 0 -0.334496 0 0.33451 0
2021 0.351372 0 -0.351372 0 0.351386 0
2022 0.368019 0 -0.368019 0 0.368039 0
2023 0.384435 0 -0.384435 0 0.38447 0
2024 0.400616 0 -0.400616 0 0.400568 0
2025 0.416559 0 -0.416559 0 0.416556 0
2026 0.432262 0 -0.432262 0 0.43221 0
2027 0.447724 0 -0.447724 0 0.447753 0
2028 0.462941 0 -0.462941 0 0.462963 0
2029 0.477911 0 -0.477911 0 0.477951 0
2030 0.492634 0 -0.492634 0 0.492606 0
2031 0.507107 0 -0.507107 0 0.50715 0
2032 0.52133 0 -0.52133 0 0.521361 0
2033 0.535302 0 -0.535302 0 0.53535 0
2034 0.549021 0 -0.549021 0 0.549005 0
2035 0.562488 0 -0.562488 0 0.562439 0
2036 0.575702 0 -0.575702 0 0.575651 0
2037 0.588663 0 -0.588663 0 0.58864 0
2038 0.601371 0 -0.601371 0 0.601408 0
2039 0.613826 0 -0.613826 0 0.613842 0
2040 0.626028 0 -0.626028 0 0.626055 0
2041 0.637978 0 -0.637978 0 0.637934 0
2042 0.649676 0 -0.649676 0 0.649703 0
2043 0.661125 0 -0.661125 0 0.661138 0
2044 0.672323 0 -0.672323 0 0.672351 0
2045 0.683274 0 -0.683274 0 0.683231 0
2046 0.693977 0 -0.693977 0 0.694 0
