1 0.000539421
2 0.00122744
3 0.00248595
4 0.00476758
5 0.00851038
6 0.0132188
7 0.01828
8 0.0230941
9 0.0281121
10 0.0340215
11 0.0414926
12 0.0499941
13 0.0585801
14 0.0672654
15 0.0759954
16 0.0844664
17 0.0929293
18 0.101972
19 0.112168
20 0.124076
21 0.136405
22 0.146197
23 0.152897
24 0.158578
25 0.164491
26 0.171372
27 0.180806
28 0.194331
29 0.212236
30 0.232322
31 0.252999
32 0.274165
33 0.295722
34 0.317181
35 0.336548
36 0.351887
37 0.361562
38 0.365184
39 0.360011
40 0.347999
41 0.33102
42 0.309496
43 0.28385
44 0.254504
45 0.221878
46 0.184377
47 0.140332
48 0.0881228
49 0.0261834
50 -0.0437734
51 -0.119481
52 -0.198718
53 -0.280829
54 -0.365616
55 -0.450892
56 -0.533808
57 -0.611683
58 -0.682042
59 -0.742542
60 -0.790912
61 -0.824931
62 -0.847384
63 -0.864886
64 -0.883899
65 -0.910742
66 -0.951588
67 -1.01248
68 -1.09421
69 -1.1904
70 -1.29718
71 -1.41491
72 -1.54395
73 -1.68445
74 -1.83611
75 -1.99881
76 -2.1729
77 -2.35952
78 -2.56083
79 -2.76912
80 -2.97684
81 -3.1766
82 -3.36115
83 -3.52343
84 -3.65647
85 -3.75357
86 -3.81817
87 -3.85362
88 -3.8632
89 -3.8501
90 -3.81748
91 -3.76417
92 -3.68855
93 -3.59636
94 -3.49465
95 -3.39033
96 -3.29009
97 -3.20045
98 -3.12771
99 -3.07798
100 -3.05718
101 -3.07103
102 -3.12506
103 -3.22448
104 -3.36494
105 -3.53519
106 -3.72417
107 -3.92131
108 -4.11661
109 -4.30042
110 -4.46331
111 -4.59603
112 -4.6895
113 -4.74172
114 -4.76304
115 -4.76355
116 -4.75312
117 -4.74143
118 -4.73797
119 -4.75197
120 -4.79242
121 -4.86811
122 -4.98031
123 -5.08624
124 -5.14898
125 -5.17901
126 -5.1866
127 -5.18174
128 -5.17424
129 -5.17371
130 -5.17141
131 -5.15832
132 -5.12569
133 -5.06502
134 -4.97833
135 -4.86907
136 -4.74244
137 -4.6039
138 -4.45875
139 -4.31211
140 -4.1689
141 -4.03384
142 -3.90576
143 -3.78084
144 -3.65531
145 -3.5259
146 -3.38966
147 -3.24368
148 -3.09021
149 -2.93572
150 -2.78655
151 -2.64887
152 -2.52304
153 -2.40244
154 -2.28058
155 -2.15564
156 -2.0333
157 -1.91915
158 -1.81867
159 -1.73724
160 -1.67718
161 -1.63222
162 -1.59626
163 -1.56333
164 -1.53012
165 -1.50666
166 -1.50276
167 -1.52612
168 -1.56469
169 -1.60661
170 -1.64028
171 -1.6544
172 -1.63799
173 -1.60136
174 -1.55537
175 -1.51064
176 -1.47753
177 -1.44893
178 -1.41533
179 -1.36741
180 -1.29607
181 -1.20641
182 -1.10741
183 -1.00787
184 -0.908494
185 -0.806648
186 -0.69976
187 -0.58531
188 -0.466356
189 -0.349448
190 -0.240994
191 -0.141531
192 -0.0466174
193 0.0470074
194 0.1414
195 0.238571
196 0.336445
197 0.427316
198 0.503638
199 0.558025
200 0.587594
201 0.598769
202 0.597823
203 0.59089
204 0.58399
205 0.580898
206 0.576828
207 0.56827
208 0.558323
209 0.550026
210 0.545692
211 0.540125
212 0.528248
213 0.505115
214 0.465931
215 0.406056
216 0.321019
217 0.206508
218 0.0690704
219 -0.0838534
220 -0.245026
221 -0.407429
222 -0.564261
223 -0.708945
224 -0.835118
225 -0.936605
226 -1.01728
227 -1.08481
228 -1.14668
229 -1.20082
230 -1.24007
231 -1.25745
232 -1.24611
233 -1.19939
234 -1.12181
235 -1.02766
236 -0.930952
237 -0.845341
238 -0.784109
239 -0.747051
240 -0.714896
241 -0.678017
242 -0.643447
243 -0.618043
244 -0.608477
245 -0.62123
246 -0.662567
247 -0.738511
248 -0.850434
249 -0.981054
250 -1.1135
251 -1.23135
252 -1.32071
253 -1.38735
254 -1.43698
255 -1.47519
256 -1.50749
257 -1.52525
258 -1.52003
259 -1.4836
260 -1.42118
261 -1.33895
262 -1.24303
263 -1.13942
264 -1.03394
265 -0.924044
266 -0.80522
267 -0.672998
268 -0.529717
269 -0.380023
270 -0.228397
271 -0.0791646
272 0.0634865
273 0.20382
274 0.35122
275 0.514886
276 0.693548
277 0.877362
278 1.05671
279 1.22219
280 1.37083
281 1.50742
282 1.63662
283 1.76297
284 1.88768
285 2.006
286 2.11319
287 2.2046
288 2.27563
289 2.32174
290 2.34097
291 2.34078
292 2.32845
293 2.31118
294 2.29496
295 2.27749
296 2.25649
297 2.22993
298 2.19954
299 2.16705
300 2.1329
301 2.09751
302 2.06802
303 2.04396
304 2.02569
305 2.0137
306 2.00521
307 1.99691
308 1.98555
309 1.96795
310 1.94757
311 1.92995
312 1.92048
313 1.91786
314 1.91772
315 1.91575
316 1.91274
317 1.91265
318 1.91582
319 1.91981
320 1.92224
321 1.92078
322 1.91317
323 1.90067
324 1.88885
325 1.88014
326 1.87216
327 1.86384
328 1.85644
329 1.85075
330 1.84638
331 1.84296
332 1.84
333 1.83657
334 1.8323
335 1.8293
336 1.82965
337 1.83535
338 1.84797
339 1.86467
340 1.88266
341 1.8992
342 1.91163
343 1.92526
344 1.93985
345 1.95489
346 1.96993
347 1.98517
348 2.00094
349 2.01512
350 2.02517
351 2.02865
352 2.02319
353 2.00651
354 1.97641
355 1.93585
356 1.88994
357 1.84371
358 1.80204
359 1.76513
360 1.73012
361 1.69419
362 1.65909
363 1.63058
364 1.6101
365 1.59452
366 1.58075
367 1.56578
368 1.54666
369 1.52286
370 1.49802
371 1.47572
372 1.45785
373 1.44291
374 1.43121
375 1.42255
376 1.41498
377 1.40661
378 1.39557
379 1.38049
380 1.36321
381 1.34552
382 1.32889
383 1.30877
384 1.2807
385 1.24718
386 1.21067
387 1.17357
388 1.13824
389 1.10418
390 1.07061
391 1.03678
392 1.00193
393 0.964231
394 0.921646
395 0.872169
396 0.816608
397 0.756745
398 0.689466
399 0.614352
400 0.533426
401 0.448668
402 0.362006
403 0.275326
404 0.190468
405 0.109231
406 0.0333742
407 -0.0353787
408 -0.0978295
409 -0.157826
410 -0.219127
411 -0.282745
412 -0.345244
413 -0.403261
414 -0.453502
415 -0.494147
416 -0.527037
417 -0.553965
418 -0.57639
419 -0.594625
420 -0.608974
421 -0.619663
422 -0.626484
423 -0.629233
424 -0.627931
425 -0.625906
426 -0.626414
427 -0.632629
428 -0.644071
429 -0.660682
430 -0.682411
431 -0.708298
432 -0.737338
433 -0.768557
434 -0.801015
435 -0.835295
436 -0.87229
437 -0.908107
438 -0.937561
439 -0.955577
440 -0.957186
441 -0.937522
442 -0.898213
443 -0.844236
444 -0.780507
445 -0.711863
446 -0.643037
447 -0.57632
448 -0.511914
449 -0.449994
450 -0.394744
451 -0.354888
452 -0.338911
453 -0.348097
454 -0.372853
455 -0.403737
456 -0.431489
457 -0.44707
458 -0.445897
459 -0.434822
460 -0.418077
461 -0.391139
462 -0.353866
463 -0.326036
464 -0.32382
465 -0.341586
466 -0.373751
467 -0.414812
468 -0.459541
469 -0.508098
470 -0.560651
471 -0.612057
472 -0.657235
473 -0.691254
474 -0.709335
475 -0.706843
476 -0.692681
477 -0.677717
478 -0.672583
479 -0.687646
480 -0.713653
481 -0.735681
482 -0.752348
483 -0.767459
484 -0.784751
485 -0.80788
486 -0.84042
487 -0.880667
488 -0.923501
489 -0.963933
490 -0.997107
491 -1.0183
492 -1.02761
493 -1.03024
494 -1.03131
495 -1.0358
496 -1.04859
497 -1.07173
498 -1.10237
499 -1.13772
500 -1.17506
501 -1.21174
502 -1.24619
503 -1.27883
504 -1.30513
505 -1.32298
506 -1.3419
507 -1.36959
508 -1.40218
509 -1.43585
510 -1.4671
511 -1.49664
512 -1.52144
513 -1.5385
514 -1.55202
515 -1.56625
516 -1.58535
517 -1.61337
518 -1.65431
519 -1.71203
520 -1.78261
521 -1.86062
522 -1.94075
523 -2.01783
524 -2.08678
525 -2.14851
526 -2.20627
527 -2.25881
528 -2.30259
529 -2.33417
530 -2.35018
531 -2.35409
532 -2.35447
533 -2.35968
534 -2.37225
535 -2.38888
536 -2.40635
537 -2.42151
538 -2.43261
539 -2.43996
540 -2.44388
541 -2.44382
542 -2.43761
543 -2.42311
544 -2.39828
545 -2.36282
546 -2.32202
547 -2.28106
548 -2.24378
549 -2.20739
550 -2.16918
551 -2.12708
552 -2.08542
553 -2.04845
554 -2.02026
555 -2.00485
556 -1.99714
557 -1.99206
558 -1.98466
559 -1.97008
560 -1.95097
561 -1.93076
562 -1.9128
563 -1.9004
564 -1.89071
565 -1.87946
566 -1.86246
567 -1.83565
568 -1.79902
569 -1.75426
570 -1.70303
571 -1.64698
572 -1.58768
573 -1.52316
574 -1.44897
575 -1.36074
576 -1.25809
577 -1.14432
578 -1.02264
579 -0.896202
580 -0.768052
581 -0.641167
582 -0.518447
583 -0.40272
584 -0.296754
585 -0.203255
586 -0.124871
587 -0.0635683
588 -0.019346
589 0.00778379
590 0.0178002
591 0.00987506
592 -0.0212245
593 -0.0792384
594 -0.156525
595 -0.245567
596 -0.339004
597 -0.429669
598 -0.510606
599 -0.575071
600 -0.623991
601 -0.658634
602 -0.680272
603 -0.686178
604 -0.673213
605 -0.638371
606 -0.583509
607 -0.511573
608 -0.425487
609 -0.328118
610 -0.220122
611 -0.101272
612 0.0287141
613 0.167088
614 0.309548
615 0.451936
616 0.590228
617 0.720253
618 0.841177
619 0.955268
620 1.06475
621 1.17032
622 1.27095
623 1.3641
624 1.44849
625 1.52818
626 1.60386
627 1.67213
628 1.735
629 1.79354
630 1.84722
631 1.89823
632 1.94872
633 2.00078
634 2.05593
635 2.11245
636 2.16864
637 2.22311
638 2.27772
639 2.33429
640 2.39461
641 2.46042
642 2.52857
643 2.59584
644 2.65909
645 2.71526
646 2.76512
647 2.80995
648 2.851
649 2.88951
650 2.92434
651 2.95375
652 2.97605
653 2.98993
654 2.99423
655 2.98783
656 2.96968
657 2.93876
658 2.89764
659 2.8513
660 2.80462
661 2.76236
662 2.7275
663 2.70122
664 2.68273
665 2.66885
666 2.65646
667 2.64249
668 2.62396
669 2.60152
670 2.58312
671 2.57283
672 2.56517
673 2.55478
674 2.53875
675 2.52322
676 2.51416
677 2.51743
678 2.53734
679 2.56733
680 2.60095
681 2.63226
682 2.66472
683 2.70171
684 2.74271
685 2.78721
686 2.83296
687 2.8777
688 2.92105
689 2.95982
690 2.99051
691 3.00975
692 3.01422
693 3.00073
694 2.97311
695 2.93743
696 2.89968
697 2.86568
698 2.84113
699 2.83155
700 2.83565
701 2.84788
702 2.86275
703 2.87764
704 2.89234
705 2.90277
706 2.91141
707 2.92672
708 2.94921
709 2.97932
710 3.0175
711 3.06415
712 3.11756
713 3.17124
714 3.21884
715 3.25416
716 3.27114
717 3.26586
718 3.24261
719 3.20565
720 3.15918
721 3.10735
722 3.0542
723 3.00368
724 2.9594
725 2.91789
726 2.87576
727 2.82968
728 2.77637
729 2.71983
730 2.66445
731 2.61451
732 2.56863
733 2.52458
734 2.48264
735 2.44362
736 2.40831
737 2.37748
738 2.35326
739 2.33823
740 2.33495
741 2.33972
742 2.34561
743 2.34976
744 2.35197
745 2.34913
746 2.34076
747 2.33084
748 2.32329
749 2.32193
750 2.33047
751 2.34709
752 2.36209
753 2.37083
754 2.37737
755 2.3857
756 2.39691
757 2.40513
758 2.40462
759 2.39158
760 2.36868
761 2.33857
762 2.30386
763 2.26711
764 2.23082
765 2.19743
766 2.16903
767 2.1429
768 2.11631
769 2.08663
770 2.05679
771 2.02979
772 2.00855
773 1.99592
774 1.98881
775 1.98342
776 1.976
777 1.96792
778 1.96171
779 1.95508
780 1.9443
781 1.9257
782 1.89972
783 1.86861
784 1.83172
785 1.78687
786 1.73189
787 1.66859
788 1.60173
789 1.53595
790 1.47577
791 1.42563
792 1.38578
793 1.3515
794 1.31813
795 1.28362
796 1.25
797 1.2193
798 1.19347
799 1.17446
800 1.16293
801 1.15597
802 1.15075
803 1.1445
804 1.13529
805 1.12536
806 1.11687
807 1.11197
808 1.11238
809 1.11469
810 1.11558
811 1.11455
812 1.10763
813 1.09092
814 1.06981
815 1.05011
816 1.03747
817 1.03743
818 1.0464
819 1.05926
820 1.07097
821 1.0766
822 1.07871
823 1.07788
824 1.07307
825 1.0633
826 1.0492
827 1.03228
828 1.01396
829 0.994553
830 0.973567
831 0.952999
832 0.936959
833 0.926829
834 0.920901
835 0.917156
836 0.91362
837 0.908362
838 0.901654
839 0.897477
840 0.89841
841 0.904181
842 0.914504
843 0.928859
844 0.946041
845 0.96489
846 0.984381
847 1.00351
848 1.02188
849 1.0421
850 1.05818
851 1.06428
852 1.05503
853 1.03422
854 1.00559
855 0.972799
856 0.939437
857 0.90898
858 0.882064
859 0.859035
860 0.840219
861 0.824803
862 0.810219
863 0.793603
864 0.776464
865 0.761581
866 0.751664
867 0.74937
868 0.757291
869 0.774996
870 0.800428
871 0.831554
872 0.864256
873 0.899689
874 0.940499
875 0.985727
876 1.03443
877 1.08642
878 1.14236
879 1.2029
880 1.2687
881 1.33989
882 1.41563
883 1.49515
884 1.57771
885 1.6626
886 1.74846
887 1.83166
888 1.90873
889 1.97624
890 2.0309
891 2.07021
892 2.09728
893 2.11511
894 2.12665
895 2.13478
896 2.14229
897 2.15191
898 2.16306
899 2.17509
900 2.18734
901 2.19918
902 2.20997
903 2.21935
904 2.22691
905 2.23225
906 2.23496
907 2.23631
908 2.23807
909 2.24195
910 2.24738
911 2.25278
912 2.25658
913 2.2592
914 2.26227
915 2.26737
916 2.27603
917 2.28775
918 2.30018
919 2.31099
920 2.32028
921 2.33102
922 2.34612
923 2.36665
924 2.39079
925 2.41673
926 2.44311
927 2.4696
928 2.49584
929 2.52151
930 2.54627
931 2.5698
932 2.59178
933 2.61192
934 2.62989
935 2.64521
936 2.65742
937 2.66606
938 2.6707
939 2.67089
940 2.6662
941 2.65579
942 2.63883
943 2.61715
944 2.59282
945 2.56785
946 2.54419
947 2.52378
948 2.50577
949 2.48863
950 2.47089
951 2.45497
952 2.44468
953 2.44374
954 2.45146
955 2.4649
956 2.48119
957 2.49747
958 2.51096
959 2.51898
960 2.52134
961 2.52022
962 2.51776
963 2.51607
964 2.51717
965 2.52302
966 2.53553
967 2.55468
968 2.57697
969 2.59894
970 2.6181
971 2.63434
972 2.64756
973 2.65696
974 2.65991
975 2.6587
976 2.65563
977 2.65293
978 2.65278
979 2.65718
980 2.66559
981 2.67752
982 2.693
983 2.71206
984 2.73473
985 2.75728
986 2.77583
987 2.78661
988 2.79083
989 2.79045
990 2.78736
991 2.78346
992 2.78058
993 2.78052
994 2.78502
995 2.79198
996 2.79768
997 2.79849
998 2.79089
999 2.7749
1000 2.75294
1001 2.72734
1002 2.70043
1003 2.67445
1004 2.6516
1005 2.634
1006 2.62294
1007 2.61866
1008 2.62137
1009 2.63122
1010 2.64834
1011 2.67254
1012 2.70286
1013 2.73811
1014 2.77633
1015 2.81563
1016 2.85423
1017 2.89082
1018 2.92633
1019 2.96168
1020 2.99775
1021 3.03518
1022 3.07116
1023 3.10294
1024 3.12785
1025 3.14326
1026 3.1466
1027 3.13944
1028 3.12354
1029 3.10066
1030 3.07253
1031 3.04109
1032 3.00826
1033 2.97592
1034 2.9459
1035 2.91996
1036 2.89981
1037 2.88708
1038 2.88023
1039 2.87627
1040 2.87231
1041 2.8655
1042 2.85305
1043 2.83228
1044 2.80356
1045 2.76981
1046 2.73388
1047 2.69858
1048 2.66663
1049 2.64069
1050 2.62092
1051 2.60382
1052 2.58599
1053 2.56408
1054 2.53485
1055 2.49679
1056 2.45272
1057 2.40543
1058 2.35762
1059 2.31195
1060 2.271
1061 2.23729
1062 2.21327
1063 2.20135
1064 2.20336
1065 2.21406
1066 2.22828
1067 2.24096
1068 2.24717
1069 2.24212
1070 2.2275
1071 2.20537
1072 2.18655
1073 2.16422
1074 2.13734
1075 2.10635
1076 2.07426
1077 2.04461
1078 2.01642
1079 1.98727
1080 1.95477
1081 1.9166
1082 1.87047
1083 1.817
1084 1.75842
1085 1.6969
1086 1.63457
1087 1.57349
1088 1.51565
1089 1.4625
1090 1.41488
1091 1.37363
1092 1.33955
1093 1.31344
1094 1.29471
1095 1.28051
1096 1.26888
1097 1.25971
1098 1.2529
1099 1.24807
1100 1.24399
1101 1.23946
1102 1.23377
1103 1.22832
1104 1.2245
1105 1.22367
1106 1.22715
1107 1.23612
1108 1.24969
1109 1.26701
1110 1.28719
1111 1.31097
1112 1.33908
1113 1.37221
1114 1.41103
1115 1.45618
1116 1.50827
1117 1.55913
1118 1.59913
1119 1.62743
1120 1.64551
1121 1.65485
1122 1.65694
1123 1.65239
1124 1.64144
1125 1.62435
1126 1.60307
1127 1.58055
1128 1.55969
1129 1.54327
1130 1.53403
1131 1.53156
1132 1.53248
1133 1.53347
1134 1.53127
1135 1.52271
1136 1.5066
1137 1.48488
1138 1.45946
1139 1.4322
1140 1.40492
1141 1.37876
1142 1.35313
1143 1.32742
1144 1.30103
1145 1.27355
1146 1.24551
1147 1.21742
1148 1.18978
1149 1.16306
1150 1.13768
1151 1.11338
1152 1.0899
1153 1.06893
1154 1.05213
1155 1.0411
1156 1.03744
1157 1.04268
1158 1.05832
1159 1.07889
1160 1.09789
1161 1.10897
1162 1.11192
1163 1.10823
1164 1.09939
1165 1.08599
1166 1.06826
1167 1.04644
1168 1.02176
1169 0.995965
1170 0.970744
1171 0.947746
1172 0.92857
1173 0.914769
1174 0.906425
1175 0.90216
1176 0.901343
1177 0.904237
1178 0.911091
1179 0.922136
1180 0.937586
1181 0.956621
1182 0.976352
1183 0.993955
1184 1.00749
1185 1.01742
1186 1.02423
1187 1.02839
1188 1.03034
1189 1.03029
1190 1.02858
1191 1.02673
1192 1.0262
1193 1.02843
1194 1.0348
1195 1.04666
1196 1.06531
1197 1.08912
1198 1.11636
1199 1.14537
1200 1.1745
1201 1.20215
1202 1.22674
1203 1.24914
1204 1.27067
1205 1.29265
1206 1.31637
1207 1.3431
1208 1.36973
1209 1.39146
1210 1.40818
1211 1.42225
1212 1.43596
1213 1.45158
1214 1.46879
1215 1.48529
1216 1.49888
1217 1.50735
1218 1.50861
1219 1.50333
1220 1.4957
1221 1.48983
1222 1.48972
1223 1.49697
1224 1.50883
1225 1.52259
1226 1.53555
1227 1.54512
1228 1.54982
1229 1.55189
1230 1.55355
1231 1.55696
1232 1.56422
1233 1.57738
1234 1.59841
1235 1.62921
1236 1.67133
1237 1.71711
1238 1.75911
1239 1.79003
1240 1.80282
1241 1.80222
1242 1.79368
1243 1.78259
1244 1.7742
1245 1.77364
1246 1.78591
1247 1.81583
1248 1.85385
1249 1.88631
1250 1.91052
1251 1.92803
1252 1.94036
1253 1.94904
1254 1.95555
1255 1.95813
1256 1.95292
1257 1.93856
1258 1.9157
1259 1.88504
1260 1.84674
1261 1.80047
1262 1.74736
1263 1.69042
1264 1.6326
1265 1.57676
1266 1.52567
1267 1.48124
1268 1.4436
1269 1.41286
1270 1.38909
1271 1.37257
1272 1.36442
1273 1.36569
1274 1.37743
1275 1.40058
1276 1.4353
1277 1.47444
1278 1.511
1279 1.53838
1280 1.55819
1281 1.57205
1282 1.58157
1283 1.58835
1284 1.58968
1285 1.58262
1286 1.56432
1287 1.53651
1288 1.50172
1289 1.46241
1290 1.42102
1291 1.3799
1292 1.34081
1293 1.30524
1294 1.27463
1295 1.25038
1296 1.23382
1297 1.22622
1298 1.22884
1299 1.24284
1300 1.26216
1301 1.27478
1302 1.27586
1303 1.26767
1304 1.25247
1305 1.23094
1306 1.20164
1307 1.16318
1308 1.11423
1309 1.05349
1310 0.981533
1311 0.903102
1312 0.822798
1313 0.745087
1314 0.674307
1315 0.614673
1316 0.57029
1317 0.54516
1318 0.541726
1319 0.55077
1320 0.563243
1321 0.570286
1322 0.563457
1323 0.546572
1324 0.523397
1325 0.49763
1326 0.472884
1327 0.45267
1328 0.440409
1329 0.429168
1330 0.41066
1331 0.37678
1332 0.328573
1333 0.269296
1334 0.202124
1335 0.130153
1336 0.0564056
1337 -0.0161679
1338 -0.0846813
1339 -0.146311
1340 -0.19829
1341 -0.237909
1342 -0.26251
1343 -0.269484
1344 -0.259257
1345 -0.235126
1346 -0.200365
1347 -0.158209
1348 -0.111214
1349 -0.0610042
1350 -0.00917029
1351 0.0427405
1352 0.0934874
1353 0.142426
1354 0.188946
1355 0.232469
1356 0.272447
1357 0.308366
1358 0.339916
1359 0.367644
1360 0.392101
1361 0.413847
1362 0.433444
1363 0.451317
1364 0.46561
1365 0.474515
1366 0.476279
1367 0.469201
1368 0.451648
1369 0.42558
1370 0.393179
1371 0.356594
1372 0.317928
1373 0.279226
1374 0.241498
1375 0.205495
1376 0.171926
1377 0.141463
1378 0.114745
1379 0.0906102
1380 0.06714
1381 0.0424464
1382 0.0146769
1383 -0.0160872
1384 -0.0485074
1385 -0.081281
1386 -0.11314
1387 -0.142852
1388 -0.16922
1389 -0.192077
1390 -0.212456
1391 -0.231373
1392 -0.249065
1393 -0.264563
1394 -0.276915
1395 -0.285744
1396 -0.291909
1397 -0.296247
1398 -0.299138
1399 -0.299571
1400 -0.296555
1401 -0.289128
1402 -0.276362
1403 -0.257639
1404 -0.234387
1405 -0.20801
1406 -0.179888
1407 -0.151368
1408 -0.123757
1409 -0.0983223
1410 -0.0740067
1411 -0.0497088
1412 -0.0243426
1413 0.00296436
1414 0.0330463
1415 0.066718
1416 0.104774
1417 0.147989
1418 0.195433
1419 0.245734
1420 0.297555
1421 0.349602
1422 0.400617
1423 0.448884
1424 0.492481
1425 0.529541
1426 0.560586
1427 0.587749
1428 0.613117
1429 0.638727
1430 0.66657
1431 0.697047
1432 0.728821
1433 0.760582
1434 0.791043
1435 0.818945
1436 0.843055
1437 0.862163
1438 0.876126
1439 0.887179
1440 0.897508
1441 0.909246
1442 0.924476
1443 0.944485
1444 0.967218
1445 0.990664
1446 1.01285
1447 1.03186
1448 1.04599
1449 1.05651
1450 1.06465
1451 1.0716
1452 1.07854
1453 1.08577
1454 1.09357
1455 1.10218
1456 1.11186
1457 1.12324
1458 1.13695
1459 1.15225
1460 1.16811
1461 1.18352
1462 1.19923
1463 1.21659
1464 1.2369
1465 1.26142
1466 1.2914
1467 1.32594
1468 1.36289
1469 1.40017
1470 1.43576
1471 1.46764
1472 1.49388
1473 1.51409
1474 1.52952
1475 1.54137
1476 1.55083
1477 1.55905
1478 1.56716
1479 1.57627
1480 1.58704
1481 1.59929
1482 1.6128
1483 1.62738
1484 1.64307
1485 1.66063
1486 1.68083
1487 1.70441
1488 1.7321
1489 1.76442
1490 1.8002
1491 1.8383
1492 1.87743
1493 1.91092
1494 1.94287
1495 1.97336
1496 2.00243
1497 2.03011
1498 2.05643
1499 2.08142
1500 2.10511
1501 2.12754
1502 2.14872
1503 2.16869
1504 2.18748
1505 2.20511
1506 2.22161
1507 2.237
1508 2.25131
1509 2.26458
1510 2.27681
1511 2.28805
1512 2.29831
1513 2.30762
1514 2.31601
1515 2.3235
1516 2.33011
1517 2.33586
1518 2.3408
1519 2.34492
1520 2.34828
1521 2.35087
1522 2.35274
1523 2.3539
1524 2.35438
1525 2.35421
1526 2.35339
1527 2.35197
1528 2.34998
1529 2.34743
1530 2.34436
1531 2.34081
1532 2.33681
1533 2.3324
1534 2.3276
1535 2.32247
1536 2.31702
1537 2.3113
1538 2.30533
1539 2.29916
1540 2.2928
1541 2.28629
1542 2.27965
1543 2.2729
1544 2.26606
1545 2.25915
1546 2.25218
1547 2.24517
1548 2.23813
1549 2.23107
1550 2.22398
1551 2.21689
1552 2.20978
1553 2.20267
1554 2.19555
1555 2.18842
1556 2.18127
1557 2.17411
1558 2.16692
1559 2.1597
1560 2.15244
1561 2.14513
1562 2.13776
1563 2.13033
1564 2.12282
1565 2.11523
1566 2.10754
1567 2.09974
1568 2.09182
1569 2.08377
1570 2.07558
1571 2.06725
1572 2.05876
1573 2.0501
1574 2.04127
1575 2.03225
1576 2.02304
1577 2.01364
1578 2.00403
1579 1.99422
1580 1.98419
1581 1.97395
1582 1.96349
1583 1.95281
1584 1.94191
1585 1.93078
1586 1.91944
1587 1.90787
1588 1.89609
1589 1.88409
1590 1.87188
1591 1.85947
1592 1.84685
1593 1.83403
1594 1.82103
1595 1.80784
1596 1.79447
1597 1.78093
1598 1.7672
1599 1.75329
1600 1.7392
1601 1.72494
1602 1.7105
1603 1.6959
1604 1.68113
1605 1.66621
1606 1.65113
1607 1.6359
1608 1.62054
1609 1.60503
1610 1.58941
1611 1.57366
1612 1.5578
1613 1.54184
1614 1.52578
1615 1.50964
1616 1.49342
1617 1.47713
1618 1.46079
1619 1.44439
1620 1.42795
1621 1.41148
1622 1.39498
1623 1.37848
1624 1.36196
1625 1.34545
1626 1.32895
1627 1.31247
1628 1.29601
1629 1.2796
1630 1.26322
1631 1.2469
1632 1.23064
1633 1.21444
1634 1.19832
1635 1.18227
1636 1.16631
1637 1.15044
1638 1.13467
1639 1.119
1640 1.10344
1641 1.088
1642 1.07267
1643 1.05746
1644 1.04238
1645 1.02742
1646 1.0126
1647 0.997919
1648 0.983374
1649 0.96897
1650 0.95471
1651 0.940595
1652 0.926629
1653 0.912811
1654 0.899145
1655 0.88563
1656 0.872268
1657 0.85906
1658 0.846006
1659 0.833107
1660 0.820362
1661 0.807773
1662 0.795338
1663 0.783058
1664 0.770933
1665 0.758962
1666 0.747144
1667 0.735479
1668 0.723967
1669 0.712606
1670 0.701397
1671 0.690337
1672 0.679427
1673 0.668665
1674 0.65805
1675 0.647583
1676 0.637261
1677 0.627084
1678 0.617051
1679 0.607162
1680 0.597415
1681 0.58781
1682 0.578346
1683 0.569024
1684 0.559841
1685 0.550798
1686 0.541895
1687 0.533131
1688 0.524507
1689 0.516022
1690 0.507676
1691 0.49947
1692 0.491403
1693 0.483477
1694 0.475692
1695 0.468048
1696 0.460546
1697 0.453187
1698 0.445971
1699 0.438901
1700 0.431976
1701 0.425198
1702 0.418569
1703 0.412089
1704 0.40576
1705 0.399585
1706 0.393568
1707 0.387712
1708 0.382021
1709 0.376499
1710 0.37115
1711 0.365981
1712 0.360995
1713 0.356198
1714 0.351595
1715 0.34719
1716 0.342988
1717 0.338995
1718 0.335214
1719 0.33165
1720 0.328307
1721 0.325189
1722 0.322298
1723 0.319639
1724 0.317214
1725 0.315024
1726 0.313073
1727 0.311361
1728 0.30989
1729 0.30866
1730 0.307673
1731 0.306928
1732 0.306425
1733 0.306164
1734 0.306143
1735 0.306362
1736 0.306819
1737 0.307509
1738 0.30843
1739 0.309575
1740 0.310939
1741 0.312515
1742 0.314296
1743 0.316274
1744 0.31844
1745 0.320786
1746 0.323303
1747 0.325982
1748 0.328814
1749 0.331789
1750 0.334898
1751 0.338133
1752 0.341485
1753 0.344944
1754 0.348504
1755 0.352155
1756 0.355891
1757 0.359704
1758 0.363588
1759 0.367536
1760 0.371543
1761 0.375604
1762 0.379714
1763 0.383868
1764 0.388062
1765 0.392294
1766 0.396561
1767 0.40086
1768 0.405189
1769 0.409546
1770 0.41393
1771 0.418341
1772 0.422777
1773 0.427238
1774 0.431726
1775 0.436238
1776 0.440777
1777 0.445343
1778 0.449935
1779 0.454557
1780 0.459208
1781 0.463889
1782 0.468602
1783 0.473348
1784 0.478128
1785 0.482943
1786 0.487795
1787 0.492685
1788 0.497614
1789 0.502582
1790 0.507592
1791 0.512643
1792 0.517737
1793 0.522875
1794 0.528057
1795 0.533284
1796 0.538555
1797 0.543872
1798 0.549235
1799 0.554643
1800 0.560097
1801 0.565596
1802 0.57114
1803 0.576729
1804 0.582362
1805 0.588039
1806 0.593758
1807 0.599518
1808 0.60532
1809 0.61116
1810 0.61704
1811 0.622956
1812 0.628907
1813 0.634892
1814 0.64091
1815 0.646958
1816 0.653034
1817 0.659137
1818 0.665264
1819 0.671414
1820 0.677584
1821 0.683772
1822 0.689975
1823 0.696192
1824 0.702419
1825 0.708654
1826 0.714894
1827 0.721138
1828 0.727381
1829 0.733621
1830 0.739857
1831 0.746083
1832 0.752299
1833 0.758501
1834 0.764686
1835 0.770851
1836 0.776994
1837 0.783112
1838 0.789201
1839 0.795259
1840 0.801283
1841 0.807271
1842 0.813219
1843 0.819125
1844 0.824987
1845 0.830801
1846 0.836565
1847 0.842277
1848 0.847934
1849 0.853533
1850 0.859074
1851 0.864553
1852 0.869968
1853 0.875317
1854 0.880599
1855 0.885811
1856 0.890952
1857 0.89602
1858 0.901014
1859 0.905932
1860 0.910772
1861 0.915534
1862 0.920216
1863 0.924818
1864 0.929338
1865 0.933776
1866 0.93813
1867 0.942401
1868 0.946587
1869 0.950688
1870 0.954704
1871 0.958634
1872 0.962479
1873 0.966237
1874 0.96991
1875 0.973496
1876 0.976997
1877 0.980412
1878 0.983741
1879 0.986985
1880 0.990144
1881 0.993218
1882 0.996209
1883 0.999115
1884 1.00194
1885 1.00468
1886 1.00734
1887 1.00991
1888 1.01241
1889 1.01482
1890 1.01715
1891 1.01941
1892 1.02158
1893 1.02368
1894 1.0257
1895 1.02764
1896 1.0295
1897 1.03129
1898 1.033
1899 1.03463
1900 1.03619
1901 1.03767
1902 1.03908
1903 1.04041
1904 1.04167
1905 1.04285
1906 1.04396
1907 1.045
1908 1.04595
1909 1.04683
1910 1.04764
1911 1.04837
1912 1.04902
1913 1.04959
1914 1.05009
1915 1.0505
1916 1.05084
1917 1.0511
1918 1.05127
1919 1.05136
1920 1.05137
1921 1.05129
1922 1.05113
1923 1.05089
1924 1.05056
1925 1.05014
1926 1.04963
1927 1.04904
1928 1.04836
1929 1.0476
1930 1.04675
1931 1.04582
1932 1.0448
1933 1.0437
1934 1.04251
1935 1.04124
1936 1.03989
1937 1.03846
1938 1.03694
1939 1.03535
1940 1.03368
1941 1.03193
1942 1.03011
1943 1.02821
1944 1.02623
1945 1.02418
1946 1.02206
1947 1.01986
1948 1.0176
1949 1.01526
1950 1.01285
1951 1.01038
1952 1.00784
1953 1.00523
1954 1.00255
1955 0.999812
1956 0.997008
1957 0.99414
1958 0.991211
1959 0.988219
1960 0.985168
1961 0.982056
1962 0.978886
1963 0.975659
1964 0.972374
1965 0.969034
1966 0.965638
1967 0.962189
1968 0.958688
1969 0.955134
1970 0.95153
1971 0.947876
1972 0.944174
1973 0.940425
1974 0.936629
1975 0.932789
1976 0.928905
1977 0.924978
1978 0.921011
1979 0.917003
1980 0.912957
1981 0.908874
1982 0.904755
1983 0.900601
1984 0.896414
1985 0.892196
1986 0.887948
1987 0.883671
1988 0.879367
1989 0.875037
1990 0.870683
1991 0.866307
1992 0.86191
1993 0.857493
1994 0.853058
1995 0.848607
1996 0.844141
1997 0.839663
1998 0.835173
1999 0.830673
2000 0.826166
2001 0.821651
2002 0.817133
2003 0.812611
2004 0.808087
2005 0.803564
2006 0.799043
2007 0.794526
2008 0.790014
2009 0.78551
2010 0.781014
2011 0.776528
2012 0.772055
2013 0.767596
2014 0.763152
2015 0.758725
2016 0.754317
2017 0.74993
2018 0.745565
2019 0.741223
2020 0.736907
2021 0.732617
2022 0.728356
2023 0.724125
2024 0.719926
2025 0.715759
2026 0.711627
2027 0.707531
2028 0.703471
2029 0.699451
2030 0.69547
2031 0.69153
2032 0.687633
2033 0.68378
2034 0.679971
2035 0.676209
2036 0.672493
2037 0.668826
2038 0.665208
2039 0.66164
2040 0.658123
2041 0.654657
2042 0.651245
2043 0.647886
2044 0.644581
2045 0.641331
2046 0.638137
